#
# There is insufficient memory for the Java Runtime Environment to continue.
# Native memory allocation (malloc) failed to allocate 791216 bytes. Error detail: Chunk::new
# Possible reasons:
#   The system is out of physical RAM or swap space
#   This process is running with CompressedOops enabled, and the Java Heap may be blocking the growth of the native heap
# Possible solutions:
#   Reduce memory load on the system
#   Increase physical memory or swap space
#   Check if swap backing store is full
#   Decrease Java heap size (-Xmx/-Xms)
#   Decrease number of Java threads
#   Decrease Java thread stack sizes (-Xss)
#   Set larger code cache with -XX:ReservedCodeCacheSize=
#   JVM is running with Unscaled Compressed Oops mode in which the Java heap is
#     placed in the first 4GB address space. The Java Heap base address is the
#     maximum limit for the native heap growth. Please use -XX:HeapBaseMinAddress
#     to set the Java Heap base and to place the Java Heap above 4GB virtual address.
# This output file may be truncated or incomplete.
#
#  Out of Memory Error (arena.cpp:168), pid=17216, tid=11836
#
# JRE version: OpenJDK Runtime Environment Temurin-21.0.8+9 (21.0.8+9) (build 21.0.8+9-LTS)
# Java VM: OpenJDK 64-Bit Server VM Temurin-21.0.8+9 (21.0.8+9-LTS, mixed mode, sharing, tiered, compressed oops, compressed class ptrs, parallel gc, windows-amd64)
# No core dump will be written. Minidumps are not enabled by default on client versions of Windows
#

---------------  S U M M A R Y ------------

Command Line: --add-modules=ALL-SYSTEM --add-opens=java.base/java.util=ALL-UNNAMED --add-opens=java.base/java.lang=ALL-UNNAMED --add-opens=java.base/sun.nio.fs=ALL-UNNAMED -Declipse.application=org.eclipse.jdt.ls.core.id1 -Dosgi.bundles.defaultStartLevel=4 -Declipse.product=org.eclipse.jdt.ls.core.product -Djava.import.generatesMetadataFilesAtProjectRoot=false -DDetectVMInstallationsJob.disabled=true -Dfile.encoding=utf8 -XX:+UseParallelGC -XX:GCTimeRatio=4 -XX:AdaptiveSizePolicyWeight=90 -Dsun.zip.disableMemoryMapping=true -Xmx2G -Xms100m -Xlog:disable -javaagent:c:\Users\nabil\.vscode\extensions\redhat.java-1.45.0-win32-x64\lombok\lombok-1.18.39-4050.jar -XX:+HeapDumpOnOutOfMemoryError -XX:HeapDumpPath=c:\Users\nabil\AppData\Roaming\Code\User\workspaceStorage\bad2abbcd7b301175cb1610fa1059be9\redhat.java -Daether.dependencyCollector.impl=bf c:\Users\nabil\.vscode\extensions\redhat.java-1.45.0-win32-x64\server\plugins\org.eclipse.equinox.launcher_1.7.0.v20250519-0528.jar -configuration c:\Users\nabil\AppData\Roaming\Code\User\globalStorage\redhat.java\1.45.0\config_win -data c:\Users\nabil\AppData\Roaming\Code\User\workspaceStorage\bad2abbcd7b301175cb1610fa1059be9\redhat.java\jdt_ws --pipe=\\.\pipe\lsp-fba456e8d169b4bdd49efa3dfd5698d5-sock

Host: 13th Gen Intel(R) Core(TM) i5-1335U, 12 cores, 7G,  Windows 11 , 64 bit Build 26100 (10.0.26100.5074)
Time: Tue Sep 23 12:23:51 2025 SE Asia Standard Time elapsed time: 48.069213 seconds (0d 0h 0m 48s)

---------------  T H R E A D  ---------------

Current thread (0x000001e0eeb49990):  JavaThread "C2 CompilerThread2" daemon [_thread_in_native, id=11836, stack(0x0000009302400000,0x0000009302500000) (1024K)]


Current CompileTask:
C2:48069 13428   !   4       org.apache.maven.model.ModelBase::clone (397 bytes)

Stack: [0x0000009302400000,0x0000009302500000]
Native frames: (J=compiled Java code, j=interpreted, Vv=VM code, C=native code)
V  [jvm.dll+0x6d2449]
V  [jvm.dll+0x8ae341]
V  [jvm.dll+0x8b08be]
V  [jvm.dll+0x8b0fa3]
V  [jvm.dll+0x280c96]
V  [jvm.dll+0xc581d]
V  [jvm.dll+0xc5d53]
V  [jvm.dll+0x3b9162]
V  [jvm.dll+0x385315]
V  [jvm.dll+0x38477a]
V  [jvm.dll+0x248ed0]
V  [jvm.dll+0x2484af]
V  [jvm.dll+0x1c89ee]
V  [jvm.dll+0x257d4d]
V  [jvm.dll+0x2562ea]
V  [jvm.dll+0x3f2d16]
V  [jvm.dll+0x857e6b]
V  [jvm.dll+0x6d0b0d]
C  [ucrtbase.dll+0x37b0]
C  [KERNEL32.DLL+0x2e8d7]
C  [ntdll.dll+0x8d9c]


---------------  P R O C E S S  ---------------

Threads class SMR info:
_java_thread_list=0x000001e0eca04890, length=74, elements={
0x000001e0cc2ba400, 0x000001e0eb0044b0, 0x000001e0ce62ca80, 0x000001e0eb007500,
0x000001e0eb008050, 0x000001e0eb00a290, 0x000001e0eb0102f0, 0x000001e0eb020000,
0x000001e0eb0317e0, 0x000001e0ce6ea9a0, 0x000001e0eb4ab500, 0x000001e0eb73b990,
0x000001e0ebaa4770, 0x000001e0ebdb9ea0, 0x000001e0eb569ee0, 0x000001e0ec0b2ca0,
0x000001e0ec462170, 0x000001e0ec461ae0, 0x000001e0ec462800, 0x000001e0ec463520,
0x000001e0ec464240, 0x000001e0ec460dc0, 0x000001e0ec463bb0, 0x000001e0ee0b49f0,
0x000001e0ee0b5710, 0x000001e0ee0b8500, 0x000001e0ee0b7e70, 0x000001e0ee0b5080,
0x000001e0ee0b77e0, 0x000001e0ee0b7150, 0x000001e0ee0b8b90, 0x000001e0ee0b9220,
0x000001e0ee0b5da0, 0x000001e0ee0b6430, 0x000001e0ee0b98b0, 0x000001e0ee0b9f40,
0x000001e0ee0b6ac0, 0x000001e0ee0ba5d0, 0x000001e0ee0bac60, 0x000001e0ee0bb980,
0x000001e0ee0bc010, 0x000001e0ee1db8c0, 0x000001e0ee1dd300, 0x000001e0ee1dcc70,
0x000001e0ee1dd990, 0x000001e0ee1db230, 0x000001e0ee1da510, 0x000001e0ee1de020,
0x000001e0ee1daba0, 0x000001e0ee1dbf50, 0x000001e0ee1df3d0, 0x000001e0ee1de6b0,
0x000001e0ee1dc5e0, 0x000001e0ee1dfa60, 0x000001e0ee1e0780, 0x000001e0ee1e0e10,
0x000001e0ee1e00f0, 0x000001e0ee1ded40, 0x000001e0ee1e14a0, 0x000001e0efa845a0,
0x000001e0efa83f10, 0x000001e0efa880b0, 0x000001e0efa85950, 0x000001e0efa86670,
0x000001e0efa85fe0, 0x000001e0efa87a20, 0x000001e0efa84c30, 0x000001e0efa89af0,
0x000001e0efa8a810, 0x000001e0efa88740, 0x000001e0efa8aea0, 0x000001e0efa89460,
0x000001e0ee2182e0, 0x000001e0eeb49990
}

Java Threads: ( => current thread )
  0x000001e0cc2ba400 JavaThread "main"                              [_thread_blocked, id=1960, stack(0x000000937c900000,0x000000937ca00000) (1024K)]
  0x000001e0eb0044b0 JavaThread "Reference Handler"          daemon [_thread_blocked, id=5020, stack(0x000000937cd00000,0x000000937ce00000) (1024K)]
  0x000001e0ce62ca80 JavaThread "Finalizer"                  daemon [_thread_blocked, id=1820, stack(0x000000937ce00000,0x000000937cf00000) (1024K)]
  0x000001e0eb007500 JavaThread "Signal Dispatcher"          daemon [_thread_blocked, id=17968, stack(0x000000937cf00000,0x000000937d000000) (1024K)]
  0x000001e0eb008050 JavaThread "Attach Listener"            daemon [_thread_blocked, id=16012, stack(0x000000937d000000,0x000000937d100000) (1024K)]
  0x000001e0eb00a290 JavaThread "Service Thread"             daemon [_thread_blocked, id=14292, stack(0x000000937d100000,0x000000937d200000) (1024K)]
  0x000001e0eb0102f0 JavaThread "Monitor Deflation Thread"   daemon [_thread_blocked, id=15160, stack(0x000000937d200000,0x000000937d300000) (1024K)]
  0x000001e0eb020000 JavaThread "C2 CompilerThread0"         daemon [_thread_in_native, id=2460, stack(0x000000937d300000,0x000000937d400000) (1024K)]
  0x000001e0eb0317e0 JavaThread "C1 CompilerThread0"         daemon [_thread_blocked, id=7952, stack(0x000000937d400000,0x000000937d500000) (1024K)]
  0x000001e0ce6ea9a0 JavaThread "Common-Cleaner"             daemon [_thread_blocked, id=19376, stack(0x000000937d500000,0x000000937d600000) (1024K)]
  0x000001e0eb4ab500 JavaThread "Notification Thread"        daemon [_thread_blocked, id=17708, stack(0x000000937d700000,0x000000937d800000) (1024K)]
  0x000001e0eb73b990 JavaThread "Active Thread: Equinox Container: ce2b8262-db57-4061-8960-429a356991b6"        [_thread_blocked, id=9920, stack(0x000000937df00000,0x000000937e000000) (1024K)]
  0x000001e0ebaa4770 JavaThread "Refresh Thread: Equinox Container: ce2b8262-db57-4061-8960-429a356991b6" daemon [_thread_blocked, id=1920, stack(0x000000937e000000,0x000000937e100000) (1024K)]
  0x000001e0ebdb9ea0 JavaThread "Framework Event Dispatcher: Equinox Container: ce2b8262-db57-4061-8960-429a356991b6" daemon [_thread_blocked, id=10332, stack(0x000000937e200000,0x000000937e300000) (1024K)]
  0x000001e0eb569ee0 JavaThread "Start Level: Equinox Container: ce2b8262-db57-4061-8960-429a356991b6" daemon [_thread_blocked, id=5680, stack(0x000000937e300000,0x000000937e400000) (1024K)]
  0x000001e0ec0b2ca0 JavaThread "Bundle File Closer"         daemon [_thread_blocked, id=2000, stack(0x000000937e600000,0x000000937e700000) (1024K)]
  0x000001e0ec462170 JavaThread "SCR Component Actor"        daemon [_thread_blocked, id=13420, stack(0x000000937e700000,0x000000937e800000) (1024K)]
  0x000001e0ec461ae0 JavaThread "Worker-JM"                         [_thread_blocked, id=3896, stack(0x000000937e900000,0x000000937ea00000) (1024K)]
  0x000001e0ec462800 JavaThread "JNA Cleaner"                daemon [_thread_blocked, id=8220, stack(0x000000937ea00000,0x000000937eb00000) (1024K)]
  0x000001e0ec463520 JavaThread "Worker-0: Building"                [_thread_in_native, id=12204, stack(0x000000937eb00000,0x000000937ec00000) (1024K)]
  0x000001e0ec464240 JavaThread "Worker-1: Java indexing... "        [_thread_blocked, id=10844, stack(0x000000937ec00000,0x000000937ed00000) (1024K)]
  0x000001e0ec460dc0 JavaThread "Java indexing"              daemon [_thread_in_native, id=9228, stack(0x000000937ed00000,0x000000937ee00000) (1024K)]
  0x000001e0ec463bb0 JavaThread "Worker-2"                          [_thread_blocked, id=11252, stack(0x000000937f000000,0x000000937f100000) (1024K)]
  0x000001e0ee0b49f0 JavaThread "Worker-3"                          [_thread_blocked, id=11752, stack(0x000000937f100000,0x000000937f200000) (1024K)]
  0x000001e0ee0b5710 JavaThread "Thread-2"                   daemon [_thread_in_native, id=6708, stack(0x000000937f200000,0x000000937f300000) (1024K)]
  0x000001e0ee0b8500 JavaThread "Thread-3"                   daemon [_thread_in_native, id=4848, stack(0x000000937f300000,0x000000937f400000) (1024K)]
  0x000001e0ee0b7e70 JavaThread "Thread-4"                   daemon [_thread_in_native, id=9780, stack(0x000000937f400000,0x000000937f500000) (1024K)]
  0x000001e0ee0b5080 JavaThread "Thread-5"                   daemon [_thread_in_native, id=5740, stack(0x000000937f500000,0x000000937f600000) (1024K)]
  0x000001e0ee0b77e0 JavaThread "Thread-6"                   daemon [_thread_in_native, id=14796, stack(0x000000937f600000,0x000000937f700000) (1024K)]
  0x000001e0ee0b7150 JavaThread "Thread-7"                   daemon [_thread_in_native, id=19096, stack(0x000000937f700000,0x000000937f800000) (1024K)]
  0x000001e0ee0b8b90 JavaThread "Thread-8"                   daemon [_thread_in_native, id=19124, stack(0x000000937f800000,0x000000937f900000) (1024K)]
  0x000001e0ee0b9220 JavaThread "Thread-9"                   daemon [_thread_in_native, id=15976, stack(0x000000937f900000,0x000000937fa00000) (1024K)]
  0x000001e0ee0b5da0 JavaThread "Thread-10"                  daemon [_thread_in_native, id=18720, stack(0x000000937fa00000,0x000000937fb00000) (1024K)]
  0x000001e0ee0b6430 JavaThread "Thread-11"                  daemon [_thread_in_native, id=13844, stack(0x000000937fb00000,0x000000937fc00000) (1024K)]
  0x000001e0ee0b98b0 JavaThread "Thread-12"                  daemon [_thread_in_native, id=16440, stack(0x000000937fc00000,0x000000937fd00000) (1024K)]
  0x000001e0ee0b9f40 JavaThread "Thread-13"                  daemon [_thread_in_native, id=1624, stack(0x000000937fd00000,0x000000937fe00000) (1024K)]
  0x000001e0ee0b6ac0 JavaThread "Thread-14"                  daemon [_thread_in_native, id=18220, stack(0x000000937fe00000,0x000000937ff00000) (1024K)]
  0x000001e0ee0ba5d0 JavaThread "pool-2-thread-1"                   [_thread_blocked, id=16592, stack(0x000000937ff00000,0x0000009380000000) (1024K)]
  0x000001e0ee0bac60 JavaThread "Worker-4"                          [_thread_blocked, id=17272, stack(0x0000009300000000,0x0000009300100000) (1024K)]
  0x000001e0ee0bb980 JavaThread "Worker-5"                          [_thread_blocked, id=15376, stack(0x0000009300100000,0x0000009300200000) (1024K)]
  0x000001e0ee0bc010 JavaThread "WorkspaceEventsHandler"            [_thread_blocked, id=18196, stack(0x0000009300200000,0x0000009300300000) (1024K)]
  0x000001e0ee1db8c0 JavaThread "pool-1-thread-1"                   [_thread_blocked, id=5556, stack(0x0000009300300000,0x0000009300400000) (1024K)]
  0x000001e0ee1dd300 JavaThread "LocalFile Deleter"          daemon [_thread_blocked, id=16848, stack(0x0000009300400000,0x0000009300500000) (1024K)]
  0x000001e0ee1dcc70 JavaThread "LocalFile Deleter"          daemon [_thread_blocked, id=18544, stack(0x0000009300500000,0x0000009300600000) (1024K)]
  0x000001e0ee1dd990 JavaThread "LocalFile Deleter"          daemon [_thread_blocked, id=9140, stack(0x0000009300600000,0x0000009300700000) (1024K)]
  0x000001e0ee1db230 JavaThread "LocalFile Deleter"          daemon [_thread_blocked, id=5168, stack(0x0000009300700000,0x0000009300800000) (1024K)]
  0x000001e0ee1da510 JavaThread "LocalFile Deleter"          daemon [_thread_blocked, id=1956, stack(0x0000009300800000,0x0000009300900000) (1024K)]
  0x000001e0ee1de020 JavaThread "LocalFile Deleter"          daemon [_thread_blocked, id=2076, stack(0x0000009300900000,0x0000009300a00000) (1024K)]
  0x000001e0ee1daba0 JavaThread "LocalFile Deleter"          daemon [_thread_blocked, id=17972, stack(0x0000009300a00000,0x0000009300b00000) (1024K)]
  0x000001e0ee1dbf50 JavaThread "LocalFile Deleter"          daemon [_thread_blocked, id=12772, stack(0x0000009300b00000,0x0000009300c00000) (1024K)]
  0x000001e0ee1df3d0 JavaThread "LocalFile Deleter"          daemon [_thread_blocked, id=9768, stack(0x0000009300c00000,0x0000009300d00000) (1024K)]
  0x000001e0ee1de6b0 JavaThread "LocalFile Deleter"          daemon [_thread_blocked, id=5776, stack(0x0000009300d00000,0x0000009300e00000) (1024K)]
  0x000001e0ee1dc5e0 JavaThread "LocalFile Deleter"          daemon [_thread_blocked, id=6100, stack(0x0000009300e00000,0x0000009300f00000) (1024K)]
  0x000001e0ee1dfa60 JavaThread "LocalFile Deleter"          daemon [_thread_blocked, id=12236, stack(0x0000009300f00000,0x0000009301000000) (1024K)]
  0x000001e0ee1e0780 JavaThread "Compiler Source File Reader" daemon [_thread_blocked, id=12532, stack(0x0000009301000000,0x0000009301100000) (1024K)]
  0x000001e0ee1e0e10 JavaThread "Compiler Source File Reader" daemon [_thread_blocked, id=16188, stack(0x0000009301100000,0x0000009301200000) (1024K)]
  0x000001e0ee1e00f0 JavaThread "Compiler Source File Reader" daemon [_thread_blocked, id=14792, stack(0x0000009301200000,0x0000009301300000) (1024K)]
  0x000001e0ee1ded40 JavaThread "Compiler Source File Reader" daemon [_thread_blocked, id=12316, stack(0x0000009301300000,0x0000009301400000) (1024K)]
  0x000001e0ee1e14a0 JavaThread "Compiler Source File Reader" daemon [_thread_blocked, id=16632, stack(0x0000009301400000,0x0000009301500000) (1024K)]
  0x000001e0efa845a0 JavaThread "Compiler Processing Task"   daemon [_thread_blocked, id=15092, stack(0x0000009301500000,0x0000009301600000) (1024K)]
  0x000001e0efa83f10 JavaThread "Compiler Class File Writer" daemon [_thread_blocked, id=11716, stack(0x0000009301600000,0x0000009301700000) (1024K)]
  0x000001e0efa880b0 JavaThread "Compiler Class File Writer" daemon [_thread_blocked, id=6648, stack(0x0000009301700000,0x0000009301800000) (1024K)]
  0x000001e0efa85950 JavaThread "Compiler Class File Writer" daemon [_thread_blocked, id=14488, stack(0x0000009301800000,0x0000009301900000) (1024K)]
  0x000001e0efa86670 JavaThread "Compiler Class File Writer" daemon [_thread_blocked, id=15724, stack(0x0000009301900000,0x0000009301a00000) (1024K)]
  0x000001e0efa85fe0 JavaThread "Compiler Class File Writer" daemon [_thread_blocked, id=11176, stack(0x0000009301a00000,0x0000009301b00000) (1024K)]
  0x000001e0efa87a20 JavaThread "Compiler Source File Reader" daemon [_thread_blocked, id=19252, stack(0x0000009301b00000,0x0000009301c00000) (1024K)]
  0x000001e0efa84c30 JavaThread "Compiler Class File Writer" daemon [_thread_blocked, id=16068, stack(0x0000009301c00000,0x0000009301d00000) (1024K)]
  0x000001e0efa89af0 JavaThread "Compiler Source File Reader" daemon [_thread_blocked, id=16912, stack(0x0000009301d00000,0x0000009301e00000) (1024K)]
  0x000001e0efa8a810 JavaThread "Compiler Class File Writer" daemon [_thread_blocked, id=18472, stack(0x0000009301e00000,0x0000009301f00000) (1024K)]
  0x000001e0efa88740 JavaThread "Compiler Source File Reader" daemon [_thread_blocked, id=13300, stack(0x0000009301f00000,0x0000009302000000) (1024K)]
  0x000001e0efa8aea0 JavaThread "Compiler Class File Writer" daemon [_thread_blocked, id=15560, stack(0x0000009302100000,0x0000009302200000) (1024K)]
  0x000001e0efa89460 JavaThread "Worker-6"                          [_thread_blocked, id=16148, stack(0x0000009302200000,0x0000009302300000) (1024K)]
  0x000001e0ee2182e0 JavaThread "C2 CompilerThread1"         daemon [_thread_in_native, id=13052, stack(0x0000009302000000,0x0000009302100000) (1024K)]
=>0x000001e0eeb49990 JavaThread "C2 CompilerThread2"         daemon [_thread_in_native, id=11836, stack(0x0000009302400000,0x0000009302500000) (1024K)]
Total: 74

Other Threads:
  0x000001e0ce73ea50 VMThread "VM Thread"                           [id=9436, stack(0x000000937cc00000,0x000000937cd00000) (1024K)]
  0x000001e0ce50cb20 WatcherThread "VM Periodic Task Thread"        [id=19040, stack(0x000000937cb00000,0x000000937cc00000) (1024K)]
  0x000001e0ce69cc60 WorkerThread "GC Thread#0"                     [id=12876, stack(0x000000937ca00000,0x000000937cb00000) (1024K)]
  0x000001e0eb9b58f0 WorkerThread "GC Thread#1"                     [id=18228, stack(0x000000937d900000,0x000000937da00000) (1024K)]
  0x000001e0eb9b5c90 WorkerThread "GC Thread#2"                     [id=19368, stack(0x000000937da00000,0x000000937db00000) (1024K)]
  0x000001e0eb9b6030 WorkerThread "GC Thread#3"                     [id=5096, stack(0x000000937db00000,0x000000937dc00000) (1024K)]
  0x000001e0eb9b63d0 WorkerThread "GC Thread#4"                     [id=8648, stack(0x000000937dc00000,0x000000937dd00000) (1024K)]
  0x000001e0eb818cf0 WorkerThread "GC Thread#5"                     [id=13004, stack(0x000000937dd00000,0x000000937de00000) (1024K)]
  0x000001e0eb819090 WorkerThread "GC Thread#6"                     [id=18612, stack(0x000000937de00000,0x000000937df00000) (1024K)]
  0x000001e0ebaa62b0 WorkerThread "GC Thread#7"                     [id=3760, stack(0x000000937e100000,0x000000937e200000) (1024K)]
  0x000001e0ebfb4df0 WorkerThread "GC Thread#8"                     [id=17148, stack(0x000000937e400000,0x000000937e500000) (1024K)]
  0x000001e0ebfb5190 WorkerThread "GC Thread#9"                     [id=15080, stack(0x000000937e500000,0x000000937e600000) (1024K)]
Total: 12

Threads with active compile tasks:
C2 CompilerThread0  48176 13500   !   4       org.apache.maven.model.Contributor::clone (126 bytes)
C2 CompilerThread1  48176 13555       4       org.eclipse.aether.artifact.AbstractArtifact::toBaseVersion (92 bytes)
C2 CompilerThread2  48176 13428   !   4       org.apache.maven.model.ModelBase::clone (397 bytes)
Total: 3

VM state: not at safepoint (normal execution)

VM Mutex/Monitor currently owned by a thread: None

Heap address: 0x0000000080000000, size: 2048 MB, Compressed Oops mode: 32-bit

CDS archive(s) mapped at: [0x000001e080000000-0x000001e080ba0000-0x000001e080ba0000), size 12189696, SharedBaseAddress: 0x000001e080000000, ArchiveRelocationMode: 1.
Compressed class space mapped at: 0x000001e081000000-0x000001e0c1000000, reserved size: 1073741824
Narrow klass base: 0x000001e080000000, Narrow klass shift: 0, Narrow klass range: 0x100000000

GC Precious Log:
 CardTable entry size: 512
 CPUs: 12 total, 12 available
 Memory: 7895M
 Large Page Support: Disabled
 NUMA Support: Disabled
 Compressed Oops: Enabled (32-bit)
 Alignments: Space 512K, Generation 512K, Heap 2M
 Heap Min Capacity: 100M
 Heap Initial Capacity: 100M
 Heap Max Capacity: 2G
 Pre-touch: Disabled
 Parallel Workers: 10

Heap:
 PSYoungGen      total 5120K, used 1346K [0x00000000d5580000, 0x00000000d5b80000, 0x0000000100000000)
  eden space 4096K, 19% used [0x00000000d5580000,0x00000000d5648900,0x00000000d5980000)
  from space 1024K, 53% used [0x00000000d5a80000,0x00000000d5b08000,0x00000000d5b80000)
  to   space 1024K, 0% used [0x00000000d5980000,0x00000000d5980000,0x00000000d5a80000)
 ParOldGen       total 513536K, used 513036K [0x0000000080000000, 0x000000009f580000, 0x00000000d5580000)
  object space 513536K, 99% used [0x0000000080000000,0x000000009f503078,0x000000009f580000)
 Metaspace       used 69016K, committed 70464K, reserved 1114112K
  class space    used 7342K, committed 8000K, reserved 1048576K

Card table byte_map: [0x000001e0ce020000,0x000001e0ce430000] _byte_map_base: 0x000001e0cdc20000

Marking Bits: (ParMarkBitMap*) 0x00007ff9e656a340
 Begin Bits: [0x000001e0e0b20000, 0x000001e0e2b20000)
 End Bits:   [0x000001e0e2b20000, 0x000001e0e4b20000)

Polling page: 0x000001e0cc5f0000

Metaspace:

Usage:
  Non-class:     60.23 MB used.
      Class:      7.17 MB used.
       Both:     67.40 MB used.

Virtual space:
  Non-class space:       64.00 MB reserved,      61.00 MB ( 95%) committed,  1 nodes.
      Class space:        1.00 GB reserved,       7.81 MB ( <1%) committed,  1 nodes.
             Both:        1.06 GB reserved,      68.81 MB (  6%) committed. 

Chunk freelists:
   Non-Class:  2.89 MB
       Class:  8.08 MB
        Both:  10.97 MB

MaxMetaspaceSize: unlimited
CompressedClassSpaceSize: 1.00 GB
Initial GC threshold: 21.00 MB
Current GC threshold: 97.31 MB
CDS: on
 - commit_granule_bytes: 65536.
 - commit_granule_words: 8192.
 - virtual_space_node_default_size: 8388608.
 - enlarge_chunks_in_place: 1.
 - use_allocation_guard: 0.


Internal statistics:

num_allocs_failed_limit: 9.
num_arena_births: 1186.
num_arena_deaths: 14.
num_vsnodes_births: 2.
num_vsnodes_deaths: 0.
num_space_committed: 1101.
num_space_uncommitted: 0.
num_chunks_returned_to_freelist: 23.
num_chunks_taken_from_freelist: 4233.
num_chunk_merges: 13.
num_chunk_splits: 2616.
num_chunks_enlarged: 1488.
num_inconsistent_stats: 0.

CodeHeap 'non-profiled nmethods': size=120000Kb used=10080Kb max_used=10080Kb free=109919Kb
 bounds [0x000001e0d9340000, 0x000001e0d9d20000, 0x000001e0e0870000]
CodeHeap 'profiled nmethods': size=120000Kb used=28352Kb max_used=28352Kb free=91647Kb
 bounds [0x000001e0d1870000, 0x000001e0d3430000, 0x000001e0d8da0000]
CodeHeap 'non-nmethods': size=5760Kb used=1467Kb max_used=1531Kb free=4292Kb
 bounds [0x000001e0d8da0000, 0x000001e0d9010000, 0x000001e0d9340000]
CodeCache: size=245760Kb, used=39899Kb, max_used=39963Kb, free=205858Kb
 total_blobs=13461, nmethods=12680, adapters=687, full_count=0
Compilation: enabled, stopped_count=0, restarted_count=0

Compilation events (20 events):
Event: 46.008 Thread 0x000001e0eb0317e0 nmethod 13513 0x000001e0d3405910 code [0x000001e0d3405ac0, 0x000001e0d3405cb0]
Event: 46.009 Thread 0x000001e0ee2182e0 nmethod 13501 0x000001e0d9d10210 code [0x000001e0d9d10400, 0x000001e0d9d107b8]
Event: 46.010 Thread 0x000001e0ee2182e0 13515 %     4       org.apache.maven.model.management.DefaultDependencyManagementInjector$ManagementModelMerger::mergeManagedDependencies @ 88 (151 bytes)
Event: 46.012 Thread 0x000001e0eb0317e0 13516       3       java.util.Collections$SingletonList::iterator (8 bytes)
Event: 46.013 Thread 0x000001e0eb0317e0 nmethod 13516 0x000001e0d3405d90 code [0x000001e0d3405f40, 0x000001e0d34061e0]
Event: 46.017 Thread 0x000001e0eb0317e0 13517       3       org.apache.maven.repository.internal.DefaultArtifactDescriptorReader::getRelocation (18 bytes)
Event: 46.018 Thread 0x000001e0eb0317e0 nmethod 13517 0x000001e0d3406310 code [0x000001e0d34064c0, 0x000001e0d3406700]
Event: 46.018 Thread 0x000001e0eb0317e0 13520       3       org.eclipse.aether.util.graph.selector.AndDependencySelector::hashCode (35 bytes)
Event: 46.019 Thread 0x000001e0eb0317e0 nmethod 13520 0x000001e0d3406810 code [0x000001e0d34069c0, 0x000001e0d3406be0]
Event: 46.019 Thread 0x000001e0eb0317e0 13521       3       org.eclipse.aether.util.graph.selector.ExclusionDependencySelector::deriveChildSelector (255 bytes)
Event: 46.021 Thread 0x000001e0eb0317e0 nmethod 13521 0x000001e0d3406c90 code [0x000001e0d3406fa0, 0x000001e0d3408690]
Event: 46.022 Thread 0x000001e0eb0317e0 13523       3       org.eclipse.aether.util.graph.manager.ClassicDependencyManager::hashCode (90 bytes)
Event: 46.023 Thread 0x000001e0eb0317e0 nmethod 13523 0x000001e0d3408c90 code [0x000001e0d3408e80, 0x000001e0d3409368]
Event: 46.023 Thread 0x000001e0eb0317e0 13522       3       org.eclipse.aether.internal.impl.collect.DataPool$GraphKey::<init> (77 bytes)
Event: 46.023 Thread 0x000001e0eb0317e0 nmethod 13522 0x000001e0d3409510 code [0x000001e0d3409720, 0x000001e0d340a1a0]
Event: 46.023 Thread 0x000001e0eb0317e0 13518       3       org.apache.maven.repository.internal.DefaultArtifactDescriptorReader::readArtifactDescriptor (70 bytes)
Event: 48.060 Thread 0x000001e0eb0317e0 nmethod 13518 0x000001e0d340a410 code [0x000001e0d340a640, 0x000001e0d340acb8]
Event: 48.063 Thread 0x000001e0eb0317e0 13525       3       org.eclipse.aether.internal.impl.collect.DependencyCollectorDelegate::cachedResolveRangeResult (45 bytes)
Event: 48.064 Thread 0x000001e0eb0317e0 nmethod 13525 0x000001e0d340af90 code [0x000001e0d340b1a0, 0x000001e0d340b790]
Event: 48.064 Thread 0x000001e0eb0317e0 13527   !   3       org.eclipse.aether.internal.impl.collect.bf.BfDependencyCollector::resolveCachedArtifactDescriptor (87 bytes)

GC Heap History (20 events):
Event: 45.871 GC heap before
{Heap before GC invocations=1541 (full 3):
 PSYoungGen      total 5120K, used 4928K [0x00000000d5580000, 0x00000000d5b80000, 0x0000000100000000)
  eden space 4096K, 100% used [0x00000000d5580000,0x00000000d5980000,0x00000000d5980000)
  from space 1024K, 81% used [0x00000000d5980000,0x00000000d5a50000,0x00000000d5a80000)
  to   space 1024K, 0% used [0x00000000d5a80000,0x00000000d5a80000,0x00000000d5b80000)
 ParOldGen       total 509440K, used 509209K [0x0000000080000000, 0x000000009f180000, 0x00000000d5580000)
  object space 509440K, 99% used [0x0000000080000000,0x000000009f1466e0,0x000000009f180000)
 Metaspace       used 68942K, committed 70400K, reserved 1114112K
  class space    used 7341K, committed 8000K, reserved 1048576K
}
Event: 45.873 GC heap after
{Heap after GC invocations=1541 (full 3):
 PSYoungGen      total 5120K, used 864K [0x00000000d5580000, 0x00000000d5b80000, 0x0000000100000000)
  eden space 4096K, 0% used [0x00000000d5580000,0x00000000d5580000,0x00000000d5980000)
  from space 1024K, 84% used [0x00000000d5a80000,0x00000000d5b58000,0x00000000d5b80000)
  to   space 1024K, 0% used [0x00000000d5980000,0x00000000d5980000,0x00000000d5a80000)
 ParOldGen       total 509952K, used 509577K [0x0000000080000000, 0x000000009f200000, 0x00000000d5580000)
  object space 509952K, 99% used [0x0000000080000000,0x000000009f1a26e0,0x000000009f200000)
 Metaspace       used 68942K, committed 70400K, reserved 1114112K
  class space    used 7341K, committed 8000K, reserved 1048576K
}
Event: 45.884 GC heap before
{Heap before GC invocations=1542 (full 3):
 PSYoungGen      total 5120K, used 4953K [0x00000000d5580000, 0x00000000d5b80000, 0x0000000100000000)
  eden space 4096K, 99% used [0x00000000d5580000,0x00000000d597e4f8,0x00000000d5980000)
  from space 1024K, 84% used [0x00000000d5a80000,0x00000000d5b58000,0x00000000d5b80000)
  to   space 1024K, 0% used [0x00000000d5980000,0x00000000d5980000,0x00000000d5a80000)
 ParOldGen       total 509952K, used 509577K [0x0000000080000000, 0x000000009f200000, 0x00000000d5580000)
  object space 509952K, 99% used [0x0000000080000000,0x000000009f1a26e0,0x000000009f200000)
 Metaspace       used 68942K, committed 70400K, reserved 1114112K
  class space    used 7341K, committed 8000K, reserved 1048576K
}
Event: 45.886 GC heap after
{Heap after GC invocations=1542 (full 3):
 PSYoungGen      total 5120K, used 384K [0x00000000d5580000, 0x00000000d5b80000, 0x0000000100000000)
  eden space 4096K, 0% used [0x00000000d5580000,0x00000000d5580000,0x00000000d5980000)
  from space 1024K, 37% used [0x00000000d5980000,0x00000000d59e0000,0x00000000d5a80000)
  to   space 1024K, 0% used [0x00000000d5a80000,0x00000000d5a80000,0x00000000d5b80000)
 ParOldGen       total 509952K, used 509921K [0x0000000080000000, 0x000000009f200000, 0x00000000d5580000)
  object space 509952K, 99% used [0x0000000080000000,0x000000009f1f86e0,0x000000009f200000)
 Metaspace       used 68942K, committed 70400K, reserved 1114112K
  class space    used 7341K, committed 8000K, reserved 1048576K
}
Event: 45.896 GC heap before
{Heap before GC invocations=1543 (full 3):
 PSYoungGen      total 5120K, used 4479K [0x00000000d5580000, 0x00000000d5b80000, 0x0000000100000000)
  eden space 4096K, 99% used [0x00000000d5580000,0x00000000d597ff30,0x00000000d5980000)
  from space 1024K, 37% used [0x00000000d5980000,0x00000000d59e0000,0x00000000d5a80000)
  to   space 1024K, 0% used [0x00000000d5a80000,0x00000000d5a80000,0x00000000d5b80000)
 ParOldGen       total 509952K, used 509921K [0x0000000080000000, 0x000000009f200000, 0x00000000d5580000)
  object space 509952K, 99% used [0x0000000080000000,0x000000009f1f86e0,0x000000009f200000)
 Metaspace       used 68945K, committed 70400K, reserved 1114112K
  class space    used 7341K, committed 8000K, reserved 1048576K
}
Event: 45.898 GC heap after
{Heap after GC invocations=1543 (full 3):
 PSYoungGen      total 5120K, used 576K [0x00000000d5580000, 0x00000000d5b80000, 0x0000000100000000)
  eden space 4096K, 0% used [0x00000000d5580000,0x00000000d5580000,0x00000000d5980000)
  from space 1024K, 56% used [0x00000000d5a80000,0x00000000d5b10000,0x00000000d5b80000)
  to   space 1024K, 0% used [0x00000000d5980000,0x00000000d5980000,0x00000000d5a80000)
 ParOldGen       total 510464K, used 510104K [0x0000000080000000, 0x000000009f280000, 0x00000000d5580000)
  object space 510464K, 99% used [0x0000000080000000,0x000000009f2261e8,0x000000009f280000)
 Metaspace       used 68945K, committed 70400K, reserved 1114112K
  class space    used 7341K, committed 8000K, reserved 1048576K
}
Event: 45.916 GC heap before
{Heap before GC invocations=1544 (full 3):
 PSYoungGen      total 5120K, used 4672K [0x00000000d5580000, 0x00000000d5b80000, 0x0000000100000000)
  eden space 4096K, 100% used [0x00000000d5580000,0x00000000d5980000,0x00000000d5980000)
  from space 1024K, 56% used [0x00000000d5a80000,0x00000000d5b10000,0x00000000d5b80000)
  to   space 1024K, 0% used [0x00000000d5980000,0x00000000d5980000,0x00000000d5a80000)
 ParOldGen       total 510464K, used 510104K [0x0000000080000000, 0x000000009f280000, 0x00000000d5580000)
  object space 510464K, 99% used [0x0000000080000000,0x000000009f2261e8,0x000000009f280000)
 Metaspace       used 68954K, committed 70400K, reserved 1114112K
  class space    used 7342K, committed 8000K, reserved 1048576K
}
Event: 45.918 GC heap after
{Heap after GC invocations=1544 (full 3):
 PSYoungGen      total 5120K, used 416K [0x00000000d5580000, 0x00000000d5b00000, 0x0000000100000000)
  eden space 4096K, 0% used [0x00000000d5580000,0x00000000d5580000,0x00000000d5980000)
  from space 1024K, 40% used [0x00000000d5980000,0x00000000d59e8000,0x00000000d5a80000)
  to   space 512K, 0% used [0x00000000d5a80000,0x00000000d5a80000,0x00000000d5b00000)
 ParOldGen       total 510464K, used 510360K [0x0000000080000000, 0x000000009f280000, 0x00000000d5580000)
  object space 510464K, 99% used [0x0000000080000000,0x000000009f2661e8,0x000000009f280000)
 Metaspace       used 68954K, committed 70400K, reserved 1114112K
  class space    used 7342K, committed 8000K, reserved 1048576K
}
Event: 45.933 GC heap before
{Heap before GC invocations=1545 (full 3):
 PSYoungGen      total 5120K, used 4512K [0x00000000d5580000, 0x00000000d5b00000, 0x0000000100000000)
  eden space 4096K, 100% used [0x00000000d5580000,0x00000000d5980000,0x00000000d5980000)
  from space 1024K, 40% used [0x00000000d5980000,0x00000000d59e8000,0x00000000d5a80000)
  to   space 512K, 0% used [0x00000000d5a80000,0x00000000d5a80000,0x00000000d5b00000)
 ParOldGen       total 510464K, used 510360K [0x0000000080000000, 0x000000009f280000, 0x00000000d5580000)
  object space 510464K, 99% used [0x0000000080000000,0x000000009f2661e8,0x000000009f280000)
 Metaspace       used 68959K, committed 70400K, reserved 1114112K
  class space    used 7342K, committed 8000K, reserved 1048576K
}
Event: 45.936 GC heap after
{Heap after GC invocations=1545 (full 3):
 PSYoungGen      total 4608K, used 512K [0x00000000d5580000, 0x00000000d5b80000, 0x0000000100000000)
  eden space 4096K, 0% used [0x00000000d5580000,0x00000000d5580000,0x00000000d5980000)
  from space 512K, 100% used [0x00000000d5a80000,0x00000000d5b00000,0x00000000d5b00000)
  to   space 1024K, 0% used [0x00000000d5980000,0x00000000d5980000,0x00000000d5a80000)
 ParOldGen       total 510976K, used 510606K [0x0000000080000000, 0x000000009f300000, 0x00000000d5580000)
  object space 510976K, 99% used [0x0000000080000000,0x000000009f2a3800,0x000000009f300000)
 Metaspace       used 68959K, committed 70400K, reserved 1114112K
  class space    used 7342K, committed 8000K, reserved 1048576K
}
Event: 45.947 GC heap before
{Heap before GC invocations=1546 (full 3):
 PSYoungGen      total 4608K, used 4608K [0x00000000d5580000, 0x00000000d5b80000, 0x0000000100000000)
  eden space 4096K, 100% used [0x00000000d5580000,0x00000000d5980000,0x00000000d5980000)
  from space 512K, 100% used [0x00000000d5a80000,0x00000000d5b00000,0x00000000d5b00000)
  to   space 1024K, 0% used [0x00000000d5980000,0x00000000d5980000,0x00000000d5a80000)
 ParOldGen       total 510976K, used 510606K [0x0000000080000000, 0x000000009f300000, 0x00000000d5580000)
  object space 510976K, 99% used [0x0000000080000000,0x000000009f2a3840,0x000000009f300000)
 Metaspace       used 68959K, committed 70400K, reserved 1114112K
  class space    used 7342K, committed 8000K, reserved 1048576K
}
Event: 45.949 GC heap after
{Heap after GC invocations=1546 (full 3):
 PSYoungGen      total 5120K, used 768K [0x00000000d5580000, 0x00000000d5b80000, 0x0000000100000000)
  eden space 4096K, 0% used [0x00000000d5580000,0x00000000d5580000,0x00000000d5980000)
  from space 1024K, 75% used [0x00000000d5980000,0x00000000d5a40000,0x00000000d5a80000)
  to   space 1024K, 0% used [0x00000000d5a80000,0x00000000d5a80000,0x00000000d5b80000)
 ParOldGen       total 510976K, used 510898K [0x0000000080000000, 0x000000009f300000, 0x00000000d5580000)
  object space 510976K, 99% used [0x0000000080000000,0x000000009f2ec850,0x000000009f300000)
 Metaspace       used 68959K, committed 70400K, reserved 1114112K
  class space    used 7342K, committed 8000K, reserved 1048576K
}
Event: 45.965 GC heap before
{Heap before GC invocations=1547 (full 3):
 PSYoungGen      total 5120K, used 4864K [0x00000000d5580000, 0x00000000d5b80000, 0x0000000100000000)
  eden space 4096K, 100% used [0x00000000d5580000,0x00000000d5980000,0x00000000d5980000)
  from space 1024K, 75% used [0x00000000d5980000,0x00000000d5a40000,0x00000000d5a80000)
  to   space 1024K, 0% used [0x00000000d5a80000,0x00000000d5a80000,0x00000000d5b80000)
 ParOldGen       total 510976K, used 510909K [0x0000000080000000, 0x000000009f300000, 0x00000000d5580000)
  object space 510976K, 99% used [0x0000000080000000,0x000000009f2ef460,0x000000009f300000)
 Metaspace       used 68963K, committed 70400K, reserved 1114112K
  class space    used 7342K, committed 8000K, reserved 1048576K
}
Event: 45.968 GC heap after
{Heap after GC invocations=1547 (full 3):
 PSYoungGen      total 5120K, used 768K [0x00000000d5580000, 0x00000000d5b80000, 0x0000000100000000)
  eden space 4096K, 0% used [0x00000000d5580000,0x00000000d5580000,0x00000000d5980000)
  from space 1024K, 75% used [0x00000000d5a80000,0x00000000d5b40000,0x00000000d5b80000)
  to   space 1024K, 0% used [0x00000000d5980000,0x00000000d5980000,0x00000000d5a80000)
 ParOldGen       total 511488K, used 511413K [0x0000000080000000, 0x000000009f380000, 0x00000000d5580000)
  object space 511488K, 99% used [0x0000000080000000,0x000000009f36d460,0x000000009f380000)
 Metaspace       used 68963K, committed 70400K, reserved 1114112K
  class space    used 7342K, committed 8000K, reserved 1048576K
}
Event: 45.987 GC heap before
{Heap before GC invocations=1548 (full 3):
 PSYoungGen      total 5120K, used 4864K [0x00000000d5580000, 0x00000000d5b80000, 0x0000000100000000)
  eden space 4096K, 100% used [0x00000000d5580000,0x00000000d5980000,0x00000000d5980000)
  from space 1024K, 75% used [0x00000000d5a80000,0x00000000d5b40000,0x00000000d5b80000)
  to   space 1024K, 0% used [0x00000000d5980000,0x00000000d5980000,0x00000000d5a80000)
 ParOldGen       total 511488K, used 511413K [0x0000000080000000, 0x000000009f380000, 0x00000000d5580000)
  object space 511488K, 99% used [0x0000000080000000,0x000000009f36d460,0x000000009f380000)
 Metaspace       used 68976K, committed 70400K, reserved 1114112K
  class space    used 7342K, committed 8000K, reserved 1048576K
}
Event: 45.989 GC heap after
{Heap after GC invocations=1548 (full 3):
 PSYoungGen      total 5120K, used 544K [0x00000000d5580000, 0x00000000d5b80000, 0x0000000100000000)
  eden space 4096K, 0% used [0x00000000d5580000,0x00000000d5580000,0x00000000d5980000)
  from space 1024K, 53% used [0x00000000d5980000,0x00000000d5a08000,0x00000000d5a80000)
  to   space 1024K, 0% used [0x00000000d5a80000,0x00000000d5a80000,0x00000000d5b80000)
 ParOldGen       total 512000K, used 511913K [0x0000000080000000, 0x000000009f400000, 0x00000000d5580000)
  object space 512000K, 99% used [0x0000000080000000,0x000000009f3ea470,0x000000009f400000)
 Metaspace       used 68976K, committed 70400K, reserved 1114112K
  class space    used 7342K, committed 8000K, reserved 1048576K
}
Event: 46.005 GC heap before
{Heap before GC invocations=1549 (full 3):
 PSYoungGen      total 5120K, used 4627K [0x00000000d5580000, 0x00000000d5b80000, 0x0000000100000000)
  eden space 4096K, 99% used [0x00000000d5580000,0x00000000d597cf58,0x00000000d5980000)
  from space 1024K, 53% used [0x00000000d5980000,0x00000000d5a08000,0x00000000d5a80000)
  to   space 1024K, 0% used [0x00000000d5a80000,0x00000000d5a80000,0x00000000d5b80000)
 ParOldGen       total 512000K, used 511913K [0x0000000080000000, 0x000000009f400000, 0x00000000d5580000)
  object space 512000K, 99% used [0x0000000080000000,0x000000009f3ea470,0x000000009f400000)
 Metaspace       used 68985K, committed 70464K, reserved 1114112K
  class space    used 7342K, committed 8000K, reserved 1048576K
}
Event: 46.007 GC heap after
{Heap after GC invocations=1549 (full 3):
 PSYoungGen      total 5120K, used 560K [0x00000000d5580000, 0x00000000d5b80000, 0x0000000100000000)
  eden space 4096K, 0% used [0x00000000d5580000,0x00000000d5580000,0x00000000d5980000)
  from space 1024K, 54% used [0x00000000d5a80000,0x00000000d5b0c010,0x00000000d5b80000)
  to   space 1024K, 0% used [0x00000000d5980000,0x00000000d5980000,0x00000000d5a80000)
 ParOldGen       total 512512K, used 512257K [0x0000000080000000, 0x000000009f480000, 0x00000000d5580000)
  object space 512512K, 99% used [0x0000000080000000,0x000000009f440470,0x000000009f480000)
 Metaspace       used 68985K, committed 70464K, reserved 1114112K
  class space    used 7342K, committed 8000K, reserved 1048576K
}
Event: 46.024 GC heap before
{Heap before GC invocations=1550 (full 3):
 PSYoungGen      total 5120K, used 4656K [0x00000000d5580000, 0x00000000d5b80000, 0x0000000100000000)
  eden space 4096K, 100% used [0x00000000d5580000,0x00000000d5980000,0x00000000d5980000)
  from space 1024K, 54% used [0x00000000d5a80000,0x00000000d5b0c010,0x00000000d5b80000)
  to   space 1024K, 0% used [0x00000000d5980000,0x00000000d5980000,0x00000000d5a80000)
 ParOldGen       total 512512K, used 512257K [0x0000000080000000, 0x000000009f480000, 0x00000000d5580000)
  object space 512512K, 99% used [0x0000000080000000,0x000000009f440470,0x000000009f480000)
 Metaspace       used 68999K, committed 70464K, reserved 1114112K
  class space    used 7342K, committed 8000K, reserved 1048576K
}
Event: 48.060 GC heap after
{Heap after GC invocations=1550 (full 3):
 PSYoungGen      total 5120K, used 1024K [0x00000000d5580000, 0x00000000d5b80000, 0x0000000100000000)
  eden space 4096K, 0% used [0x00000000d5580000,0x00000000d5580000,0x00000000d5980000)
  from space 1024K, 100% used [0x00000000d5980000,0x00000000d5a80000,0x00000000d5a80000)
  to   space 1024K, 0% used [0x00000000d5a80000,0x00000000d5a80000,0x00000000d5b80000)
 ParOldGen       total 513024K, used 512636K [0x0000000080000000, 0x000000009f500000, 0x00000000d5580000)
  object space 513024K, 99% used [0x0000000080000000,0x000000009f49f078,0x000000009f500000)
 Metaspace       used 68999K, committed 70464K, reserved 1114112K
  class space    used 7342K, committed 8000K, reserved 1048576K
}

Dll operation events (12 events):
Event: 0.008 Loaded shared library c:\Users\nabil\.vscode\extensions\redhat.java-1.45.0-win32-x64\jre\21.0.8-win32-x86_64\bin\java.dll
Event: 0.072 Loaded shared library c:\Users\nabil\.vscode\extensions\redhat.java-1.45.0-win32-x64\jre\21.0.8-win32-x86_64\bin\zip.dll
Event: 0.095 Loaded shared library C:\Users\nabil\.vscode\extensions\redhat.java-1.45.0-win32-x64\jre\21.0.8-win32-x86_64\bin\instrument.dll
Event: 0.100 Loaded shared library C:\Users\nabil\.vscode\extensions\redhat.java-1.45.0-win32-x64\jre\21.0.8-win32-x86_64\bin\net.dll
Event: 0.104 Loaded shared library C:\Users\nabil\.vscode\extensions\redhat.java-1.45.0-win32-x64\jre\21.0.8-win32-x86_64\bin\nio.dll
Event: 0.108 Loaded shared library C:\Users\nabil\.vscode\extensions\redhat.java-1.45.0-win32-x64\jre\21.0.8-win32-x86_64\bin\zip.dll
Event: 0.122 Loaded shared library C:\Users\nabil\.vscode\extensions\redhat.java-1.45.0-win32-x64\jre\21.0.8-win32-x86_64\bin\jimage.dll
Event: 0.188 Loaded shared library c:\Users\nabil\.vscode\extensions\redhat.java-1.45.0-win32-x64\jre\21.0.8-win32-x86_64\bin\verify.dll
Event: 1.060 Loaded shared library C:\Users\nabil\AppData\Roaming\Code\User\globalStorage\redhat.java\1.45.0\config_win\org.eclipse.equinox.launcher\org.eclipse.equinox.launcher.win32.win32.x86_64_1.2.1400.v20250801-0854\eclipse_11916.dll
Event: 2.469 Loaded shared library C:\Users\nabil\AppData\Local\Temp\jna-104574578\jna6661532557806641563.dll
Event: 18.451 Loaded shared library C:\Users\nabil\.vscode\extensions\redhat.java-1.45.0-win32-x64\jre\21.0.8-win32-x86_64\bin\sunmscapi.dll
Event: 19.536 Loaded shared library C:\Users\nabil\.vscode\extensions\redhat.java-1.45.0-win32-x64\jre\21.0.8-win32-x86_64\bin\extnet.dll

Deoptimization events (20 events):
Event: 45.836 Thread 0x000001e0ed947cf0 DEOPT PACKING pc=0x000001e0d9cb5440 sp=0x00000093028fe140
Event: 45.836 Thread 0x000001e0ed947cf0 DEOPT UNPACKING pc=0x000001e0d8df3aa2 sp=0x00000093028fdde0 mode 2
Event: 45.837 Thread 0x000001e0ed947cf0 Uncommon trap: trap_request=0xffffffbe fr.pc=0x000001e0d9cb5440 relative=0x0000000000003200
Event: 45.837 Thread 0x000001e0ed947cf0 Uncommon trap: reason=profile_predicate action=maybe_recompile pc=0x000001e0d9cb5440 method=java.util.concurrent.ConcurrentHashMap$Traverser.advance()Ljava/util/concurrent/ConcurrentHashMap$Node; @ 15 c2
Event: 45.837 Thread 0x000001e0ed947cf0 DEOPT PACKING pc=0x000001e0d9cb5440 sp=0x00000093028fe140
Event: 45.837 Thread 0x000001e0ed947cf0 DEOPT UNPACKING pc=0x000001e0d8df3aa2 sp=0x00000093028fdde0 mode 2
Event: 45.837 Thread 0x000001e0ed947cf0 Uncommon trap: trap_request=0xffffffbe fr.pc=0x000001e0d9cb5440 relative=0x0000000000003200
Event: 45.837 Thread 0x000001e0ed947cf0 Uncommon trap: reason=profile_predicate action=maybe_recompile pc=0x000001e0d9cb5440 method=java.util.concurrent.ConcurrentHashMap$Traverser.advance()Ljava/util/concurrent/ConcurrentHashMap$Node; @ 15 c2
Event: 45.837 Thread 0x000001e0ed947cf0 DEOPT PACKING pc=0x000001e0d9cb5440 sp=0x00000093028fe140
Event: 45.837 Thread 0x000001e0ed947cf0 DEOPT UNPACKING pc=0x000001e0d8df3aa2 sp=0x00000093028fdde0 mode 2
Event: 45.932 Thread 0x000001e0ed94a450 Uncommon trap: trap_request=0xffffff45 fr.pc=0x000001e0d99cc490 relative=0x0000000000000630
Event: 45.932 Thread 0x000001e0ed94a450 Uncommon trap: reason=unstable_if action=reinterpret pc=0x000001e0d99cc490 method=java.util.concurrent.ConcurrentHashMap.addCount(JI)V @ 34 c2
Event: 45.932 Thread 0x000001e0ed94a450 DEOPT PACKING pc=0x000001e0d99cc490 sp=0x00000093029fd700
Event: 45.932 Thread 0x000001e0ed94a450 DEOPT UNPACKING pc=0x000001e0d8df3aa2 sp=0x00000093029fd5b8 mode 2
Event: 45.974 Thread 0x000001e0ec460dc0 DEOPT PACKING pc=0x000001e0d33b5a53 sp=0x000000937edfedd0
Event: 45.974 Thread 0x000001e0ec460dc0 DEOPT UNPACKING pc=0x000001e0d8df4242 sp=0x000000937edfe338 mode 0
Event: 45.983 Thread 0x000001e0efa8b530 Uncommon trap: trap_request=0xffffffbe fr.pc=0x000001e0d9a04b14 relative=0x0000000000002014
Event: 45.983 Thread 0x000001e0efa8b530 Uncommon trap: reason=profile_predicate action=maybe_recompile pc=0x000001e0d9a04b14 method=org.apache.maven.model.merge.MavenModelMerger.mergePlugin_Executions(Lorg/apache/maven/model/Plugin;Lorg/apache/maven/model/Plugin;ZLjava/util/Map;)V @ 148 c2
Event: 45.983 Thread 0x000001e0efa8b530 DEOPT PACKING pc=0x000001e0d9a04b14 sp=0x00000093025fe7f0
Event: 45.984 Thread 0x000001e0efa8b530 DEOPT UNPACKING pc=0x000001e0d8df3aa2 sp=0x00000093025fe7d0 mode 2

Classes loaded (20 events):
Event: 20.526 Loading class sun/util/resources/TimeZoneNamesBundle done
Event: 20.526 Loading class sun/util/resources/cldr/TimeZoneNames done
Event: 20.526 Loading class sun/util/resources/cldr/TimeZoneNames_en
Event: 20.528 Loading class sun/util/resources/cldr/TimeZoneNames_en done
Event: 20.529 Loading class sun/util/resources/cldr/TimeZoneNames_en_US
Event: 20.529 Loading class sun/util/resources/cldr/TimeZoneNames_en_US done
Event: 20.534 Loading class sun/util/cldr/CLDRBaseLocaleDataMetaInfo$TZCanonicalIDMapHolder
Event: 20.536 Loading class sun/util/cldr/CLDRBaseLocaleDataMetaInfo$TZCanonicalIDMapHolder done
Event: 20.539 Loading class sun/util/resources/TimeZoneNames
Event: 20.543 Loading class sun/util/resources/TimeZoneNames done
Event: 20.543 Loading class sun/util/resources/TimeZoneNames_en
Event: 20.543 Loading class sun/util/resources/TimeZoneNames_en done
Event: 40.539 Loading class java/io/CharArrayWriter
Event: 40.539 Loading class java/io/CharArrayWriter done
Event: 40.621 Loading class java/util/AbstractList$RandomAccessSubList
Event: 40.622 Loading class java/util/AbstractList$SubList
Event: 40.622 Loading class java/util/AbstractList$SubList done
Event: 40.622 Loading class java/util/AbstractList$RandomAccessSubList done
Event: 40.622 Loading class java/util/AbstractList$SubList$1
Event: 40.622 Loading class java/util/AbstractList$SubList$1 done

Classes unloaded (7 events):
Event: 3.003 Thread 0x000001e0ce73ea50 Unloading class 0x000001e0811ab000 'java/lang/invoke/LambdaForm$MH+0x000001e0811ab000'
Event: 3.003 Thread 0x000001e0ce73ea50 Unloading class 0x000001e0811aac00 'java/lang/invoke/LambdaForm$MH+0x000001e0811aac00'
Event: 3.003 Thread 0x000001e0ce73ea50 Unloading class 0x000001e0811aa800 'java/lang/invoke/LambdaForm$MH+0x000001e0811aa800'
Event: 3.003 Thread 0x000001e0ce73ea50 Unloading class 0x000001e0811aa400 'java/lang/invoke/LambdaForm$MH+0x000001e0811aa400'
Event: 3.003 Thread 0x000001e0ce73ea50 Unloading class 0x000001e0811aa000 'java/lang/invoke/LambdaForm$BMH+0x000001e0811aa000'
Event: 3.003 Thread 0x000001e0ce73ea50 Unloading class 0x000001e0811a9c00 'java/lang/invoke/LambdaForm$DMH+0x000001e0811a9c00'
Event: 3.003 Thread 0x000001e0ce73ea50 Unloading class 0x000001e0811a8800 'java/lang/invoke/LambdaForm$DMH+0x000001e0811a8800'

Classes redefined (0 events):
No events

Internal exceptions (20 events):
Event: 40.975 Thread 0x000001e0ec460dc0 Exception <a 'sun/nio/fs/WindowsException'{0x00000000d5733378}> (0x00000000d5733378) 
thrown [s\src\hotspot\share\prims\jni.cpp, line 520]
Event: 41.019 Thread 0x000001e0ec460dc0 Exception <a 'sun/nio/fs/WindowsException'{0x00000000d5580808}> (0x00000000d5580808) 
thrown [s\src\hotspot\share\prims\jni.cpp, line 520]
Event: 41.125 Thread 0x000001e0ec460dc0 Exception <a 'sun/nio/fs/WindowsException'{0x00000000d56358b0}> (0x00000000d56358b0) 
thrown [s\src\hotspot\share\prims\jni.cpp, line 520]
Event: 41.172 Thread 0x000001e0ec460dc0 Exception <a 'sun/nio/fs/WindowsException'{0x00000000d5726ff0}> (0x00000000d5726ff0) 
thrown [s\src\hotspot\share\prims\jni.cpp, line 520]
Event: 41.202 Thread 0x000001e0ec460dc0 Exception <a 'sun/nio/fs/WindowsException'{0x00000000d570d2d8}> (0x00000000d570d2d8) 
thrown [s\src\hotspot\share\prims\jni.cpp, line 520]
Event: 41.253 Thread 0x000001e0ec460dc0 Exception <a 'sun/nio/fs/WindowsException'{0x00000000d559db58}> (0x00000000d559db58) 
thrown [s\src\hotspot\share\prims\jni.cpp, line 520]
Event: 41.300 Thread 0x000001e0ec460dc0 Exception <a 'sun/nio/fs/WindowsException'{0x00000000d559a9b0}> (0x00000000d559a9b0) 
thrown [s\src\hotspot\share\prims\jni.cpp, line 520]
Event: 41.599 Thread 0x000001e0ec460dc0 Exception <a 'sun/nio/fs/WindowsException'{0x00000000d5588d10}> (0x00000000d5588d10) 
thrown [s\src\hotspot\share\prims\jni.cpp, line 520]
Event: 41.648 Thread 0x000001e0ec460dc0 Exception <a 'sun/nio/fs/WindowsException'{0x00000000d573c4d8}> (0x00000000d573c4d8) 
thrown [s\src\hotspot\share\prims\jni.cpp, line 520]
Event: 42.955 Thread 0x000001e0ec460dc0 Exception <a 'sun/nio/fs/WindowsException'{0x00000000d561bfb0}> (0x00000000d561bfb0) 
thrown [s\src\hotspot\share\prims\jni.cpp, line 520]
Event: 43.107 Thread 0x000001e0ec460dc0 Exception <a 'sun/nio/fs/WindowsException'{0x00000000d55e3700}> (0x00000000d55e3700) 
thrown [s\src\hotspot\share\prims\jni.cpp, line 520]
Event: 43.167 Thread 0x000001e0ec460dc0 Exception <a 'sun/nio/fs/WindowsException'{0x00000000d573c8e8}> (0x00000000d573c8e8) 
thrown [s\src\hotspot\share\prims\jni.cpp, line 520]
Event: 43.240 Thread 0x000001e0ec460dc0 Exception <a 'sun/nio/fs/WindowsException'{0x00000000d58693b0}> (0x00000000d58693b0) 
thrown [s\src\hotspot\share\prims\jni.cpp, line 520]
Event: 43.323 Thread 0x000001e0ec460dc0 Exception <a 'sun/nio/fs/WindowsException'{0x00000000d5844cd8}> (0x00000000d5844cd8) 
thrown [s\src\hotspot\share\prims\jni.cpp, line 520]
Event: 45.684 Thread 0x000001e0ec460dc0 Exception <a 'sun/nio/fs/WindowsException'{0x00000000d55dfc18}> (0x00000000d55dfc18) 
thrown [s\src\hotspot\share\prims\jni.cpp, line 520]
Event: 45.765 Thread 0x000001e0ec460dc0 Exception <a 'sun/nio/fs/WindowsException'{0x00000000d55811b8}> (0x00000000d55811b8) 
thrown [s\src\hotspot\share\prims\jni.cpp, line 520]
Event: 45.815 Thread 0x000001e0ec461450 Implicit null exception at 0x000001e0d9cb2724 to 0x000001e0d9cb5418
Event: 45.836 Thread 0x000001e0ed947cf0 Implicit null exception at 0x000001e0d9cb2724 to 0x000001e0d9cb5418
Event: 45.837 Thread 0x000001e0ed947cf0 Implicit null exception at 0x000001e0d9cb2724 to 0x000001e0d9cb5418
Event: 45.837 Thread 0x000001e0ed947cf0 Implicit null exception at 0x000001e0d9cb2724 to 0x000001e0d9cb5418

ZGC Phase Switch (0 events):
No events

VM Operations (20 events):
Event: 45.884 Executing VM operation: ParallelGCFailedAllocation (Allocation Failure)
Event: 45.886 Executing VM operation: ParallelGCFailedAllocation (Allocation Failure) done
Event: 45.896 Executing VM operation: ParallelGCFailedAllocation (Allocation Failure)
Event: 45.899 Executing VM operation: ParallelGCFailedAllocation (Allocation Failure) done
Event: 45.916 Executing VM operation: ParallelGCFailedAllocation (Allocation Failure)
Event: 45.918 Executing VM operation: ParallelGCFailedAllocation (Allocation Failure) done
Event: 45.933 Executing VM operation: ParallelGCFailedAllocation (Allocation Failure)
Event: 45.936 Executing VM operation: ParallelGCFailedAllocation (Allocation Failure) done
Event: 45.947 Executing VM operation: ParallelGCFailedAllocation (Allocation Failure)
Event: 45.947 Executing VM operation: ParallelGCFailedAllocation (Allocation Failure) done
Event: 45.947 Executing VM operation: ParallelGCSystemGC (GCLocker Initiated GC)
Event: 45.949 Executing VM operation: ParallelGCSystemGC (GCLocker Initiated GC) done
Event: 45.965 Executing VM operation: ParallelGCFailedAllocation (Allocation Failure)
Event: 45.968 Executing VM operation: ParallelGCFailedAllocation (Allocation Failure) done
Event: 45.986 Executing VM operation: ParallelGCFailedAllocation (Allocation Failure)
Event: 45.989 Executing VM operation: ParallelGCFailedAllocation (Allocation Failure) done
Event: 46.005 Executing VM operation: ParallelGCFailedAllocation (Allocation Failure)
Event: 46.007 Executing VM operation: ParallelGCFailedAllocation (Allocation Failure) done
Event: 46.024 Executing VM operation: ParallelGCFailedAllocation (Allocation Failure)
Event: 48.060 Executing VM operation: ParallelGCFailedAllocation (Allocation Failure) done

Memory protections (0 events):
No events

Nmethod flushes (20 events):
Event: 8.983 Thread 0x000001e0ce73ea50 flushing  nmethod 0x000001e0d2140a10
Event: 8.983 Thread 0x000001e0ce73ea50 flushing  nmethod 0x000001e0d214ce90
Event: 8.983 Thread 0x000001e0ce73ea50 flushing  nmethod 0x000001e0d214d690
Event: 8.983 Thread 0x000001e0ce73ea50 flushing  nmethod 0x000001e0d214db10
Event: 8.983 Thread 0x000001e0ce73ea50 flushing  nmethod 0x000001e0d2173010
Event: 8.983 Thread 0x000001e0ce73ea50 flushing  nmethod 0x000001e0d218c010
Event: 8.983 Thread 0x000001e0ce73ea50 flushing  nmethod 0x000001e0d218ce10
Event: 8.983 Thread 0x000001e0ce73ea50 flushing  nmethod 0x000001e0d2190310
Event: 8.984 Thread 0x000001e0ce73ea50 flushing  nmethod 0x000001e0d2190c90
Event: 8.984 Thread 0x000001e0ce73ea50 flushing  nmethod 0x000001e0d21ad390
Event: 8.984 Thread 0x000001e0ce73ea50 flushing  nmethod 0x000001e0d21adc90
Event: 8.984 Thread 0x000001e0ce73ea50 flushing  nmethod 0x000001e0d21ae390
Event: 8.984 Thread 0x000001e0ce73ea50 flushing  nmethod 0x000001e0d21ae990
Event: 8.984 Thread 0x000001e0ce73ea50 flushing  nmethod 0x000001e0d21af210
Event: 8.984 Thread 0x000001e0ce73ea50 flushing  nmethod 0x000001e0d21b2490
Event: 8.984 Thread 0x000001e0ce73ea50 flushing  nmethod 0x000001e0d21bcc10
Event: 8.984 Thread 0x000001e0ce73ea50 flushing  nmethod 0x000001e0d21c1f90
Event: 8.984 Thread 0x000001e0ce73ea50 flushing  nmethod 0x000001e0d21de510
Event: 8.984 Thread 0x000001e0ce73ea50 flushing  nmethod 0x000001e0d222df90
Event: 8.984 Thread 0x000001e0ce73ea50 flushing  nmethod 0x000001e0d2269090

Events (20 events):
Event: 38.908 Thread 0x000001e0ee2182e0 Thread exited: 0x000001e0ee2182e0
Event: 39.955 Thread 0x000001e0efa8a810 Thread exited: 0x000001e0efa8a810
Event: 39.955 Thread 0x000001e0efa89460 Thread exited: 0x000001e0efa89460
Event: 39.955 Thread 0x000001e0efa8b530 Thread exited: 0x000001e0efa8b530
Event: 39.955 Thread 0x000001e0efa88740 Thread exited: 0x000001e0efa88740
Event: 39.955 Thread 0x000001e0efa8a180 Thread exited: 0x000001e0efa8a180
Event: 40.705 Thread 0x000001e0ec463520 Thread added: 0x000001e0efa89af0
Event: 40.812 Thread 0x000001e0ec463520 Thread added: 0x000001e0efa8a810
Event: 40.826 Thread 0x000001e0ec463520 Thread added: 0x000001e0efa88740
Event: 40.881 Thread 0x000001e0eb020000 Thread added: 0x000001e0ee2182e0
Event: 40.916 Thread 0x000001e0ec463520 Thread added: 0x000001e0efa8aea0
Event: 42.844 Thread 0x000001e0ee2182e0 Thread exited: 0x000001e0ee2182e0
Event: 42.844 Thread 0x000001e0ee0bb980 Thread added: 0x000001e0efa89460
Event: 43.225 Thread 0x000001e0eb0317e0 Thread added: 0x000001e0ee2182e0
Event: 43.228 Thread 0x000001e0ee2182e0 Thread added: 0x000001e0eeb49990
Event: 43.232 Thread 0x000001e0ec463520 Thread added: 0x000001e0efa8b530
Event: 43.232 Thread 0x000001e0ec463520 Thread added: 0x000001e0ec461450
Event: 43.232 Thread 0x000001e0ec463520 Thread added: 0x000001e0ed948a10
Event: 45.752 Thread 0x000001e0ec463520 Thread added: 0x000001e0ed947cf0
Event: 45.752 Thread 0x000001e0ec463520 Thread added: 0x000001e0ed94a450


Dynamic libraries:
0x00007ff7012f0000 - 0x00007ff7012fe000 	c:\Users\nabil\.vscode\extensions\redhat.java-1.45.0-win32-x64\jre\21.0.8-win32-x86_64\bin\java.exe
0x00007ffa65360000 - 0x00007ffa655c9000 	C:\WINDOWS\SYSTEM32\ntdll.dll
0x00007ffa639a0000 - 0x00007ffa63a69000 	C:\WINDOWS\System32\KERNEL32.DLL
0x00007ffa62900000 - 0x00007ffa62cf3000 	C:\WINDOWS\System32\KERNELBASE.dll
0x00007ffa4d680000 - 0x00007ffa4d698000 	c:\Users\nabil\.vscode\extensions\redhat.java-1.45.0-win32-x64\jre\21.0.8-win32-x86_64\bin\jli.dll
0x00007ffa62d00000 - 0x00007ffa62e4b000 	C:\WINDOWS\System32\ucrtbase.dll
0x00007ffa4d660000 - 0x00007ffa4d67e000 	c:\Users\nabil\.vscode\extensions\redhat.java-1.45.0-win32-x64\jre\21.0.8-win32-x86_64\bin\VCRUNTIME140.dll
0x00007ffa641c0000 - 0x00007ffa64384000 	C:\WINDOWS\System32\USER32.dll
0x00007ffa425c0000 - 0x00007ffa42853000 	C:\WINDOWS\WinSxS\amd64_microsoft.windows.common-controls_6595b64144ccf1df_6.0.26100.5074_none_3e0d6f78e32fd63f\COMCTL32.dll
0x00007ffa62f80000 - 0x00007ffa62fa7000 	C:\WINDOWS\System32\win32u.dll
0x00007ffa63170000 - 0x00007ffa63219000 	C:\WINDOWS\System32\msvcrt.dll
0x00007ffa64860000 - 0x00007ffa6488b000 	C:\WINDOWS\System32\GDI32.dll
0x00007ffa62e50000 - 0x00007ffa62f7d000 	C:\WINDOWS\System32\gdi32full.dll
0x00007ffa62850000 - 0x00007ffa628f3000 	C:\WINDOWS\System32\msvcp_win.dll
0x00007ffa63130000 - 0x00007ffa6315f000 	C:\WINDOWS\System32\IMM32.DLL
0x00007ffa5f060000 - 0x00007ffa5f06c000 	c:\Users\nabil\.vscode\extensions\redhat.java-1.45.0-win32-x64\jre\21.0.8-win32-x86_64\bin\vcruntime140_1.dll
0x00007ffa1cda0000 - 0x00007ffa1ce2d000 	c:\Users\nabil\.vscode\extensions\redhat.java-1.45.0-win32-x64\jre\21.0.8-win32-x86_64\bin\msvcp140.dll
0x00007ff9e58b0000 - 0x00007ff9e6647000 	c:\Users\nabil\.vscode\extensions\redhat.java-1.45.0-win32-x64\jre\21.0.8-win32-x86_64\bin\server\jvm.dll
0x00007ffa647a0000 - 0x00007ffa64854000 	C:\WINDOWS\System32\ADVAPI32.dll
0x00007ffa63850000 - 0x00007ffa638f6000 	C:\WINDOWS\System32\sechost.dll
0x00007ffa64890000 - 0x00007ffa649a8000 	C:\WINDOWS\System32\RPCRT4.dll
0x00007ffa63580000 - 0x00007ffa635f4000 	C:\WINDOWS\System32\WS2_32.dll
0x00007ffa62350000 - 0x00007ffa623ae000 	C:\WINDOWS\SYSTEM32\POWRPROF.dll
0x00007ffa588d0000 - 0x00007ffa58905000 	C:\WINDOWS\SYSTEM32\WINMM.dll
0x00007ffa42870000 - 0x00007ffa4287b000 	C:\WINDOWS\SYSTEM32\VERSION.dll
0x00007ffa62330000 - 0x00007ffa62344000 	C:\WINDOWS\SYSTEM32\UMPDC.dll
0x00007ffa612d0000 - 0x00007ffa612eb000 	C:\WINDOWS\SYSTEM32\kernel.appcore.dll
0x00007ffa5ee90000 - 0x00007ffa5ee9a000 	c:\Users\nabil\.vscode\extensions\redhat.java-1.45.0-win32-x64\jre\21.0.8-win32-x86_64\bin\jimage.dll
0x00007ffa5fc60000 - 0x00007ffa5fea2000 	C:\WINDOWS\SYSTEM32\DBGHELP.DLL
0x00007ffa64f70000 - 0x00007ffa652eb000 	C:\WINDOWS\System32\combase.dll
0x00007ffa634a0000 - 0x00007ffa63577000 	C:\WINDOWS\System32\OLEAUT32.dll
0x00007ffa332a0000 - 0x00007ffa332dd000 	C:\WINDOWS\SYSTEM32\dbgcore.DLL
0x00007ffa624f0000 - 0x00007ffa62589000 	C:\WINDOWS\System32\bcryptPrimitives.dll
0x00007ffa5ce50000 - 0x00007ffa5ce5f000 	c:\Users\nabil\.vscode\extensions\redhat.java-1.45.0-win32-x64\jre\21.0.8-win32-x86_64\bin\instrument.dll
0x00007ffa4bac0000 - 0x00007ffa4badf000 	c:\Users\nabil\.vscode\extensions\redhat.java-1.45.0-win32-x64\jre\21.0.8-win32-x86_64\bin\java.dll
0x00007ffa63a70000 - 0x00007ffa641bd000 	C:\WINDOWS\System32\SHELL32.dll
0x00007ffa626e0000 - 0x00007ffa6284c000 	C:\WINDOWS\System32\wintypes.dll
0x00007ffa60120000 - 0x00007ffa60979000 	C:\WINDOWS\SYSTEM32\windows.storage.dll
0x00007ffa649b0000 - 0x00007ffa64aa0000 	C:\WINDOWS\System32\SHCORE.dll
0x00007ffa63230000 - 0x00007ffa63292000 	C:\WINDOWS\System32\shlwapi.dll
0x00007ffa62410000 - 0x00007ffa62439000 	C:\WINDOWS\SYSTEM32\profapi.dll
0x00007ffa4baa0000 - 0x00007ffa4bab8000 	c:\Users\nabil\.vscode\extensions\redhat.java-1.45.0-win32-x64\jre\21.0.8-win32-x86_64\bin\zip.dll
0x00007ffa50840000 - 0x00007ffa50850000 	C:\Users\nabil\.vscode\extensions\redhat.java-1.45.0-win32-x64\jre\21.0.8-win32-x86_64\bin\net.dll
0x00007ffa5c6b0000 - 0x00007ffa5c7cf000 	C:\WINDOWS\SYSTEM32\WINHTTP.dll
0x00007ffa61850000 - 0x00007ffa618bb000 	C:\WINDOWS\system32\mswsock.dll
0x00007ffa49550000 - 0x00007ffa49566000 	C:\Users\nabil\.vscode\extensions\redhat.java-1.45.0-win32-x64\jre\21.0.8-win32-x86_64\bin\nio.dll
0x00007ffa4e060000 - 0x00007ffa4e070000 	c:\Users\nabil\.vscode\extensions\redhat.java-1.45.0-win32-x64\jre\21.0.8-win32-x86_64\bin\verify.dll
0x00007ffa1a030000 - 0x00007ffa1a074000 	C:\Users\nabil\AppData\Roaming\Code\User\globalStorage\redhat.java\1.45.0\config_win\org.eclipse.equinox.launcher\org.eclipse.equinox.launcher.win32.win32.x86_64_1.2.1400.v20250801-0854\eclipse_11916.dll
0x00007ffa63300000 - 0x00007ffa63498000 	C:\WINDOWS\System32\ole32.dll
0x00007ffa61af0000 - 0x00007ffa61b0b000 	C:\WINDOWS\SYSTEM32\CRYPTSP.dll
0x00007ffa61230000 - 0x00007ffa6126b000 	C:\WINDOWS\system32\rsaenh.dll
0x00007ffa618f0000 - 0x00007ffa6191b000 	C:\WINDOWS\SYSTEM32\USERENV.dll
0x00007ffa623e0000 - 0x00007ffa62406000 	C:\WINDOWS\SYSTEM32\bcrypt.dll
0x00007ffa61b10000 - 0x00007ffa61b1c000 	C:\WINDOWS\SYSTEM32\CRYPTBASE.dll
0x00007ffa60d00000 - 0x00007ffa60d34000 	C:\WINDOWS\SYSTEM32\IPHLPAPI.DLL
0x00007ffa63220000 - 0x00007ffa6322a000 	C:\WINDOWS\System32\NSI.dll
0x00007ffa188e0000 - 0x00007ffa18929000 	C:\Users\nabil\AppData\Local\Temp\jna-104574578\jna6661532557806641563.dll
0x00007ffa63980000 - 0x00007ffa63988000 	C:\WINDOWS\System32\PSAPI.DLL
0x00007ffa5c900000 - 0x00007ffa5c91e000 	C:\WINDOWS\SYSTEM32\dhcpcsvc6.DLL
0x00007ffa5c840000 - 0x00007ffa5c863000 	C:\WINDOWS\SYSTEM32\dhcpcsvc.DLL
0x00007ffa4ba20000 - 0x00007ffa4ba2e000 	C:\Users\nabil\.vscode\extensions\redhat.java-1.45.0-win32-x64\jre\21.0.8-win32-x86_64\bin\sunmscapi.dll
0x00007ffa62fb0000 - 0x00007ffa63127000 	C:\WINDOWS\System32\CRYPT32.dll
0x00007ffa61d10000 - 0x00007ffa61d40000 	C:\WINDOWS\SYSTEM32\ncrypt.dll
0x00007ffa61cc0000 - 0x00007ffa61cff000 	C:\WINDOWS\SYSTEM32\NTASN1.dll
0x00007ffa60da0000 - 0x00007ffa60ec6000 	C:\WINDOWS\SYSTEM32\DNSAPI.dll
0x00007ffa586d0000 - 0x00007ffa586db000 	C:\Windows\System32\rasadhlp.dll
0x00007ffa5cbc0000 - 0x00007ffa5cc46000 	C:\WINDOWS\System32\fwpuclnt.dll
0x00007ffa4ae00000 - 0x00007ffa4ae09000 	C:\Users\nabil\.vscode\extensions\redhat.java-1.45.0-win32-x64\jre\21.0.8-win32-x86_64\bin\extnet.dll

JVMTI agents:
c:\Users\nabil\.vscode\extensions\redhat.java-1.45.0-win32-x64\lombok\lombok-1.18.39-4050.jar path:c:\Users\nabil\.vscode\extensions\redhat.java-1.45.0-win32-x64\jre\21.0.8-win32-x86_64\bin\instrument.dll, loaded, initialized, instrumentlib options:none

dbghelp: loaded successfully - version: 4.0.5 - missing functions: none
symbol engine: initialized successfully - sym options: 0x614 - pdb path: .;c:\Users\nabil\.vscode\extensions\redhat.java-1.45.0-win32-x64\jre\21.0.8-win32-x86_64\bin;C:\WINDOWS\SYSTEM32;C:\WINDOWS\WinSxS\amd64_microsoft.windows.common-controls_6595b64144ccf1df_6.0.26100.5074_none_3e0d6f78e32fd63f;c:\Users\nabil\.vscode\extensions\redhat.java-1.45.0-win32-x64\jre\21.0.8-win32-x86_64\bin\server;C:\Users\nabil\AppData\Roaming\Code\User\globalStorage\redhat.java\1.45.0\config_win\org.eclipse.equinox.launcher\org.eclipse.equinox.launcher.win32.win32.x86_64_1.2.1400.v20250801-0854;C:\Users\nabil\AppData\Local\Temp\jna-104574578

VM Arguments:
jvm_args: --add-modules=ALL-SYSTEM --add-opens=java.base/java.util=ALL-UNNAMED --add-opens=java.base/java.lang=ALL-UNNAMED --add-opens=java.base/sun.nio.fs=ALL-UNNAMED -Declipse.application=org.eclipse.jdt.ls.core.id1 -Dosgi.bundles.defaultStartLevel=4 -Declipse.product=org.eclipse.jdt.ls.core.product -Djava.import.generatesMetadataFilesAtProjectRoot=false -DDetectVMInstallationsJob.disabled=true -Dfile.encoding=utf8 -XX:+UseParallelGC -XX:GCTimeRatio=4 -XX:AdaptiveSizePolicyWeight=90 -Dsun.zip.disableMemoryMapping=true -Xmx2G -Xms100m -Xlog:disable -javaagent:c:\Users\nabil\.vscode\extensions\redhat.java-1.45.0-win32-x64\lombok\lombok-1.18.39-4050.jar -XX:+HeapDumpOnOutOfMemoryError -XX:HeapDumpPath=c:\Users\nabil\AppData\Roaming\Code\User\workspaceStorage\bad2abbcd7b301175cb1610fa1059be9\redhat.java -Daether.dependencyCollector.impl=bf 
java_command: c:\Users\nabil\.vscode\extensions\redhat.java-1.45.0-win32-x64\server\plugins\org.eclipse.equinox.launcher_1.7.0.v20250519-0528.jar -configuration c:\Users\nabil\AppData\Roaming\Code\User\globalStorage\redhat.java\1.45.0\config_win -data c:\Users\nabil\AppData\Roaming\Code\User\workspaceStorage\bad2abbcd7b301175cb1610fa1059be9\redhat.java\jdt_ws --pipe=\\.\pipe\lsp-fba456e8d169b4bdd49efa3dfd5698d5-sock
java_class_path (initial): c:\Users\nabil\.vscode\extensions\redhat.java-1.45.0-win32-x64\server\plugins\org.eclipse.equinox.launcher_1.7.0.v20250519-0528.jar
Launcher Type: SUN_STANDARD

[Global flags]
    uintx AdaptiveSizePolicyWeight                 = 90                                        {product} {command line}
     intx CICompilerCount                          = 4                                         {product} {ergonomic}
    uintx GCTimeRatio                              = 4                                         {product} {command line}
     bool HeapDumpOnOutOfMemoryError               = true                                   {manageable} {command line}
    ccstr HeapDumpPath                             = c:\Users\nabil\AppData\Roaming\Code\User\workspaceStorage\bad2abbcd7b301175cb1610fa1059be9\redhat.java         {manageable} {command line}
   size_t InitialHeapSize                          = 104857600                                 {product} {command line}
   size_t MaxHeapSize                              = 2147483648                                {product} {command line}
   size_t MaxNewSize                               = 715653120                                 {product} {ergonomic}
   size_t MinHeapDeltaBytes                        = 524288                                    {product} {ergonomic}
   size_t MinHeapSize                              = 104857600                                 {product} {command line}
   size_t NewSize                                  = 34603008                                  {product} {ergonomic}
    uintx NonNMethodCodeHeapSize                   = 5839372                                {pd product} {ergonomic}
    uintx NonProfiledCodeHeapSize                  = 122909434                              {pd product} {ergonomic}
   size_t OldSize                                  = 70254592                                  {product} {ergonomic}
    uintx ProfiledCodeHeapSize                     = 122909434                              {pd product} {ergonomic}
    uintx ReservedCodeCacheSize                    = 251658240                              {pd product} {ergonomic}
     bool SegmentedCodeCache                       = true                                      {product} {ergonomic}
   size_t SoftMaxHeapSize                          = 2147483648                             {manageable} {ergonomic}
     bool UseCompressedOops                        = true                           {product lp64_product} {ergonomic}
     bool UseLargePagesIndividualAllocation        = false                                  {pd product} {ergonomic}
     bool UseParallelGC                            = true                                      {product} {command line}

Logging:
Log output configuration:
 #0: stdout all=off uptime,level,tags foldmultilines=false
 #1: stderr all=off uptime,level,tags foldmultilines=false

Environment Variables:
PATH=C:\Program Files\Common Files\Oracle\Java\javapath;C:\WINDOWS\system32;C:\WINDOWS;C:\WINDOWS\System32\Wbem;C:\WINDOWS\System32\WindowsPowerShell\v1.0\;C:\WINDOWS\System32\OpenSSH\;C:\Program Files\Java\jre-1.8\bin;C:\Program Files\dotnet\;C:\Program Files\MATLAB\R2023b\runtime\win64;C:\Program Files\MATLAB\R2023b\bin;C:\Program Files\Git\cmd;C:\Users\nabil\AppData\Local\flutter\bin;C:\Program Files\PuTTY\;C:\ProgramData\ComposerSetup\bin;C:\Program Files\nodejs\;C:\ProgramData\chocolatey\bin;C:\xampp\php;C:\Users\nabil\flutter\bin;C:\Users\nabil\AppData\Local\Android\Sdk\platform-tools;C:\Program Files\Geckodriver;C:\Program Files\Docker\Docker\resources\bin;C:\Program Files\Java\jdk-24\bin;C:\Users\nabil\zulu24.32.13-ca-jdk24.0.2-win_x64\bin;C:\Users\nabil\zulu24.32.13-ca-fx-jre24.0.2-win_x64\bin;C:\Program Files\CMake\bin;C:\Program Files\Java\jdk-24\bin;C:\Users\nabil\AppData\Local\Programs\Python\Python312\Scripts\;C:\Users\nabil\AppData\Local\Programs\Python\Python312\;C:\Users\nabil;C:\Users\nabil\AppData\Local\spicetify;C:\Users\nabil\AppData\Local\Microsoft\WindowsApps;C:\Users\nabil\AppData\Roaming\Composer\vendor\bin;C:\Users\nabil\AppData\Roaming\npm;C:\Users\nabil\AppData\Local\Microsoft\WinGet\Packages\Schniz.fnm_Microsoft.Winget.Source_8wekyb3d8bbwe;C:\xampp\php;C:\Users\nabil\flutter\bin;C:\Users\nabil\AppData\Local\Programs\Microsoft VS Code\bin;C:\Users\nabil\AppData\Local\Microsoft\WindowsApps;C:\Users\nabil\AppData\Local\Android\Sdk\platform-tools;C:\Program Files\Geckodriver;C:\Users\nabil\zulu24.32.13-ca-fx-jre24.0.2-win_x64\bin;C:\Program Files\RabbitMQ Server\rabbitmq_server-4.1.4\sbin;
USERNAME=nabil
OS=Windows_NT
PROCESSOR_IDENTIFIER=Intel64 Family 6 Model 186 Stepping 3, GenuineIntel
TMP=C:\Users\nabil\AppData\Local\Temp
TEMP=C:\Users\nabil\AppData\Local\Temp




Periodic native trim disabled

---------------  S Y S T E M  ---------------

OS:
 Windows 11 , 64 bit Build 26100 (10.0.26100.5074)
OS uptime: 0 days 1:33 hours
Hyper-V role detected

CPU: total 12 (initial active 12) (6 cores per cpu, 2 threads per core) family 6 model 186 stepping 3 microcode 0x4111, cx8, cmov, fxsr, ht, mmx, 3dnowpref, sse, sse2, sse3, ssse3, sse4.1, sse4.2, popcnt, lzcnt, tsc, tscinvbit, avx, avx2, aes, erms, clmul, bmi1, bmi2, adx, sha, fma, vzeroupper, clflush, clflushopt, clwb, hv, serialize, rdtscp, rdpid, fsrm, f16c, cet_ibt, cet_ss
Processor Information for the first 12 processors :
  Max Mhz: 1300, Current Mhz: 1300, Mhz Limit: 1300

Memory: 4k page, system-wide physical 7895M (637M free)
TotalPageFile size 11991M (AvailPageFile size 14M)
current process WorkingSet (physical memory assigned to process): 742M, peak: 742M
current process commit charge ("private bytes"): 815M, peak: 816M

vm_info: OpenJDK 64-Bit Server VM (21.0.8+9-LTS) for windows-amd64 JRE (21.0.8+9-LTS), built on 2025-07-15T00:00:00Z by "admin" with MS VC++ 17.7 (VS2022)

END.
