#
# There is insufficient memory for the Java Runtime Environment to continue.
# Native memory allocation (malloc) failed to allocate 1279376 bytes. Error detail: Chunk::new
# Possible reasons:
#   The system is out of physical RAM or swap space
#   This process is running with CompressedOops enabled, and the Java Heap may be blocking the growth of the native heap
# Possible solutions:
#   Reduce memory load on the system
#   Increase physical memory or swap space
#   Check if swap backing store is full
#   Decrease Java heap size (-Xmx/-Xms)
#   Decrease number of Java threads
#   Decrease Java thread stack sizes (-Xss)
#   Set larger code cache with -XX:ReservedCodeCacheSize=
#   JVM is running with Unscaled Compressed Oops mode in which the Java heap is
#     placed in the first 4GB address space. The Java Heap base address is the
#     maximum limit for the native heap growth. Please use -XX:HeapBaseMinAddress
#     to set the Java Heap base and to place the Java Heap above 4GB virtual address.
# This output file may be truncated or incomplete.
#
#  Out of Memory Error (arena.cpp:168), pid=17156, tid=15660
#
# JRE version: OpenJDK Runtime Environment Temurin-21.0.8+9 (21.0.8+9) (build 21.0.8+9-LTS)
# Java VM: OpenJDK 64-Bit Server VM Temurin-21.0.8+9 (21.0.8+9-LTS, mixed mode, sharing, tiered, compressed oops, compressed class ptrs, parallel gc, windows-amd64)
# No core dump will be written. Minidumps are not enabled by default on client versions of Windows
#

---------------  S U M M A R Y ------------

Command Line: --add-modules=ALL-SYSTEM --add-opens=java.base/java.util=ALL-UNNAMED --add-opens=java.base/java.lang=ALL-UNNAMED --add-opens=java.base/sun.nio.fs=ALL-UNNAMED -Declipse.application=org.eclipse.jdt.ls.core.id1 -Dosgi.bundles.defaultStartLevel=4 -Declipse.product=org.eclipse.jdt.ls.core.product -Djava.import.generatesMetadataFilesAtProjectRoot=false -DDetectVMInstallationsJob.disabled=true -Dfile.encoding=utf8 -XX:+UseParallelGC -XX:GCTimeRatio=4 -XX:AdaptiveSizePolicyWeight=90 -Dsun.zip.disableMemoryMapping=true -Xmx2G -Xms100m -Xlog:disable -javaagent:c:\Users\nabil\.vscode\extensions\redhat.java-1.45.0-win32-x64\lombok\lombok-1.18.39-4050.jar -XX:+HeapDumpOnOutOfMemoryError -XX:HeapDumpPath=c:\Users\nabil\AppData\Roaming\Code\User\workspaceStorage\bad2abbcd7b301175cb1610fa1059be9\redhat.java -Daether.dependencyCollector.impl=bf c:\Users\nabil\.vscode\extensions\redhat.java-1.45.0-win32-x64\server\plugins\org.eclipse.equinox.launcher_1.7.0.v20250519-0528.jar -configuration c:\Users\nabil\AppData\Roaming\Code\User\globalStorage\redhat.java\1.45.0\config_win -data c:\Users\nabil\AppData\Roaming\Code\User\workspaceStorage\bad2abbcd7b301175cb1610fa1059be9\redhat.java\jdt_ws --pipe=\\.\pipe\lsp-03d4bd1ce6967f2b459f455170ba981e-sock

Host: 13th Gen Intel(R) Core(TM) i5-1335U, 12 cores, 7G,  Windows 11 , 64 bit Build 26100 (10.0.26100.5074)
Time: Tue Sep 23 12:48:40 2025 SE Asia Standard Time elapsed time: 9.254032 seconds (0d 0h 0m 9s)

---------------  T H R E A D  ---------------

Current thread (0x000002afb7cccbf0):  JavaThread "C2 CompilerThread0" daemon [_thread_in_native, id=15660, stack(0x000000ef68000000,0x000000ef68100000) (1024K)]


Current CompileTask:
C2:9254 7060   !   4       com.google.inject.spi.InjectionPoint::getInjectionPoints (491 bytes)

Stack: [0x000000ef68000000,0x000000ef68100000]
Native frames: (J=compiled Java code, j=interpreted, Vv=VM code, C=native code)
V  [jvm.dll+0x6d2449]
V  [jvm.dll+0x8ae341]
V  [jvm.dll+0x8b08be]
V  [jvm.dll+0x8b0fa3]
V  [jvm.dll+0x280c96]
V  [jvm.dll+0xc581d]
V  [jvm.dll+0xc5d53]
V  [jvm.dll+0x3b9162]
V  [jvm.dll+0x1e1409]
V  [jvm.dll+0x249022]
V  [jvm.dll+0x2484af]
V  [jvm.dll+0x1c89ee]
V  [jvm.dll+0x257d4d]
V  [jvm.dll+0x2562ea]
V  [jvm.dll+0x3f2d16]
V  [jvm.dll+0x857e6b]
V  [jvm.dll+0x6d0b0d]
C  [ucrtbase.dll+0x37b0]
C  [KERNEL32.DLL+0x2e8d7]
C  [ntdll.dll+0x8d9c]


---------------  P R O C E S S  ---------------

Threads class SMR info:
_java_thread_list=0x000002b0196d7b50, length=53, elements={
0x000002afb7c0e250, 0x000002afb7cb33a0, 0x000002afb7bbd520, 0x000002afb7cb6640,
0x000002afb7cb7510, 0x000002afb7cb97f0, 0x000002afb7cc5730, 0x000002afb7cccbf0,
0x000002afb7ccd4f0, 0x000002b010aaae40, 0x000002b010d02590, 0x000002b016086240,
0x000002b01680e170, 0x000002b016b57430, 0x000002b016b58670, 0x000002b016f43390,
0x000002b016cb3e00, 0x000002b010bb9170, 0x000002b016b19a30, 0x000002b016b17ff0,
0x000002b016b18680, 0x000002b016b18d10, 0x000002b016b172d0, 0x000002b016b16c40,
0x000002b016b17960, 0x000002b0180f1b30, 0x000002b0180f2850, 0x000002b0180f3570,
0x000002b0180f21c0, 0x000002b0180f14a0, 0x000002b0180f2ee0, 0x000002b0180f0e10,
0x000002b0180f00f0, 0x000002b0180f3c00, 0x000002b0180f0780, 0x000002b0180f5cd0,
0x000002b0180f6360, 0x000002b0180f4290, 0x000002b0180f7710, 0x000002b0180f7080,
0x000002b0180f4920, 0x000002b0180f4fb0, 0x000002b0180f69f0, 0x000002b0191df690,
0x000002b0191de2e0, 0x000002b0191e1760, 0x000002b0191e03b0, 0x000002b0191df000,
0x000002b0191e10d0, 0x000002b0191e1df0, 0x000002b0191dfd20, 0x000002b0191de970,
0x000002b0191e31a0
}

Java Threads: ( => current thread )
  0x000002afb7c0e250 JavaThread "main"                              [_thread_blocked, id=11976, stack(0x000000ef67600000,0x000000ef67700000) (1024K)]
  0x000002afb7cb33a0 JavaThread "Reference Handler"          daemon [_thread_blocked, id=8320, stack(0x000000ef67a00000,0x000000ef67b00000) (1024K)]
  0x000002afb7bbd520 JavaThread "Finalizer"                  daemon [_thread_blocked, id=10172, stack(0x000000ef67b00000,0x000000ef67c00000) (1024K)]
  0x000002afb7cb6640 JavaThread "Signal Dispatcher"          daemon [_thread_blocked, id=14092, stack(0x000000ef67c00000,0x000000ef67d00000) (1024K)]
  0x000002afb7cb7510 JavaThread "Attach Listener"            daemon [_thread_blocked, id=18220, stack(0x000000ef67d00000,0x000000ef67e00000) (1024K)]
  0x000002afb7cb97f0 JavaThread "Service Thread"             daemon [_thread_blocked, id=10472, stack(0x000000ef67e00000,0x000000ef67f00000) (1024K)]
  0x000002afb7cc5730 JavaThread "Monitor Deflation Thread"   daemon [_thread_blocked, id=17152, stack(0x000000ef67f00000,0x000000ef68000000) (1024K)]
=>0x000002afb7cccbf0 JavaThread "C2 CompilerThread0"         daemon [_thread_in_native, id=15660, stack(0x000000ef68000000,0x000000ef68100000) (1024K)]
  0x000002afb7ccd4f0 JavaThread "C1 CompilerThread0"         daemon [_thread_in_native, id=16584, stack(0x000000ef68100000,0x000000ef68200000) (1024K)]
  0x000002b010aaae40 JavaThread "Common-Cleaner"             daemon [_thread_blocked, id=4924, stack(0x000000ef68200000,0x000000ef68300000) (1024K)]
  0x000002b010d02590 JavaThread "Notification Thread"        daemon [_thread_blocked, id=5008, stack(0x000000ef68400000,0x000000ef68500000) (1024K)]
  0x000002b016086240 JavaThread "Active Thread: Equinox Container: 4980962f-a8be-4bf1-8dc7-d1744e4f91d8"        [_thread_blocked, id=13852, stack(0x000000ef68c00000,0x000000ef68d00000) (1024K)]
  0x000002b01680e170 JavaThread "Refresh Thread: Equinox Container: 4980962f-a8be-4bf1-8dc7-d1744e4f91d8" daemon [_thread_blocked, id=8360, stack(0x000000ef68d00000,0x000000ef68e00000) (1024K)]
  0x000002b016b57430 JavaThread "Framework Event Dispatcher: Equinox Container: 4980962f-a8be-4bf1-8dc7-d1744e4f91d8" daemon [_thread_blocked, id=6568, stack(0x000000ef68f00000,0x000000ef69000000) (1024K)]
  0x000002b016b58670 JavaThread "Start Level: Equinox Container: 4980962f-a8be-4bf1-8dc7-d1744e4f91d8" daemon [_thread_blocked, id=11556, stack(0x000000ef69000000,0x000000ef69100000) (1024K)]
  0x000002b016f43390 JavaThread "Bundle File Closer"         daemon [_thread_blocked, id=13056, stack(0x000000ef69300000,0x000000ef69400000) (1024K)]
  0x000002b016cb3e00 JavaThread "SCR Component Actor"        daemon [_thread_blocked, id=12216, stack(0x000000ef68500000,0x000000ef68600000) (1024K)]
  0x000002b010bb9170 JavaThread "C2 CompilerThread1"         daemon [_thread_in_native, id=17932, stack(0x000000ef68300000,0x000000ef68400000) (1024K)]
  0x000002b016b19a30 JavaThread "Worker-JM"                         [_thread_blocked, id=17460, stack(0x000000ef69500000,0x000000ef69600000) (1024K)]
  0x000002b016b17ff0 JavaThread "JNA Cleaner"                daemon [_thread_blocked, id=11612, stack(0x000000ef69600000,0x000000ef69700000) (1024K)]
  0x000002b016b18680 JavaThread "Worker-0"                          [_thread_blocked, id=8468, stack(0x000000ef69700000,0x000000ef69800000) (1024K)]
  0x000002b016b18d10 JavaThread "Worker-1"                          [_thread_blocked, id=2492, stack(0x000000ef69800000,0x000000ef69900000) (1024K)]
  0x000002b016b172d0 JavaThread "Java indexing"              daemon [_thread_blocked, id=408, stack(0x000000ef69900000,0x000000ef69a00000) (1024K)]
  0x000002b016b16c40 JavaThread "Worker-2"                          [_thread_blocked, id=18392, stack(0x000000ef69c00000,0x000000ef69d00000) (1024K)]
  0x000002b016b17960 JavaThread "Worker-3"                          [_thread_blocked, id=19308, stack(0x000000ef69d00000,0x000000ef69e00000) (1024K)]
  0x000002b0180f1b30 JavaThread "Thread-2"                   daemon [_thread_in_native, id=18824, stack(0x000000ef69e00000,0x000000ef69f00000) (1024K)]
  0x000002b0180f2850 JavaThread "Thread-3"                   daemon [_thread_in_native, id=10088, stack(0x000000ef69f00000,0x000000ef6a000000) (1024K)]
  0x000002b0180f3570 JavaThread "Thread-4"                   daemon [_thread_in_native, id=8264, stack(0x000000ef6a000000,0x000000ef6a100000) (1024K)]
  0x000002b0180f21c0 JavaThread "Thread-5"                   daemon [_thread_in_native, id=5776, stack(0x000000ef6a100000,0x000000ef6a200000) (1024K)]
  0x000002b0180f14a0 JavaThread "Thread-6"                   daemon [_thread_in_native, id=11472, stack(0x000000ef6a200000,0x000000ef6a300000) (1024K)]
  0x000002b0180f2ee0 JavaThread "Thread-7"                   daemon [_thread_in_native, id=11144, stack(0x000000ef6a300000,0x000000ef6a400000) (1024K)]
  0x000002b0180f0e10 JavaThread "Thread-8"                   daemon [_thread_in_native, id=6540, stack(0x000000ef6a400000,0x000000ef6a500000) (1024K)]
  0x000002b0180f00f0 JavaThread "Thread-9"                   daemon [_thread_in_native, id=1608, stack(0x000000ef6a500000,0x000000ef6a600000) (1024K)]
  0x000002b0180f3c00 JavaThread "Thread-10"                  daemon [_thread_in_native, id=15736, stack(0x000000ef6a600000,0x000000ef6a700000) (1024K)]
  0x000002b0180f0780 JavaThread "Thread-11"                  daemon [_thread_in_native, id=15984, stack(0x000000ef6a700000,0x000000ef6a800000) (1024K)]
  0x000002b0180f5cd0 JavaThread "Thread-12"                  daemon [_thread_in_native, id=10644, stack(0x000000ef6a800000,0x000000ef6a900000) (1024K)]
  0x000002b0180f6360 JavaThread "Thread-13"                  daemon [_thread_in_native, id=12876, stack(0x000000ef6a900000,0x000000ef6aa00000) (1024K)]
  0x000002b0180f4290 JavaThread "Thread-14"                  daemon [_thread_in_native, id=16632, stack(0x000000ef6aa00000,0x000000ef6ab00000) (1024K)]
  0x000002b0180f7710 JavaThread "pool-2-thread-1"                   [_thread_blocked, id=19252, stack(0x000000ef6ab00000,0x000000ef6ac00000) (1024K)]
  0x000002b0180f7080 JavaThread "Worker-4: Initialize Workspace"        [_thread_in_Java, id=6524, stack(0x000000ef6ac00000,0x000000ef6ad00000) (1024K)]
  0x000002b0180f4920 JavaThread "WorkspaceEventsHandler"            [_thread_blocked, id=7164, stack(0x000000ef6ad00000,0x000000ef6ae00000) (1024K)]
  0x000002b0180f4fb0 JavaThread "pool-1-thread-1"                   [_thread_blocked, id=10408, stack(0x000000ef6ae00000,0x000000ef6af00000) (1024K)]
  0x000002b0180f69f0 JavaThread "ForkJoinPool.commonPool-worker-1" daemon [_thread_blocked, id=7700, stack(0x000000ef6af00000,0x000000ef6b000000) (1024K)]
  0x000002b0191df690 JavaThread "ForkJoinPool.commonPool-worker-2" daemon [_thread_blocked, id=6852, stack(0x000000ef6b000000,0x000000ef6b100000) (1024K)]
  0x000002b0191de2e0 JavaThread "ForkJoinPool.commonPool-worker-3" daemon [_thread_blocked, id=11804, stack(0x000000ef6b100000,0x000000ef6b200000) (1024K)]
  0x000002b0191e1760 JavaThread "ForkJoinPool.commonPool-worker-4" daemon [_thread_blocked, id=12184, stack(0x000000ef6b200000,0x000000ef6b300000) (1024K)]
  0x000002b0191e03b0 JavaThread "ForkJoinPool.commonPool-worker-5" daemon [_thread_blocked, id=15928, stack(0x000000ef6b300000,0x000000ef6b400000) (1024K)]
  0x000002b0191df000 JavaThread "ForkJoinPool.commonPool-worker-6" daemon [_thread_blocked, id=17636, stack(0x000000ef6b400000,0x000000ef6b500000) (1024K)]
  0x000002b0191e10d0 JavaThread "ForkJoinPool.commonPool-worker-7" daemon [_thread_blocked, id=12960, stack(0x000000ef6b500000,0x000000ef6b600000) (1024K)]
  0x000002b0191e1df0 JavaThread "ForkJoinPool.commonPool-worker-8" daemon [_thread_blocked, id=18660, stack(0x000000ef6b600000,0x000000ef6b700000) (1024K)]
  0x000002b0191dfd20 JavaThread "ForkJoinPool.commonPool-worker-9" daemon [_thread_blocked, id=9916, stack(0x000000ef6b700000,0x000000ef6b800000) (1024K)]
  0x000002b0191de970 JavaThread "ForkJoinPool.commonPool-worker-10" daemon [_thread_blocked, id=11048, stack(0x000000ef6b800000,0x000000ef6b900000) (1024K)]
  0x000002b0191e31a0 JavaThread "ForkJoinPool.commonPool-worker-11" daemon [_thread_blocked, id=11068, stack(0x000000ef6b900000,0x000000ef6ba00000) (1024K)]
Total: 53

Other Threads:
  0x000002afb7caead0 VMThread "VM Thread"                           [id=13556, stack(0x000000ef67900000,0x000000ef67a00000) (1024K)]
  0x000002afb7a9cb20 WatcherThread "VM Periodic Task Thread"        [id=18928, stack(0x000000ef67800000,0x000000ef67900000) (1024K)]
  0x000002afb7c2b5a0 WorkerThread "GC Thread#0"                     [id=9988, stack(0x000000ef67700000,0x000000ef67800000) (1024K)]
  0x000002b01669bd20 WorkerThread "GC Thread#1"                     [id=6616, stack(0x000000ef68600000,0x000000ef68700000) (1024K)]
  0x000002b01658e910 WorkerThread "GC Thread#2"                     [id=17992, stack(0x000000ef68700000,0x000000ef68800000) (1024K)]
  0x000002b01658ecb0 WorkerThread "GC Thread#3"                     [id=388, stack(0x000000ef68800000,0x000000ef68900000) (1024K)]
  0x000002b01626d300 WorkerThread "GC Thread#4"                     [id=12780, stack(0x000000ef68900000,0x000000ef68a00000) (1024K)]
  0x000002b01626d6a0 WorkerThread "GC Thread#5"                     [id=19320, stack(0x000000ef68a00000,0x000000ef68b00000) (1024K)]
  0x000002b01626da40 WorkerThread "GC Thread#6"                     [id=11924, stack(0x000000ef68b00000,0x000000ef68c00000) (1024K)]
  0x000002b0167e81a0 WorkerThread "GC Thread#7"                     [id=17204, stack(0x000000ef68e00000,0x000000ef68f00000) (1024K)]
  0x000002b016977800 WorkerThread "GC Thread#8"                     [id=12768, stack(0x000000ef69100000,0x000000ef69200000) (1024K)]
  0x000002b016d54850 WorkerThread "GC Thread#9"                     [id=9844, stack(0x000000ef69200000,0x000000ef69300000) (1024K)]
Total: 12

Threads with active compile tasks:
C2 CompilerThread0  9297 7060   !   4       com.google.inject.spi.InjectionPoint::getInjectionPoints (491 bytes)
C2 CompilerThread1  9297 7599       4       org.eclipse.sisu.space.asm.ClassReader::readMethod (1061 bytes)
Total: 2

VM state: not at safepoint (normal execution)

VM Mutex/Monitor currently owned by a thread: None

Heap address: 0x0000000080000000, size: 2048 MB, Compressed Oops mode: 32-bit

CDS archive(s) mapped at: [0x000002afcf000000-0x000002afcfba0000-0x000002afcfba0000), size 12189696, SharedBaseAddress: 0x000002afcf000000, ArchiveRelocationMode: 1.
Compressed class space mapped at: 0x000002afd0000000-0x000002b010000000, reserved size: 1073741824
Narrow klass base: 0x000002afcf000000, Narrow klass shift: 0, Narrow klass range: 0x100000000

GC Precious Log:
 CardTable entry size: 512
 CPUs: 12 total, 12 available
 Memory: 7895M
 Large Page Support: Disabled
 NUMA Support: Disabled
 Compressed Oops: Enabled (32-bit)
 Alignments: Space 512K, Generation 512K, Heap 2M
 Heap Min Capacity: 100M
 Heap Initial Capacity: 100M
 Heap Max Capacity: 2G
 Pre-touch: Disabled
 Parallel Workers: 10

Heap:
 PSYoungGen      total 27136K, used 9032K [0x00000000d5580000, 0x00000000d7900000, 0x0000000100000000)
  eden space 26112K, 30% used [0x00000000d5580000,0x00000000d5d52c68,0x00000000d6f00000)
  from space 1024K, 99% used [0x00000000d7180000,0x00000000d727f660,0x00000000d7280000)
  to   space 2560K, 0% used [0x00000000d6f00000,0x00000000d6f00000,0x00000000d7180000)
 ParOldGen       total 68608K, used 48021K [0x0000000080000000, 0x0000000084300000, 0x00000000d5580000)
  object space 68608K, 69% used [0x0000000080000000,0x0000000082ee5448,0x0000000084300000)
 Metaspace       used 47638K, committed 48896K, reserved 1114112K
  class space    used 5213K, committed 5760K, reserved 1048576K

Card table byte_map: [0x000002afb75b0000,0x000002afb79c0000] _byte_map_base: 0x000002afb71b0000

Marking Bits: (ParMarkBitMap*) 0x00007ff9e692a340
 Begin Bits: [0x000002afca0b0000, 0x000002afcc0b0000)
 End Bits:   [0x000002afcc0b0000, 0x000002afce0b0000)

Polling page: 0x000002afb59b0000

Metaspace:

Usage:
  Non-class:     41.43 MB used.
      Class:      5.09 MB used.
       Both:     46.52 MB used.

Virtual space:
  Non-class space:       64.00 MB reserved,      42.12 MB ( 66%) committed,  1 nodes.
      Class space:        1.00 GB reserved,       5.62 MB ( <1%) committed,  1 nodes.
             Both:        1.06 GB reserved,      47.75 MB (  4%) committed. 

Chunk freelists:
   Non-Class:  5.43 MB
       Class:  10.39 MB
        Both:  15.82 MB

MaxMetaspaceSize: unlimited
CompressedClassSpaceSize: 1.00 GB
Initial GC threshold: 21.00 MB
Current GC threshold: 58.38 MB
CDS: on
 - commit_granule_bytes: 65536.
 - commit_granule_words: 8192.
 - virtual_space_node_default_size: 8388608.
 - enlarge_chunks_in_place: 1.
 - use_allocation_guard: 0.


Internal statistics:

num_allocs_failed_limit: 6.
num_arena_births: 994.
num_arena_deaths: 14.
num_vsnodes_births: 2.
num_vsnodes_deaths: 0.
num_space_committed: 764.
num_space_uncommitted: 0.
num_chunks_returned_to_freelist: 20.
num_chunks_taken_from_freelist: 3177.
num_chunk_merges: 7.
num_chunk_splits: 1968.
num_chunks_enlarged: 1125.
num_inconsistent_stats: 0.

CodeHeap 'non-profiled nmethods': size=120000Kb used=3776Kb max_used=3776Kb free=116223Kb
 bounds [0x000002afc28d0000, 0x000002afc2c90000, 0x000002afc9e00000]
CodeHeap 'profiled nmethods': size=120000Kb used=14951Kb max_used=14951Kb free=105048Kb
 bounds [0x000002afbae00000, 0x000002afbbca0000, 0x000002afc2330000]
CodeHeap 'non-nmethods': size=5760Kb used=1367Kb max_used=1432Kb free=4392Kb
 bounds [0x000002afc2330000, 0x000002afc25a0000, 0x000002afc28d0000]
CodeCache: size=245760Kb, used=20094Kb, max_used=20159Kb, free=225663Kb
 total_blobs=7667, nmethods=7001, adapters=572, full_count=0
Compilation: enabled, stopped_count=0, restarted_count=0

Compilation events (20 events):
Event: 8.237 Thread 0x000002b010bb9170 nmethod 7562 0x000002afc2c7b510 code [0x000002afc2c7b6c0, 0x000002afc2c7b810]
Event: 8.237 Thread 0x000002b010bb9170 7557       4       com.google.common.collect.Iterators$SingletonIterator::hasNext (13 bytes)
Event: 8.237 Thread 0x000002afb7ccd4f0 nmethod 7573 0x000002afbbc81590 code [0x000002afbbc81760, 0x000002afbbc81b98]
Event: 8.238 Thread 0x000002b010bb9170 nmethod 7557 0x000002afc2c7b990 code [0x000002afc2c7bb20, 0x000002afc2c7bbb0]
Event: 8.238 Thread 0x000002b010bb9170 7579       4       com.google.inject.internal.Errors::throwIfNewErrors (14 bytes)
Event: 8.238 Thread 0x000002afb7ccd4f0 7580       3       com.google.common.collect.ImmutableEntry::<init> (15 bytes)
Event: 8.238 Thread 0x000002afb7ccd4f0 nmethod 7580 0x000002afbbc81d90 code [0x000002afbbc81f40, 0x000002afbbc82138]
Event: 8.238 Thread 0x000002afb7ccd4f0 7581       3       com.google.common.collect.AbstractMapEntry::<init> (5 bytes)
Event: 8.238 Thread 0x000002b010bb9170 nmethod 7579 0x000002afc2c7bc90 code [0x000002afc2c7be20, 0x000002afc2c7bf08]
Event: 8.238 Thread 0x000002b010bb9170 7566       4       java.lang.Class::getDeclaredMethods (27 bytes)
Event: 8.238 Thread 0x000002afb7ccd4f0 nmethod 7581 0x000002afbbc82210 code [0x000002afbbc823c0, 0x000002afbbc82528]
Event: 8.241 Thread 0x000002afb7ccd4f0 7582       2       java.util.ArrayList::rangeCheckForAdd (26 bytes)
Event: 8.241 Thread 0x000002afb7ccd4f0 nmethod 7582 0x000002afbbc82610 code [0x000002afbbc82820, 0x000002afbbc82c20]
Event: 8.241 Thread 0x000002afb7ccd4f0 7583   !   3       com.google.inject.spi.Elements$RecordingBinder::install (298 bytes)
Event: 8.244 Thread 0x000002afb7ccd4f0 nmethod 7583 0x000002afbbc82e90 code [0x000002afbbc832a0, 0x000002afbbc85150]
Event: 8.244 Thread 0x000002afb7ccd4f0 7584  s    3       java.lang.Throwable::getOurStackTrace (51 bytes)
Event: 8.244 Thread 0x000002afb7ccd4f0 nmethod 7584 0x000002afbbc85c90 code [0x000002afbbc85e60, 0x000002afbbc861b0]
Event: 8.246 Thread 0x000002afb7ccd4f0 7585       3       java.lang.AbstractStringBuilder::indexOf (18 bytes)
Event: 8.246 Thread 0x000002afb7ccd4f0 nmethod 7585 0x000002afbbc86290 code [0x000002afbbc86440, 0x000002afbbc86598]
Event: 8.247 Thread 0x000002b010bb9170 nmethod 7566 0x000002afc2c7c010 code [0x000002afc2c7c220, 0x000002afc2c7c960]

GC Heap History (20 events):
Event: 5.188 GC heap after
{Heap after GC invocations=16 (full 2):
 PSYoungGen      total 23552K, used 1312K [0x00000000d5580000, 0x00000000d7080000, 0x0000000100000000)
  eden space 22016K, 0% used [0x00000000d5580000,0x00000000d5580000,0x00000000d6b00000)
  from space 1536K, 85% used [0x00000000d6f00000,0x00000000d7048000,0x00000000d7080000)
  to   space 2048K, 0% used [0x00000000d6c80000,0x00000000d6c80000,0x00000000d6e80000)
 ParOldGen       total 68608K, used 22085K [0x0000000080000000, 0x0000000084300000, 0x00000000d5580000)
  object space 68608K, 32% used [0x0000000080000000,0x0000000081591668,0x0000000084300000)
 Metaspace       used 37187K, committed 38336K, reserved 1114112K
  class space    used 3900K, committed 4352K, reserved 1048576K
}
Event: 5.447 GC heap before
{Heap before GC invocations=17 (full 2):
 PSYoungGen      total 23552K, used 23328K [0x00000000d5580000, 0x00000000d7080000, 0x0000000100000000)
  eden space 22016K, 100% used [0x00000000d5580000,0x00000000d6b00000,0x00000000d6b00000)
  from space 1536K, 85% used [0x00000000d6f00000,0x00000000d7048000,0x00000000d7080000)
  to   space 2048K, 0% used [0x00000000d6c80000,0x00000000d6c80000,0x00000000d6e80000)
 ParOldGen       total 68608K, used 22085K [0x0000000080000000, 0x0000000084300000, 0x00000000d5580000)
  object space 68608K, 32% used [0x0000000080000000,0x0000000081591668,0x0000000084300000)
 Metaspace       used 38499K, committed 39744K, reserved 1114112K
  class space    used 4053K, committed 4608K, reserved 1048576K
}
Event: 5.449 GC heap after
{Heap after GC invocations=17 (full 2):
 PSYoungGen      total 24064K, used 1632K [0x00000000d5580000, 0x00000000d6f80000, 0x0000000100000000)
  eden space 22016K, 0% used [0x00000000d5580000,0x00000000d5580000,0x00000000d6b00000)
  from space 2048K, 79% used [0x00000000d6c80000,0x00000000d6e18000,0x00000000d6e80000)
  to   space 1024K, 0% used [0x00000000d6e80000,0x00000000d6e80000,0x00000000d6f80000)
 ParOldGen       total 68608K, used 23221K [0x0000000080000000, 0x0000000084300000, 0x00000000d5580000)
  object space 68608K, 33% used [0x0000000080000000,0x00000000816ad678,0x0000000084300000)
 Metaspace       used 38499K, committed 39744K, reserved 1114112K
  class space    used 4053K, committed 4608K, reserved 1048576K
}
Event: 5.875 GC heap before
{Heap before GC invocations=18 (full 2):
 PSYoungGen      total 24064K, used 23648K [0x00000000d5580000, 0x00000000d6f80000, 0x0000000100000000)
  eden space 22016K, 100% used [0x00000000d5580000,0x00000000d6b00000,0x00000000d6b00000)
  from space 2048K, 79% used [0x00000000d6c80000,0x00000000d6e18000,0x00000000d6e80000)
  to   space 1024K, 0% used [0x00000000d6e80000,0x00000000d6e80000,0x00000000d6f80000)
 ParOldGen       total 68608K, used 23221K [0x0000000080000000, 0x0000000084300000, 0x00000000d5580000)
  object space 68608K, 33% used [0x0000000080000000,0x00000000816ad678,0x0000000084300000)
 Metaspace       used 40394K, committed 41664K, reserved 1114112K
  class space    used 4287K, committed 4864K, reserved 1048576K
}
Event: 5.878 GC heap after
{Heap after GC invocations=18 (full 2):
 PSYoungGen      total 23040K, used 1010K [0x00000000d5580000, 0x00000000d7100000, 0x0000000100000000)
  eden space 22016K, 0% used [0x00000000d5580000,0x00000000d5580000,0x00000000d6b00000)
  from space 1024K, 98% used [0x00000000d6e80000,0x00000000d6f7ca50,0x00000000d6f80000)
  to   space 3072K, 0% used [0x00000000d6b00000,0x00000000d6b00000,0x00000000d6e00000)
 ParOldGen       total 68608K, used 24806K [0x0000000080000000, 0x0000000084300000, 0x00000000d5580000)
  object space 68608K, 36% used [0x0000000080000000,0x0000000081839850,0x0000000084300000)
 Metaspace       used 40394K, committed 41664K, reserved 1114112K
  class space    used 4287K, committed 4864K, reserved 1048576K
}
Event: 6.265 GC heap before
{Heap before GC invocations=19 (full 2):
 PSYoungGen      total 23040K, used 23026K [0x00000000d5580000, 0x00000000d7100000, 0x0000000100000000)
  eden space 22016K, 100% used [0x00000000d5580000,0x00000000d6b00000,0x00000000d6b00000)
  from space 1024K, 98% used [0x00000000d6e80000,0x00000000d6f7ca50,0x00000000d6f80000)
  to   space 3072K, 0% used [0x00000000d6b00000,0x00000000d6b00000,0x00000000d6e00000)
 ParOldGen       total 68608K, used 24806K [0x0000000080000000, 0x0000000084300000, 0x00000000d5580000)
  object space 68608K, 36% used [0x0000000080000000,0x0000000081839850,0x0000000084300000)
 Metaspace       used 41830K, committed 43136K, reserved 1114112K
  class space    used 4472K, committed 5056K, reserved 1048576K
}
Event: 6.270 GC heap after
{Heap after GC invocations=19 (full 2):
 PSYoungGen      total 25088K, used 3055K [0x00000000d5580000, 0x00000000d8200000, 0x0000000100000000)
  eden space 22016K, 0% used [0x00000000d5580000,0x00000000d5580000,0x00000000d6b00000)
  from space 3072K, 99% used [0x00000000d6b00000,0x00000000d6dfbd28,0x00000000d6e00000)
  to   space 11776K, 0% used [0x00000000d7680000,0x00000000d7680000,0x00000000d8200000)
 ParOldGen       total 68608K, used 32144K [0x0000000080000000, 0x0000000084300000, 0x00000000d5580000)
  object space 68608K, 46% used [0x0000000080000000,0x0000000081f642a0,0x0000000084300000)
 Metaspace       used 41830K, committed 43136K, reserved 1114112K
  class space    used 4472K, committed 5056K, reserved 1048576K
}
Event: 6.494 GC heap before
{Heap before GC invocations=20 (full 2):
 PSYoungGen      total 25088K, used 25071K [0x00000000d5580000, 0x00000000d8200000, 0x0000000100000000)
  eden space 22016K, 100% used [0x00000000d5580000,0x00000000d6b00000,0x00000000d6b00000)
  from space 3072K, 99% used [0x00000000d6b00000,0x00000000d6dfbd28,0x00000000d6e00000)
  to   space 11776K, 0% used [0x00000000d7680000,0x00000000d7680000,0x00000000d8200000)
 ParOldGen       total 68608K, used 32144K [0x0000000080000000, 0x0000000084300000, 0x00000000d5580000)
  object space 68608K, 46% used [0x0000000080000000,0x0000000081f642a0,0x0000000084300000)
 Metaspace       used 43622K, committed 44928K, reserved 1114112K
  class space    used 4702K, committed 5248K, reserved 1048576K
}
Event: 6.501 GC heap after
{Heap after GC invocations=20 (full 2):
 PSYoungGen      total 30720K, used 8422K [0x00000000d5580000, 0x00000000d7f00000, 0x0000000100000000)
  eden space 22016K, 0% used [0x00000000d5580000,0x00000000d5580000,0x00000000d6b00000)
  from space 8704K, 96% used [0x00000000d7680000,0x00000000d7eb9830,0x00000000d7f00000)
  to   space 9216K, 0% used [0x00000000d6d00000,0x00000000d6d00000,0x00000000d7600000)
 ParOldGen       total 68608K, used 35047K [0x0000000080000000, 0x0000000084300000, 0x00000000d5580000)
  object space 68608K, 51% used [0x0000000080000000,0x0000000082239d88,0x0000000084300000)
 Metaspace       used 43622K, committed 44928K, reserved 1114112K
  class space    used 4702K, committed 5248K, reserved 1048576K
}
Event: 6.959 GC heap before
{Heap before GC invocations=21 (full 2):
 PSYoungGen      total 30720K, used 30438K [0x00000000d5580000, 0x00000000d7f00000, 0x0000000100000000)
  eden space 22016K, 100% used [0x00000000d5580000,0x00000000d6b00000,0x00000000d6b00000)
  from space 8704K, 96% used [0x00000000d7680000,0x00000000d7eb9830,0x00000000d7f00000)
  to   space 9216K, 0% used [0x00000000d6d00000,0x00000000d6d00000,0x00000000d7600000)
 ParOldGen       total 68608K, used 35047K [0x0000000080000000, 0x0000000084300000, 0x00000000d5580000)
  object space 68608K, 51% used [0x0000000080000000,0x0000000082239d88,0x0000000084300000)
 Metaspace       used 46128K, committed 47360K, reserved 1114112K
  class space    used 5032K, committed 5568K, reserved 1048576K
}
Event: 6.965 GC heap after
{Heap after GC invocations=21 (full 2):
 PSYoungGen      total 24064K, used 1632K [0x00000000d5580000, 0x00000000d7700000, 0x0000000100000000)
  eden space 22016K, 0% used [0x00000000d5580000,0x00000000d5580000,0x00000000d6b00000)
  from space 2048K, 79% used [0x00000000d6d00000,0x00000000d6e98000,0x00000000d6f00000)
  to   space 4608K, 0% used [0x00000000d7280000,0x00000000d7280000,0x00000000d7700000)
 ParOldGen       total 68608K, used 43317K [0x0000000080000000, 0x0000000084300000, 0x00000000d5580000)
  object space 68608K, 63% used [0x0000000080000000,0x0000000082a4d420,0x0000000084300000)
 Metaspace       used 46128K, committed 47360K, reserved 1114112K
  class space    used 5032K, committed 5568K, reserved 1048576K
}
Event: 7.433 GC heap before
{Heap before GC invocations=22 (full 2):
 PSYoungGen      total 24064K, used 23648K [0x00000000d5580000, 0x00000000d7700000, 0x0000000100000000)
  eden space 22016K, 100% used [0x00000000d5580000,0x00000000d6b00000,0x00000000d6b00000)
  from space 2048K, 79% used [0x00000000d6d00000,0x00000000d6e98000,0x00000000d6f00000)
  to   space 4608K, 0% used [0x00000000d7280000,0x00000000d7280000,0x00000000d7700000)
 ParOldGen       total 68608K, used 43317K [0x0000000080000000, 0x0000000084300000, 0x00000000d5580000)
  object space 68608K, 63% used [0x0000000080000000,0x0000000082a4d420,0x0000000084300000)
 Metaspace       used 47013K, committed 48256K, reserved 1114112K
  class space    used 5121K, committed 5696K, reserved 1048576K
}
Event: 7.435 GC heap after
{Heap after GC invocations=22 (full 2):
 PSYoungGen      total 23040K, used 697K [0x00000000d5580000, 0x00000000d7380000, 0x0000000100000000)
  eden space 22016K, 0% used [0x00000000d5580000,0x00000000d5580000,0x00000000d6b00000)
  from space 1024K, 68% used [0x00000000d7280000,0x00000000d732e5e0,0x00000000d7380000)
  to   space 1536K, 0% used [0x00000000d7080000,0x00000000d7080000,0x00000000d7200000)
 ParOldGen       total 68608K, used 44758K [0x0000000080000000, 0x0000000084300000, 0x00000000d5580000)
  object space 68608K, 65% used [0x0000000080000000,0x0000000082bb5af0,0x0000000084300000)
 Metaspace       used 47013K, committed 48256K, reserved 1114112K
  class space    used 5121K, committed 5696K, reserved 1048576K
}
Event: 7.657 GC heap before
{Heap before GC invocations=23 (full 2):
 PSYoungGen      total 23040K, used 22713K [0x00000000d5580000, 0x00000000d7380000, 0x0000000100000000)
  eden space 22016K, 100% used [0x00000000d5580000,0x00000000d6b00000,0x00000000d6b00000)
  from space 1024K, 68% used [0x00000000d7280000,0x00000000d732e5e0,0x00000000d7380000)
  to   space 1536K, 0% used [0x00000000d7080000,0x00000000d7080000,0x00000000d7200000)
 ParOldGen       total 68608K, used 44758K [0x0000000080000000, 0x0000000084300000, 0x00000000d5580000)
  object space 68608K, 65% used [0x0000000080000000,0x0000000082bb5af0,0x0000000084300000)
 Metaspace       used 47339K, committed 48576K, reserved 1114112K
  class space    used 5149K, committed 5696K, reserved 1048576K
}
Event: 7.659 GC heap after
{Heap after GC invocations=23 (full 2):
 PSYoungGen      total 23552K, used 1280K [0x00000000d5580000, 0x00000000d7300000, 0x0000000100000000)
  eden space 22016K, 0% used [0x00000000d5580000,0x00000000d5580000,0x00000000d6b00000)
  from space 1536K, 83% used [0x00000000d7080000,0x00000000d71c0000,0x00000000d7200000)
  to   space 1024K, 0% used [0x00000000d7200000,0x00000000d7200000,0x00000000d7300000)
 ParOldGen       total 68608K, used 45185K [0x0000000080000000, 0x0000000084300000, 0x00000000d5580000)
  object space 68608K, 65% used [0x0000000080000000,0x0000000082c20408,0x0000000084300000)
 Metaspace       used 47339K, committed 48576K, reserved 1114112K
  class space    used 5149K, committed 5696K, reserved 1048576K
}
Event: 7.825 GC heap before
{Heap before GC invocations=24 (full 2):
 PSYoungGen      total 23552K, used 23296K [0x00000000d5580000, 0x00000000d7300000, 0x0000000100000000)
  eden space 22016K, 100% used [0x00000000d5580000,0x00000000d6b00000,0x00000000d6b00000)
  from space 1536K, 83% used [0x00000000d7080000,0x00000000d71c0000,0x00000000d7200000)
  to   space 1024K, 0% used [0x00000000d7200000,0x00000000d7200000,0x00000000d7300000)
 ParOldGen       total 68608K, used 45185K [0x0000000080000000, 0x0000000084300000, 0x00000000d5580000)
  object space 68608K, 65% used [0x0000000080000000,0x0000000082c20408,0x0000000084300000)
 Metaspace       used 47468K, committed 48704K, reserved 1114112K
  class space    used 5163K, committed 5696K, reserved 1048576K
}
Event: 7.826 GC heap after
{Heap after GC invocations=24 (full 2):
 PSYoungGen      total 23040K, used 928K [0x00000000d5580000, 0x00000000d7300000, 0x0000000100000000)
  eden space 22016K, 0% used [0x00000000d5580000,0x00000000d5580000,0x00000000d6b00000)
  from space 1024K, 90% used [0x00000000d7200000,0x00000000d72e8000,0x00000000d7300000)
  to   space 1536K, 0% used [0x00000000d7000000,0x00000000d7000000,0x00000000d7180000)
 ParOldGen       total 68608K, used 46293K [0x0000000080000000, 0x0000000084300000, 0x00000000d5580000)
  object space 68608K, 67% used [0x0000000080000000,0x0000000082d35418,0x0000000084300000)
 Metaspace       used 47468K, committed 48704K, reserved 1114112K
  class space    used 5163K, committed 5696K, reserved 1048576K
}
Event: 8.039 GC heap before
{Heap before GC invocations=25 (full 2):
 PSYoungGen      total 23040K, used 22944K [0x00000000d5580000, 0x00000000d7300000, 0x0000000100000000)
  eden space 22016K, 100% used [0x00000000d5580000,0x00000000d6b00000,0x00000000d6b00000)
  from space 1024K, 90% used [0x00000000d7200000,0x00000000d72e8000,0x00000000d7300000)
  to   space 1536K, 0% used [0x00000000d7000000,0x00000000d7000000,0x00000000d7180000)
 ParOldGen       total 68608K, used 46293K [0x0000000080000000, 0x0000000084300000, 0x00000000d5580000)
  object space 68608K, 67% used [0x0000000080000000,0x0000000082d35418,0x0000000084300000)
 Metaspace       used 47544K, committed 48768K, reserved 1114112K
  class space    used 5191K, committed 5760K, reserved 1048576K
}
Event: 8.041 GC heap after
{Heap after GC invocations=25 (full 2):
 PSYoungGen      total 23552K, used 1088K [0x00000000d5580000, 0x00000000d7280000, 0x0000000100000000)
  eden space 22016K, 0% used [0x00000000d5580000,0x00000000d5580000,0x00000000d6b00000)
  from space 1536K, 70% used [0x00000000d7000000,0x00000000d7110000,0x00000000d7180000)
  to   space 1024K, 0% used [0x00000000d7180000,0x00000000d7180000,0x00000000d7280000)
 ParOldGen       total 68608K, used 47009K [0x0000000080000000, 0x0000000084300000, 0x00000000d5580000)
  object space 68608K, 68% used [0x0000000080000000,0x0000000082de8428,0x0000000084300000)
 Metaspace       used 47544K, committed 48768K, reserved 1114112K
  class space    used 5191K, committed 5760K, reserved 1048576K
}
Event: 8.250 GC heap before
{Heap before GC invocations=26 (full 2):
 PSYoungGen      total 23552K, used 23104K [0x00000000d5580000, 0x00000000d7280000, 0x0000000100000000)
  eden space 22016K, 100% used [0x00000000d5580000,0x00000000d6b00000,0x00000000d6b00000)
  from space 1536K, 70% used [0x00000000d7000000,0x00000000d7110000,0x00000000d7180000)
  to   space 1024K, 0% used [0x00000000d7180000,0x00000000d7180000,0x00000000d7280000)
 ParOldGen       total 68608K, used 47009K [0x0000000080000000, 0x0000000084300000, 0x00000000d5580000)
  object space 68608K, 68% used [0x0000000080000000,0x0000000082de8428,0x0000000084300000)
 Metaspace       used 47619K, committed 48832K, reserved 1114112K
  class space    used 5205K, committed 5760K, reserved 1048576K
}

Dll operation events (10 events):
Event: 0.021 Loaded shared library c:\Users\nabil\.vscode\extensions\redhat.java-1.45.0-win32-x64\jre\21.0.8-win32-x86_64\bin\java.dll
Event: 0.110 Loaded shared library c:\Users\nabil\.vscode\extensions\redhat.java-1.45.0-win32-x64\jre\21.0.8-win32-x86_64\bin\zip.dll
Event: 0.132 Loaded shared library C:\Users\nabil\.vscode\extensions\redhat.java-1.45.0-win32-x64\jre\21.0.8-win32-x86_64\bin\instrument.dll
Event: 0.140 Loaded shared library C:\Users\nabil\.vscode\extensions\redhat.java-1.45.0-win32-x64\jre\21.0.8-win32-x86_64\bin\net.dll
Event: 0.143 Loaded shared library C:\Users\nabil\.vscode\extensions\redhat.java-1.45.0-win32-x64\jre\21.0.8-win32-x86_64\bin\nio.dll
Event: 0.145 Loaded shared library C:\Users\nabil\.vscode\extensions\redhat.java-1.45.0-win32-x64\jre\21.0.8-win32-x86_64\bin\zip.dll
Event: 0.163 Loaded shared library C:\Users\nabil\.vscode\extensions\redhat.java-1.45.0-win32-x64\jre\21.0.8-win32-x86_64\bin\jimage.dll
Event: 0.279 Loaded shared library c:\Users\nabil\.vscode\extensions\redhat.java-1.45.0-win32-x64\jre\21.0.8-win32-x86_64\bin\verify.dll
Event: 1.441 Loaded shared library C:\Users\nabil\AppData\Roaming\Code\User\globalStorage\redhat.java\1.45.0\config_win\org.eclipse.equinox.launcher\org.eclipse.equinox.launcher.win32.win32.x86_64_1.2.1400.v20250801-0854\eclipse_11916.dll
Event: 3.101 Loaded shared library C:\Users\nabil\AppData\Local\Temp\jna-104574578\jna17481983801521179568.dll

Deoptimization events (20 events):
Event: 8.157 Thread 0x000002b0180f7080 DEOPT PACKING pc=0x000002afc2c6e2a4 sp=0x000000ef6acfdc30
Event: 8.157 Thread 0x000002b0180f7080 DEOPT UNPACKING pc=0x000002afc2383aa2 sp=0x000000ef6acfdb48 mode 2
Event: 8.158 Thread 0x000002b0180f7080 Uncommon trap: trap_request=0xffffffd6 fr.pc=0x000002afc2c6e2a4 relative=0x00000000000002e4
Event: 8.158 Thread 0x000002b0180f7080 Uncommon trap: reason=array_check action=maybe_recompile pc=0x000002afc2c6e2a4 method=java.util.LinkedHashMap.valuesToArray([Ljava/lang/Object;Z)[Ljava/lang/Object; @ 67 c2
Event: 8.158 Thread 0x000002b0180f7080 DEOPT PACKING pc=0x000002afc2c6e2a4 sp=0x000000ef6acfdc40
Event: 8.158 Thread 0x000002b0180f7080 DEOPT UNPACKING pc=0x000002afc2383aa2 sp=0x000000ef6acfdb58 mode 2
Event: 8.158 Thread 0x000002b0180f7080 Uncommon trap: trap_request=0xffffffd6 fr.pc=0x000002afc2c6e2a4 relative=0x00000000000002e4
Event: 8.158 Thread 0x000002b0180f7080 Uncommon trap: reason=array_check action=maybe_recompile pc=0x000002afc2c6e2a4 method=java.util.LinkedHashMap.valuesToArray([Ljava/lang/Object;Z)[Ljava/lang/Object; @ 67 c2
Event: 8.158 Thread 0x000002b0180f7080 DEOPT PACKING pc=0x000002afc2c6e2a4 sp=0x000000ef6acfdc40
Event: 8.158 Thread 0x000002b0180f7080 DEOPT UNPACKING pc=0x000002afc2383aa2 sp=0x000000ef6acfdb58 mode 2
Event: 8.159 Thread 0x000002b0180f7080 Uncommon trap: trap_request=0xffffffd6 fr.pc=0x000002afc2c6e2a4 relative=0x00000000000002e4
Event: 8.159 Thread 0x000002b0180f7080 Uncommon trap: reason=array_check action=maybe_recompile pc=0x000002afc2c6e2a4 method=java.util.LinkedHashMap.valuesToArray([Ljava/lang/Object;Z)[Ljava/lang/Object; @ 67 c2
Event: 8.159 Thread 0x000002b0180f7080 DEOPT PACKING pc=0x000002afc2c6e2a4 sp=0x000000ef6acfdd60
Event: 8.159 Thread 0x000002b0180f7080 DEOPT UNPACKING pc=0x000002afc2383aa2 sp=0x000000ef6acfdc78 mode 2
Event: 8.162 Thread 0x000002b0180f7080 DEOPT PACKING pc=0x000002afbb8f093c sp=0x000000ef6acfc5a0
Event: 8.162 Thread 0x000002b0180f7080 DEOPT UNPACKING pc=0x000002afc2384242 sp=0x000000ef6acfbac0 mode 0
Event: 8.224 Thread 0x000002b0180f7080 Uncommon trap: trap_request=0xffffffbe fr.pc=0x000002afc2c78f3c relative=0x000000000000021c
Event: 8.224 Thread 0x000002b0180f7080 Uncommon trap: reason=profile_predicate action=maybe_recompile pc=0x000002afc2c78f3c method=com.google.common.collect.RegularImmutableMap.get(Ljava/lang/Object;[Lcom/google/common/collect/ImmutableMapEntry;I)Ljava/lang/Object; @ 27 c2
Event: 8.224 Thread 0x000002b0180f7080 DEOPT PACKING pc=0x000002afc2c78f3c sp=0x000000ef6acfcee0
Event: 8.224 Thread 0x000002b0180f7080 DEOPT UNPACKING pc=0x000002afc2383aa2 sp=0x000000ef6acfcd80 mode 2

Classes loaded (20 events):
Event: 7.173 Loading class java/nio/file/FileTreeWalker$1
Event: 7.173 Loading class java/nio/file/FileTreeWalker$1 done
Event: 7.174 Loading class java/nio/file/FileTreeWalker$DirectoryNode
Event: 7.174 Loading class java/nio/file/FileTreeWalker$DirectoryNode done
Event: 7.174 Loading class java/nio/file/FileTreeWalker$Event
Event: 7.174 Loading class java/nio/file/FileTreeWalker$Event done
Event: 7.174 Loading class java/nio/file/FileTreeWalker$EventType
Event: 7.174 Loading class java/nio/file/FileTreeWalker$EventType done
Event: 7.174 Loading class java/nio/file/Files$3
Event: 7.174 Loading class java/nio/file/Files$3 done
Event: 7.174 Loading class sun/nio/fs/Globs
Event: 7.175 Loading class sun/nio/fs/Globs done
Event: 7.175 Loading class java/util/regex/Pattern$SliceU
Event: 7.175 Loading class java/util/regex/Pattern$SliceU done
Event: 7.175 Loading class sun/nio/fs/WindowsFileSystem$2
Event: 7.175 Loading class java/nio/file/PathMatcher
Event: 7.175 Loading class java/nio/file/PathMatcher done
Event: 7.175 Loading class sun/nio/fs/WindowsFileSystem$2 done
Event: 7.176 Loading class java/nio/file/FileVisitResult
Event: 7.177 Loading class java/nio/file/FileVisitResult done

Classes unloaded (7 events):
Event: 3.684 Thread 0x000002afb7caead0 Unloading class 0x000002afd01ab000 'java/lang/invoke/LambdaForm$MH+0x000002afd01ab000'
Event: 3.684 Thread 0x000002afb7caead0 Unloading class 0x000002afd01aac00 'java/lang/invoke/LambdaForm$MH+0x000002afd01aac00'
Event: 3.684 Thread 0x000002afb7caead0 Unloading class 0x000002afd01aa800 'java/lang/invoke/LambdaForm$MH+0x000002afd01aa800'
Event: 3.684 Thread 0x000002afb7caead0 Unloading class 0x000002afd01aa400 'java/lang/invoke/LambdaForm$MH+0x000002afd01aa400'
Event: 3.684 Thread 0x000002afb7caead0 Unloading class 0x000002afd01aa000 'java/lang/invoke/LambdaForm$BMH+0x000002afd01aa000'
Event: 3.684 Thread 0x000002afb7caead0 Unloading class 0x000002afd01a9c00 'java/lang/invoke/LambdaForm$DMH+0x000002afd01a9c00'
Event: 3.684 Thread 0x000002afb7caead0 Unloading class 0x000002afd01a8800 'java/lang/invoke/LambdaForm$DMH+0x000002afd01a8800'

Classes redefined (0 events):
No events

Internal exceptions (20 events):
Event: 7.296 Thread 0x000002b0180f7080 Exception <a 'sun/nio/fs/WindowsException'{0x00000000d5d63208}> (0x00000000d5d63208) 
thrown [s\src\hotspot\share\prims\jni.cpp, line 520]
Event: 7.296 Thread 0x000002b0180f7080 Exception <a 'sun/nio/fs/WindowsException'{0x00000000d5d637f8}> (0x00000000d5d637f8) 
thrown [s\src\hotspot\share\prims\jni.cpp, line 520]
Event: 7.296 Thread 0x000002b0180f7080 Exception <a 'sun/nio/fs/WindowsException'{0x00000000d5d63e00}> (0x00000000d5d63e00) 
thrown [s\src\hotspot\share\prims\jni.cpp, line 520]
Event: 7.298 Thread 0x000002b0180f7080 Exception <a 'sun/nio/fs/WindowsException'{0x00000000d5d9f1b8}> (0x00000000d5d9f1b8) 
thrown [s\src\hotspot\share\prims\jni.cpp, line 520]
Event: 7.299 Thread 0x000002b0180f7080 Exception <a 'sun/nio/fs/WindowsException'{0x00000000d5da3268}> (0x00000000d5da3268) 
thrown [s\src\hotspot\share\prims\jni.cpp, line 520]
Event: 7.299 Thread 0x000002b0180f7080 Exception <a 'sun/nio/fs/WindowsException'{0x00000000d5da8108}> (0x00000000d5da8108) 
thrown [s\src\hotspot\share\prims\jni.cpp, line 520]
Event: 7.299 Thread 0x000002b0180f7080 Exception <a 'sun/nio/fs/WindowsException'{0x00000000d5daebc8}> (0x00000000d5daebc8) 
thrown [s\src\hotspot\share\prims\jni.cpp, line 520]
Event: 7.300 Thread 0x000002b0180f7080 Exception <a 'sun/nio/fs/WindowsException'{0x00000000d5db3058}> (0x00000000d5db3058) 
thrown [s\src\hotspot\share\prims\jni.cpp, line 520]
Event: 7.300 Thread 0x000002b0180f7080 Exception <a 'sun/nio/fs/WindowsException'{0x00000000d5db7a10}> (0x00000000d5db7a10) 
thrown [s\src\hotspot\share\prims\jni.cpp, line 520]
Event: 7.301 Thread 0x000002b0180f7080 Exception <a 'sun/nio/fs/WindowsException'{0x00000000d5dbc068}> (0x00000000d5dbc068) 
thrown [s\src\hotspot\share\prims\jni.cpp, line 520]
Event: 7.302 Thread 0x000002b0180f7080 Exception <a 'sun/nio/fs/WindowsException'{0x00000000d5dc0970}> (0x00000000d5dc0970) 
thrown [s\src\hotspot\share\prims\jni.cpp, line 520]
Event: 7.303 Thread 0x000002b0180f7080 Exception <a 'sun/nio/fs/WindowsException'{0x00000000d5dc5178}> (0x00000000d5dc5178) 
thrown [s\src\hotspot\share\prims\jni.cpp, line 520]
Event: 7.303 Thread 0x000002b0180f7080 Exception <a 'sun/nio/fs/WindowsException'{0x00000000d5dc9630}> (0x00000000d5dc9630) 
thrown [s\src\hotspot\share\prims\jni.cpp, line 520]
Event: 7.304 Thread 0x000002b0180f7080 Exception <a 'sun/nio/fs/WindowsException'{0x00000000d5dcdab0}> (0x00000000d5dcdab0) 
thrown [s\src\hotspot\share\prims\jni.cpp, line 520]
Event: 7.305 Thread 0x000002b0180f7080 Exception <a 'sun/nio/fs/WindowsException'{0x00000000d5dd2a80}> (0x00000000d5dd2a80) 
thrown [s\src\hotspot\share\prims\jni.cpp, line 520]
Event: 7.306 Thread 0x000002b0180f7080 Exception <a 'sun/nio/fs/WindowsException'{0x00000000d5dd6f80}> (0x00000000d5dd6f80) 
thrown [s\src\hotspot\share\prims\jni.cpp, line 520]
Event: 7.307 Thread 0x000002b0180f7080 Exception <a 'sun/nio/fs/WindowsException'{0x00000000d5ddb640}> (0x00000000d5ddb640) 
thrown [s\src\hotspot\share\prims\jni.cpp, line 520]
Event: 7.308 Thread 0x000002b0180f7080 Exception <a 'sun/nio/fs/WindowsException'{0x00000000d5ddff70}> (0x00000000d5ddff70) 
thrown [s\src\hotspot\share\prims\jni.cpp, line 520]
Event: 7.309 Thread 0x000002b0180f7080 Exception <a 'sun/nio/fs/WindowsException'{0x00000000d5de4650}> (0x00000000d5de4650) 
thrown [s\src\hotspot\share\prims\jni.cpp, line 520]
Event: 7.309 Thread 0x000002b0180f7080 Exception <a 'sun/nio/fs/WindowsException'{0x00000000d5de8770}> (0x00000000d5de8770) 
thrown [s\src\hotspot\share\prims\jni.cpp, line 520]

ZGC Phase Switch (0 events):
No events

VM Operations (20 events):
Event: 6.270 Executing VM operation: ParallelGCFailedAllocation (Allocation Failure) done
Event: 6.352 Executing VM operation: HandshakeAllThreads (Deoptimize)
Event: 6.352 Executing VM operation: HandshakeAllThreads (Deoptimize) done
Event: 6.493 Executing VM operation: HandshakeAllThreads (Deoptimize)
Event: 6.493 Executing VM operation: HandshakeAllThreads (Deoptimize) done
Event: 6.494 Executing VM operation: ParallelGCFailedAllocation (Allocation Failure)
Event: 6.501 Executing VM operation: ParallelGCFailedAllocation (Allocation Failure) done
Event: 6.825 Executing VM operation: ICBufferFull
Event: 6.826 Executing VM operation: ICBufferFull done
Event: 6.959 Executing VM operation: ParallelGCFailedAllocation (Allocation Failure)
Event: 6.965 Executing VM operation: ParallelGCFailedAllocation (Allocation Failure) done
Event: 7.433 Executing VM operation: ParallelGCFailedAllocation (Allocation Failure)
Event: 7.436 Executing VM operation: ParallelGCFailedAllocation (Allocation Failure) done
Event: 7.657 Executing VM operation: ParallelGCFailedAllocation (Allocation Failure)
Event: 7.659 Executing VM operation: ParallelGCFailedAllocation (Allocation Failure) done
Event: 7.825 Executing VM operation: ParallelGCFailedAllocation (Allocation Failure)
Event: 7.827 Executing VM operation: ParallelGCFailedAllocation (Allocation Failure) done
Event: 8.039 Executing VM operation: ParallelGCFailedAllocation (Allocation Failure)
Event: 8.041 Executing VM operation: ParallelGCFailedAllocation (Allocation Failure) done
Event: 8.249 Executing VM operation: ParallelGCFailedAllocation (Allocation Failure)

Memory protections (0 events):
No events

Nmethod flushes (20 events):
Event: 4.965 Thread 0x000002afb7caead0 flushing  nmethod 0x000002afbb47df90
Event: 4.965 Thread 0x000002afb7caead0 flushing  nmethod 0x000002afbb47e390
Event: 4.965 Thread 0x000002afb7caead0 flushing  nmethod 0x000002afbb47ec90
Event: 4.965 Thread 0x000002afb7caead0 flushing  nmethod 0x000002afbb47fe90
Event: 4.965 Thread 0x000002afb7caead0 flushing  nmethod 0x000002afbb480d90
Event: 4.965 Thread 0x000002afb7caead0 flushing  nmethod 0x000002afbb481510
Event: 4.965 Thread 0x000002afb7caead0 flushing  nmethod 0x000002afbb482a90
Event: 4.965 Thread 0x000002afb7caead0 flushing  nmethod 0x000002afbb483390
Event: 4.965 Thread 0x000002afb7caead0 flushing  nmethod 0x000002afbb484c90
Event: 4.965 Thread 0x000002afb7caead0 flushing  nmethod 0x000002afbb485110
Event: 4.965 Thread 0x000002afb7caead0 flushing  nmethod 0x000002afbb48f190
Event: 4.965 Thread 0x000002afb7caead0 flushing  nmethod 0x000002afbb492090
Event: 4.965 Thread 0x000002afb7caead0 flushing  nmethod 0x000002afbb4b1210
Event: 4.965 Thread 0x000002afb7caead0 flushing  nmethod 0x000002afbb4c0810
Event: 4.965 Thread 0x000002afb7caead0 flushing  nmethod 0x000002afbb4cb290
Event: 4.965 Thread 0x000002afb7caead0 flushing  nmethod 0x000002afbb515510
Event: 4.965 Thread 0x000002afb7caead0 flushing  nmethod 0x000002afbb557690
Event: 4.965 Thread 0x000002afb7caead0 flushing  nmethod 0x000002afbb590210
Event: 4.965 Thread 0x000002afb7caead0 flushing  nmethod 0x000002afbb593010
Event: 4.965 Thread 0x000002afb7caead0 flushing  nmethod 0x000002afbb593490

Events (20 events):
Event: 4.757 Thread 0x000002afb7c0e250 Thread added: 0x000002b0180f3c00
Event: 4.757 Thread 0x000002afb7c0e250 Thread added: 0x000002b0180f0780
Event: 4.757 Thread 0x000002afb7c0e250 Thread added: 0x000002b0180f5cd0
Event: 4.757 Thread 0x000002afb7c0e250 Thread added: 0x000002b0180f6360
Event: 4.758 Thread 0x000002afb7c0e250 Thread added: 0x000002b0180f4290
Event: 4.776 Thread 0x000002afb7c0e250 Thread added: 0x000002b0180f7710
Event: 4.839 Thread 0x000002b016b17960 Thread added: 0x000002b0180f7080
Event: 5.042 Thread 0x000002afb7c0e250 Thread added: 0x000002b0180f4920
Event: 5.043 Thread 0x000002afb7c0e250 Thread added: 0x000002b0180f4fb0
Event: 6.169 Thread 0x000002b016b18d10 Thread added: 0x000002b0180f69f0
Event: 6.170 Thread 0x000002b016b18d10 Thread added: 0x000002b0191df690
Event: 6.176 Thread 0x000002b0180f69f0 Thread added: 0x000002b0191de2e0
Event: 6.176 Thread 0x000002b0191df690 Thread added: 0x000002b0191e1760
Event: 6.178 Thread 0x000002b0180f69f0 Thread added: 0x000002b0191e03b0
Event: 6.185 Thread 0x000002b0191de2e0 Thread added: 0x000002b0191df000
Event: 6.185 Thread 0x000002b0191e1760 Thread added: 0x000002b0191e10d0
Event: 6.187 Thread 0x000002b0191e10d0 Thread added: 0x000002b0191e1df0
Event: 6.188 Thread 0x000002b0191e03b0 Thread added: 0x000002b0191dfd20
Event: 6.192 Thread 0x000002b0191e1df0 Thread added: 0x000002b0191de970
Event: 6.195 Thread 0x000002b0191dfd20 Thread added: 0x000002b0191e31a0


Dynamic libraries:
0x00007ff6bd600000 - 0x00007ff6bd60e000 	c:\Users\nabil\.vscode\extensions\redhat.java-1.45.0-win32-x64\jre\21.0.8-win32-x86_64\bin\java.exe
0x00007ffa65360000 - 0x00007ffa655c9000 	C:\WINDOWS\SYSTEM32\ntdll.dll
0x00007ffa639a0000 - 0x00007ffa63a69000 	C:\WINDOWS\System32\KERNEL32.DLL
0x00007ffa62900000 - 0x00007ffa62cf3000 	C:\WINDOWS\System32\KERNELBASE.dll
0x00007ffa62d00000 - 0x00007ffa62e4b000 	C:\WINDOWS\System32\ucrtbase.dll
0x00007ffa4d680000 - 0x00007ffa4d698000 	c:\Users\nabil\.vscode\extensions\redhat.java-1.45.0-win32-x64\jre\21.0.8-win32-x86_64\bin\jli.dll
0x00007ffa641c0000 - 0x00007ffa64384000 	C:\WINDOWS\System32\USER32.dll
0x00007ffa62f80000 - 0x00007ffa62fa7000 	C:\WINDOWS\System32\win32u.dll
0x00007ffa64860000 - 0x00007ffa6488b000 	C:\WINDOWS\System32\GDI32.dll
0x00007ffa62e50000 - 0x00007ffa62f7d000 	C:\WINDOWS\System32\gdi32full.dll
0x00007ffa62850000 - 0x00007ffa628f3000 	C:\WINDOWS\System32\msvcp_win.dll
0x00007ffa4d660000 - 0x00007ffa4d67e000 	c:\Users\nabil\.vscode\extensions\redhat.java-1.45.0-win32-x64\jre\21.0.8-win32-x86_64\bin\VCRUNTIME140.dll
0x00007ffa425c0000 - 0x00007ffa42853000 	C:\WINDOWS\WinSxS\amd64_microsoft.windows.common-controls_6595b64144ccf1df_6.0.26100.5074_none_3e0d6f78e32fd63f\COMCTL32.dll
0x00007ffa63170000 - 0x00007ffa63219000 	C:\WINDOWS\System32\msvcrt.dll
0x00007ffa63130000 - 0x00007ffa6315f000 	C:\WINDOWS\System32\IMM32.DLL
0x00007ffa5f060000 - 0x00007ffa5f06c000 	c:\Users\nabil\.vscode\extensions\redhat.java-1.45.0-win32-x64\jre\21.0.8-win32-x86_64\bin\vcruntime140_1.dll
0x00007ffa36540000 - 0x00007ffa365cd000 	c:\Users\nabil\.vscode\extensions\redhat.java-1.45.0-win32-x64\jre\21.0.8-win32-x86_64\bin\msvcp140.dll
0x00007ff9e5c70000 - 0x00007ff9e6a07000 	c:\Users\nabil\.vscode\extensions\redhat.java-1.45.0-win32-x64\jre\21.0.8-win32-x86_64\bin\server\jvm.dll
0x00007ffa647a0000 - 0x00007ffa64854000 	C:\WINDOWS\System32\ADVAPI32.dll
0x00007ffa63850000 - 0x00007ffa638f6000 	C:\WINDOWS\System32\sechost.dll
0x00007ffa64890000 - 0x00007ffa649a8000 	C:\WINDOWS\System32\RPCRT4.dll
0x00007ffa63580000 - 0x00007ffa635f4000 	C:\WINDOWS\System32\WS2_32.dll
0x00007ffa588d0000 - 0x00007ffa58905000 	C:\WINDOWS\SYSTEM32\WINMM.dll
0x00007ffa42870000 - 0x00007ffa4287b000 	C:\WINDOWS\SYSTEM32\VERSION.dll
0x00007ffa62350000 - 0x00007ffa623ae000 	C:\WINDOWS\SYSTEM32\POWRPROF.dll
0x00007ffa62330000 - 0x00007ffa62344000 	C:\WINDOWS\SYSTEM32\UMPDC.dll
0x00007ffa612d0000 - 0x00007ffa612eb000 	C:\WINDOWS\SYSTEM32\kernel.appcore.dll
0x00007ffa5cf90000 - 0x00007ffa5cf9a000 	c:\Users\nabil\.vscode\extensions\redhat.java-1.45.0-win32-x64\jre\21.0.8-win32-x86_64\bin\jimage.dll
0x00007ffa5fc60000 - 0x00007ffa5fea2000 	C:\WINDOWS\SYSTEM32\DBGHELP.DLL
0x00007ffa64f70000 - 0x00007ffa652eb000 	C:\WINDOWS\System32\combase.dll
0x00007ffa634a0000 - 0x00007ffa63577000 	C:\WINDOWS\System32\OLEAUT32.dll
0x00007ffa332a0000 - 0x00007ffa332dd000 	C:\WINDOWS\SYSTEM32\dbgcore.DLL
0x00007ffa624f0000 - 0x00007ffa62589000 	C:\WINDOWS\System32\bcryptPrimitives.dll
0x00007ffa5ce50000 - 0x00007ffa5ce5f000 	c:\Users\nabil\.vscode\extensions\redhat.java-1.45.0-win32-x64\jre\21.0.8-win32-x86_64\bin\instrument.dll
0x00007ffa4bac0000 - 0x00007ffa4badf000 	c:\Users\nabil\.vscode\extensions\redhat.java-1.45.0-win32-x64\jre\21.0.8-win32-x86_64\bin\java.dll
0x00007ffa63a70000 - 0x00007ffa641bd000 	C:\WINDOWS\System32\SHELL32.dll
0x00007ffa626e0000 - 0x00007ffa6284c000 	C:\WINDOWS\System32\wintypes.dll
0x00007ffa60120000 - 0x00007ffa60979000 	C:\WINDOWS\SYSTEM32\windows.storage.dll
0x00007ffa649b0000 - 0x00007ffa64aa0000 	C:\WINDOWS\System32\SHCORE.dll
0x00007ffa63230000 - 0x00007ffa63292000 	C:\WINDOWS\System32\shlwapi.dll
0x00007ffa62410000 - 0x00007ffa62439000 	C:\WINDOWS\SYSTEM32\profapi.dll
0x00007ffa41ca0000 - 0x00007ffa41cb8000 	c:\Users\nabil\.vscode\extensions\redhat.java-1.45.0-win32-x64\jre\21.0.8-win32-x86_64\bin\zip.dll
0x00007ffa50840000 - 0x00007ffa50850000 	C:\Users\nabil\.vscode\extensions\redhat.java-1.45.0-win32-x64\jre\21.0.8-win32-x86_64\bin\net.dll
0x00007ffa5c6b0000 - 0x00007ffa5c7cf000 	C:\WINDOWS\SYSTEM32\WINHTTP.dll
0x00007ffa61850000 - 0x00007ffa618bb000 	C:\WINDOWS\system32\mswsock.dll
0x00007ffa3d8e0000 - 0x00007ffa3d8f6000 	C:\Users\nabil\.vscode\extensions\redhat.java-1.45.0-win32-x64\jre\21.0.8-win32-x86_64\bin\nio.dll
0x00007ffa4e060000 - 0x00007ffa4e070000 	c:\Users\nabil\.vscode\extensions\redhat.java-1.45.0-win32-x64\jre\21.0.8-win32-x86_64\bin\verify.dll
0x00007ffa36460000 - 0x00007ffa364a4000 	C:\Users\nabil\AppData\Roaming\Code\User\globalStorage\redhat.java\1.45.0\config_win\org.eclipse.equinox.launcher\org.eclipse.equinox.launcher.win32.win32.x86_64_1.2.1400.v20250801-0854\eclipse_11916.dll
0x00007ffa63300000 - 0x00007ffa63498000 	C:\WINDOWS\System32\ole32.dll
0x00007ffa61af0000 - 0x00007ffa61b0b000 	C:\WINDOWS\SYSTEM32\CRYPTSP.dll
0x00007ffa61230000 - 0x00007ffa6126b000 	C:\WINDOWS\system32\rsaenh.dll
0x00007ffa618f0000 - 0x00007ffa6191b000 	C:\WINDOWS\SYSTEM32\USERENV.dll
0x00007ffa623e0000 - 0x00007ffa62406000 	C:\WINDOWS\SYSTEM32\bcrypt.dll
0x00007ffa61b10000 - 0x00007ffa61b1c000 	C:\WINDOWS\SYSTEM32\CRYPTBASE.dll
0x00007ffa60d00000 - 0x00007ffa60d34000 	C:\WINDOWS\SYSTEM32\IPHLPAPI.DLL
0x00007ffa63220000 - 0x00007ffa6322a000 	C:\WINDOWS\System32\NSI.dll
0x00007ffa230c0000 - 0x00007ffa23109000 	C:\Users\nabil\AppData\Local\Temp\jna-104574578\jna17481983801521179568.dll
0x00007ffa63980000 - 0x00007ffa63988000 	C:\WINDOWS\System32\PSAPI.DLL
0x00007ffa5c900000 - 0x00007ffa5c91e000 	C:\WINDOWS\SYSTEM32\dhcpcsvc6.DLL
0x00007ffa5c840000 - 0x00007ffa5c863000 	C:\WINDOWS\SYSTEM32\dhcpcsvc.DLL

JVMTI agents:
c:\Users\nabil\.vscode\extensions\redhat.java-1.45.0-win32-x64\lombok\lombok-1.18.39-4050.jar path:c:\Users\nabil\.vscode\extensions\redhat.java-1.45.0-win32-x64\jre\21.0.8-win32-x86_64\bin\instrument.dll, loaded, initialized, instrumentlib options:none

dbghelp: loaded successfully - version: 4.0.5 - missing functions: none
symbol engine: initialized successfully - sym options: 0x614 - pdb path: .;c:\Users\nabil\.vscode\extensions\redhat.java-1.45.0-win32-x64\jre\21.0.8-win32-x86_64\bin;C:\WINDOWS\SYSTEM32;C:\WINDOWS\WinSxS\amd64_microsoft.windows.common-controls_6595b64144ccf1df_6.0.26100.5074_none_3e0d6f78e32fd63f;c:\Users\nabil\.vscode\extensions\redhat.java-1.45.0-win32-x64\jre\21.0.8-win32-x86_64\bin\server;C:\Users\nabil\AppData\Roaming\Code\User\globalStorage\redhat.java\1.45.0\config_win\org.eclipse.equinox.launcher\org.eclipse.equinox.launcher.win32.win32.x86_64_1.2.1400.v20250801-0854;C:\Users\nabil\AppData\Local\Temp\jna-104574578

VM Arguments:
jvm_args: --add-modules=ALL-SYSTEM --add-opens=java.base/java.util=ALL-UNNAMED --add-opens=java.base/java.lang=ALL-UNNAMED --add-opens=java.base/sun.nio.fs=ALL-UNNAMED -Declipse.application=org.eclipse.jdt.ls.core.id1 -Dosgi.bundles.defaultStartLevel=4 -Declipse.product=org.eclipse.jdt.ls.core.product -Djava.import.generatesMetadataFilesAtProjectRoot=false -DDetectVMInstallationsJob.disabled=true -Dfile.encoding=utf8 -XX:+UseParallelGC -XX:GCTimeRatio=4 -XX:AdaptiveSizePolicyWeight=90 -Dsun.zip.disableMemoryMapping=true -Xmx2G -Xms100m -Xlog:disable -javaagent:c:\Users\nabil\.vscode\extensions\redhat.java-1.45.0-win32-x64\lombok\lombok-1.18.39-4050.jar -XX:+HeapDumpOnOutOfMemoryError -XX:HeapDumpPath=c:\Users\nabil\AppData\Roaming\Code\User\workspaceStorage\bad2abbcd7b301175cb1610fa1059be9\redhat.java -Daether.dependencyCollector.impl=bf 
java_command: c:\Users\nabil\.vscode\extensions\redhat.java-1.45.0-win32-x64\server\plugins\org.eclipse.equinox.launcher_1.7.0.v20250519-0528.jar -configuration c:\Users\nabil\AppData\Roaming\Code\User\globalStorage\redhat.java\1.45.0\config_win -data c:\Users\nabil\AppData\Roaming\Code\User\workspaceStorage\bad2abbcd7b301175cb1610fa1059be9\redhat.java\jdt_ws --pipe=\\.\pipe\lsp-03d4bd1ce6967f2b459f455170ba981e-sock
java_class_path (initial): c:\Users\nabil\.vscode\extensions\redhat.java-1.45.0-win32-x64\server\plugins\org.eclipse.equinox.launcher_1.7.0.v20250519-0528.jar
Launcher Type: SUN_STANDARD

[Global flags]
    uintx AdaptiveSizePolicyWeight                 = 90                                        {product} {command line}
     intx CICompilerCount                          = 4                                         {product} {ergonomic}
    uintx GCTimeRatio                              = 4                                         {product} {command line}
     bool HeapDumpOnOutOfMemoryError               = true                                   {manageable} {command line}
    ccstr HeapDumpPath                             = c:\Users\nabil\AppData\Roaming\Code\User\workspaceStorage\bad2abbcd7b301175cb1610fa1059be9\redhat.java         {manageable} {command line}
   size_t InitialHeapSize                          = 104857600                                 {product} {command line}
   size_t MaxHeapSize                              = 2147483648                                {product} {command line}
   size_t MaxNewSize                               = 715653120                                 {product} {ergonomic}
   size_t MinHeapDeltaBytes                        = 524288                                    {product} {ergonomic}
   size_t MinHeapSize                              = 104857600                                 {product} {command line}
   size_t NewSize                                  = 34603008                                  {product} {ergonomic}
    uintx NonNMethodCodeHeapSize                   = 5839372                                {pd product} {ergonomic}
    uintx NonProfiledCodeHeapSize                  = 122909434                              {pd product} {ergonomic}
   size_t OldSize                                  = 70254592                                  {product} {ergonomic}
    uintx ProfiledCodeHeapSize                     = 122909434                              {pd product} {ergonomic}
    uintx ReservedCodeCacheSize                    = 251658240                              {pd product} {ergonomic}
     bool SegmentedCodeCache                       = true                                      {product} {ergonomic}
   size_t SoftMaxHeapSize                          = 2147483648                             {manageable} {ergonomic}
     bool UseCompressedOops                        = true                           {product lp64_product} {ergonomic}
     bool UseLargePagesIndividualAllocation        = false                                  {pd product} {ergonomic}
     bool UseParallelGC                            = true                                      {product} {command line}

Logging:
Log output configuration:
 #0: stdout all=off uptime,level,tags foldmultilines=false
 #1: stderr all=off uptime,level,tags foldmultilines=false

Environment Variables:
PATH=C:\Program Files\Common Files\Oracle\Java\javapath;C:\WINDOWS\system32;C:\WINDOWS;C:\WINDOWS\System32\Wbem;C:\WINDOWS\System32\WindowsPowerShell\v1.0\;C:\WINDOWS\System32\OpenSSH\;C:\Program Files\Java\jre-1.8\bin;C:\Program Files\dotnet\;C:\Program Files\MATLAB\R2023b\runtime\win64;C:\Program Files\MATLAB\R2023b\bin;C:\Program Files\Git\cmd;C:\Users\nabil\AppData\Local\flutter\bin;C:\Program Files\PuTTY\;C:\ProgramData\ComposerSetup\bin;C:\Program Files\nodejs\;C:\ProgramData\chocolatey\bin;C:\xampp\php;C:\Users\nabil\flutter\bin;C:\Users\nabil\AppData\Local\Android\Sdk\platform-tools;C:\Program Files\Geckodriver;C:\Program Files\Docker\Docker\resources\bin;C:\Program Files\Java\jdk-24\bin;C:\Users\nabil\zulu24.32.13-ca-jdk24.0.2-win_x64\bin;C:\Users\nabil\zulu24.32.13-ca-fx-jre24.0.2-win_x64\bin;C:\Program Files\CMake\bin;C:\Program Files\Java\jdk-24\bin;C:\Users\nabil\AppData\Local\Programs\Python\Python312\Scripts\;C:\Users\nabil\AppData\Local\Programs\Python\Python312\;C:\Users\nabil;C:\Users\nabil\AppData\Local\spicetify;C:\Users\nabil\AppData\Local\Microsoft\WindowsApps;C:\Users\nabil\AppData\Roaming\Composer\vendor\bin;C:\Users\nabil\AppData\Roaming\npm;C:\Users\nabil\AppData\Local\Microsoft\WinGet\Packages\Schniz.fnm_Microsoft.Winget.Source_8wekyb3d8bbwe;C:\xampp\php;C:\Users\nabil\flutter\bin;C:\Users\nabil\AppData\Local\Programs\Microsoft VS Code\bin;C:\Users\nabil\AppData\Local\Microsoft\WindowsApps;C:\Users\nabil\AppData\Local\Android\Sdk\platform-tools;C:\Program Files\Geckodriver;C:\Users\nabil\zulu24.32.13-ca-fx-jre24.0.2-win_x64\bin;C:\Program Files\RabbitMQ Server\rabbitmq_server-4.1.4\sbin;
USERNAME=nabil
OS=Windows_NT
PROCESSOR_IDENTIFIER=Intel64 Family 6 Model 186 Stepping 3, GenuineIntel
TMP=C:\Users\nabil\AppData\Local\Temp
TEMP=C:\Users\nabil\AppData\Local\Temp




Periodic native trim disabled

---------------  S Y S T E M  ---------------

OS:
 Windows 11 , 64 bit Build 26100 (10.0.26100.5074)
OS uptime: 0 days 1:57 hours
Hyper-V role detected

CPU: total 12 (initial active 12) (6 cores per cpu, 2 threads per core) family 6 model 186 stepping 3 microcode 0x4111, cx8, cmov, fxsr, ht, mmx, 3dnowpref, sse, sse2, sse3, ssse3, sse4.1, sse4.2, popcnt, lzcnt, tsc, tscinvbit, avx, avx2, aes, erms, clmul, bmi1, bmi2, adx, sha, fma, vzeroupper, clflush, clflushopt, clwb, hv, serialize, rdtscp, rdpid, fsrm, f16c, cet_ibt, cet_ss
Processor Information for the first 12 processors :
  Max Mhz: 1300, Current Mhz: 1300, Mhz Limit: 1300

Memory: 4k page, system-wide physical 7895M (817M free)
TotalPageFile size 11991M (AvailPageFile size 171M)
current process WorkingSet (physical memory assigned to process): 262M, peak: 264M
current process commit charge ("private bytes"): 369M, peak: 375M

vm_info: OpenJDK 64-Bit Server VM (21.0.8+9-LTS) for windows-amd64 JRE (21.0.8+9-LTS), built on 2025-07-15T00:00:00Z by "admin" with MS VC++ 17.7 (VS2022)

END.
