#
# There is insufficient memory for the Java Runtime Environment to continue.
# Native memory allocation (malloc) failed to allocate 1739696 bytes. Error detail: Chunk::new
# Possible reasons:
#   The system is out of physical RAM or swap space
#   This process is running with CompressedOops enabled, and the Java Heap may be blocking the growth of the native heap
# Possible solutions:
#   Reduce memory load on the system
#   Increase physical memory or swap space
#   Check if swap backing store is full
#   Decrease Java heap size (-Xmx/-Xms)
#   Decrease number of Java threads
#   Decrease Java thread stack sizes (-Xss)
#   Set larger code cache with -XX:ReservedCodeCacheSize=
#   JVM is running with Unscaled Compressed Oops mode in which the Java heap is
#     placed in the first 4GB address space. The Java Heap base address is the
#     maximum limit for the native heap growth. Please use -XX:HeapBaseMinAddress
#     to set the Java Heap base and to place the Java Heap above 4GB virtual address.
# This output file may be truncated or incomplete.
#
#  Out of Memory Error (arena.cpp:168), pid=8800, tid=14456
#
# JRE version: OpenJDK Runtime Environment Temurin-21.0.8+9 (21.0.8+9) (build 21.0.8+9-LTS)
# Java VM: OpenJDK 64-Bit Server VM Temurin-21.0.8+9 (21.0.8+9-LTS, mixed mode, sharing, tiered, compressed oops, compressed class ptrs, parallel gc, windows-amd64)
# No core dump will be written. Minidumps are not enabled by default on client versions of Windows
#

---------------  S U M M A R Y ------------

Command Line: --add-modules=ALL-SYSTEM --add-opens=java.base/java.util=ALL-UNNAMED --add-opens=java.base/java.lang=ALL-UNNAMED --add-opens=java.base/sun.nio.fs=ALL-UNNAMED -Declipse.application=org.eclipse.jdt.ls.core.id1 -Dosgi.bundles.defaultStartLevel=4 -Declipse.product=org.eclipse.jdt.ls.core.product -Djava.import.generatesMetadataFilesAtProjectRoot=false -DDetectVMInstallationsJob.disabled=true -Dfile.encoding=utf8 -XX:+UseParallelGC -XX:GCTimeRatio=4 -XX:AdaptiveSizePolicyWeight=90 -Dsun.zip.disableMemoryMapping=true -Xmx2G -Xms100m -Xlog:disable -javaagent:c:\Users\nabil\.vscode\extensions\redhat.java-1.45.0-win32-x64\lombok\lombok-1.18.39-4050.jar -XX:+HeapDumpOnOutOfMemoryError -XX:HeapDumpPath=c:\Users\nabil\AppData\Roaming\Code\User\workspaceStorage\bad2abbcd7b301175cb1610fa1059be9\redhat.java -Daether.dependencyCollector.impl=bf c:\Users\nabil\.vscode\extensions\redhat.java-1.45.0-win32-x64\server\plugins\org.eclipse.equinox.launcher_1.7.0.v20250519-0528.jar -configuration c:\Users\nabil\AppData\Roaming\Code\User\globalStorage\redhat.java\1.45.0\config_win -data c:\Users\nabil\AppData\Roaming\Code\User\workspaceStorage\bad2abbcd7b301175cb1610fa1059be9\redhat.java\jdt_ws --pipe=\\.\pipe\lsp-23760b980891b91678d4730559305190-sock

Host: 13th Gen Intel(R) Core(TM) i5-1335U, 12 cores, 7G,  Windows 11 , 64 bit Build 26100 (10.0.26100.5074)
Time: Tue Sep 23 11:39:33 2025 SE Asia Standard Time elapsed time: 13.220390 seconds (0d 0h 0m 13s)

---------------  T H R E A D  ---------------

Current thread (0x000001d6d446c8a0):  JavaThread "C2 CompilerThread0" daemon [_thread_in_native, id=14456, stack(0x0000000101000000,0x0000000101100000) (1024K)]


Current CompileTask:
C2:13220 11338       4       java.util.Properties::load0 (249 bytes)

Stack: [0x0000000101000000,0x0000000101100000]
Native frames: (J=compiled Java code, j=interpreted, Vv=VM code, C=native code)
V  [jvm.dll+0x6d2449]
V  [jvm.dll+0x8ae341]
V  [jvm.dll+0x8b08be]
V  [jvm.dll+0x8b0fa3]
V  [jvm.dll+0x280c96]
V  [jvm.dll+0xc581d]
V  [jvm.dll+0xc5d53]
V  [jvm.dll+0x3b9162]
V  [jvm.dll+0x1e1213]
V  [jvm.dll+0x249022]
V  [jvm.dll+0x2484af]
V  [jvm.dll+0x1c89ee]
V  [jvm.dll+0x257d4d]
V  [jvm.dll+0x2562ea]
V  [jvm.dll+0x3f2d16]
V  [jvm.dll+0x857e6b]
V  [jvm.dll+0x6d0b0d]
C  [ucrtbase.dll+0x37b0]
C  [KERNEL32.DLL+0x2e8d7]
C  [ntdll.dll+0x8d9c]


---------------  P R O C E S S  ---------------

Threads class SMR info:
_java_thread_list=0x000001d6dde9e310, length=54, elements={
0x000001d6faacfbe0, 0x000001d6d44542a0, 0x000001d6d4456450, 0x000001d6d4459400,
0x000001d6d445a400, 0x000001d6d44609d0, 0x000001d6d4462cb0, 0x000001d6d446c8a0,
0x000001d6d44a0b40, 0x000001d6d455bde0, 0x000001d6d90d4fe0, 0x000001d6d9456fa0,
0x000001d6d9479620, 0x000001d6d97f7660, 0x000001d6d97f84e0, 0x000001d6d9f44060,
0x000001d6da1a1630, 0x000001d6da096fc0, 0x000001d6d449f6d0, 0x000001d6da099720,
0x000001d6da099db0, 0x000001d6da097650, 0x000001d6da097ce0, 0x000001d6da098370,
0x000001d6da098a00, 0x000001d6dd1c4270, 0x000001d6dd1c6340, 0x000001d6dd1c4900,
0x000001d6dd1c3550, 0x000001d6dd1c5620, 0x000001d6dd1c4f90, 0x000001d6dd1c5cb0,
0x000001d6dd1c3be0, 0x000001d6dd1c2ec0, 0x000001d6dd1c97c0, 0x000001d6dd1c9130,
0x000001d6dd1c9e50, 0x000001d6dd1c69d0, 0x000001d6dd1ca4e0, 0x000001d6dd1c8410,
0x000001d6dd1c7060, 0x000001d6dd1c76f0, 0x000001d6dd1c8aa0, 0x000001d6dd1de100,
0x000001d6dd1dcd50, 0x000001d6dd1db9a0, 0x000001d6dd1dc030, 0x000001d6dd1db310,
0x000001d6dd1de790, 0x000001d6dd1dd3e0, 0x000001d6dd1df4b0, 0x000001d6dd1dee20,
0x000001d6dd1dfb40, 0x000001d6db1864c0
}

Java Threads: ( => current thread )
  0x000001d6faacfbe0 JavaThread "main"                              [_thread_blocked, id=18792, stack(0x0000000100600000,0x0000000100700000) (1024K)]
  0x000001d6d44542a0 JavaThread "Reference Handler"          daemon [_thread_blocked, id=15732, stack(0x0000000100a00000,0x0000000100b00000) (1024K)]
  0x000001d6d4456450 JavaThread "Finalizer"                  daemon [_thread_blocked, id=17692, stack(0x0000000100b00000,0x0000000100c00000) (1024K)]
  0x000001d6d4459400 JavaThread "Signal Dispatcher"          daemon [_thread_blocked, id=19240, stack(0x0000000100c00000,0x0000000100d00000) (1024K)]
  0x000001d6d445a400 JavaThread "Attach Listener"            daemon [_thread_blocked, id=14288, stack(0x0000000100d00000,0x0000000100e00000) (1024K)]
  0x000001d6d44609d0 JavaThread "Service Thread"             daemon [_thread_blocked, id=17684, stack(0x0000000100e00000,0x0000000100f00000) (1024K)]
  0x000001d6d4462cb0 JavaThread "Monitor Deflation Thread"   daemon [_thread_blocked, id=6476, stack(0x0000000100f00000,0x0000000101000000) (1024K)]
=>0x000001d6d446c8a0 JavaThread "C2 CompilerThread0"         daemon [_thread_in_native, id=14456, stack(0x0000000101000000,0x0000000101100000) (1024K)]
  0x000001d6d44a0b40 JavaThread "C1 CompilerThread0"         daemon [_thread_blocked, id=10520, stack(0x0000000101100000,0x0000000101200000) (1024K)]
  0x000001d6d455bde0 JavaThread "Common-Cleaner"             daemon [_thread_blocked, id=19052, stack(0x0000000101200000,0x0000000101300000) (1024K)]
  0x000001d6d90d4fe0 JavaThread "Notification Thread"        daemon [_thread_blocked, id=4732, stack(0x0000000101400000,0x0000000101500000) (1024K)]
  0x000001d6d9456fa0 JavaThread "Active Thread: Equinox Container: 825d688a-df05-4944-b69c-4c0c9a6cab46"        [_thread_blocked, id=8556, stack(0x0000000101c00000,0x0000000101d00000) (1024K)]
  0x000001d6d9479620 JavaThread "Refresh Thread: Equinox Container: 825d688a-df05-4944-b69c-4c0c9a6cab46" daemon [_thread_blocked, id=6520, stack(0x0000000101d00000,0x0000000101e00000) (1024K)]
  0x000001d6d97f7660 JavaThread "Framework Event Dispatcher: Equinox Container: 825d688a-df05-4944-b69c-4c0c9a6cab46" daemon [_thread_blocked, id=10112, stack(0x0000000101f00000,0x0000000102000000) (1024K)]
  0x000001d6d97f84e0 JavaThread "Start Level: Equinox Container: 825d688a-df05-4944-b69c-4c0c9a6cab46" daemon [_thread_blocked, id=15052, stack(0x0000000102000000,0x0000000102100000) (1024K)]
  0x000001d6d9f44060 JavaThread "Bundle File Closer"         daemon [_thread_blocked, id=14760, stack(0x0000000102300000,0x0000000102400000) (1024K)]
  0x000001d6da1a1630 JavaThread "SCR Component Actor"        daemon [_thread_blocked, id=15024, stack(0x0000000102400000,0x0000000102500000) (1024K)]
  0x000001d6da096fc0 JavaThread "Worker-JM"                         [_thread_blocked, id=14788, stack(0x0000000101300000,0x0000000101400000) (1024K)]
  0x000001d6d449f6d0 JavaThread "C2 CompilerThread1"         daemon [_thread_in_native, id=15020, stack(0x0000000102500000,0x0000000102600000) (1024K)]
  0x000001d6da099720 JavaThread "JNA Cleaner"                daemon [_thread_blocked, id=14784, stack(0x0000000102600000,0x0000000102700000) (1024K)]
  0x000001d6da099db0 JavaThread "Worker-0: Initialize workspace"        [_thread_in_Java, id=4848, stack(0x0000000102700000,0x0000000102800000) (1024K)]
  0x000001d6da097650 JavaThread "Worker-1"                          [_thread_blocked, id=14996, stack(0x0000000102800000,0x0000000102900000) (1024K)]
  0x000001d6da097ce0 JavaThread "Java indexing"              daemon [_thread_blocked, id=15176, stack(0x0000000102a00000,0x0000000102b00000) (1024K)]
  0x000001d6da098370 JavaThread "Worker-2"                          [_thread_blocked, id=5196, stack(0x0000000102d00000,0x0000000102e00000) (1024K)]
  0x000001d6da098a00 JavaThread "Worker-3"                          [_thread_blocked, id=13692, stack(0x0000000102e00000,0x0000000102f00000) (1024K)]
  0x000001d6dd1c4270 JavaThread "Worker-4"                          [_thread_blocked, id=13476, stack(0x0000000102f00000,0x0000000103000000) (1024K)]
  0x000001d6dd1c6340 JavaThread "Thread-2"                   daemon [_thread_in_native, id=17840, stack(0x0000000103000000,0x0000000103100000) (1024K)]
  0x000001d6dd1c4900 JavaThread "Thread-3"                   daemon [_thread_in_native, id=18816, stack(0x0000000103100000,0x0000000103200000) (1024K)]
  0x000001d6dd1c3550 JavaThread "Thread-4"                   daemon [_thread_in_native, id=13260, stack(0x0000000103200000,0x0000000103300000) (1024K)]
  0x000001d6dd1c5620 JavaThread "Thread-5"                   daemon [_thread_in_native, id=6608, stack(0x0000000103300000,0x0000000103400000) (1024K)]
  0x000001d6dd1c4f90 JavaThread "Thread-6"                   daemon [_thread_in_native, id=10324, stack(0x0000000103400000,0x0000000103500000) (1024K)]
  0x000001d6dd1c5cb0 JavaThread "Thread-7"                   daemon [_thread_in_native, id=7988, stack(0x0000000103500000,0x0000000103600000) (1024K)]
  0x000001d6dd1c3be0 JavaThread "Thread-8"                   daemon [_thread_in_native, id=17156, stack(0x0000000103600000,0x0000000103700000) (1024K)]
  0x000001d6dd1c2ec0 JavaThread "Thread-9"                   daemon [_thread_in_native, id=10528, stack(0x0000000103700000,0x0000000103800000) (1024K)]
  0x000001d6dd1c97c0 JavaThread "Thread-10"                  daemon [_thread_in_native, id=18188, stack(0x0000000103800000,0x0000000103900000) (1024K)]
  0x000001d6dd1c9130 JavaThread "Thread-11"                  daemon [_thread_in_native, id=16844, stack(0x0000000103900000,0x0000000103a00000) (1024K)]
  0x000001d6dd1c9e50 JavaThread "Thread-12"                  daemon [_thread_in_native, id=17212, stack(0x0000000103a00000,0x0000000103b00000) (1024K)]
  0x000001d6dd1c69d0 JavaThread "Thread-13"                  daemon [_thread_in_native, id=17116, stack(0x0000000103b00000,0x0000000103c00000) (1024K)]
  0x000001d6dd1ca4e0 JavaThread "Thread-14"                  daemon [_thread_in_native, id=6636, stack(0x0000000103c00000,0x0000000103d00000) (1024K)]
  0x000001d6dd1c8410 JavaThread "pool-2-thread-1"                   [_thread_blocked, id=17624, stack(0x0000000103d00000,0x0000000103e00000) (1024K)]
  0x000001d6dd1c7060 JavaThread "WorkspaceEventsHandler"            [_thread_blocked, id=6644, stack(0x0000000103e00000,0x0000000103f00000) (1024K)]
  0x000001d6dd1c76f0 JavaThread "pool-1-thread-1"                   [_thread_blocked, id=15812, stack(0x0000000103f00000,0x0000000104000000) (1024K)]
  0x000001d6dd1c8aa0 JavaThread "ForkJoinPool.commonPool-worker-1" daemon [_thread_blocked, id=6400, stack(0x0000000104000000,0x0000000104100000) (1024K)]
  0x000001d6dd1de100 JavaThread "ForkJoinPool.commonPool-worker-2" daemon [_thread_blocked, id=11184, stack(0x0000000104100000,0x0000000104200000) (1024K)]
  0x000001d6dd1dcd50 JavaThread "ForkJoinPool.commonPool-worker-3" daemon [_thread_blocked, id=15836, stack(0x0000000104200000,0x0000000104300000) (1024K)]
  0x000001d6dd1db9a0 JavaThread "ForkJoinPool.commonPool-worker-4" daemon [_thread_blocked, id=9796, stack(0x0000000104300000,0x0000000104400000) (1024K)]
  0x000001d6dd1dc030 JavaThread "ForkJoinPool.commonPool-worker-5" daemon [_thread_blocked, id=6672, stack(0x0000000104400000,0x0000000104500000) (1024K)]
  0x000001d6dd1db310 JavaThread "ForkJoinPool.commonPool-worker-6" daemon [_thread_blocked, id=14464, stack(0x0000000104500000,0x0000000104600000) (1024K)]
  0x000001d6dd1de790 JavaThread "ForkJoinPool.commonPool-worker-7" daemon [_thread_blocked, id=5844, stack(0x0000000104600000,0x0000000104700000) (1024K)]
  0x000001d6dd1dd3e0 JavaThread "ForkJoinPool.commonPool-worker-8" daemon [_thread_blocked, id=11120, stack(0x0000000104700000,0x0000000104800000) (1024K)]
  0x000001d6dd1df4b0 JavaThread "ForkJoinPool.commonPool-worker-9" daemon [_thread_blocked, id=7416, stack(0x0000000104800000,0x0000000104900000) (1024K)]
  0x000001d6dd1dee20 JavaThread "ForkJoinPool.commonPool-worker-10" daemon [_thread_blocked, id=12852, stack(0x0000000104900000,0x0000000104a00000) (1024K)]
  0x000001d6dd1dfb40 JavaThread "ForkJoinPool.commonPool-worker-11" daemon [_thread_blocked, id=12624, stack(0x0000000104a00000,0x0000000104b00000) (1024K)]
  0x000001d6db1864c0 JavaThread "C2 CompilerThread2"         daemon [_thread_in_native, id=5804, stack(0x0000000104f00000,0x0000000105000000) (1024K)]
Total: 54

Other Threads:
  0x000001d6fab8e850 VMThread "VM Thread"                           [id=17788, stack(0x0000000100900000,0x0000000100a00000) (1024K)]
  0x000001d6fe44ca00 WatcherThread "VM Periodic Task Thread"        [id=3216, stack(0x0000000100800000,0x0000000100900000) (1024K)]
  0x000001d6faaef4c0 WorkerThread "GC Thread#0"                     [id=13680, stack(0x0000000100700000,0x0000000100800000) (1024K)]
  0x000001d6d93668c0 WorkerThread "GC Thread#1"                     [id=17152, stack(0x0000000101600000,0x0000000101700000) (1024K)]
  0x000001d6d936b5d0 WorkerThread "GC Thread#2"                     [id=19332, stack(0x0000000101700000,0x0000000101800000) (1024K)]
  0x000001d6d9370930 WorkerThread "GC Thread#3"                     [id=16344, stack(0x0000000101800000,0x0000000101900000) (1024K)]
  0x000001d6d97f8ff0 WorkerThread "GC Thread#4"                     [id=16516, stack(0x0000000101900000,0x0000000101a00000) (1024K)]
  0x000001d6d97f9390 WorkerThread "GC Thread#5"                     [id=11764, stack(0x0000000101a00000,0x0000000101b00000) (1024K)]
  0x000001d6d97f9730 WorkerThread "GC Thread#6"                     [id=2536, stack(0x0000000101b00000,0x0000000101c00000) (1024K)]
  0x000001d6d9addc10 WorkerThread "GC Thread#7"                     [id=14740, stack(0x0000000101e00000,0x0000000101f00000) (1024K)]
  0x000001d6d9e65d00 WorkerThread "GC Thread#8"                     [id=12068, stack(0x0000000102100000,0x0000000102200000) (1024K)]
  0x000001d6d9b9eec0 WorkerThread "GC Thread#9"                     [id=13084, stack(0x0000000102200000,0x0000000102300000) (1024K)]
Total: 12

Threads with active compile tasks:
C2 CompilerThread0  13249 11338       4       java.util.Properties::load0 (249 bytes)
C2 CompilerThread1  13249 11401       4       org.apache.maven.model.merge.MavenModelMerger::mergePlugin_Executions (235 bytes)
C2 CompilerThread2  13249 11419       4       java.util.regex.Pattern::compile (537 bytes)
Total: 3

VM state: not at safepoint (normal execution)

VM Mutex/Monitor currently owned by a thread: None

Heap address: 0x0000000080000000, size: 2048 MB, Compressed Oops mode: 32-bit

CDS archive(s) mapped at: [0x000001d693000000-0x000001d693ba0000-0x000001d693ba0000), size 12189696, SharedBaseAddress: 0x000001d693000000, ArchiveRelocationMode: 1.
Compressed class space mapped at: 0x000001d694000000-0x000001d6d4000000, reserved size: 1073741824
Narrow klass base: 0x000001d693000000, Narrow klass shift: 0, Narrow klass range: 0x100000000

GC Precious Log:
 CardTable entry size: 512
 CPUs: 12 total, 12 available
 Memory: 7895M
 Large Page Support: Disabled
 NUMA Support: Disabled
 Compressed Oops: Enabled (32-bit)
 Alignments: Space 512K, Generation 512K, Heap 2M
 Heap Min Capacity: 100M
 Heap Initial Capacity: 100M
 Heap Max Capacity: 2G
 Pre-touch: Disabled
 Parallel Workers: 10

Heap:
 PSYoungGen      total 7168K, used 6895K [0x00000000d5580000, 0x00000000d5e00000, 0x0000000100000000)
  eden space 6656K, 96% used [0x00000000d5580000,0x00000000d5bbfd40,0x00000000d5c00000)
  from space 512K, 96% used [0x00000000d5c80000,0x00000000d5cfc010,0x00000000d5d00000)
  to   space 1024K, 0% used [0x00000000d5d00000,0x00000000d5d00000,0x00000000d5e00000)
 ParOldGen       total 110592K, used 110449K [0x0000000080000000, 0x0000000086c00000, 0x00000000d5580000)
  object space 110592K, 99% used [0x0000000080000000,0x0000000086bdc5b0,0x0000000086c00000)
 Metaspace       used 61847K, committed 63360K, reserved 1114112K
  class space    used 6567K, committed 7296K, reserved 1048576K

Card table byte_map: [0x000001d6fa470000,0x000001d6fa880000] _byte_map_base: 0x000001d6fa070000

Marking Bits: (ParMarkBitMap*) 0x00007ff9eb5ba340
 Begin Bits: [0x000001d68f000000, 0x000001d691000000)
 End Bits:   [0x000001d691000000, 0x000001d693000000)

Polling page: 0x000001d6f8980000

Metaspace:

Usage:
  Non-class:     53.98 MB used.
      Class:      6.41 MB used.
       Both:     60.40 MB used.

Virtual space:
  Non-class space:       64.00 MB reserved,      54.75 MB ( 86%) committed,  1 nodes.
      Class space:        1.00 GB reserved,       7.12 MB ( <1%) committed,  1 nodes.
             Both:        1.06 GB reserved,      61.88 MB (  6%) committed. 

Chunk freelists:
   Non-Class:  8.41 MB
       Class:  8.87 MB
        Both:  17.27 MB

MaxMetaspaceSize: unlimited
CompressedClassSpaceSize: 1.00 GB
Initial GC threshold: 21.00 MB
Current GC threshold: 97.31 MB
CDS: on
 - commit_granule_bytes: 65536.
 - commit_granule_words: 8192.
 - virtual_space_node_default_size: 8388608.
 - enlarge_chunks_in_place: 1.
 - use_allocation_guard: 0.


Internal statistics:

num_allocs_failed_limit: 9.
num_arena_births: 1124.
num_arena_deaths: 22.
num_vsnodes_births: 2.
num_vsnodes_deaths: 0.
num_space_committed: 990.
num_space_uncommitted: 0.
num_chunks_returned_to_freelist: 35.
num_chunks_taken_from_freelist: 4031.
num_chunk_merges: 17.
num_chunk_splits: 2491.
num_chunks_enlarged: 1442.
num_inconsistent_stats: 0.

CodeHeap 'non-profiled nmethods': size=120000Kb used=7620Kb max_used=7620Kb free=112379Kb
 bounds [0x000001d687ad0000, 0x000001d688250000, 0x000001d68f000000]
CodeHeap 'profiled nmethods': size=120000Kb used=22209Kb max_used=22209Kb free=97790Kb
 bounds [0x000001d680000000, 0x000001d6815c0000, 0x000001d687530000]
CodeHeap 'non-nmethods': size=5760Kb used=1421Kb max_used=1495Kb free=4338Kb
 bounds [0x000001d687530000, 0x000001d6877a0000, 0x000001d687ad0000]
CodeCache: size=245760Kb, used=31250Kb, max_used=31324Kb, free=214507Kb
 total_blobs=11331, nmethods=10598, adapters=639, full_count=0
Compilation: enabled, stopped_count=0, restarted_count=0

Compilation events (20 events):
Event: 12.252 Thread 0x000001d6d44a0b40 11444       3       org.eclipse.aether.internal.impl.synccontext.named.NamedLockFactoryAdapter$AdaptedLockSyncContext::getRetry (15 bytes)
Event: 12.252 Thread 0x000001d6d44a0b40 nmethod 11444 0x000001d6815a7d10 code [0x000001d6815a7ee0, 0x000001d6815a8338]
Event: 12.257 Thread 0x000001d6d44a0b40 11445       3       org.eclipse.aether.internal.impl.synccontext.named.NamedLockFactoryAdapter$AdaptedLockSyncContext::getTimeUnit (23 bytes)
Event: 12.257 Thread 0x000001d6d44a0b40 nmethod 11445 0x000001d6815a8490 code [0x000001d6815a86a0, 0x000001d6815a8cb0]
Event: 12.257 Thread 0x000001d6d44a0b40 11446       3       org.eclipse.aether.internal.impl.synccontext.named.NamedLockFactoryAdapter$AdaptedLockSyncContext::getRetryWait (17 bytes)
Event: 12.257 Thread 0x000001d6d44a0b40 nmethod 11446 0x000001d6815a8e90 code [0x000001d6815a9060, 0x000001d6815a94c8]
Event: 12.258 Thread 0x000001d6d44a0b40 11447       3       org.eclipse.aether.internal.impl.synccontext.named.NamedLockFactoryAdapter$AdaptedLockSyncContext::getTime (17 bytes)
Event: 12.258 Thread 0x000001d6d44a0b40 nmethod 11447 0x000001d6815a9690 code [0x000001d6815a9860, 0x000001d6815a9cc8]
Event: 12.277 Thread 0x000001d6d44a0b40 11449       2       org.apache.maven.model.building.DefaultModelBuildingRequest::setValidationLevel (6 bytes)
Event: 12.277 Thread 0x000001d6d44a0b40 nmethod 11449 0x000001d6815a9e90 code [0x000001d6815aa020, 0x000001d6815aa130]
Event: 12.279 Thread 0x000001d6d44a0b40 11452       2       org.apache.maven.RepositoryUtils::toPolicy (28 bytes)
Event: 12.279 Thread 0x000001d6d44a0b40 nmethod 11452 0x000001d6815aa210 code [0x000001d6815aa3c0, 0x000001d6815aa568]
Event: 12.279 Thread 0x000001d6d44a0b40 11451       1       org.apache.maven.artifact.repository.layout.DefaultRepositoryLayout::getId (3 bytes)
Event: 12.279 Thread 0x000001d6d44a0b40 nmethod 11451 0x000001d688230d90 code [0x000001d688230f20, 0x000001d688230ff0]
Event: 12.285 Thread 0x000001d6d44a0b40 11453       2       org.apache.maven.model.io.xpp3.MavenXpp3ReaderEx::parsePluginManagement (241 bytes)
Event: 12.286 Thread 0x000001d6d44a0b40 nmethod 11453 0x000001d6815aa690 code [0x000001d6815aa960, 0x000001d6815ab4e0]
Event: 12.292 Thread 0x000001d6d44a0b40 11454 %     3       org.apache.maven.model.interpolation.StringVisitorModelInterpolator$ModelVisitor::visit @ 14 (89 bytes)
Event: 12.293 Thread 0x000001d6d44a0b40 nmethod 11454% 0x000001d6815abc10 code [0x000001d6815abe80, 0x000001d6815aca18]
Event: 12.301 Thread 0x000001d6d44a0b40 11455       2       org.apache.maven.model.building.ModelProblemUtils::toSourceHint (57 bytes)
Event: 12.301 Thread 0x000001d6d44a0b40 nmethod 11455 0x000001d6815acd10 code [0x000001d6815acf20, 0x000001d6815ad290]

GC Heap History (20 events):
Event: 10.709 GC heap after
{Heap after GC invocations=244 (full 3):
 PSYoungGen      total 7680K, used 352K [0x00000000d5580000, 0x00000000d5f00000, 0x0000000100000000)
  eden space 6656K, 0% used [0x00000000d5580000,0x00000000d5580000,0x00000000d5c00000)
  from space 1024K, 34% used [0x00000000d5d00000,0x00000000d5d58000,0x00000000d5e00000)
  to   space 512K, 0% used [0x00000000d5e80000,0x00000000d5e80000,0x00000000d5f00000)
 ParOldGen       total 110592K, used 105461K [0x0000000080000000, 0x0000000086c00000, 0x00000000d5580000)
  object space 110592K, 95% used [0x0000000080000000,0x00000000866fd5d0,0x0000000086c00000)
 Metaspace       used 61765K, committed 63232K, reserved 1114112K
  class space    used 6563K, committed 7296K, reserved 1048576K
}
Event: 10.719 GC heap before
{Heap before GC invocations=245 (full 3):
 PSYoungGen      total 7680K, used 6999K [0x00000000d5580000, 0x00000000d5f00000, 0x0000000100000000)
  eden space 6656K, 99% used [0x00000000d5580000,0x00000000d5bfdda8,0x00000000d5c00000)
  from space 1024K, 34% used [0x00000000d5d00000,0x00000000d5d58000,0x00000000d5e00000)
  to   space 512K, 0% used [0x00000000d5e80000,0x00000000d5e80000,0x00000000d5f00000)
 ParOldGen       total 110592K, used 105461K [0x0000000080000000, 0x0000000086c00000, 0x00000000d5580000)
  object space 110592K, 95% used [0x0000000080000000,0x00000000866fd5d0,0x0000000086c00000)
 Metaspace       used 61765K, committed 63232K, reserved 1114112K
  class space    used 6563K, committed 7296K, reserved 1048576K
}
Event: 10.720 GC heap after
{Heap after GC invocations=245 (full 3):
 PSYoungGen      total 7168K, used 160K [0x00000000d5580000, 0x00000000d5f00000, 0x0000000100000000)
  eden space 6656K, 0% used [0x00000000d5580000,0x00000000d5580000,0x00000000d5c00000)
  from space 512K, 31% used [0x00000000d5e80000,0x00000000d5ea8000,0x00000000d5f00000)
  to   space 512K, 0% used [0x00000000d5e00000,0x00000000d5e00000,0x00000000d5e80000)
 ParOldGen       total 110592K, used 105681K [0x0000000080000000, 0x0000000086c00000, 0x00000000d5580000)
  object space 110592K, 95% used [0x0000000080000000,0x00000000867345e0,0x0000000086c00000)
 Metaspace       used 61765K, committed 63232K, reserved 1114112K
  class space    used 6563K, committed 7296K, reserved 1048576K
}
Event: 10.865 GC heap before
{Heap before GC invocations=246 (full 3):
 PSYoungGen      total 7168K, used 6816K [0x00000000d5580000, 0x00000000d5f00000, 0x0000000100000000)
  eden space 6656K, 100% used [0x00000000d5580000,0x00000000d5c00000,0x00000000d5c00000)
  from space 512K, 31% used [0x00000000d5e80000,0x00000000d5ea8000,0x00000000d5f00000)
  to   space 512K, 0% used [0x00000000d5e00000,0x00000000d5e00000,0x00000000d5e80000)
 ParOldGen       total 110592K, used 105681K [0x0000000080000000, 0x0000000086c00000, 0x00000000d5580000)
  object space 110592K, 95% used [0x0000000080000000,0x00000000867345e0,0x0000000086c00000)
 Metaspace       used 61766K, committed 63232K, reserved 1114112K
  class space    used 6563K, committed 7296K, reserved 1048576K
}
Event: 10.866 GC heap after
{Heap after GC invocations=246 (full 3):
 PSYoungGen      total 7168K, used 288K [0x00000000d5580000, 0x00000000d5f00000, 0x0000000100000000)
  eden space 6656K, 0% used [0x00000000d5580000,0x00000000d5580000,0x00000000d5c00000)
  from space 512K, 56% used [0x00000000d5e00000,0x00000000d5e48000,0x00000000d5e80000)
  to   space 512K, 0% used [0x00000000d5e80000,0x00000000d5e80000,0x00000000d5f00000)
 ParOldGen       total 110592K, used 105705K [0x0000000080000000, 0x0000000086c00000, 0x00000000d5580000)
  object space 110592K, 95% used [0x0000000080000000,0x000000008673a5e0,0x0000000086c00000)
 Metaspace       used 61766K, committed 63232K, reserved 1114112K
  class space    used 6563K, committed 7296K, reserved 1048576K
}
Event: 10.964 GC heap before
{Heap before GC invocations=247 (full 3):
 PSYoungGen      total 7168K, used 6944K [0x00000000d5580000, 0x00000000d5f00000, 0x0000000100000000)
  eden space 6656K, 100% used [0x00000000d5580000,0x00000000d5c00000,0x00000000d5c00000)
  from space 512K, 56% used [0x00000000d5e00000,0x00000000d5e48000,0x00000000d5e80000)
  to   space 512K, 0% used [0x00000000d5e80000,0x00000000d5e80000,0x00000000d5f00000)
 ParOldGen       total 110592K, used 105705K [0x0000000080000000, 0x0000000086c00000, 0x00000000d5580000)
  object space 110592K, 95% used [0x0000000080000000,0x000000008673a5e0,0x0000000086c00000)
 Metaspace       used 61826K, committed 63360K, reserved 1114112K
  class space    used 6566K, committed 7296K, reserved 1048576K
}
Event: 10.965 GC heap after
{Heap after GC invocations=247 (full 3):
 PSYoungGen      total 7168K, used 512K [0x00000000d5580000, 0x00000000d5f00000, 0x0000000100000000)
  eden space 6656K, 0% used [0x00000000d5580000,0x00000000d5580000,0x00000000d5c00000)
  from space 512K, 100% used [0x00000000d5e80000,0x00000000d5f00000,0x00000000d5f00000)
  to   space 1536K, 0% used [0x00000000d5c00000,0x00000000d5c00000,0x00000000d5d80000)
 ParOldGen       total 110592K, used 106301K [0x0000000080000000, 0x0000000086c00000, 0x00000000d5580000)
  object space 110592K, 96% used [0x0000000080000000,0x00000000867cf5f0,0x0000000086c00000)
 Metaspace       used 61826K, committed 63360K, reserved 1114112K
  class space    used 6566K, committed 7296K, reserved 1048576K
}
Event: 11.001 GC heap before
{Heap before GC invocations=248 (full 3):
 PSYoungGen      total 7168K, used 7168K [0x00000000d5580000, 0x00000000d5f00000, 0x0000000100000000)
  eden space 6656K, 100% used [0x00000000d5580000,0x00000000d5c00000,0x00000000d5c00000)
  from space 512K, 100% used [0x00000000d5e80000,0x00000000d5f00000,0x00000000d5f00000)
  to   space 1536K, 0% used [0x00000000d5c00000,0x00000000d5c00000,0x00000000d5d80000)
 ParOldGen       total 110592K, used 106301K [0x0000000080000000, 0x0000000086c00000, 0x00000000d5580000)
  object space 110592K, 96% used [0x0000000080000000,0x00000000867cf5f0,0x0000000086c00000)
 Metaspace       used 61828K, committed 63360K, reserved 1114112K
  class space    used 6566K, committed 7296K, reserved 1048576K
}
Event: 11.002 GC heap after
{Heap after GC invocations=248 (full 3):
 PSYoungGen      total 8192K, used 768K [0x00000000d5580000, 0x00000000d5f00000, 0x0000000100000000)
  eden space 6656K, 0% used [0x00000000d5580000,0x00000000d5580000,0x00000000d5c00000)
  from space 1536K, 50% used [0x00000000d5c00000,0x00000000d5cc0000,0x00000000d5d80000)
  to   space 1024K, 0% used [0x00000000d5e00000,0x00000000d5e00000,0x00000000d5f00000)
 ParOldGen       total 110592K, used 106770K [0x0000000080000000, 0x0000000086c00000, 0x00000000d5580000)
  object space 110592K, 96% used [0x0000000080000000,0x0000000086844890,0x0000000086c00000)
 Metaspace       used 61828K, committed 63360K, reserved 1114112K
  class space    used 6566K, committed 7296K, reserved 1048576K
}
Event: 11.123 GC heap before
{Heap before GC invocations=249 (full 3):
 PSYoungGen      total 8192K, used 7423K [0x00000000d5580000, 0x00000000d5f00000, 0x0000000100000000)
  eden space 6656K, 99% used [0x00000000d5580000,0x00000000d5bfffa8,0x00000000d5c00000)
  from space 1536K, 50% used [0x00000000d5c00000,0x00000000d5cc0000,0x00000000d5d80000)
  to   space 1024K, 0% used [0x00000000d5e00000,0x00000000d5e00000,0x00000000d5f00000)
 ParOldGen       total 110592K, used 106770K [0x0000000080000000, 0x0000000086c00000, 0x00000000d5580000)
  object space 110592K, 96% used [0x0000000080000000,0x0000000086844890,0x0000000086c00000)
 Metaspace       used 61830K, committed 63360K, reserved 1114112K
  class space    used 6566K, committed 7296K, reserved 1048576K
}
Event: 11.124 GC heap after
{Heap after GC invocations=249 (full 3):
 PSYoungGen      total 7680K, used 864K [0x00000000d5580000, 0x00000000d5f00000, 0x0000000100000000)
  eden space 6656K, 0% used [0x00000000d5580000,0x00000000d5580000,0x00000000d5c00000)
  from space 1024K, 84% used [0x00000000d5e00000,0x00000000d5ed8000,0x00000000d5f00000)
  to   space 1024K, 0% used [0x00000000d5d00000,0x00000000d5d00000,0x00000000d5e00000)
 ParOldGen       total 110592K, used 107394K [0x0000000080000000, 0x0000000086c00000, 0x00000000d5580000)
  object space 110592K, 97% used [0x0000000080000000,0x00000000868e0890,0x0000000086c00000)
 Metaspace       used 61830K, committed 63360K, reserved 1114112K
  class space    used 6566K, committed 7296K, reserved 1048576K
}
Event: 11.201 GC heap before
{Heap before GC invocations=250 (full 3):
 PSYoungGen      total 7680K, used 7520K [0x00000000d5580000, 0x00000000d5f00000, 0x0000000100000000)
  eden space 6656K, 100% used [0x00000000d5580000,0x00000000d5c00000,0x00000000d5c00000)
  from space 1024K, 84% used [0x00000000d5e00000,0x00000000d5ed8000,0x00000000d5f00000)
  to   space 1024K, 0% used [0x00000000d5d00000,0x00000000d5d00000,0x00000000d5e00000)
 ParOldGen       total 110592K, used 107394K [0x0000000080000000, 0x0000000086c00000, 0x00000000d5580000)
  object space 110592K, 97% used [0x0000000080000000,0x00000000868e0890,0x0000000086c00000)
 Metaspace       used 61830K, committed 63360K, reserved 1114112K
  class space    used 6566K, committed 7296K, reserved 1048576K
}
Event: 11.202 GC heap after
{Heap after GC invocations=250 (full 3):
 PSYoungGen      total 7680K, used 1024K [0x00000000d5580000, 0x00000000d6000000, 0x0000000100000000)
  eden space 6656K, 0% used [0x00000000d5580000,0x00000000d5580000,0x00000000d5c00000)
  from space 1024K, 100% used [0x00000000d5d00000,0x00000000d5e00000,0x00000000d5e00000)
  to   space 2048K, 0% used [0x00000000d5e00000,0x00000000d5e00000,0x00000000d6000000)
 ParOldGen       total 110592K, used 108210K [0x0000000080000000, 0x0000000086c00000, 0x00000000d5580000)
  object space 110592K, 97% used [0x0000000080000000,0x00000000869ac890,0x0000000086c00000)
 Metaspace       used 61830K, committed 63360K, reserved 1114112K
  class space    used 6566K, committed 7296K, reserved 1048576K
}
Event: 12.195 GC heap before
{Heap before GC invocations=251 (full 3):
 PSYoungGen      total 7680K, used 7680K [0x00000000d5580000, 0x00000000d6000000, 0x0000000100000000)
  eden space 6656K, 100% used [0x00000000d5580000,0x00000000d5c00000,0x00000000d5c00000)
  from space 1024K, 100% used [0x00000000d5d00000,0x00000000d5e00000,0x00000000d5e00000)
  to   space 2048K, 0% used [0x00000000d5e00000,0x00000000d5e00000,0x00000000d6000000)
 ParOldGen       total 110592K, used 108210K [0x0000000080000000, 0x0000000086c00000, 0x00000000d5580000)
  object space 110592K, 97% used [0x0000000080000000,0x00000000869ac890,0x0000000086c00000)
 Metaspace       used 61838K, committed 63360K, reserved 1114112K
  class space    used 6566K, committed 7296K, reserved 1048576K
}
Event: 12.209 GC heap after
{Heap after GC invocations=251 (full 3):
 PSYoungGen      total 7680K, used 560K [0x00000000d5580000, 0x00000000d5f00000, 0x0000000100000000)
  eden space 6656K, 0% used [0x00000000d5580000,0x00000000d5580000,0x00000000d5c00000)
  from space 1024K, 54% used [0x00000000d5e00000,0x00000000d5e8c010,0x00000000d5f00000)
  to   space 1536K, 0% used [0x00000000d5c00000,0x00000000d5c00000,0x00000000d5d80000)
 ParOldGen       total 110592K, used 109161K [0x0000000080000000, 0x0000000086c00000, 0x00000000d5580000)
  object space 110592K, 98% used [0x0000000080000000,0x0000000086a9a590,0x0000000086c00000)
 Metaspace       used 61838K, committed 63360K, reserved 1114112K
  class space    used 6566K, committed 7296K, reserved 1048576K
}
Event: 12.271 GC heap before
{Heap before GC invocations=252 (full 3):
 PSYoungGen      total 7680K, used 7216K [0x00000000d5580000, 0x00000000d5f00000, 0x0000000100000000)
  eden space 6656K, 100% used [0x00000000d5580000,0x00000000d5c00000,0x00000000d5c00000)
  from space 1024K, 54% used [0x00000000d5e00000,0x00000000d5e8c010,0x00000000d5f00000)
  to   space 1536K, 0% used [0x00000000d5c00000,0x00000000d5c00000,0x00000000d5d80000)
 ParOldGen       total 110592K, used 109161K [0x0000000080000000, 0x0000000086c00000, 0x00000000d5580000)
  object space 110592K, 98% used [0x0000000080000000,0x0000000086a9a590,0x0000000086c00000)
 Metaspace       used 61838K, committed 63360K, reserved 1114112K
  class space    used 6566K, committed 7296K, reserved 1048576K
}
Event: 12.272 GC heap after
{Heap after GC invocations=252 (full 3):
 PSYoungGen      total 8192K, used 480K [0x00000000d5580000, 0x00000000d5e80000, 0x0000000100000000)
  eden space 6656K, 0% used [0x00000000d5580000,0x00000000d5580000,0x00000000d5c00000)
  from space 1536K, 31% used [0x00000000d5c00000,0x00000000d5c78000,0x00000000d5d80000)
  to   space 1024K, 0% used [0x00000000d5d80000,0x00000000d5d80000,0x00000000d5e80000)
 ParOldGen       total 110592K, used 109489K [0x0000000080000000, 0x0000000086c00000, 0x00000000d5580000)
  object space 110592K, 99% used [0x0000000080000000,0x0000000086aec590,0x0000000086c00000)
 Metaspace       used 61838K, committed 63360K, reserved 1114112K
  class space    used 6566K, committed 7296K, reserved 1048576K
}
Event: 12.303 GC heap before
{Heap before GC invocations=253 (full 3):
 PSYoungGen      total 8192K, used 7136K [0x00000000d5580000, 0x00000000d5e80000, 0x0000000100000000)
  eden space 6656K, 100% used [0x00000000d5580000,0x00000000d5c00000,0x00000000d5c00000)
  from space 1536K, 31% used [0x00000000d5c00000,0x00000000d5c78000,0x00000000d5d80000)
  to   space 1024K, 0% used [0x00000000d5d80000,0x00000000d5d80000,0x00000000d5e80000)
 ParOldGen       total 110592K, used 109489K [0x0000000080000000, 0x0000000086c00000, 0x00000000d5580000)
  object space 110592K, 99% used [0x0000000080000000,0x0000000086aec590,0x0000000086c00000)
 Metaspace       used 61841K, committed 63360K, reserved 1114112K
  class space    used 6566K, committed 7296K, reserved 1048576K
}
Event: 12.305 GC heap after
{Heap after GC invocations=253 (full 3):
 PSYoungGen      total 7680K, used 832K [0x00000000d5580000, 0x00000000d5e80000, 0x0000000100000000)
  eden space 6656K, 0% used [0x00000000d5580000,0x00000000d5580000,0x00000000d5c00000)
  from space 1024K, 81% used [0x00000000d5d80000,0x00000000d5e50000,0x00000000d5e80000)
  to   space 1024K, 0% used [0x00000000d5c80000,0x00000000d5c80000,0x00000000d5d80000)
 ParOldGen       total 110592K, used 109801K [0x0000000080000000, 0x0000000086c00000, 0x00000000d5580000)
  object space 110592K, 99% used [0x0000000080000000,0x0000000086b3a590,0x0000000086c00000)
 Metaspace       used 61841K, committed 63360K, reserved 1114112K
  class space    used 6566K, committed 7296K, reserved 1048576K
}
Event: 12.330 GC heap before
{Heap before GC invocations=254 (full 3):
 PSYoungGen      total 7680K, used 7488K [0x00000000d5580000, 0x00000000d5e80000, 0x0000000100000000)
  eden space 6656K, 100% used [0x00000000d5580000,0x00000000d5c00000,0x00000000d5c00000)
  from space 1024K, 81% used [0x00000000d5d80000,0x00000000d5e50000,0x00000000d5e80000)
  to   space 1024K, 0% used [0x00000000d5c80000,0x00000000d5c80000,0x00000000d5d80000)
 ParOldGen       total 110592K, used 109801K [0x0000000080000000, 0x0000000086c00000, 0x00000000d5580000)
  object space 110592K, 99% used [0x0000000080000000,0x0000000086b3a590,0x0000000086c00000)
 Metaspace       used 61841K, committed 63360K, reserved 1114112K
  class space    used 6566K, committed 7296K, reserved 1048576K
}

Dll operation events (10 events):
Event: 0.009 Loaded shared library c:\Users\nabil\.vscode\extensions\redhat.java-1.45.0-win32-x64\jre\21.0.8-win32-x86_64\bin\java.dll
Event: 0.063 Loaded shared library c:\Users\nabil\.vscode\extensions\redhat.java-1.45.0-win32-x64\jre\21.0.8-win32-x86_64\bin\zip.dll
Event: 0.081 Loaded shared library C:\Users\nabil\.vscode\extensions\redhat.java-1.45.0-win32-x64\jre\21.0.8-win32-x86_64\bin\instrument.dll
Event: 0.086 Loaded shared library C:\Users\nabil\.vscode\extensions\redhat.java-1.45.0-win32-x64\jre\21.0.8-win32-x86_64\bin\net.dll
Event: 0.089 Loaded shared library C:\Users\nabil\.vscode\extensions\redhat.java-1.45.0-win32-x64\jre\21.0.8-win32-x86_64\bin\nio.dll
Event: 0.092 Loaded shared library C:\Users\nabil\.vscode\extensions\redhat.java-1.45.0-win32-x64\jre\21.0.8-win32-x86_64\bin\zip.dll
Event: 0.106 Loaded shared library C:\Users\nabil\.vscode\extensions\redhat.java-1.45.0-win32-x64\jre\21.0.8-win32-x86_64\bin\jimage.dll
Event: 0.169 Loaded shared library c:\Users\nabil\.vscode\extensions\redhat.java-1.45.0-win32-x64\jre\21.0.8-win32-x86_64\bin\verify.dll
Event: 1.127 Loaded shared library C:\Users\nabil\AppData\Roaming\Code\User\globalStorage\redhat.java\1.45.0\config_win\org.eclipse.equinox.launcher\org.eclipse.equinox.launcher.win32.win32.x86_64_1.2.1400.v20250801-0854\eclipse_11916.dll
Event: 2.407 Loaded shared library C:\Users\nabil\AppData\Local\Temp\jna-104574578\jna4951753333425983258.dll

Deoptimization events (20 events):
Event: 10.918 Thread 0x000001d6da099db0 Uncommon trap: trap_request=0xffffffbe fr.pc=0x000001d6881b7d44 relative=0x0000000000000c64
Event: 10.918 Thread 0x000001d6da099db0 Uncommon trap: reason=profile_predicate action=maybe_recompile pc=0x000001d6881b7d44 method=com.google.common.collect.LexicographicalOrdering.compare(Ljava/lang/Iterable;Ljava/lang/Iterable;)I @ 21 c2
Event: 10.918 Thread 0x000001d6da099db0 DEOPT PACKING pc=0x000001d6881b7d44 sp=0x00000001027fb670
Event: 10.918 Thread 0x000001d6da099db0 DEOPT UNPACKING pc=0x000001d687583aa2 sp=0x00000001027fb548 mode 2
Event: 10.918 Thread 0x000001d6da099db0 Uncommon trap: trap_request=0xffffffbe fr.pc=0x000001d6881b7d44 relative=0x0000000000000c64
Event: 10.918 Thread 0x000001d6da099db0 Uncommon trap: reason=profile_predicate action=maybe_recompile pc=0x000001d6881b7d44 method=com.google.common.collect.LexicographicalOrdering.compare(Ljava/lang/Iterable;Ljava/lang/Iterable;)I @ 21 c2
Event: 10.918 Thread 0x000001d6da099db0 DEOPT PACKING pc=0x000001d6881b7d44 sp=0x00000001027fb670
Event: 10.918 Thread 0x000001d6da099db0 DEOPT UNPACKING pc=0x000001d687583aa2 sp=0x00000001027fb548 mode 2
Event: 10.918 Thread 0x000001d6da099db0 Uncommon trap: trap_request=0xffffffbe fr.pc=0x000001d6881b7d44 relative=0x0000000000000c64
Event: 10.918 Thread 0x000001d6da099db0 Uncommon trap: reason=profile_predicate action=maybe_recompile pc=0x000001d6881b7d44 method=com.google.common.collect.LexicographicalOrdering.compare(Ljava/lang/Iterable;Ljava/lang/Iterable;)I @ 21 c2
Event: 10.918 Thread 0x000001d6da099db0 DEOPT PACKING pc=0x000001d6881b7d44 sp=0x00000001027fb670
Event: 10.918 Thread 0x000001d6da099db0 DEOPT UNPACKING pc=0x000001d687583aa2 sp=0x00000001027fb548 mode 2
Event: 10.935 Thread 0x000001d6da099db0 Uncommon trap: trap_request=0xffffff45 fr.pc=0x000001d687fab340 relative=0x0000000000000380
Event: 10.935 Thread 0x000001d6da099db0 Uncommon trap: reason=unstable_if action=reinterpret pc=0x000001d687fab340 method=org.apache.maven.model.Dependency.setLocation(Ljava/lang/Object;Lorg/apache/maven/model/InputLocation;)V @ 19 c2
Event: 10.936 Thread 0x000001d6da099db0 DEOPT PACKING pc=0x000001d687fab340 sp=0x00000001027fd640
Event: 10.936 Thread 0x000001d6da099db0 DEOPT UNPACKING pc=0x000001d687583aa2 sp=0x00000001027fd5d8 mode 2
Event: 11.112 Thread 0x000001d6da099db0 Uncommon trap: trap_request=0xffffffe4 fr.pc=0x000001d688229ff4 relative=0x00000000000001d4
Event: 11.112 Thread 0x000001d6da099db0 Uncommon trap: reason=range_check action=make_not_entrant pc=0x000001d688229ff4 method=java.util.LinkedHashMap.valuesToArray([Ljava/lang/Object;Z)[Ljava/lang/Object; @ 67 c2
Event: 11.112 Thread 0x000001d6da099db0 DEOPT PACKING pc=0x000001d688229ff4 sp=0x00000001027fd5c0
Event: 11.112 Thread 0x000001d6da099db0 DEOPT UNPACKING pc=0x000001d687583aa2 sp=0x00000001027fd540 mode 2

Classes loaded (20 events):
Event: 7.285 Loading class java/util/concurrent/CompletableFuture$UniAccept
Event: 7.285 Loading class java/util/concurrent/CompletableFuture$UniAccept done
Event: 7.285 Loading class java/util/concurrent/CompletableFuture$UniExceptionally
Event: 7.285 Loading class java/util/concurrent/CompletableFuture$UniExceptionally done
Event: 7.319 Loading class java/util/Hashtable$KeySet
Event: 7.319 Loading class java/util/Hashtable$KeySet done
Event: 7.753 Loading class java/lang/UnsupportedClassVersionError
Event: 7.753 Loading class java/lang/UnsupportedClassVersionError done
Event: 8.472 Loading class sun/nio/cs/ISO_8859_1$Decoder
Event: 8.472 Loading class sun/nio/cs/ISO_8859_1$Decoder done
Event: 8.803 Loading class java/util/Collections$2
Event: 8.803 Loading class java/util/Collections$2 done
Event: 8.912 Loading class java/lang/invoke/MethodHandleImpl$CountingWrapper$1
Event: 8.912 Loading class java/lang/invoke/MethodHandleImpl$CountingWrapper$1 done
Event: 8.925 Loading class java/util/stream/ReduceOps$4
Event: 8.925 Loading class java/util/stream/ReduceOps$4 done
Event: 8.925 Loading class java/util/stream/ReduceOps$4ReducingSink
Event: 8.925 Loading class java/util/stream/ReduceOps$4ReducingSink done
Event: 9.637 Loading class java/util/HashMap$EntrySpliterator
Event: 9.638 Loading class java/util/HashMap$EntrySpliterator done

Classes unloaded (11 events):
Event: 2.898 Thread 0x000001d6fab8e850 Unloading class 0x000001d6941ac800 'java/lang/invoke/LambdaForm$MH+0x000001d6941ac800'
Event: 2.898 Thread 0x000001d6fab8e850 Unloading class 0x000001d6941ac400 'java/lang/invoke/LambdaForm$MH+0x000001d6941ac400'
Event: 2.898 Thread 0x000001d6fab8e850 Unloading class 0x000001d6941ac000 'java/lang/invoke/LambdaForm$MH+0x000001d6941ac000'
Event: 2.898 Thread 0x000001d6fab8e850 Unloading class 0x000001d6941abc00 'java/lang/invoke/LambdaForm$MH+0x000001d6941abc00'
Event: 2.898 Thread 0x000001d6fab8e850 Unloading class 0x000001d6941ab800 'java/lang/invoke/LambdaForm$BMH+0x000001d6941ab800'
Event: 2.898 Thread 0x000001d6fab8e850 Unloading class 0x000001d6941ab400 'java/lang/invoke/LambdaForm$DMH+0x000001d6941ab400'
Event: 2.898 Thread 0x000001d6fab8e850 Unloading class 0x000001d6941aa000 'java/lang/invoke/LambdaForm$DMH+0x000001d6941aa000'
Event: 8.983 Thread 0x000001d6fab8e850 Unloading class 0x000001d6946a9000 'java/lang/invoke/LambdaForm$DMH+0x000001d6946a9000'
Event: 8.983 Thread 0x000001d6fab8e850 Unloading class 0x000001d6946a8c00 'java/lang/invoke/LambdaForm$DMH+0x000001d6946a8c00'
Event: 8.983 Thread 0x000001d6fab8e850 Unloading class 0x000001d6946a8400 'java/lang/invoke/LambdaForm$DMH+0x000001d6946a8400'
Event: 8.983 Thread 0x000001d6fab8e850 Unloading class 0x000001d6946a8800 'java/lang/invoke/LambdaForm$DMH+0x000001d6946a8800'

Classes redefined (0 events):
No events

Internal exceptions (20 events):
Event: 10.535 Thread 0x000001d6da099db0 Exception <a 'sun/nio/fs/WindowsException'{0x00000000d59437d8}> (0x00000000d59437d8) 
thrown [s\src\hotspot\share\prims\jni.cpp, line 520]
Event: 10.535 Thread 0x000001d6da099db0 Exception <a 'sun/nio/fs/WindowsException'{0x00000000d5943e08}> (0x00000000d5943e08) 
thrown [s\src\hotspot\share\prims\jni.cpp, line 520]
Event: 10.536 Thread 0x000001d6da099db0 Exception <a 'sun/nio/fs/WindowsException'{0x00000000d5945798}> (0x00000000d5945798) 
thrown [s\src\hotspot\share\prims\jni.cpp, line 520]
Event: 10.536 Thread 0x000001d6da099db0 Exception <a 'sun/nio/fs/WindowsException'{0x00000000d5945dc8}> (0x00000000d5945dc8) 
thrown [s\src\hotspot\share\prims\jni.cpp, line 520]
Event: 10.538 Thread 0x000001d6da099db0 Exception <a 'sun/nio/fs/WindowsException'{0x00000000d5960700}> (0x00000000d5960700) 
thrown [s\src\hotspot\share\prims\jni.cpp, line 520]
Event: 10.538 Thread 0x000001d6da099db0 Exception <a 'sun/nio/fs/WindowsException'{0x00000000d5960fe0}> (0x00000000d5960fe0) 
thrown [s\src\hotspot\share\prims\jni.cpp, line 520]
Event: 10.702 Thread 0x000001d6da099db0 Exception <a 'sun/nio/fs/WindowsException'{0x00000000d5b71f80}> (0x00000000d5b71f80) 
thrown [s\src\hotspot\share\prims\jni.cpp, line 520]
Event: 10.702 Thread 0x000001d6da099db0 Exception <a 'sun/nio/fs/WindowsException'{0x00000000d5b725b0}> (0x00000000d5b725b0) 
thrown [s\src\hotspot\share\prims\jni.cpp, line 520]
Event: 10.703 Thread 0x000001d6da099db0 Exception <a 'sun/nio/fs/WindowsException'{0x00000000d5b734b0}> (0x00000000d5b734b0) 
thrown [s\src\hotspot\share\prims\jni.cpp, line 520]
Event: 10.703 Thread 0x000001d6da099db0 Exception <a 'sun/nio/fs/WindowsException'{0x00000000d5b73ae0}> (0x00000000d5b73ae0) 
thrown [s\src\hotspot\share\prims\jni.cpp, line 520]
Event: 10.703 Thread 0x000001d6da099db0 Exception <a 'sun/nio/fs/WindowsException'{0x00000000d5b75470}> (0x00000000d5b75470) 
thrown [s\src\hotspot\share\prims\jni.cpp, line 520]
Event: 10.703 Thread 0x000001d6da099db0 Exception <a 'sun/nio/fs/WindowsException'{0x00000000d5b75aa0}> (0x00000000d5b75aa0) 
thrown [s\src\hotspot\share\prims\jni.cpp, line 520]
Event: 10.706 Thread 0x000001d6da099db0 Exception <a 'sun/nio/fs/WindowsException'{0x00000000d5b903d8}> (0x00000000d5b903d8) 
thrown [s\src\hotspot\share\prims\jni.cpp, line 520]
Event: 10.706 Thread 0x000001d6da099db0 Exception <a 'sun/nio/fs/WindowsException'{0x00000000d5b90cb8}> (0x00000000d5b90cb8) 
thrown [s\src\hotspot\share\prims\jni.cpp, line 520]
Event: 10.909 Thread 0x000001d6da099db0 Exception <a 'sun/nio/fs/WindowsException'{0x00000000d575c960}> (0x00000000d575c960) 
thrown [s\src\hotspot\share\prims\jni.cpp, line 520]
Event: 10.909 Thread 0x000001d6da099db0 Exception <a 'sun/nio/fs/WindowsException'{0x00000000d575cf90}> (0x00000000d575cf90) 
thrown [s\src\hotspot\share\prims\jni.cpp, line 520]
Event: 10.910 Thread 0x000001d6da099db0 Exception <a 'sun/nio/fs/WindowsException'{0x00000000d575de90}> (0x00000000d575de90) 
thrown [s\src\hotspot\share\prims\jni.cpp, line 520]
Event: 10.910 Thread 0x000001d6da099db0 Exception <a 'sun/nio/fs/WindowsException'{0x00000000d575e4c0}> (0x00000000d575e4c0) 
thrown [s\src\hotspot\share\prims\jni.cpp, line 520]
Event: 10.913 Thread 0x000001d6da099db0 Exception <a 'sun/nio/fs/WindowsException'{0x00000000d5812270}> (0x00000000d5812270) 
thrown [s\src\hotspot\share\prims\jni.cpp, line 520]
Event: 10.913 Thread 0x000001d6da099db0 Exception <a 'sun/nio/fs/WindowsException'{0x00000000d58128a0}> (0x00000000d58128a0) 
thrown [s\src\hotspot\share\prims\jni.cpp, line 520]

ZGC Phase Switch (0 events):
No events

VM Operations (20 events):
Event: 10.709 Executing VM operation: ParallelGCFailedAllocation (Allocation Failure) done
Event: 10.719 Executing VM operation: ParallelGCFailedAllocation (Allocation Failure)
Event: 10.720 Executing VM operation: ParallelGCFailedAllocation (Allocation Failure) done
Event: 10.865 Executing VM operation: ParallelGCFailedAllocation (Allocation Failure)
Event: 10.866 Executing VM operation: ParallelGCFailedAllocation (Allocation Failure) done
Event: 10.964 Executing VM operation: ParallelGCFailedAllocation (Allocation Failure)
Event: 10.965 Executing VM operation: ParallelGCFailedAllocation (Allocation Failure) done
Event: 11.001 Executing VM operation: ParallelGCFailedAllocation (Allocation Failure)
Event: 11.002 Executing VM operation: ParallelGCFailedAllocation (Allocation Failure) done
Event: 11.123 Executing VM operation: ParallelGCFailedAllocation (Allocation Failure)
Event: 11.124 Executing VM operation: ParallelGCFailedAllocation (Allocation Failure) done
Event: 11.201 Executing VM operation: ParallelGCFailedAllocation (Allocation Failure)
Event: 11.202 Executing VM operation: ParallelGCFailedAllocation (Allocation Failure) done
Event: 12.195 Executing VM operation: ParallelGCFailedAllocation (Allocation Failure)
Event: 12.209 Executing VM operation: ParallelGCFailedAllocation (Allocation Failure) done
Event: 12.271 Executing VM operation: ParallelGCFailedAllocation (Allocation Failure)
Event: 12.272 Executing VM operation: ParallelGCFailedAllocation (Allocation Failure) done
Event: 12.303 Executing VM operation: ParallelGCFailedAllocation (Allocation Failure)
Event: 12.305 Executing VM operation: ParallelGCFailedAllocation (Allocation Failure) done
Event: 12.330 Executing VM operation: ParallelGCFailedAllocation (Allocation Failure)

Memory protections (0 events):
No events

Nmethod flushes (20 events):
Event: 9.000 Thread 0x000001d6fab8e850 flushing  nmethod 0x000001d68090ad90
Event: 9.000 Thread 0x000001d6fab8e850 flushing  nmethod 0x000001d68090d610
Event: 9.000 Thread 0x000001d6fab8e850 flushing  nmethod 0x000001d680919290
Event: 9.000 Thread 0x000001d6fab8e850 flushing  nmethod 0x000001d68092ec90
Event: 9.000 Thread 0x000001d6fab8e850 flushing  nmethod 0x000001d680930210
Event: 9.000 Thread 0x000001d6fab8e850 flushing  nmethod 0x000001d680930910
Event: 9.000 Thread 0x000001d6fab8e850 flushing  nmethod 0x000001d680930f10
Event: 9.000 Thread 0x000001d6fab8e850 flushing  nmethod 0x000001d680934810
Event: 9.000 Thread 0x000001d6fab8e850 flushing  nmethod 0x000001d680935190
Event: 9.000 Thread 0x000001d6fab8e850 flushing  nmethod 0x000001d680936d10
Event: 9.000 Thread 0x000001d6fab8e850 flushing  nmethod 0x000001d680941290
Event: 9.000 Thread 0x000001d6fab8e850 flushing  nmethod 0x000001d680945a90
Event: 9.000 Thread 0x000001d6fab8e850 flushing  nmethod 0x000001d68095ea10
Event: 9.000 Thread 0x000001d6fab8e850 flushing  nmethod 0x000001d68095f010
Event: 9.000 Thread 0x000001d6fab8e850 flushing  nmethod 0x000001d680968710
Event: 9.000 Thread 0x000001d6fab8e850 flushing  nmethod 0x000001d680969a10
Event: 9.000 Thread 0x000001d6fab8e850 flushing  nmethod 0x000001d680975e10
Event: 9.000 Thread 0x000001d6fab8e850 flushing  nmethod 0x000001d6809ea690
Event: 9.000 Thread 0x000001d6fab8e850 flushing  nmethod 0x000001d6809eba10
Event: 9.000 Thread 0x000001d6fab8e850 flushing  nmethod 0x000001d6809ed710

Events (20 events):
Event: 8.157 Thread 0x000001d6da099db0 Thread added: 0x000001d6dd1e2930
Event: 8.157 Thread 0x000001d6da099db0 Thread added: 0x000001d6dd1e1c10
Event: 8.157 Thread 0x000001d6da099db0 Thread added: 0x000001d6dd1e22a0
Event: 8.157 Thread 0x000001d6da099db0 Thread added: 0x000001d6dc3ae560
Event: 8.365 Thread 0x000001d6d44a0b40 Thread added: 0x000001d6db1864c0
Event: 8.606 Thread 0x000001d6dd1e1c10 Thread exited: 0x000001d6dd1e1c10
Event: 8.606 Thread 0x000001d6dd1e22a0 Thread exited: 0x000001d6dd1e22a0
Event: 8.606 Thread 0x000001d6dd1e1580 Thread exited: 0x000001d6dd1e1580
Event: 8.606 Thread 0x000001d6dd1e2930 Thread exited: 0x000001d6dd1e2930
Event: 8.606 Thread 0x000001d6dc3ae560 Thread exited: 0x000001d6dc3ae560
Event: 9.966 Thread 0x000001d6da099db0 Thread added: 0x000001d6dd1e22a0
Event: 9.966 Thread 0x000001d6da099db0 Thread added: 0x000001d6dd1e2930
Event: 9.966 Thread 0x000001d6da099db0 Thread added: 0x000001d6db9f9aa0
Event: 10.081 Thread 0x000001d6da099db0 Thread added: 0x000001d6db9fa130
Event: 10.081 Thread 0x000001d6da099db0 Thread added: 0x000001d6db9fc200
Event: 10.189 Thread 0x000001d6dd1e2930 Thread exited: 0x000001d6dd1e2930
Event: 10.189 Thread 0x000001d6dd1e22a0 Thread exited: 0x000001d6dd1e22a0
Event: 10.189 Thread 0x000001d6db9fc200 Thread exited: 0x000001d6db9fc200
Event: 10.189 Thread 0x000001d6db9f9aa0 Thread exited: 0x000001d6db9f9aa0
Event: 10.189 Thread 0x000001d6db9fa130 Thread exited: 0x000001d6db9fa130


Dynamic libraries:
0x00007ff7147e0000 - 0x00007ff7147ee000 	c:\Users\nabil\.vscode\extensions\redhat.java-1.45.0-win32-x64\jre\21.0.8-win32-x86_64\bin\java.exe
0x00007ffa65360000 - 0x00007ffa655c9000 	C:\WINDOWS\SYSTEM32\ntdll.dll
0x00007ffa639a0000 - 0x00007ffa63a69000 	C:\WINDOWS\System32\KERNEL32.DLL
0x00007ffa62900000 - 0x00007ffa62cf3000 	C:\WINDOWS\System32\KERNELBASE.dll
0x00007ffa62d00000 - 0x00007ffa62e4b000 	C:\WINDOWS\System32\ucrtbase.dll
0x00007ffa198d0000 - 0x00007ffa198e8000 	c:\Users\nabil\.vscode\extensions\redhat.java-1.45.0-win32-x64\jre\21.0.8-win32-x86_64\bin\jli.dll
0x00007ffa1c5c0000 - 0x00007ffa1c5de000 	c:\Users\nabil\.vscode\extensions\redhat.java-1.45.0-win32-x64\jre\21.0.8-win32-x86_64\bin\VCRUNTIME140.dll
0x00007ffa641c0000 - 0x00007ffa64384000 	C:\WINDOWS\System32\USER32.dll
0x00007ffa62f80000 - 0x00007ffa62fa7000 	C:\WINDOWS\System32\win32u.dll
0x00007ffa425c0000 - 0x00007ffa42853000 	C:\WINDOWS\WinSxS\amd64_microsoft.windows.common-controls_6595b64144ccf1df_6.0.26100.5074_none_3e0d6f78e32fd63f\COMCTL32.dll
0x00007ffa64860000 - 0x00007ffa6488b000 	C:\WINDOWS\System32\GDI32.dll
0x00007ffa63170000 - 0x00007ffa63219000 	C:\WINDOWS\System32\msvcrt.dll
0x00007ffa62e50000 - 0x00007ffa62f7d000 	C:\WINDOWS\System32\gdi32full.dll
0x00007ffa62850000 - 0x00007ffa628f3000 	C:\WINDOWS\System32\msvcp_win.dll
0x00007ffa63130000 - 0x00007ffa6315f000 	C:\WINDOWS\System32\IMM32.DLL
0x00007ffa5f0c0000 - 0x00007ffa5f0cc000 	c:\Users\nabil\.vscode\extensions\redhat.java-1.45.0-win32-x64\jre\21.0.8-win32-x86_64\bin\vcruntime140_1.dll
0x00007ffa121e0000 - 0x00007ffa1226d000 	c:\Users\nabil\.vscode\extensions\redhat.java-1.45.0-win32-x64\jre\21.0.8-win32-x86_64\bin\msvcp140.dll
0x00007ff9ea900000 - 0x00007ff9eb697000 	c:\Users\nabil\.vscode\extensions\redhat.java-1.45.0-win32-x64\jre\21.0.8-win32-x86_64\bin\server\jvm.dll
0x00007ffa647a0000 - 0x00007ffa64854000 	C:\WINDOWS\System32\ADVAPI32.dll
0x00007ffa63850000 - 0x00007ffa638f6000 	C:\WINDOWS\System32\sechost.dll
0x00007ffa64890000 - 0x00007ffa649a8000 	C:\WINDOWS\System32\RPCRT4.dll
0x00007ffa63580000 - 0x00007ffa635f4000 	C:\WINDOWS\System32\WS2_32.dll
0x00007ffa62350000 - 0x00007ffa623ae000 	C:\WINDOWS\SYSTEM32\POWRPROF.dll
0x00007ffa588d0000 - 0x00007ffa58905000 	C:\WINDOWS\SYSTEM32\WINMM.dll
0x00007ffa42870000 - 0x00007ffa4287b000 	C:\WINDOWS\SYSTEM32\VERSION.dll
0x00007ffa62330000 - 0x00007ffa62344000 	C:\WINDOWS\SYSTEM32\UMPDC.dll
0x00007ffa612d0000 - 0x00007ffa612eb000 	C:\WINDOWS\SYSTEM32\kernel.appcore.dll
0x00007ffa5ee90000 - 0x00007ffa5ee9a000 	c:\Users\nabil\.vscode\extensions\redhat.java-1.45.0-win32-x64\jre\21.0.8-win32-x86_64\bin\jimage.dll
0x00007ffa5fc60000 - 0x00007ffa5fea2000 	C:\WINDOWS\SYSTEM32\DBGHELP.DLL
0x00007ffa64f70000 - 0x00007ffa652eb000 	C:\WINDOWS\System32\combase.dll
0x00007ffa634a0000 - 0x00007ffa63577000 	C:\WINDOWS\System32\OLEAUT32.dll
0x00007ffa332a0000 - 0x00007ffa332dd000 	C:\WINDOWS\SYSTEM32\dbgcore.DLL
0x00007ffa624f0000 - 0x00007ffa62589000 	C:\WINDOWS\System32\bcryptPrimitives.dll
0x00007ffa50870000 - 0x00007ffa5087f000 	c:\Users\nabil\.vscode\extensions\redhat.java-1.45.0-win32-x64\jre\21.0.8-win32-x86_64\bin\instrument.dll
0x00007ffa19080000 - 0x00007ffa1909f000 	c:\Users\nabil\.vscode\extensions\redhat.java-1.45.0-win32-x64\jre\21.0.8-win32-x86_64\bin\java.dll
0x00007ffa63a70000 - 0x00007ffa641bd000 	C:\WINDOWS\System32\SHELL32.dll
0x00007ffa626e0000 - 0x00007ffa6284c000 	C:\WINDOWS\System32\wintypes.dll
0x00007ffa60120000 - 0x00007ffa60979000 	C:\WINDOWS\SYSTEM32\windows.storage.dll
0x00007ffa649b0000 - 0x00007ffa64aa0000 	C:\WINDOWS\System32\SHCORE.dll
0x00007ffa63230000 - 0x00007ffa63292000 	C:\WINDOWS\System32\shlwapi.dll
0x00007ffa62410000 - 0x00007ffa62439000 	C:\WINDOWS\SYSTEM32\profapi.dll
0x00007ffa19060000 - 0x00007ffa19078000 	c:\Users\nabil\.vscode\extensions\redhat.java-1.45.0-win32-x64\jre\21.0.8-win32-x86_64\bin\zip.dll
0x00007ffa50840000 - 0x00007ffa50850000 	C:\Users\nabil\.vscode\extensions\redhat.java-1.45.0-win32-x64\jre\21.0.8-win32-x86_64\bin\net.dll
0x00007ffa5c6b0000 - 0x00007ffa5c7cf000 	C:\WINDOWS\SYSTEM32\WINHTTP.dll
0x00007ffa61850000 - 0x00007ffa618bb000 	C:\WINDOWS\system32\mswsock.dll
0x00007ffa142b0000 - 0x00007ffa142c6000 	C:\Users\nabil\.vscode\extensions\redhat.java-1.45.0-win32-x64\jre\21.0.8-win32-x86_64\bin\nio.dll
0x00007ffa4e420000 - 0x00007ffa4e430000 	c:\Users\nabil\.vscode\extensions\redhat.java-1.45.0-win32-x64\jre\21.0.8-win32-x86_64\bin\verify.dll
0x00007ffa1c290000 - 0x00007ffa1c2d4000 	C:\Users\nabil\AppData\Roaming\Code\User\globalStorage\redhat.java\1.45.0\config_win\org.eclipse.equinox.launcher\org.eclipse.equinox.launcher.win32.win32.x86_64_1.2.1400.v20250801-0854\eclipse_11916.dll
0x00007ffa63300000 - 0x00007ffa63498000 	C:\WINDOWS\System32\ole32.dll
0x00007ffa61af0000 - 0x00007ffa61b0b000 	C:\WINDOWS\SYSTEM32\CRYPTSP.dll
0x00007ffa61230000 - 0x00007ffa6126b000 	C:\WINDOWS\system32\rsaenh.dll
0x00007ffa618f0000 - 0x00007ffa6191b000 	C:\WINDOWS\SYSTEM32\USERENV.dll
0x00007ffa623e0000 - 0x00007ffa62406000 	C:\WINDOWS\SYSTEM32\bcrypt.dll
0x00007ffa61b10000 - 0x00007ffa61b1c000 	C:\WINDOWS\SYSTEM32\CRYPTBASE.dll
0x00007ffa60d00000 - 0x00007ffa60d34000 	C:\WINDOWS\SYSTEM32\IPHLPAPI.DLL
0x00007ffa63220000 - 0x00007ffa6322a000 	C:\WINDOWS\System32\NSI.dll
0x00007ffa190a0000 - 0x00007ffa190e9000 	C:\Users\nabil\AppData\Local\Temp\jna-104574578\jna4951753333425983258.dll
0x00007ffa63980000 - 0x00007ffa63988000 	C:\WINDOWS\System32\PSAPI.DLL
0x00007ffa5c900000 - 0x00007ffa5c91e000 	C:\WINDOWS\SYSTEM32\dhcpcsvc6.DLL
0x00007ffa5c840000 - 0x00007ffa5c863000 	C:\WINDOWS\SYSTEM32\dhcpcsvc.DLL

JVMTI agents:
c:\Users\nabil\.vscode\extensions\redhat.java-1.45.0-win32-x64\lombok\lombok-1.18.39-4050.jar path:c:\Users\nabil\.vscode\extensions\redhat.java-1.45.0-win32-x64\jre\21.0.8-win32-x86_64\bin\instrument.dll, loaded, initialized, instrumentlib options:none

dbghelp: loaded successfully - version: 4.0.5 - missing functions: none
symbol engine: initialized successfully - sym options: 0x614 - pdb path: .;c:\Users\nabil\.vscode\extensions\redhat.java-1.45.0-win32-x64\jre\21.0.8-win32-x86_64\bin;C:\WINDOWS\SYSTEM32;C:\WINDOWS\WinSxS\amd64_microsoft.windows.common-controls_6595b64144ccf1df_6.0.26100.5074_none_3e0d6f78e32fd63f;c:\Users\nabil\.vscode\extensions\redhat.java-1.45.0-win32-x64\jre\21.0.8-win32-x86_64\bin\server;C:\Users\nabil\AppData\Roaming\Code\User\globalStorage\redhat.java\1.45.0\config_win\org.eclipse.equinox.launcher\org.eclipse.equinox.launcher.win32.win32.x86_64_1.2.1400.v20250801-0854;C:\Users\nabil\AppData\Local\Temp\jna-104574578

VM Arguments:
jvm_args: --add-modules=ALL-SYSTEM --add-opens=java.base/java.util=ALL-UNNAMED --add-opens=java.base/java.lang=ALL-UNNAMED --add-opens=java.base/sun.nio.fs=ALL-UNNAMED -Declipse.application=org.eclipse.jdt.ls.core.id1 -Dosgi.bundles.defaultStartLevel=4 -Declipse.product=org.eclipse.jdt.ls.core.product -Djava.import.generatesMetadataFilesAtProjectRoot=false -DDetectVMInstallationsJob.disabled=true -Dfile.encoding=utf8 -XX:+UseParallelGC -XX:GCTimeRatio=4 -XX:AdaptiveSizePolicyWeight=90 -Dsun.zip.disableMemoryMapping=true -Xmx2G -Xms100m -Xlog:disable -javaagent:c:\Users\nabil\.vscode\extensions\redhat.java-1.45.0-win32-x64\lombok\lombok-1.18.39-4050.jar -XX:+HeapDumpOnOutOfMemoryError -XX:HeapDumpPath=c:\Users\nabil\AppData\Roaming\Code\User\workspaceStorage\bad2abbcd7b301175cb1610fa1059be9\redhat.java -Daether.dependencyCollector.impl=bf 
java_command: c:\Users\nabil\.vscode\extensions\redhat.java-1.45.0-win32-x64\server\plugins\org.eclipse.equinox.launcher_1.7.0.v20250519-0528.jar -configuration c:\Users\nabil\AppData\Roaming\Code\User\globalStorage\redhat.java\1.45.0\config_win -data c:\Users\nabil\AppData\Roaming\Code\User\workspaceStorage\bad2abbcd7b301175cb1610fa1059be9\redhat.java\jdt_ws --pipe=\\.\pipe\lsp-23760b980891b91678d4730559305190-sock
java_class_path (initial): c:\Users\nabil\.vscode\extensions\redhat.java-1.45.0-win32-x64\server\plugins\org.eclipse.equinox.launcher_1.7.0.v20250519-0528.jar
Launcher Type: SUN_STANDARD

[Global flags]
    uintx AdaptiveSizePolicyWeight                 = 90                                        {product} {command line}
     intx CICompilerCount                          = 4                                         {product} {ergonomic}
    uintx GCTimeRatio                              = 4                                         {product} {command line}
     bool HeapDumpOnOutOfMemoryError               = true                                   {manageable} {command line}
    ccstr HeapDumpPath                             = c:\Users\nabil\AppData\Roaming\Code\User\workspaceStorage\bad2abbcd7b301175cb1610fa1059be9\redhat.java         {manageable} {command line}
   size_t InitialHeapSize                          = 104857600                                 {product} {command line}
   size_t MaxHeapSize                              = 2147483648                                {product} {command line}
   size_t MaxNewSize                               = 715653120                                 {product} {ergonomic}
   size_t MinHeapDeltaBytes                        = 524288                                    {product} {ergonomic}
   size_t MinHeapSize                              = 104857600                                 {product} {command line}
   size_t NewSize                                  = 34603008                                  {product} {ergonomic}
    uintx NonNMethodCodeHeapSize                   = 5839372                                {pd product} {ergonomic}
    uintx NonProfiledCodeHeapSize                  = 122909434                              {pd product} {ergonomic}
   size_t OldSize                                  = 70254592                                  {product} {ergonomic}
    uintx ProfiledCodeHeapSize                     = 122909434                              {pd product} {ergonomic}
    uintx ReservedCodeCacheSize                    = 251658240                              {pd product} {ergonomic}
     bool SegmentedCodeCache                       = true                                      {product} {ergonomic}
   size_t SoftMaxHeapSize                          = 2147483648                             {manageable} {ergonomic}
     bool UseCompressedOops                        = true                           {product lp64_product} {ergonomic}
     bool UseLargePagesIndividualAllocation        = false                                  {pd product} {ergonomic}
     bool UseParallelGC                            = true                                      {product} {command line}

Logging:
Log output configuration:
 #0: stdout all=off uptime,level,tags foldmultilines=false
 #1: stderr all=off uptime,level,tags foldmultilines=false

Environment Variables:
PATH=C:\Program Files\Common Files\Oracle\Java\javapath;C:\WINDOWS\system32;C:\WINDOWS;C:\WINDOWS\System32\Wbem;C:\WINDOWS\System32\WindowsPowerShell\v1.0\;C:\WINDOWS\System32\OpenSSH\;C:\Program Files\Java\jre-1.8\bin;C:\Program Files\dotnet\;C:\Program Files\MATLAB\R2023b\runtime\win64;C:\Program Files\MATLAB\R2023b\bin;C:\Program Files\Git\cmd;C:\Users\nabil\AppData\Local\flutter\bin;C:\Program Files\PuTTY\;C:\ProgramData\ComposerSetup\bin;C:\Program Files\nodejs\;C:\ProgramData\chocolatey\bin;C:\xampp\php;C:\Users\nabil\flutter\bin;C:\Users\nabil\AppData\Local\Android\Sdk\platform-tools;C:\Program Files\Geckodriver;C:\Program Files\Docker\Docker\resources\bin;C:\Program Files\Java\jdk-24\bin;C:\Users\nabil\zulu24.32.13-ca-jdk24.0.2-win_x64\bin;C:\Users\nabil\zulu24.32.13-ca-fx-jre24.0.2-win_x64\bin;C:\Program Files\CMake\bin;C:\Program Files\Java\jdk-24\bin;C:\Users\nabil\AppData\Local\Programs\Python\Python312\Scripts\;C:\Users\nabil\AppData\Local\Programs\Python\Python312\;C:\Users\nabil;C:\Users\nabil\AppData\Local\spicetify;C:\Users\nabil\AppData\Local\Microsoft\WindowsApps;C:\Users\nabil\AppData\Roaming\Composer\vendor\bin;C:\Users\nabil\AppData\Roaming\npm;C:\Users\nabil\AppData\Local\Microsoft\WinGet\Packages\Schniz.fnm_Microsoft.Winget.Source_8wekyb3d8bbwe;C:\xampp\php;C:\Users\nabil\flutter\bin;C:\Users\nabil\AppData\Local\Programs\Microsoft VS Code\bin;C:\Users\nabil\AppData\Local\Microsoft\WindowsApps;C:\Users\nabil\AppData\Local\Android\Sdk\platform-tools;C:\Program Files\Geckodriver;C:\Users\nabil\zulu24.32.13-ca-fx-jre24.0.2-win_x64\bin;C:\Program Files\RabbitMQ Server\rabbitmq_server-4.1.4\sbin;
USERNAME=nabil
OS=Windows_NT
PROCESSOR_IDENTIFIER=Intel64 Family 6 Model 186 Stepping 3, GenuineIntel
TMP=C:\Users\nabil\AppData\Local\Temp
TEMP=C:\Users\nabil\AppData\Local\Temp




Periodic native trim disabled

---------------  S Y S T E M  ---------------

OS:
 Windows 11 , 64 bit Build 26100 (10.0.26100.5074)
OS uptime: 0 days 0:48 hours
Hyper-V role detected

CPU: total 12 (initial active 12) (6 cores per cpu, 2 threads per core) family 6 model 186 stepping 3 microcode 0x4111, cx8, cmov, fxsr, ht, mmx, 3dnowpref, sse, sse2, sse3, ssse3, sse4.1, sse4.2, popcnt, lzcnt, tsc, tscinvbit, avx, avx2, aes, erms, clmul, bmi1, bmi2, adx, sha, fma, vzeroupper, clflush, clflushopt, clwb, hv, serialize, rdtscp, rdpid, fsrm, f16c, cet_ibt, cet_ss
Processor Information for the first 12 processors :
  Max Mhz: 1300, Current Mhz: 1300, Mhz Limit: 1300

Memory: 4k page, system-wide physical 7895M (511M free)
TotalPageFile size 11991M (AvailPageFile size 5M)
current process WorkingSet (physical memory assigned to process): 337M, peak: 371M
current process commit charge ("private bytes"): 413M, peak: 449M

vm_info: OpenJDK 64-Bit Server VM (21.0.8+9-LTS) for windows-amd64 JRE (21.0.8+9-LTS), built on 2025-07-15T00:00:00Z by "admin" with MS VC++ 17.7 (VS2022)

END.
