#
# There is insufficient memory for the Java Runtime Environment to continue.
# Native memory allocation (malloc) failed to allocate 1332688 bytes. Error detail: Chunk::new
# Possible reasons:
#   The system is out of physical RAM or swap space
#   This process is running with CompressedOops enabled, and the Java Heap may be blocking the growth of the native heap
# Possible solutions:
#   Reduce memory load on the system
#   Increase physical memory or swap space
#   Check if swap backing store is full
#   Decrease Java heap size (-Xmx/-Xms)
#   Decrease number of Java threads
#   Decrease Java thread stack sizes (-Xss)
#   Set larger code cache with -XX:ReservedCodeCacheSize=
#   JVM is running with Unscaled Compressed Oops mode in which the Java heap is
#     placed in the first 4GB address space. The Java Heap base address is the
#     maximum limit for the native heap growth. Please use -XX:HeapBaseMinAddress
#     to set the Java Heap base and to place the Java Heap above 4GB virtual address.
# This output file may be truncated or incomplete.
#
#  Out of Memory Error (arena.cpp:168), pid=15836, tid=6708
#
# JRE version: OpenJDK Runtime Environment Temurin-21.0.8+9 (21.0.8+9) (build 21.0.8+9-LTS)
# Java VM: OpenJDK 64-Bit Server VM Temurin-21.0.8+9 (21.0.8+9-LTS, mixed mode, sharing, tiered, compressed oops, compressed class ptrs, parallel gc, windows-amd64)
# No core dump will be written. Minidumps are not enabled by default on client versions of Windows
#

---------------  S U M M A R Y ------------

Command Line: --add-modules=ALL-SYSTEM --add-opens=java.base/java.util=ALL-UNNAMED --add-opens=java.base/java.lang=ALL-UNNAMED --add-opens=java.base/sun.nio.fs=ALL-UNNAMED -Declipse.application=org.eclipse.jdt.ls.core.id1 -Dosgi.bundles.defaultStartLevel=4 -Declipse.product=org.eclipse.jdt.ls.core.product -Djava.import.generatesMetadataFilesAtProjectRoot=false -DDetectVMInstallationsJob.disabled=true -Dfile.encoding=utf8 -XX:+UseParallelGC -XX:GCTimeRatio=4 -XX:AdaptiveSizePolicyWeight=90 -Dsun.zip.disableMemoryMapping=true -Xmx2G -Xms100m -Xlog:disable -javaagent:c:\Users\nabil\.vscode\extensions\redhat.java-1.45.0-win32-x64\lombok\lombok-1.18.39-4050.jar -XX:+HeapDumpOnOutOfMemoryError -XX:HeapDumpPath=c:\Users\nabil\AppData\Roaming\Code\User\workspaceStorage\bad2abbcd7b301175cb1610fa1059be9\redhat.java -Daether.dependencyCollector.impl=bf c:\Users\nabil\.vscode\extensions\redhat.java-1.45.0-win32-x64\server\plugins\org.eclipse.equinox.launcher_1.7.0.v20250519-0528.jar -configuration c:\Users\nabil\AppData\Roaming\Code\User\globalStorage\redhat.java\1.45.0\config_win -data c:\Users\nabil\AppData\Roaming\Code\User\workspaceStorage\bad2abbcd7b301175cb1610fa1059be9\redhat.java\jdt_ws --pipe=\\.\pipe\lsp-da6ca5bc7e701a1e8da6274d2ce53feb-sock

Host: 13th Gen Intel(R) Core(TM) i5-1335U, 12 cores, 7G,  Windows 11 , 64 bit Build 26100 (10.0.26100.5074)
Time: Wed Sep 24 09:45:50 2025 SE Asia Standard Time elapsed time: 5.916477 seconds (0d 0h 0m 5s)

---------------  T H R E A D  ---------------

Current thread (0x0000018a1aed1b80):  JavaThread "C2 CompilerThread0" daemon [_thread_in_native, id=6708, stack(0x00000024e7900000,0x00000024e7a00000) (1024K)]


Current CompileTask:
C2:5916 5247   !   4       org.eclipse.osgi.internal.loader.classpath.ClasspathManager::findClassImpl (343 bytes)

Stack: [0x00000024e7900000,0x00000024e7a00000]
Native frames: (J=compiled Java code, j=interpreted, Vv=VM code, C=native code)
V  [jvm.dll+0x6d2449]
V  [jvm.dll+0x8ae341]
V  [jvm.dll+0x8b08be]
V  [jvm.dll+0x8b0fa3]
V  [jvm.dll+0x280c96]
V  [jvm.dll+0xc581d]
V  [jvm.dll+0xc5d53]
V  [jvm.dll+0x3b919c]
V  [jvm.dll+0x385315]
V  [jvm.dll+0x38477a]
V  [jvm.dll+0x248ed0]
V  [jvm.dll+0x2484af]
V  [jvm.dll+0x1c89ee]
V  [jvm.dll+0x257d4d]
V  [jvm.dll+0x2562ea]
V  [jvm.dll+0x3f2d16]
V  [jvm.dll+0x857e6b]
V  [jvm.dll+0x6d0b0d]
C  [ucrtbase.dll+0x37b0]
C  [KERNEL32.DLL+0x2e8d7]
C  [ntdll.dll+0x8d9c]


---------------  P R O C E S S  ---------------

Threads class SMR info:
_java_thread_list=0x0000018a7b0ee0a0, length=43, elements={
0x0000018a1ae1cb00, 0x0000018a1aec3400, 0x0000018a318be280, 0x0000018a1aec4a80,
0x0000018a1aec55d0, 0x0000018a1aecb120, 0x0000018a1aecdf80, 0x0000018a1aed1b80,
0x0000018a1aed35b0, 0x0000018a1ae8bc70, 0x0000018a73f56b70, 0x0000018a7405bc00,
0x0000018a740cdca0, 0x0000018a79759720, 0x0000018a79817490, 0x0000018a79a58950,
0x0000018a7965c020, 0x0000018a7932b580, 0x0000018a79858000, 0x0000018a79655010,
0x0000018a796570e0, 0x0000018a79655d30, 0x0000018a79656a50, 0x0000018a79657770,
0x0000018a7af76bb0, 0x0000018a7af75e90, 0x0000018a7af74ae0, 0x0000018a7af778d0,
0x0000018a7af76520, 0x0000018a7af77f60, 0x0000018a7af785f0, 0x0000018a7af75170,
0x0000018a7af799a0, 0x0000018a7af7ba70, 0x0000018a7af78c80, 0x0000018a7af7ad50,
0x0000018a7af7a030, 0x0000018a7af7a6c0, 0x0000018a7af7b3e0, 0x0000018a7af79310,
0x0000018a7af7c100, 0x0000018a7c12a9d0, 0x0000018a7c128270
}

Java Threads: ( => current thread )
  0x0000018a1ae1cb00 JavaThread "main"                              [_thread_blocked, id=6508, stack(0x00000024e6f00000,0x00000024e7000000) (1024K)]
  0x0000018a1aec3400 JavaThread "Reference Handler"          daemon [_thread_blocked, id=12468, stack(0x00000024e7300000,0x00000024e7400000) (1024K)]
  0x0000018a318be280 JavaThread "Finalizer"                  daemon [_thread_blocked, id=17924, stack(0x00000024e7400000,0x00000024e7500000) (1024K)]
  0x0000018a1aec4a80 JavaThread "Signal Dispatcher"          daemon [_thread_blocked, id=12116, stack(0x00000024e7500000,0x00000024e7600000) (1024K)]
  0x0000018a1aec55d0 JavaThread "Attach Listener"            daemon [_thread_blocked, id=6304, stack(0x00000024e7600000,0x00000024e7700000) (1024K)]
  0x0000018a1aecb120 JavaThread "Service Thread"             daemon [_thread_blocked, id=6748, stack(0x00000024e7700000,0x00000024e7800000) (1024K)]
  0x0000018a1aecdf80 JavaThread "Monitor Deflation Thread"   daemon [_thread_blocked, id=10700, stack(0x00000024e7800000,0x00000024e7900000) (1024K)]
=>0x0000018a1aed1b80 JavaThread "C2 CompilerThread0"         daemon [_thread_in_native, id=6708, stack(0x00000024e7900000,0x00000024e7a00000) (1024K)]
  0x0000018a1aed35b0 JavaThread "C1 CompilerThread0"         daemon [_thread_in_native, id=14092, stack(0x00000024e7a00000,0x00000024e7b00000) (1024K)]
  0x0000018a1ae8bc70 JavaThread "Common-Cleaner"             daemon [_thread_blocked, id=6244, stack(0x00000024e7b00000,0x00000024e7c00000) (1024K)]
  0x0000018a73f56b70 JavaThread "C2 CompilerThread1"         daemon [_thread_in_native, id=2840, stack(0x00000024e7c00000,0x00000024e7d00000) (1024K)]
  0x0000018a7405bc00 JavaThread "Notification Thread"        daemon [_thread_blocked, id=19116, stack(0x00000024e7d00000,0x00000024e7e00000) (1024K)]
  0x0000018a740cdca0 JavaThread "C2 CompilerThread2"         daemon [_thread_in_native, id=8772, stack(0x00000024e7e00000,0x00000024e7f00000) (1024K)]
  0x0000018a79759720 JavaThread "Active Thread: Equinox Container: 56ee277d-fdce-4223-a937-21f122c7eb02"        [_thread_blocked, id=18964, stack(0x00000024e8500000,0x00000024e8600000) (1024K)]
  0x0000018a79817490 JavaThread "Refresh Thread: Equinox Container: 56ee277d-fdce-4223-a937-21f122c7eb02" daemon [_thread_blocked, id=12048, stack(0x00000024e8600000,0x00000024e8700000) (1024K)]
  0x0000018a79a58950 JavaThread "Framework Event Dispatcher: Equinox Container: 56ee277d-fdce-4223-a937-21f122c7eb02" daemon [_thread_blocked, id=6108, stack(0x00000024e8800000,0x00000024e8900000) (1024K)]
  0x0000018a7965c020 JavaThread "Start Level: Equinox Container: 56ee277d-fdce-4223-a937-21f122c7eb02" daemon [_thread_blocked, id=12184, stack(0x00000024e8900000,0x00000024e8a00000) (1024K)]
  0x0000018a7932b580 JavaThread "Bundle File Closer"         daemon [_thread_blocked, id=15520, stack(0x00000024e8c00000,0x00000024e8d00000) (1024K)]
  0x0000018a79858000 JavaThread "SCR Component Actor"        daemon [_thread_blocked, id=17828, stack(0x00000024e8d00000,0x00000024e8e00000) (1024K)]
  0x0000018a79655010 JavaThread "SCR Component Registry"     daemon [_thread_blocked, id=13332, stack(0x00000024e8e00000,0x00000024e8f00000) (1024K)]
  0x0000018a796570e0 JavaThread "Worker-JM"                         [_thread_blocked, id=2692, stack(0x00000024e8f00000,0x00000024e9000000) (1024K)]
  0x0000018a79655d30 JavaThread "JNA Cleaner"                daemon [_thread_blocked, id=15744, stack(0x00000024e9000000,0x00000024e9100000) (1024K)]
  0x0000018a79656a50 JavaThread "Worker-0: Java indexing... "        [_thread_blocked, id=4380, stack(0x00000024e9100000,0x00000024e9200000) (1024K)]
  0x0000018a79657770 JavaThread "Worker-1"                          [_thread_blocked, id=16704, stack(0x00000024e9200000,0x00000024e9300000) (1024K)]
  0x0000018a7af76bb0 JavaThread "Java indexing"              daemon [_thread_in_native, id=13700, stack(0x00000024e9300000,0x00000024e9400000) (1024K)]
  0x0000018a7af75e90 JavaThread "Worker-2"                          [_thread_blocked, id=3968, stack(0x00000024e9600000,0x00000024e9700000) (1024K)]
  0x0000018a7af74ae0 JavaThread "Worker-3: Repository registry initialization"        [_thread_in_vm, id=11396, stack(0x00000024e9700000,0x00000024e9800000) (1024K)]
  0x0000018a7af778d0 JavaThread "Thread-2"                   daemon [_thread_in_native, id=7592, stack(0x00000024e9800000,0x00000024e9900000) (1024K)]
  0x0000018a7af76520 JavaThread "Thread-3"                   daemon [_thread_in_native, id=18392, stack(0x00000024e9900000,0x00000024e9a00000) (1024K)]
  0x0000018a7af77f60 JavaThread "Thread-4"                   daemon [_thread_in_native, id=5392, stack(0x00000024e9a00000,0x00000024e9b00000) (1024K)]
  0x0000018a7af785f0 JavaThread "Thread-5"                   daemon [_thread_in_native, id=15320, stack(0x00000024e9b00000,0x00000024e9c00000) (1024K)]
  0x0000018a7af75170 JavaThread "Thread-6"                   daemon [_thread_in_native, id=15068, stack(0x00000024e9c00000,0x00000024e9d00000) (1024K)]
  0x0000018a7af799a0 JavaThread "Thread-7"                   daemon [_thread_in_native, id=6088, stack(0x00000024e9d00000,0x00000024e9e00000) (1024K)]
  0x0000018a7af7ba70 JavaThread "Thread-8"                   daemon [_thread_in_native, id=18788, stack(0x00000024e9e00000,0x00000024e9f00000) (1024K)]
  0x0000018a7af78c80 JavaThread "Thread-9"                   daemon [_thread_in_native, id=12056, stack(0x00000024e9f00000,0x00000024ea000000) (1024K)]
  0x0000018a7af7ad50 JavaThread "Thread-10"                  daemon [_thread_in_native, id=15940, stack(0x00000024ea000000,0x00000024ea100000) (1024K)]
  0x0000018a7af7a030 JavaThread "Thread-11"                  daemon [_thread_in_native, id=14904, stack(0x00000024ea100000,0x00000024ea200000) (1024K)]
  0x0000018a7af7a6c0 JavaThread "Thread-12"                  daemon [_thread_in_native, id=14984, stack(0x00000024ea200000,0x00000024ea300000) (1024K)]
  0x0000018a7af7b3e0 JavaThread "Thread-13"                  daemon [_thread_in_native, id=4000, stack(0x00000024ea300000,0x00000024ea400000) (1024K)]
  0x0000018a7af79310 JavaThread "Thread-14"                  daemon [_thread_in_native, id=18476, stack(0x00000024ea400000,0x00000024ea500000) (1024K)]
  0x0000018a7af7c100 JavaThread "pool-2-thread-1"                   [_thread_blocked, id=16256, stack(0x00000024ea500000,0x00000024ea600000) (1024K)]
  0x0000018a7c12a9d0 JavaThread "WorkspaceEventsHandler"            [_thread_blocked, id=18920, stack(0x00000024ea600000,0x00000024ea700000) (1024K)]
  0x0000018a7c128270 JavaThread "pool-1-thread-1"                   [_thread_in_vm, id=17576, stack(0x00000024ea700000,0x00000024ea800000) (1024K)]
Total: 43

Other Threads:
  0x0000018a1aebe730 VMThread "VM Thread"                           [id=16448, stack(0x00000024e7200000,0x00000024e7300000) (1024K)]
  0x0000018a3179ca00 WatcherThread "VM Periodic Task Thread"        [id=9212, stack(0x00000024e7100000,0x00000024e7200000) (1024K)]
  0x0000018a1ae3c0e0 WorkerThread "GC Thread#0"                     [id=1920, stack(0x00000024e7000000,0x00000024e7100000) (1024K)]
  0x0000018a7979bb30 WorkerThread "GC Thread#1"                     [id=2640, stack(0x00000024e7f00000,0x00000024e8000000) (1024K)]
  0x0000018a7979c2d0 WorkerThread "GC Thread#2"                     [id=16852, stack(0x00000024e8000000,0x00000024e8100000) (1024K)]
  0x0000018a7905f330 WorkerThread "GC Thread#3"                     [id=3728, stack(0x00000024e8100000,0x00000024e8200000) (1024K)]
  0x0000018a7905f6d0 WorkerThread "GC Thread#4"                     [id=18224, stack(0x00000024e8200000,0x00000024e8300000) (1024K)]
  0x0000018a7905fa70 WorkerThread "GC Thread#5"                     [id=16768, stack(0x00000024e8300000,0x00000024e8400000) (1024K)]
  0x0000018a79741fe0 WorkerThread "GC Thread#6"                     [id=16496, stack(0x00000024e8400000,0x00000024e8500000) (1024K)]
  0x0000018a798030a0 WorkerThread "GC Thread#7"                     [id=3076, stack(0x00000024e8700000,0x00000024e8800000) (1024K)]
  0x0000018a796d3c70 WorkerThread "GC Thread#8"                     [id=14080, stack(0x00000024e8a00000,0x00000024e8b00000) (1024K)]
  0x0000018a796e96d0 WorkerThread "GC Thread#9"                     [id=9540, stack(0x00000024e8b00000,0x00000024e8c00000) (1024K)]
Total: 12

Threads with active compile tasks:
C2 CompilerThread0  5945 5247   !   4       org.eclipse.osgi.internal.loader.classpath.ClasspathManager::findClassImpl (343 bytes)
C1 CompilerThread0  5946 5373       2       com.google.gson.internal.bind.JsonTreeReader::expect (55 bytes)
C2 CompilerThread1  5946 5280   !   4       org.eclipse.osgi.internal.loader.classpath.ClasspathManager::defineClass (636 bytes)
C2 CompilerThread2  5947 5226       4       org.eclipse.osgi.internal.serviceregistry.ServiceRegistry::notifyHooksPrivileged (57 bytes)
Total: 4

VM state: not at safepoint (normal execution)

VM Mutex/Monitor currently owned by a thread: None

Heap address: 0x0000000080000000, size: 2048 MB, Compressed Oops mode: 32-bit

CDS archive(s) mapped at: [0x0000018a32000000-0x0000018a32ba0000-0x0000018a32ba0000), size 12189696, SharedBaseAddress: 0x0000018a32000000, ArchiveRelocationMode: 1.
Compressed class space mapped at: 0x0000018a33000000-0x0000018a73000000, reserved size: 1073741824
Narrow klass base: 0x0000018a32000000, Narrow klass shift: 0, Narrow klass range: 0x100000000

GC Precious Log:
 CardTable entry size: 512
 CPUs: 12 total, 12 available
 Memory: 7895M
 Large Page Support: Disabled
 NUMA Support: Disabled
 Compressed Oops: Enabled (32-bit)
 Alignments: Space 512K, Generation 512K, Heap 2M
 Heap Min Capacity: 100M
 Heap Initial Capacity: 100M
 Heap Max Capacity: 2G
 Pre-touch: Disabled
 Parallel Workers: 10

Heap:
 PSYoungGen      total 24064K, used 2404K [0x00000000d5580000, 0x00000000d6f00000, 0x0000000100000000)
  eden space 22016K, 3% used [0x00000000d5580000,0x00000000d56312c0,0x00000000d6b00000)
  from space 2048K, 82% used [0x00000000d6c80000,0x00000000d6e28000,0x00000000d6e80000)
  to   space 512K, 0% used [0x00000000d6e80000,0x00000000d6e80000,0x00000000d6f00000)
 ParOldGen       total 68608K, used 23877K [0x0000000080000000, 0x0000000084300000, 0x00000000d5580000)
  object space 68608K, 34% used [0x0000000080000000,0x0000000081751628,0x0000000084300000)
 Metaspace       used 38424K, committed 39616K, reserved 1114112K
  class space    used 4044K, committed 4608K, reserved 1048576K

Card table byte_map: [0x0000018a1a7c0000,0x0000018a1abd0000] _byte_map_base: 0x0000018a1a3c0000

Marking Bits: (ParMarkBitMap*) 0x00007ffd2cefa340
 Begin Bits: [0x0000018a2d2c0000, 0x0000018a2f2c0000)
 End Bits:   [0x0000018a2f2c0000, 0x0000018a312c0000)

Polling page: 0x0000018a18c60000

Metaspace:

Usage:
  Non-class:     33.58 MB used.
      Class:      3.95 MB used.
       Both:     37.53 MB used.

Virtual space:
  Non-class space:       64.00 MB reserved,      34.19 MB ( 53%) committed,  1 nodes.
      Class space:        1.00 GB reserved,       4.50 MB ( <1%) committed,  1 nodes.
             Both:        1.06 GB reserved,      38.69 MB (  4%) committed. 

Chunk freelists:
   Non-Class:  13.56 MB
       Class:  11.39 MB
        Both:  24.95 MB

MaxMetaspaceSize: unlimited
CompressedClassSpaceSize: 1.00 GB
Initial GC threshold: 21.00 MB
Current GC threshold: 58.38 MB
CDS: on
 - commit_granule_bytes: 65536.
 - commit_granule_words: 8192.
 - virtual_space_node_default_size: 8388608.
 - enlarge_chunks_in_place: 1.
 - use_allocation_guard: 0.


Internal statistics:

num_allocs_failed_limit: 6.
num_arena_births: 912.
num_arena_deaths: 14.
num_vsnodes_births: 2.
num_vsnodes_deaths: 0.
num_space_committed: 619.
num_space_uncommitted: 0.
num_chunks_returned_to_freelist: 20.
num_chunks_taken_from_freelist: 2629.
num_chunk_merges: 7.
num_chunk_splits: 1627.
num_chunks_enlarged: 927.
num_inconsistent_stats: 0.

CodeHeap 'non-profiled nmethods': size=120000Kb used=2538Kb max_used=2549Kb free=117462Kb
 bounds [0x0000018a25ae0000, 0x0000018a25d90000, 0x0000018a2d010000]
CodeHeap 'profiled nmethods': size=120000Kb used=9693Kb max_used=10413Kb free=110306Kb
 bounds [0x0000018a1e010000, 0x0000018a1ea40000, 0x0000018a25540000]
CodeHeap 'non-nmethods': size=5760Kb used=1362Kb max_used=1412Kb free=4397Kb
 bounds [0x0000018a25540000, 0x0000018a257b0000, 0x0000018a25ae0000]
CodeCache: size=245760Kb, used=13593Kb, max_used=14374Kb, free=232165Kb
 total_blobs=5384, nmethods=4725, adapters=565, full_count=0
Compilation: enabled, stopped_count=0, restarted_count=0

Compilation events (20 events):
Event: 3.840 Thread 0x0000018a1aed35b0 5356  s    2       java.io.FileDescriptor::attach (73 bytes)
Event: 3.841 Thread 0x0000018a1aed35b0 nmethod 5356 0x0000018a1e347d90 code [0x0000018a1e347f80, 0x0000018a1e348408]
Event: 3.844 Thread 0x0000018a1aed35b0 5357       2       org.eclipse.sisu.space.URLClassSpace::deferLoadClass (10 bytes)
Event: 3.844 Thread 0x0000018a1aed35b0 nmethod 5357 0x0000018a1e2f2b10 code [0x0000018a1e2f2ca0, 0x0000018a1e2f2e30]
Event: 3.844 Thread 0x0000018a1aed35b0 5358       2       org.eclipse.sisu.space.NamedClass::<init> (15 bytes)
Event: 3.844 Thread 0x0000018a1aed35b0 nmethod 5358 0x0000018a1e657090 code [0x0000018a1e657220, 0x0000018a1e657350]
Event: 3.845 Thread 0x0000018a1aed35b0 5359   !   3       org.eclipse.osgi.internal.loader.BundleLoader::findRequiredSource (283 bytes)
Event: 3.847 Thread 0x0000018a1aed35b0 nmethod 5359 0x0000018a1e4b3010 code [0x0000018a1e4b33a0, 0x0000018a1e4b5080]
Event: 3.865 Thread 0x0000018a1aed35b0 5360       2       java.io.FileInputStream::<init> (107 bytes)
Event: 3.865 Thread 0x0000018a1aed35b0 nmethod 5360 0x0000018a1e347410 code [0x0000018a1e347620, 0x0000018a1e347ab8]
Event: 3.865 Thread 0x0000018a1aed35b0 5361   !   2       java.io.FileInputStream::open (26 bytes)
Event: 3.866 Thread 0x0000018a1aed35b0 nmethod 5361 0x0000018a1e496510 code [0x0000018a1e4966e0, 0x0000018a1e4968a0]
Event: 3.878 Thread 0x0000018a1aed35b0 5362   !   2       java.io.FileInputStream::close (69 bytes)
Event: 3.879 Thread 0x0000018a1aed35b0 nmethod 5362 0x0000018a1e495e10 code [0x0000018a1e495fe0, 0x0000018a1e496370]
Event: 3.879 Thread 0x0000018a1aed35b0 5363       2       java.io.FileInputStream$1::close (11 bytes)
Event: 3.880 Thread 0x0000018a1aed35b0 nmethod 5363 0x0000018a1e4acb90 code [0x0000018a1e4acd60, 0x0000018a1e4ad0d0]
Event: 3.916 Thread 0x0000018a1aed35b0 5364       2       org.eclipse.core.internal.resources.ResourceInfo::isSet (11 bytes)
Event: 3.916 Thread 0x0000018a1aed35b0 nmethod 5364 0x0000018a1e677010 code [0x0000018a1e6771a0, 0x0000018a1e6772c8]
Event: 4.854 Thread 0x0000018a1aed35b0 5365       1       java.util.zip.ZipFile$ZipFileInputStream::size (5 bytes)
Event: 5.858 Thread 0x0000018a1aed35b0 nmethod 5365 0x0000018a25c3b110 code [0x0000018a25c3b2a0, 0x0000018a25c3b368]

GC Heap History (20 events):
Event: 2.231 GC heap before
{Heap before GC invocations=7 (full 0):
 PSYoungGen      total 29696K, used 26915K [0x00000000d5580000, 0x00000000d7880000, 0x0000000100000000)
  eden space 24576K, 89% used [0x00000000d5580000,0x00000000d6ae6678,0x00000000d6d80000)
  from space 5120K, 97% used [0x00000000d7380000,0x00000000d78626a0,0x00000000d7880000)
  to   space 5632K, 0% used [0x00000000d6d80000,0x00000000d6d80000,0x00000000d7300000)
 ParOldGen       total 68608K, used 7823K [0x0000000080000000, 0x0000000084300000, 0x00000000d5580000)
  object space 68608K, 11% used [0x0000000080000000,0x00000000807a3e60,0x0000000084300000)
 Metaspace       used 20641K, committed 21504K, reserved 1114112K
  class space    used 2200K, committed 2560K, reserved 1048576K
}
Event: 2.235 GC heap after
{Heap after GC invocations=7 (full 0):
 PSYoungGen      total 29696K, used 4855K [0x00000000d5580000, 0x00000000d7780000, 0x0000000100000000)
  eden space 24576K, 0% used [0x00000000d5580000,0x00000000d5580000,0x00000000d6d80000)
  from space 5120K, 94% used [0x00000000d6d80000,0x00000000d723dfc8,0x00000000d7280000)
  to   space 5120K, 0% used [0x00000000d7280000,0x00000000d7280000,0x00000000d7780000)
 ParOldGen       total 68608K, used 8997K [0x0000000080000000, 0x0000000084300000, 0x00000000d5580000)
  object space 68608K, 13% used [0x0000000080000000,0x00000000808c9678,0x0000000084300000)
 Metaspace       used 20641K, committed 21504K, reserved 1114112K
  class space    used 2200K, committed 2560K, reserved 1048576K
}
Event: 2.235 GC heap before
{Heap before GC invocations=8 (full 1):
 PSYoungGen      total 29696K, used 4855K [0x00000000d5580000, 0x00000000d7780000, 0x0000000100000000)
  eden space 24576K, 0% used [0x00000000d5580000,0x00000000d5580000,0x00000000d6d80000)
  from space 5120K, 94% used [0x00000000d6d80000,0x00000000d723dfc8,0x00000000d7280000)
  to   space 5120K, 0% used [0x00000000d7280000,0x00000000d7280000,0x00000000d7780000)
 ParOldGen       total 68608K, used 8997K [0x0000000080000000, 0x0000000084300000, 0x00000000d5580000)
  object space 68608K, 13% used [0x0000000080000000,0x00000000808c9678,0x0000000084300000)
 Metaspace       used 20641K, committed 21504K, reserved 1114112K
  class space    used 2200K, committed 2560K, reserved 1048576K
}
Event: 2.258 GC heap after
{Heap after GC invocations=8 (full 1):
 PSYoungGen      total 29696K, used 0K [0x00000000d5580000, 0x00000000d7780000, 0x0000000100000000)
  eden space 24576K, 0% used [0x00000000d5580000,0x00000000d5580000,0x00000000d6d80000)
  from space 5120K, 0% used [0x00000000d6d80000,0x00000000d6d80000,0x00000000d7280000)
  to   space 5120K, 0% used [0x00000000d7280000,0x00000000d7280000,0x00000000d7780000)
 ParOldGen       total 68608K, used 13137K [0x0000000080000000, 0x0000000084300000, 0x00000000d5580000)
  object space 68608K, 19% used [0x0000000080000000,0x0000000080cd45e8,0x0000000084300000)
 Metaspace       used 20629K, committed 21504K, reserved 1114112K
  class space    used 2197K, committed 2560K, reserved 1048576K
}
Event: 2.410 GC heap before
{Heap before GC invocations=9 (full 1):
 PSYoungGen      total 29696K, used 24545K [0x00000000d5580000, 0x00000000d7780000, 0x0000000100000000)
  eden space 24576K, 99% used [0x00000000d5580000,0x00000000d6d78658,0x00000000d6d80000)
  from space 5120K, 0% used [0x00000000d6d80000,0x00000000d6d80000,0x00000000d7280000)
  to   space 5120K, 0% used [0x00000000d7280000,0x00000000d7280000,0x00000000d7780000)
 ParOldGen       total 68608K, used 13137K [0x0000000080000000, 0x0000000084300000, 0x00000000d5580000)
  object space 68608K, 19% used [0x0000000080000000,0x0000000080cd45e8,0x0000000084300000)
 Metaspace       used 22329K, committed 23296K, reserved 1114112K
  class space    used 2352K, committed 2752K, reserved 1048576K
}
Event: 2.412 GC heap after
{Heap after GC invocations=9 (full 1):
 PSYoungGen      total 27648K, used 3306K [0x00000000d5580000, 0x00000000d7600000, 0x0000000100000000)
  eden space 24064K, 0% used [0x00000000d5580000,0x00000000d5580000,0x00000000d6d00000)
  from space 3584K, 92% used [0x00000000d7280000,0x00000000d75bab50,0x00000000d7600000)
  to   space 4096K, 0% used [0x00000000d6e00000,0x00000000d6e00000,0x00000000d7200000)
 ParOldGen       total 68608K, used 13145K [0x0000000080000000, 0x0000000084300000, 0x00000000d5580000)
  object space 68608K, 19% used [0x0000000080000000,0x0000000080cd65e8,0x0000000084300000)
 Metaspace       used 22329K, committed 23296K, reserved 1114112K
  class space    used 2352K, committed 2752K, reserved 1048576K
}
Event: 2.585 GC heap before
{Heap before GC invocations=10 (full 1):
 PSYoungGen      total 27648K, used 27370K [0x00000000d5580000, 0x00000000d7600000, 0x0000000100000000)
  eden space 24064K, 100% used [0x00000000d5580000,0x00000000d6d00000,0x00000000d6d00000)
  from space 3584K, 92% used [0x00000000d7280000,0x00000000d75bab50,0x00000000d7600000)
  to   space 4096K, 0% used [0x00000000d6e00000,0x00000000d6e00000,0x00000000d7200000)
 ParOldGen       total 68608K, used 13145K [0x0000000080000000, 0x0000000084300000, 0x00000000d5580000)
  object space 68608K, 19% used [0x0000000080000000,0x0000000080cd65e8,0x0000000084300000)
 Metaspace       used 26245K, committed 27200K, reserved 1114112K
  class space    used 2636K, committed 3008K, reserved 1048576K
}
Event: 2.587 GC heap after
{Heap after GC invocations=10 (full 1):
 PSYoungGen      total 25600K, used 1731K [0x00000000d5580000, 0x00000000d7300000, 0x0000000100000000)
  eden space 23552K, 0% used [0x00000000d5580000,0x00000000d5580000,0x00000000d6c80000)
  from space 2048K, 84% used [0x00000000d6e00000,0x00000000d6fb0fe0,0x00000000d7000000)
  to   space 2560K, 0% used [0x00000000d7080000,0x00000000d7080000,0x00000000d7300000)
 ParOldGen       total 68608K, used 13153K [0x0000000080000000, 0x0000000084300000, 0x00000000d5580000)
  object space 68608K, 19% used [0x0000000080000000,0x0000000080cd85e8,0x0000000084300000)
 Metaspace       used 26245K, committed 27200K, reserved 1114112K
  class space    used 2636K, committed 3008K, reserved 1048576K
}
Event: 2.752 GC heap before
{Heap before GC invocations=11 (full 1):
 PSYoungGen      total 25600K, used 25283K [0x00000000d5580000, 0x00000000d7300000, 0x0000000100000000)
  eden space 23552K, 100% used [0x00000000d5580000,0x00000000d6c80000,0x00000000d6c80000)
  from space 2048K, 84% used [0x00000000d6e00000,0x00000000d6fb0fe0,0x00000000d7000000)
  to   space 2560K, 0% used [0x00000000d7080000,0x00000000d7080000,0x00000000d7300000)
 ParOldGen       total 68608K, used 13153K [0x0000000080000000, 0x0000000084300000, 0x00000000d5580000)
  object space 68608K, 19% used [0x0000000080000000,0x0000000080cd85e8,0x0000000084300000)
 Metaspace       used 27889K, committed 28864K, reserved 1114112K
  class space    used 2757K, committed 3136K, reserved 1048576K
}
Event: 2.754 GC heap after
{Heap after GC invocations=11 (full 1):
 PSYoungGen      total 25600K, used 2196K [0x00000000d5580000, 0x00000000d7300000, 0x0000000100000000)
  eden space 23040K, 0% used [0x00000000d5580000,0x00000000d5580000,0x00000000d6c00000)
  from space 2560K, 85% used [0x00000000d7080000,0x00000000d72a5250,0x00000000d7300000)
  to   space 2560K, 0% used [0x00000000d6e00000,0x00000000d6e00000,0x00000000d7080000)
 ParOldGen       total 68608K, used 14999K [0x0000000080000000, 0x0000000084300000, 0x00000000d5580000)
  object space 68608K, 21% used [0x0000000080000000,0x0000000080ea5cc0,0x0000000084300000)
 Metaspace       used 27889K, committed 28864K, reserved 1114112K
  class space    used 2757K, committed 3136K, reserved 1048576K
}
Event: 3.079 GC heap before
{Heap before GC invocations=12 (full 1):
 PSYoungGen      total 25600K, used 25236K [0x00000000d5580000, 0x00000000d7300000, 0x0000000100000000)
  eden space 23040K, 100% used [0x00000000d5580000,0x00000000d6c00000,0x00000000d6c00000)
  from space 2560K, 85% used [0x00000000d7080000,0x00000000d72a5250,0x00000000d7300000)
  to   space 2560K, 0% used [0x00000000d6e00000,0x00000000d6e00000,0x00000000d7080000)
 ParOldGen       total 68608K, used 14999K [0x0000000080000000, 0x0000000084300000, 0x00000000d5580000)
  object space 68608K, 21% used [0x0000000080000000,0x0000000080ea5cc0,0x0000000084300000)
 Metaspace       used 30617K, committed 31616K, reserved 1114112K
  class space    used 3035K, committed 3456K, reserved 1048576K
}
Event: 3.082 GC heap after
{Heap after GC invocations=12 (full 1):
 PSYoungGen      total 25088K, used 2443K [0x00000000d5580000, 0x00000000d7100000, 0x0000000100000000)
  eden space 22528K, 0% used [0x00000000d5580000,0x00000000d5580000,0x00000000d6b80000)
  from space 2560K, 95% used [0x00000000d6e00000,0x00000000d7062fa0,0x00000000d7080000)
  to   space 512K, 0% used [0x00000000d7080000,0x00000000d7080000,0x00000000d7100000)
 ParOldGen       total 68608K, used 16988K [0x0000000080000000, 0x0000000084300000, 0x00000000d5580000)
  object space 68608K, 24% used [0x0000000080000000,0x0000000081097388,0x0000000084300000)
 Metaspace       used 30617K, committed 31616K, reserved 1114112K
  class space    used 3035K, committed 3456K, reserved 1048576K
}
Event: 3.241 GC heap before
{Heap before GC invocations=13 (full 1):
 PSYoungGen      total 25088K, used 24971K [0x00000000d5580000, 0x00000000d7100000, 0x0000000100000000)
  eden space 22528K, 100% used [0x00000000d5580000,0x00000000d6b80000,0x00000000d6b80000)
  from space 2560K, 95% used [0x00000000d6e00000,0x00000000d7062fa0,0x00000000d7080000)
  to   space 512K, 0% used [0x00000000d7080000,0x00000000d7080000,0x00000000d7100000)
 ParOldGen       total 68608K, used 16988K [0x0000000080000000, 0x0000000084300000, 0x00000000d5580000)
  object space 68608K, 24% used [0x0000000080000000,0x00000000810973d0,0x0000000084300000)
 Metaspace       used 33335K, committed 34560K, reserved 1114112K
  class space    used 3374K, committed 3904K, reserved 1048576K
}
Event: 3.245 GC heap after
{Heap after GC invocations=13 (full 1):
 PSYoungGen      total 23040K, used 509K [0x00000000d5580000, 0x00000000d7580000, 0x0000000100000000)
  eden space 22528K, 0% used [0x00000000d5580000,0x00000000d5580000,0x00000000d6b80000)
  from space 512K, 99% used [0x00000000d7080000,0x00000000d70ff658,0x00000000d7100000)
  to   space 5120K, 0% used [0x00000000d6b80000,0x00000000d6b80000,0x00000000d7080000)
 ParOldGen       total 68608K, used 20858K [0x0000000080000000, 0x0000000084300000, 0x00000000d5580000)
  object space 68608K, 30% used [0x0000000080000000,0x000000008145ea68,0x0000000084300000)
 Metaspace       used 33335K, committed 34560K, reserved 1114112K
  class space    used 3374K, committed 3904K, reserved 1048576K
}
Event: 3.383 GC heap before
{Heap before GC invocations=14 (full 1):
 PSYoungGen      total 23040K, used 16694K [0x00000000d5580000, 0x00000000d7580000, 0x0000000100000000)
  eden space 22528K, 71% used [0x00000000d5580000,0x00000000d654e360,0x00000000d6b80000)
  from space 512K, 99% used [0x00000000d7080000,0x00000000d70ff658,0x00000000d7100000)
  to   space 5120K, 0% used [0x00000000d6b80000,0x00000000d6b80000,0x00000000d7080000)
 ParOldGen       total 68608K, used 20858K [0x0000000080000000, 0x0000000084300000, 0x00000000d5580000)
  object space 68608K, 30% used [0x0000000080000000,0x000000008145ea68,0x0000000084300000)
 Metaspace       used 34740K, committed 35840K, reserved 1114112K
  class space    used 3567K, committed 4096K, reserved 1048576K
}
Event: 3.385 GC heap after
{Heap after GC invocations=14 (full 1):
 PSYoungGen      total 25088K, used 2112K [0x00000000d5580000, 0x00000000d7180000, 0x0000000100000000)
  eden space 22528K, 0% used [0x00000000d5580000,0x00000000d5580000,0x00000000d6b80000)
  from space 2560K, 82% used [0x00000000d6b80000,0x00000000d6d90000,0x00000000d6e00000)
  to   space 3072K, 0% used [0x00000000d6e80000,0x00000000d6e80000,0x00000000d7180000)
 ParOldGen       total 68608K, used 21301K [0x0000000080000000, 0x0000000084300000, 0x00000000d5580000)
  object space 68608K, 31% used [0x0000000080000000,0x00000000814cd488,0x0000000084300000)
 Metaspace       used 34740K, committed 35840K, reserved 1114112K
  class space    used 3567K, committed 4096K, reserved 1048576K
}
Event: 3.385 GC heap before
{Heap before GC invocations=15 (full 2):
 PSYoungGen      total 25088K, used 2112K [0x00000000d5580000, 0x00000000d7180000, 0x0000000100000000)
  eden space 22528K, 0% used [0x00000000d5580000,0x00000000d5580000,0x00000000d6b80000)
  from space 2560K, 82% used [0x00000000d6b80000,0x00000000d6d90000,0x00000000d6e00000)
  to   space 3072K, 0% used [0x00000000d6e80000,0x00000000d6e80000,0x00000000d7180000)
 ParOldGen       total 68608K, used 21301K [0x0000000080000000, 0x0000000084300000, 0x00000000d5580000)
  object space 68608K, 31% used [0x0000000080000000,0x00000000814cd488,0x0000000084300000)
 Metaspace       used 34740K, committed 35840K, reserved 1114112K
  class space    used 3567K, committed 4096K, reserved 1048576K
}
Event: 3.415 GC heap after
{Heap after GC invocations=15 (full 2):
 PSYoungGen      total 25088K, used 0K [0x00000000d5580000, 0x00000000d7180000, 0x0000000100000000)
  eden space 22528K, 0% used [0x00000000d5580000,0x00000000d5580000,0x00000000d6b80000)
  from space 2560K, 0% used [0x00000000d6b80000,0x00000000d6b80000,0x00000000d6e00000)
  to   space 3072K, 0% used [0x00000000d6e80000,0x00000000d6e80000,0x00000000d7180000)
 ParOldGen       total 68608K, used 22305K [0x0000000080000000, 0x0000000084300000, 0x00000000d5580000)
  object space 68608K, 32% used [0x0000000080000000,0x00000000815c86c8,0x0000000084300000)
 Metaspace       used 34740K, committed 35840K, reserved 1114112K
  class space    used 3567K, committed 4096K, reserved 1048576K
}
Event: 3.546 GC heap before
{Heap before GC invocations=16 (full 2):
 PSYoungGen      total 25088K, used 22528K [0x00000000d5580000, 0x00000000d7180000, 0x0000000100000000)
  eden space 22528K, 100% used [0x00000000d5580000,0x00000000d6b80000,0x00000000d6b80000)
  from space 2560K, 0% used [0x00000000d6b80000,0x00000000d6b80000,0x00000000d6e00000)
  to   space 3072K, 0% used [0x00000000d6e80000,0x00000000d6e80000,0x00000000d7180000)
 ParOldGen       total 68608K, used 22353K [0x0000000080000000, 0x0000000084300000, 0x00000000d5580000)
  object space 68608K, 32% used [0x0000000080000000,0x00000000815d4610,0x0000000084300000)
 Metaspace       used 36604K, committed 37760K, reserved 1114112K
  class space    used 3787K, committed 4288K, reserved 1048576K
}
Event: 3.548 GC heap after
{Heap after GC invocations=16 (full 2):
 PSYoungGen      total 24064K, used 1750K [0x00000000d5580000, 0x00000000d7080000, 0x0000000100000000)
  eden space 22016K, 0% used [0x00000000d5580000,0x00000000d5580000,0x00000000d6b00000)
  from space 2048K, 85% used [0x00000000d6e80000,0x00000000d7035880,0x00000000d7080000)
  to   space 2048K, 0% used [0x00000000d6c80000,0x00000000d6c80000,0x00000000d6e80000)
 ParOldGen       total 68608K, used 22361K [0x0000000080000000, 0x0000000084300000, 0x00000000d5580000)
  object space 68608K, 32% used [0x0000000080000000,0x00000000815d6610,0x0000000084300000)
 Metaspace       used 36604K, committed 37760K, reserved 1114112K
  class space    used 3787K, committed 4288K, reserved 1048576K
}

Dll operation events (10 events):
Event: 0.010 Loaded shared library c:\Users\nabil\.vscode\extensions\redhat.java-1.45.0-win32-x64\jre\21.0.8-win32-x86_64\bin\java.dll
Event: 0.081 Loaded shared library c:\Users\nabil\.vscode\extensions\redhat.java-1.45.0-win32-x64\jre\21.0.8-win32-x86_64\bin\zip.dll
Event: 0.093 Loaded shared library C:\Users\nabil\.vscode\extensions\redhat.java-1.45.0-win32-x64\jre\21.0.8-win32-x86_64\bin\instrument.dll
Event: 0.095 Loaded shared library C:\Users\nabil\.vscode\extensions\redhat.java-1.45.0-win32-x64\jre\21.0.8-win32-x86_64\bin\net.dll
Event: 0.097 Loaded shared library C:\Users\nabil\.vscode\extensions\redhat.java-1.45.0-win32-x64\jre\21.0.8-win32-x86_64\bin\nio.dll
Event: 0.100 Loaded shared library C:\Users\nabil\.vscode\extensions\redhat.java-1.45.0-win32-x64\jre\21.0.8-win32-x86_64\bin\zip.dll
Event: 0.112 Loaded shared library C:\Users\nabil\.vscode\extensions\redhat.java-1.45.0-win32-x64\jre\21.0.8-win32-x86_64\bin\jimage.dll
Event: 0.160 Loaded shared library c:\Users\nabil\.vscode\extensions\redhat.java-1.45.0-win32-x64\jre\21.0.8-win32-x86_64\bin\verify.dll
Event: 0.904 Loaded shared library C:\Users\nabil\AppData\Roaming\Code\User\globalStorage\redhat.java\1.45.0\config_win\org.eclipse.equinox.launcher\org.eclipse.equinox.launcher.win32.win32.x86_64_1.2.1400.v20250801-0854\eclipse_11916.dll
Event: 1.738 Loaded shared library C:\Users\nabil\AppData\Local\Temp\jna-104574578\jna1640339475366103049.dll

Deoptimization events (20 events):
Event: 3.587 Thread 0x0000018a7c128270 Uncommon trap: trap_request=0xffffff45 fr.pc=0x0000018a25c05f24 relative=0x00000000000001e4
Event: 3.587 Thread 0x0000018a7c128270 Uncommon trap: reason=unstable_if action=reinterpret pc=0x0000018a25c05f24 method=com.google.gson.stream.JsonReader.nextNonWhitespace(Z)I @ 32 c2
Event: 3.587 Thread 0x0000018a7c128270 DEOPT PACKING pc=0x0000018a25c05f24 sp=0x00000024ea7ff080
Event: 3.587 Thread 0x0000018a7c128270 DEOPT UNPACKING pc=0x0000018a25593aa2 sp=0x00000024ea7feff8 mode 2
Event: 3.726 Thread 0x0000018a7af74ae0 Uncommon trap: trap_request=0xffffff45 fr.pc=0x0000018a25b8e250 relative=0x0000000000000890
Event: 3.726 Thread 0x0000018a7af74ae0 Uncommon trap: reason=unstable_if action=reinterpret pc=0x0000018a25b8e250 method=jdk.internal.org.objectweb.asm.SymbolTable.put(Ljdk/internal/org/objectweb/asm/SymbolTable$Entry;)Ljdk/internal/org/objectweb/asm/SymbolTable$Entry; @ 13 c2
Event: 3.726 Thread 0x0000018a7af74ae0 DEOPT PACKING pc=0x0000018a25b8e250 sp=0x00000024e97fd7a0
Event: 3.726 Thread 0x0000018a7af74ae0 DEOPT UNPACKING pc=0x0000018a25593aa2 sp=0x00000024e97fd6b8 mode 2
Event: 3.764 Thread 0x0000018a7af74ae0 Uncommon trap: trap_request=0xffffff45 fr.pc=0x0000018a25c96934 relative=0x00000000000008b4
Event: 3.764 Thread 0x0000018a7af74ae0 Uncommon trap: reason=unstable_if action=reinterpret pc=0x0000018a25c96934 method=java.io.BufferedInputStream.implRead([BII)I @ 30 c2
Event: 3.764 Thread 0x0000018a7af74ae0 DEOPT PACKING pc=0x0000018a25c96934 sp=0x00000024e97fe1a0
Event: 3.764 Thread 0x0000018a7af74ae0 DEOPT UNPACKING pc=0x0000018a25593aa2 sp=0x00000024e97fe178 mode 2
Event: 3.781 Thread 0x0000018a7af74ae0 Uncommon trap: trap_request=0xffffff45 fr.pc=0x0000018a25c04054 relative=0x0000000000000134
Event: 3.781 Thread 0x0000018a7af74ae0 Uncommon trap: reason=unstable_if action=reinterpret pc=0x0000018a25c04054 method=java.util.ArrayList.indexOfRange(Ljava/lang/Object;II)I @ 7 c2
Event: 3.781 Thread 0x0000018a7af74ae0 DEOPT PACKING pc=0x0000018a25c04054 sp=0x00000024e97fe420
Event: 3.781 Thread 0x0000018a7af74ae0 DEOPT UNPACKING pc=0x0000018a25593aa2 sp=0x00000024e97fe2e0 mode 2
Event: 3.793 Thread 0x0000018a7af74ae0 Uncommon trap: trap_request=0xffffff45 fr.pc=0x0000018a25bfcd30 relative=0x0000000000000110
Event: 3.793 Thread 0x0000018a7af74ae0 Uncommon trap: reason=unstable_if action=reinterpret pc=0x0000018a25bfcd30 method=java.util.ArrayList.indexOfRange(Ljava/lang/Object;II)I @ 7 c2
Event: 3.794 Thread 0x0000018a7af74ae0 DEOPT PACKING pc=0x0000018a25bfcd30 sp=0x00000024e97fe340
Event: 3.794 Thread 0x0000018a7af74ae0 DEOPT UNPACKING pc=0x0000018a25593aa2 sp=0x00000024e97fe2e0 mode 2

Classes loaded (20 events):
Event: 3.583 Loading class sun/reflect/annotation/TypeAnnotationParser
Event: 3.584 Loading class sun/reflect/annotation/TypeAnnotationParser done
Event: 3.584 Loading class sun/reflect/annotation/TypeAnnotation
Event: 3.584 Loading class sun/reflect/annotation/TypeAnnotation done
Event: 3.584 Loading class sun/reflect/annotation/TypeAnnotation$TypeAnnotationTarget
Event: 3.584 Loading class sun/reflect/annotation/TypeAnnotation$TypeAnnotationTarget done
Event: 3.584 Loading class sun/reflect/annotation/TypeAnnotation$LocationInfo
Event: 3.585 Loading class sun/reflect/annotation/TypeAnnotation$LocationInfo done
Event: 3.585 Loading class sun/reflect/annotation/TypeAnnotation$LocationInfo$Location
Event: 3.585 Loading class sun/reflect/annotation/TypeAnnotation$LocationInfo$Location done
Event: 3.585 Loading class sun/reflect/annotation/AnnotatedTypeFactory
Event: 3.585 Loading class sun/reflect/annotation/AnnotatedTypeFactory done
Event: 3.585 Loading class sun/reflect/annotation/AnnotatedTypeFactory$AnnotatedTypeBaseImpl
Event: 3.585 Loading class sun/reflect/annotation/AnnotatedTypeFactory$AnnotatedTypeBaseImpl done
Event: 3.640 Loading class java/lang/annotation/ElementType
Event: 3.640 Loading class java/lang/annotation/ElementType done
Event: 3.761 Loading class java/lang/annotation/IncompleteAnnotationException
Event: 3.761 Loading class java/lang/annotation/IncompleteAnnotationException done
Event: 3.801 Loading class java/lang/foreign/MemorySegment
Event: 3.801 Loading class java/lang/foreign/MemorySegment done

Classes unloaded (7 events):
Event: 2.239 Thread 0x0000018a1aebe730 Unloading class 0x0000018a331a6800 'java/lang/invoke/LambdaForm$MH+0x0000018a331a6800'
Event: 2.239 Thread 0x0000018a1aebe730 Unloading class 0x0000018a331a6400 'java/lang/invoke/LambdaForm$MH+0x0000018a331a6400'
Event: 2.239 Thread 0x0000018a1aebe730 Unloading class 0x0000018a331a6000 'java/lang/invoke/LambdaForm$MH+0x0000018a331a6000'
Event: 2.239 Thread 0x0000018a1aebe730 Unloading class 0x0000018a331a5c00 'java/lang/invoke/LambdaForm$MH+0x0000018a331a5c00'
Event: 2.239 Thread 0x0000018a1aebe730 Unloading class 0x0000018a331a5800 'java/lang/invoke/LambdaForm$BMH+0x0000018a331a5800'
Event: 2.239 Thread 0x0000018a1aebe730 Unloading class 0x0000018a331a5400 'java/lang/invoke/LambdaForm$DMH+0x0000018a331a5400'
Event: 2.239 Thread 0x0000018a1aebe730 Unloading class 0x0000018a331a4000 'java/lang/invoke/LambdaForm$DMH+0x0000018a331a4000'

Classes redefined (0 events):
No events

Internal exceptions (20 events):
Event: 3.308 Thread 0x0000018a79656a50 Exception <a 'sun/nio/fs/WindowsException'{0x00000000d5d97bf0}> (0x00000000d5d97bf0) 
thrown [s\src\hotspot\share\prims\jni.cpp, line 520]
Event: 3.308 Thread 0x0000018a79656a50 Exception <a 'sun/nio/fs/WindowsException'{0x00000000d5d98220}> (0x00000000d5d98220) 
thrown [s\src\hotspot\share\prims\jni.cpp, line 520]
Event: 3.309 Thread 0x0000018a79656a50 Exception <a 'sun/nio/fs/WindowsException'{0x00000000d5da4b48}> (0x00000000d5da4b48) 
thrown [s\src\hotspot\share\prims\jni.cpp, line 520]
Event: 3.309 Thread 0x0000018a79656a50 Exception <a 'sun/nio/fs/WindowsException'{0x00000000d5da5178}> (0x00000000d5da5178) 
thrown [s\src\hotspot\share\prims\jni.cpp, line 520]
Event: 3.309 Thread 0x0000018a79656a50 Exception <a 'sun/nio/fs/WindowsException'{0x00000000d5db0b98}> (0x00000000d5db0b98) 
thrown [s\src\hotspot\share\prims\jni.cpp, line 520]
Event: 3.310 Thread 0x0000018a79656a50 Exception <a 'sun/nio/fs/WindowsException'{0x00000000d5db11c8}> (0x00000000d5db11c8) 
thrown [s\src\hotspot\share\prims\jni.cpp, line 520]
Event: 3.310 Thread 0x0000018a79656a50 Exception <a 'sun/nio/fs/WindowsException'{0x00000000d5dca950}> (0x00000000d5dca950) 
thrown [s\src\hotspot\share\prims\jni.cpp, line 520]
Event: 3.310 Thread 0x0000018a79656a50 Exception <a 'sun/nio/fs/WindowsException'{0x00000000d5dcaf80}> (0x00000000d5dcaf80) 
thrown [s\src\hotspot\share\prims\jni.cpp, line 520]
Event: 3.352 Thread 0x0000018a7af74ae0 Exception <a 'java/lang/NoSuchMethodError'{0x00000000d62026a0}: 'java.lang.Object java.lang.invoke.DirectMethodHandle$Holder.invokeSpecialIFC(java.lang.Object, java.lang.Object, java.lang.Object, java.lang.Object)'> (0x00000000d62026a0) 
thrown [s\src\hotspot\share\interpreter\linkResolver.cpp, line 773]
Event: 3.370 Thread 0x0000018a1ae1cb00 Exception <a 'java/lang/NoSuchMethodError'{0x00000000d645c348}: 'void java.lang.invoke.DirectMethodHandle$Holder.invokeSpecial(java.lang.Object, java.lang.Object, java.lang.Object, java.lang.Object, java.lang.Object, java.lang.Object)'> (0x00000000d645c348) 
thrown [s\src\hotspot\share\interpreter\linkResolver.cpp, line 773]
Event: 3.371 Thread 0x0000018a1ae1cb00 Exception <a 'java/lang/IncompatibleClassChangeError'{0x00000000d6464628}: Found class java.lang.Object, but interface was expected> (0x00000000d6464628) 
thrown [s\src\hotspot\share\interpreter\linkResolver.cpp, line 840]
Event: 3.371 Thread 0x0000018a1ae1cb00 Exception <a 'java/lang/IncompatibleClassChangeError'{0x00000000d64663c0}: Found class java.lang.Object, but interface was expected> (0x00000000d64663c0) 
thrown [s\src\hotspot\share\interpreter\linkResolver.cpp, line 840]
Event: 3.530 Thread 0x0000018a79656a50 Exception <a 'sun/nio/fs/WindowsException'{0x00000000d692c6d0}> (0x00000000d692c6d0) 
thrown [s\src\hotspot\share\prims\jni.cpp, line 520]
Event: 3.553 Thread 0x0000018a79656a50 Exception <a 'java/io/FileNotFoundException'{0x00000000d55ed060}> (0x00000000d55ed060) 
thrown [s\src\hotspot\share\prims\jni.cpp, line 520]
Event: 3.553 Thread 0x0000018a79656a50 Exception <a 'java/io/FileNotFoundException'{0x00000000d55ee2d0}> (0x00000000d55ee2d0) 
thrown [s\src\hotspot\share\prims\jni.cpp, line 520]
Event: 3.555 Thread 0x0000018a79656a50 Exception <a 'java/lang/NoSuchMethodError'{0x00000000d55fc150}: 'java.lang.Object java.lang.invoke.DirectMethodHandle$Holder.newInvokeSpecial(java.lang.Object, java.lang.Object, java.lang.Object, int)'> (0x00000000d55fc150) 
thrown [s\src\hotspot\share\interpreter\linkResolver.cpp, line 773]
Event: 3.556 Thread 0x0000018a79656a50 Exception <a 'java/lang/NoSuchMethodError'{0x00000000d55ffe08}: 'java.lang.Object java.lang.invoke.DirectMethodHandle$Holder.invokeSpecial(java.lang.Object, java.lang.Object, java.lang.Object, java.lang.Object, int)'> (0x00000000d55ffe08) 
thrown [s\src\hotspot\share\interpreter\linkResolver.cpp, line 773]
Event: 3.556 Thread 0x0000018a79656a50 Exception <a 'java/lang/NoSuchMethodError'{0x00000000d56032b0}: 'java.lang.Object java.lang.invoke.Invokers$Holder.linkToTargetMethod(java.lang.Object, java.lang.Object, int, java.lang.Object)'> (0x00000000d56032b0) 
thrown [s\src\hotspot\share\interpreter\linkResolver.cpp, line 773]
Event: 3.558 Thread 0x0000018a79656a50 Exception <a 'java/lang/NoSuchMethodError'{0x00000000d564b0d0}: 'void java.lang.invoke.DirectMethodHandle$Holder.invokeStaticInit(java.lang.Object, java.lang.Object, java.lang.Object)'> (0x00000000d564b0d0) 
thrown [s\src\hotspot\share\interpreter\linkResolver.cpp, line 773]
Event: 3.761 Thread 0x0000018a7af74ae0 Exception <a 'java/lang/NoClassDefFoundError'{0x00000000d60fac48}: javax/enterprise/inject/Typed> (0x00000000d60fac48) 
thrown [s\src\hotspot\share\classfile\systemDictionary.cpp, line 301]

ZGC Phase Switch (0 events):
No events

VM Operations (20 events):
Event: 2.958 Executing VM operation: HandshakeAllThreads (Deoptimize)
Event: 2.958 Executing VM operation: HandshakeAllThreads (Deoptimize) done
Event: 3.079 Executing VM operation: ParallelGCFailedAllocation (Allocation Failure)
Event: 3.082 Executing VM operation: ParallelGCFailedAllocation (Allocation Failure) done
Event: 3.241 Executing VM operation: ParallelGCFailedAllocation (Allocation Failure)
Event: 3.241 Executing VM operation: ParallelGCFailedAllocation (Allocation Failure) done
Event: 3.241 Executing VM operation: ParallelGCSystemGC (GCLocker Initiated GC)
Event: 3.245 Executing VM operation: ParallelGCSystemGC (GCLocker Initiated GC) done
Event: 3.329 Executing VM operation: HandshakeAllThreads (Deoptimize)
Event: 3.329 Executing VM operation: HandshakeAllThreads (Deoptimize) done
Event: 3.383 Executing VM operation: CollectForMetadataAllocation (Metadata GC Threshold)
Event: 3.415 Executing VM operation: CollectForMetadataAllocation (Metadata GC Threshold) done
Event: 3.546 Executing VM operation: ParallelGCFailedAllocation (Allocation Failure)
Event: 3.548 Executing VM operation: ParallelGCFailedAllocation (Allocation Failure) done
Event: 3.752 Executing VM operation: HandshakeAllThreads (Deoptimize)
Event: 3.752 Executing VM operation: HandshakeAllThreads (Deoptimize) done
Event: 3.916 Executing VM operation: HandshakeAllThreads (Deoptimize)
Event: 3.916 Executing VM operation: HandshakeAllThreads (Deoptimize) done
Event: 4.932 Executing VM operation: Cleanup
Event: 4.932 Executing VM operation: Cleanup done

Memory protections (0 events):
No events

Nmethod flushes (20 events):
Event: 3.400 Thread 0x0000018a1aebe730 flushing  nmethod 0x0000018a1e656410
Event: 3.400 Thread 0x0000018a1aebe730 flushing  nmethod 0x0000018a1e657090
Event: 3.400 Thread 0x0000018a1aebe730 flushing  nmethod 0x0000018a1e657590
Event: 3.400 Thread 0x0000018a1aebe730 flushing  nmethod 0x0000018a1e658b90
Event: 3.400 Thread 0x0000018a1aebe730 flushing  nmethod 0x0000018a1e677010
Event: 3.400 Thread 0x0000018a1aebe730 flushing  nmethod 0x0000018a1e68f190
Event: 3.400 Thread 0x0000018a1aebe730 flushing  nmethod 0x0000018a1e690810
Event: 3.400 Thread 0x0000018a1aebe730 flushing  nmethod 0x0000018a1e6a8510
Event: 3.400 Thread 0x0000018a1aebe730 flushing  nmethod 0x0000018a1e751310
Event: 3.400 Thread 0x0000018a1aebe730 flushing  nmethod 0x0000018a1e751790
Event: 3.400 Thread 0x0000018a1aebe730 flushing  nmethod 0x0000018a1e770c10
Event: 3.400 Thread 0x0000018a1aebe730 flushing  nmethod 0x0000018a1e773010
Event: 3.400 Thread 0x0000018a1aebe730 flushing  nmethod 0x0000018a1e773610
Event: 3.400 Thread 0x0000018a1aebe730 flushing  nmethod 0x0000018a1e773e10
Event: 3.400 Thread 0x0000018a1aebe730 flushing  nmethod 0x0000018a1e774410
Event: 3.400 Thread 0x0000018a1aebe730 flushing  nmethod 0x0000018a1e774910
Event: 3.400 Thread 0x0000018a1aebe730 flushing  nmethod 0x0000018a1e774f90
Event: 3.400 Thread 0x0000018a1aebe730 flushing  nmethod 0x0000018a1e775490
Event: 3.400 Thread 0x0000018a1aebe730 flushing  nmethod 0x0000018a1e775a90
Event: 3.400 Thread 0x0000018a1aebe730 flushing  nmethod 0x0000018a1e77ba90

Events (20 events):
Event: 1.846 Thread 0x0000018a7965c020 Thread added: 0x0000018a79657770
Event: 2.823 Thread 0x0000018a7965c020 Thread added: 0x0000018a7af76bb0
Event: 3.085 Thread 0x0000018a79657770 Thread added: 0x0000018a7af75e90
Event: 3.118 Thread 0x0000018a7af75e90 Thread added: 0x0000018a7af74ae0
Event: 3.150 Thread 0x0000018a1ae1cb00 Thread added: 0x0000018a7af778d0
Event: 3.150 Thread 0x0000018a1ae1cb00 Thread added: 0x0000018a7af76520
Event: 3.151 Thread 0x0000018a1ae1cb00 Thread added: 0x0000018a7af77f60
Event: 3.151 Thread 0x0000018a1ae1cb00 Thread added: 0x0000018a7af785f0
Event: 3.151 Thread 0x0000018a1ae1cb00 Thread added: 0x0000018a7af75170
Event: 3.151 Thread 0x0000018a1ae1cb00 Thread added: 0x0000018a7af799a0
Event: 3.151 Thread 0x0000018a1ae1cb00 Thread added: 0x0000018a7af7ba70
Event: 3.151 Thread 0x0000018a1ae1cb00 Thread added: 0x0000018a7af78c80
Event: 3.152 Thread 0x0000018a1ae1cb00 Thread added: 0x0000018a7af7ad50
Event: 3.152 Thread 0x0000018a1ae1cb00 Thread added: 0x0000018a7af7a030
Event: 3.152 Thread 0x0000018a1ae1cb00 Thread added: 0x0000018a7af7a6c0
Event: 3.152 Thread 0x0000018a1ae1cb00 Thread added: 0x0000018a7af7b3e0
Event: 3.152 Thread 0x0000018a1ae1cb00 Thread added: 0x0000018a7af79310
Event: 3.170 Thread 0x0000018a1ae1cb00 Thread added: 0x0000018a7af7c100
Event: 3.435 Thread 0x0000018a1ae1cb00 Thread added: 0x0000018a7c12a9d0
Event: 3.436 Thread 0x0000018a1ae1cb00 Thread added: 0x0000018a7c128270


Dynamic libraries:
0x00007ff7318d0000 - 0x00007ff7318de000 	c:\Users\nabil\.vscode\extensions\redhat.java-1.45.0-win32-x64\jre\21.0.8-win32-x86_64\bin\java.exe
0x00007ffd813c0000 - 0x00007ffd81629000 	C:\WINDOWS\SYSTEM32\ntdll.dll
0x00007ffd80d80000 - 0x00007ffd80e49000 	C:\WINDOWS\System32\KERNEL32.DLL
0x00007ffd7e780000 - 0x00007ffd7eb73000 	C:\WINDOWS\System32\KERNELBASE.dll
0x00007ffd7ec40000 - 0x00007ffd7ed8b000 	C:\WINDOWS\System32\ucrtbase.dll
0x00007ffd68520000 - 0x00007ffd68538000 	c:\Users\nabil\.vscode\extensions\redhat.java-1.45.0-win32-x64\jre\21.0.8-win32-x86_64\bin\jli.dll
0x00007ffd6c350000 - 0x00007ffd6c36e000 	c:\Users\nabil\.vscode\extensions\redhat.java-1.45.0-win32-x64\jre\21.0.8-win32-x86_64\bin\VCRUNTIME140.dll
0x00007ffd80e80000 - 0x00007ffd81044000 	C:\WINDOWS\System32\USER32.dll
0x00007ffd7ec10000 - 0x00007ffd7ec37000 	C:\WINDOWS\System32\win32u.dll
0x00007ffd5e1a0000 - 0x00007ffd5e433000 	C:\WINDOWS\WinSxS\amd64_microsoft.windows.common-controls_6595b64144ccf1df_6.0.26100.5074_none_3e0d6f78e32fd63f\COMCTL32.dll
0x00007ffd80e50000 - 0x00007ffd80e7b000 	C:\WINDOWS\System32\GDI32.dll
0x00007ffd80480000 - 0x00007ffd80529000 	C:\WINDOWS\System32\msvcrt.dll
0x00007ffd7efc0000 - 0x00007ffd7f0ed000 	C:\WINDOWS\System32\gdi32full.dll
0x00007ffd7e550000 - 0x00007ffd7e5f3000 	C:\WINDOWS\System32\msvcp_win.dll
0x00007ffd80cf0000 - 0x00007ffd80d1f000 	C:\WINDOWS\System32\IMM32.DLL
0x00007ffd7af20000 - 0x00007ffd7af2c000 	c:\Users\nabil\.vscode\extensions\redhat.java-1.45.0-win32-x64\jre\21.0.8-win32-x86_64\bin\vcruntime140_1.dll
0x00007ffd58c00000 - 0x00007ffd58c8d000 	c:\Users\nabil\.vscode\extensions\redhat.java-1.45.0-win32-x64\jre\21.0.8-win32-x86_64\bin\msvcp140.dll
0x00007ffd2c240000 - 0x00007ffd2cfd7000 	c:\Users\nabil\.vscode\extensions\redhat.java-1.45.0-win32-x64\jre\21.0.8-win32-x86_64\bin\server\jvm.dll
0x00007ffd7f4a0000 - 0x00007ffd7f554000 	C:\WINDOWS\System32\ADVAPI32.dll
0x00007ffd7f2f0000 - 0x00007ffd7f396000 	C:\WINDOWS\System32\sechost.dll
0x00007ffd81150000 - 0x00007ffd81268000 	C:\WINDOWS\System32\RPCRT4.dll
0x00007ffd7f1a0000 - 0x00007ffd7f214000 	C:\WINDOWS\System32\WS2_32.dll
0x00007ffd74b50000 - 0x00007ffd74b85000 	C:\WINDOWS\SYSTEM32\WINMM.dll
0x00007ffd7e3b0000 - 0x00007ffd7e40e000 	C:\WINDOWS\SYSTEM32\POWRPROF.dll
0x00007ffd5e440000 - 0x00007ffd5e44b000 	C:\WINDOWS\SYSTEM32\VERSION.dll
0x00007ffd7e390000 - 0x00007ffd7e3a4000 	C:\WINDOWS\SYSTEM32\UMPDC.dll
0x00007ffd7d330000 - 0x00007ffd7d34b000 	C:\WINDOWS\SYSTEM32\kernel.appcore.dll
0x00007ffd6ac40000 - 0x00007ffd6ac4a000 	c:\Users\nabil\.vscode\extensions\redhat.java-1.45.0-win32-x64\jre\21.0.8-win32-x86_64\bin\jimage.dll
0x00007ffd7bc80000 - 0x00007ffd7bec2000 	C:\WINDOWS\SYSTEM32\DBGHELP.DLL
0x00007ffd7fe10000 - 0x00007ffd8018b000 	C:\WINDOWS\System32\combase.dll
0x00007ffd80c10000 - 0x00007ffd80ce7000 	C:\WINDOWS\System32\OLEAUT32.dll
0x00007ffd5fe50000 - 0x00007ffd5fe8d000 	C:\WINDOWS\SYSTEM32\dbgcore.DLL
0x00007ffd7f0f0000 - 0x00007ffd7f189000 	C:\WINDOWS\System32\bcryptPrimitives.dll
0x00007ffd6ac10000 - 0x00007ffd6ac1f000 	c:\Users\nabil\.vscode\extensions\redhat.java-1.45.0-win32-x64\jre\21.0.8-win32-x86_64\bin\instrument.dll
0x00007ffd68450000 - 0x00007ffd6846f000 	c:\Users\nabil\.vscode\extensions\redhat.java-1.45.0-win32-x64\jre\21.0.8-win32-x86_64\bin\java.dll
0x00007ffd7f6c0000 - 0x00007ffd7fe0d000 	C:\WINDOWS\System32\SHELL32.dll
0x00007ffd7ed90000 - 0x00007ffd7eefc000 	C:\WINDOWS\System32\wintypes.dll
0x00007ffd7c180000 - 0x00007ffd7c9d9000 	C:\WINDOWS\SYSTEM32\windows.storage.dll
0x00007ffd80380000 - 0x00007ffd80470000 	C:\WINDOWS\System32\SHCORE.dll
0x00007ffd7f3b0000 - 0x00007ffd7f412000 	C:\WINDOWS\System32\shlwapi.dll
0x00007ffd7e470000 - 0x00007ffd7e499000 	C:\WINDOWS\SYSTEM32\profapi.dll
0x00007ffd68390000 - 0x00007ffd683a8000 	c:\Users\nabil\.vscode\extensions\redhat.java-1.45.0-win32-x64\jre\21.0.8-win32-x86_64\bin\zip.dll
0x00007ffd69880000 - 0x00007ffd69890000 	C:\Users\nabil\.vscode\extensions\redhat.java-1.45.0-win32-x64\jre\21.0.8-win32-x86_64\bin\net.dll
0x00007ffd78790000 - 0x00007ffd788af000 	C:\WINDOWS\SYSTEM32\WINHTTP.dll
0x00007ffd7d8b0000 - 0x00007ffd7d91b000 	C:\WINDOWS\system32\mswsock.dll
0x00007ffd5a1b0000 - 0x00007ffd5a1c6000 	C:\Users\nabil\.vscode\extensions\redhat.java-1.45.0-win32-x64\jre\21.0.8-win32-x86_64\bin\nio.dll
0x00007ffd653e0000 - 0x00007ffd653f0000 	c:\Users\nabil\.vscode\extensions\redhat.java-1.45.0-win32-x64\jre\21.0.8-win32-x86_64\bin\verify.dll
0x00007ffd3d8f0000 - 0x00007ffd3d934000 	C:\Users\nabil\AppData\Roaming\Code\User\globalStorage\redhat.java\1.45.0\config_win\org.eclipse.equinox.launcher\org.eclipse.equinox.launcher.win32.win32.x86_64_1.2.1400.v20250801-0854\eclipse_11916.dll
0x00007ffd80a70000 - 0x00007ffd80c08000 	C:\WINDOWS\System32\ole32.dll
0x00007ffd7db50000 - 0x00007ffd7db6b000 	C:\WINDOWS\SYSTEM32\CRYPTSP.dll
0x00007ffd7d290000 - 0x00007ffd7d2cb000 	C:\WINDOWS\system32\rsaenh.dll
0x00007ffd7d950000 - 0x00007ffd7d97b000 	C:\WINDOWS\SYSTEM32\USERENV.dll
0x00007ffd7e440000 - 0x00007ffd7e466000 	C:\WINDOWS\SYSTEM32\bcrypt.dll
0x00007ffd7db70000 - 0x00007ffd7db7c000 	C:\WINDOWS\SYSTEM32\CRYPTBASE.dll
0x00007ffd7cd10000 - 0x00007ffd7cd44000 	C:\WINDOWS\SYSTEM32\IPHLPAPI.DLL
0x00007ffd7f190000 - 0x00007ffd7f19a000 	C:\WINDOWS\System32\NSI.dll
0x00007ffd58870000 - 0x00007ffd588b9000 	C:\Users\nabil\AppData\Local\Temp\jna-104574578\jna1640339475366103049.dll
0x00007ffd80370000 - 0x00007ffd80378000 	C:\WINDOWS\System32\PSAPI.DLL
0x00007ffd78950000 - 0x00007ffd7896e000 	C:\WINDOWS\SYSTEM32\dhcpcsvc6.DLL
0x00007ffd788c0000 - 0x00007ffd788e3000 	C:\WINDOWS\SYSTEM32\dhcpcsvc.DLL

JVMTI agents:
c:\Users\nabil\.vscode\extensions\redhat.java-1.45.0-win32-x64\lombok\lombok-1.18.39-4050.jar path:c:\Users\nabil\.vscode\extensions\redhat.java-1.45.0-win32-x64\jre\21.0.8-win32-x86_64\bin\instrument.dll, loaded, initialized, instrumentlib options:none

dbghelp: loaded successfully - version: 4.0.5 - missing functions: none
symbol engine: initialized successfully - sym options: 0x614 - pdb path: .;c:\Users\nabil\.vscode\extensions\redhat.java-1.45.0-win32-x64\jre\21.0.8-win32-x86_64\bin;C:\WINDOWS\SYSTEM32;C:\WINDOWS\WinSxS\amd64_microsoft.windows.common-controls_6595b64144ccf1df_6.0.26100.5074_none_3e0d6f78e32fd63f;c:\Users\nabil\.vscode\extensions\redhat.java-1.45.0-win32-x64\jre\21.0.8-win32-x86_64\bin\server;C:\Users\nabil\AppData\Roaming\Code\User\globalStorage\redhat.java\1.45.0\config_win\org.eclipse.equinox.launcher\org.eclipse.equinox.launcher.win32.win32.x86_64_1.2.1400.v20250801-0854;C:\Users\nabil\AppData\Local\Temp\jna-104574578

VM Arguments:
jvm_args: --add-modules=ALL-SYSTEM --add-opens=java.base/java.util=ALL-UNNAMED --add-opens=java.base/java.lang=ALL-UNNAMED --add-opens=java.base/sun.nio.fs=ALL-UNNAMED -Declipse.application=org.eclipse.jdt.ls.core.id1 -Dosgi.bundles.defaultStartLevel=4 -Declipse.product=org.eclipse.jdt.ls.core.product -Djava.import.generatesMetadataFilesAtProjectRoot=false -DDetectVMInstallationsJob.disabled=true -Dfile.encoding=utf8 -XX:+UseParallelGC -XX:GCTimeRatio=4 -XX:AdaptiveSizePolicyWeight=90 -Dsun.zip.disableMemoryMapping=true -Xmx2G -Xms100m -Xlog:disable -javaagent:c:\Users\nabil\.vscode\extensions\redhat.java-1.45.0-win32-x64\lombok\lombok-1.18.39-4050.jar -XX:+HeapDumpOnOutOfMemoryError -XX:HeapDumpPath=c:\Users\nabil\AppData\Roaming\Code\User\workspaceStorage\bad2abbcd7b301175cb1610fa1059be9\redhat.java -Daether.dependencyCollector.impl=bf 
java_command: c:\Users\nabil\.vscode\extensions\redhat.java-1.45.0-win32-x64\server\plugins\org.eclipse.equinox.launcher_1.7.0.v20250519-0528.jar -configuration c:\Users\nabil\AppData\Roaming\Code\User\globalStorage\redhat.java\1.45.0\config_win -data c:\Users\nabil\AppData\Roaming\Code\User\workspaceStorage\bad2abbcd7b301175cb1610fa1059be9\redhat.java\jdt_ws --pipe=\\.\pipe\lsp-da6ca5bc7e701a1e8da6274d2ce53feb-sock
java_class_path (initial): c:\Users\nabil\.vscode\extensions\redhat.java-1.45.0-win32-x64\server\plugins\org.eclipse.equinox.launcher_1.7.0.v20250519-0528.jar
Launcher Type: SUN_STANDARD

[Global flags]
    uintx AdaptiveSizePolicyWeight                 = 90                                        {product} {command line}
     intx CICompilerCount                          = 4                                         {product} {ergonomic}
    uintx GCTimeRatio                              = 4                                         {product} {command line}
     bool HeapDumpOnOutOfMemoryError               = true                                   {manageable} {command line}
    ccstr HeapDumpPath                             = c:\Users\nabil\AppData\Roaming\Code\User\workspaceStorage\bad2abbcd7b301175cb1610fa1059be9\redhat.java         {manageable} {command line}
   size_t InitialHeapSize                          = 104857600                                 {product} {command line}
   size_t MaxHeapSize                              = 2147483648                                {product} {command line}
   size_t MaxNewSize                               = 715653120                                 {product} {ergonomic}
   size_t MinHeapDeltaBytes                        = 524288                                    {product} {ergonomic}
   size_t MinHeapSize                              = 104857600                                 {product} {command line}
   size_t NewSize                                  = 34603008                                  {product} {ergonomic}
    uintx NonNMethodCodeHeapSize                   = 5839372                                {pd product} {ergonomic}
    uintx NonProfiledCodeHeapSize                  = 122909434                              {pd product} {ergonomic}
   size_t OldSize                                  = 70254592                                  {product} {ergonomic}
    uintx ProfiledCodeHeapSize                     = 122909434                              {pd product} {ergonomic}
    uintx ReservedCodeCacheSize                    = 251658240                              {pd product} {ergonomic}
     bool SegmentedCodeCache                       = true                                      {product} {ergonomic}
   size_t SoftMaxHeapSize                          = 2147483648                             {manageable} {ergonomic}
     bool UseCompressedOops                        = true                           {product lp64_product} {ergonomic}
     bool UseLargePagesIndividualAllocation        = false                                  {pd product} {ergonomic}
     bool UseParallelGC                            = true                                      {product} {command line}

Logging:
Log output configuration:
 #0: stdout all=off uptime,level,tags foldmultilines=false
 #1: stderr all=off uptime,level,tags foldmultilines=false

Environment Variables:
PATH=C:\Program Files\Common Files\Oracle\Java\javapath;C:\WINDOWS\system32;C:\WINDOWS;C:\WINDOWS\System32\Wbem;C:\WINDOWS\System32\WindowsPowerShell\v1.0\;C:\WINDOWS\System32\OpenSSH\;C:\Program Files\Java\jre-1.8\bin;C:\Program Files\dotnet\;C:\Program Files\MATLAB\R2023b\runtime\win64;C:\Program Files\MATLAB\R2023b\bin;C:\Program Files\Git\cmd;C:\Users\nabil\AppData\Local\flutter\bin;C:\Program Files\PuTTY\;C:\ProgramData\ComposerSetup\bin;C:\Program Files\nodejs\;C:\ProgramData\chocolatey\bin;C:\xampp\php;C:\Users\nabil\flutter\bin;C:\Users\nabil\AppData\Local\Android\Sdk\platform-tools;C:\Program Files\Geckodriver;C:\Program Files\Docker\Docker\resources\bin;C:\Program Files\Java\jdk-24\bin;C:\Users\nabil\zulu24.32.13-ca-jdk24.0.2-win_x64\bin;C:\Users\nabil\zulu24.32.13-ca-fx-jre24.0.2-win_x64\bin;C:\Program Files\CMake\bin;C:\Program Files\Java\jdk-24\bin;C:\Users\nabil\AppData\Local\Programs\Python\Python312\Scripts\;C:\Users\nabil\AppData\Local\Programs\Python\Python312\;C:\Users\nabil;C:\Users\nabil\AppData\Local\spicetify;C:\Users\nabil\AppData\Local\Microsoft\WindowsApps;C:\Users\nabil\AppData\Roaming\Composer\vendor\bin;C:\Users\nabil\AppData\Roaming\npm;C:\Users\nabil\AppData\Local\Microsoft\WinGet\Packages\Schniz.fnm_Microsoft.Winget.Source_8wekyb3d8bbwe;C:\xampp\php;C:\Users\nabil\flutter\bin;C:\Users\nabil\AppData\Local\Programs\Microsoft VS Code\bin;C:\Users\nabil\AppData\Local\Microsoft\WindowsApps;C:\Users\nabil\AppData\Local\Android\Sdk\platform-tools;C:\Program Files\Geckodriver;C:\Users\nabil\zulu24.32.13-ca-fx-jre24.0.2-win_x64\bin;C:\Program Files\RabbitMQ Server\rabbitmq_server-4.1.4\sbin;
USERNAME=nabil
OS=Windows_NT
PROCESSOR_IDENTIFIER=Intel64 Family 6 Model 186 Stepping 3, GenuineIntel
TMP=C:\Users\nabil\AppData\Local\Temp
TEMP=C:\Users\nabil\AppData\Local\Temp




Periodic native trim disabled

---------------  S Y S T E M  ---------------

OS:
 Windows 11 , 64 bit Build 26100 (10.0.26100.5074)
OS uptime: 0 days 0:27 hours
Hyper-V role detected

CPU: total 12 (initial active 12) (6 cores per cpu, 2 threads per core) family 6 model 186 stepping 3 microcode 0x4111, cx8, cmov, fxsr, ht, mmx, 3dnowpref, sse, sse2, sse3, ssse3, sse4.1, sse4.2, popcnt, lzcnt, tsc, tscinvbit, avx, avx2, aes, erms, clmul, bmi1, bmi2, adx, sha, fma, vzeroupper, clflush, clflushopt, clwb, hv, serialize, rdtscp, rdpid, fsrm, f16c, cet_ibt, cet_ss
Processor Information for the first 12 processors :
  Max Mhz: 1300, Current Mhz: 1300, Mhz Limit: 1300

Memory: 4k page, system-wide physical 7895M (925M free)
TotalPageFile size 11991M (AvailPageFile size 8M)
current process WorkingSet (physical memory assigned to process): 210M, peak: 213M
current process commit charge ("private bytes"): 334M, peak: 338M

vm_info: OpenJDK 64-Bit Server VM (21.0.8+9-LTS) for windows-amd64 JRE (21.0.8+9-LTS), built on 2025-07-15T00:00:00Z by "admin" with MS VC++ 17.7 (VS2022)

END.
