#
# There is insufficient memory for the Java Runtime Environment to continue.
# Native memory allocation (malloc) failed to allocate 1446560 bytes. Error detail: Chunk::new
# Possible reasons:
#   The system is out of physical RAM or swap space
#   This process is running with CompressedOops enabled, and the Java Heap may be blocking the growth of the native heap
# Possible solutions:
#   Reduce memory load on the system
#   Increase physical memory or swap space
#   Check if swap backing store is full
#   Decrease Java heap size (-Xmx/-Xms)
#   Decrease number of Java threads
#   Decrease Java thread stack sizes (-Xss)
#   Set larger code cache with -XX:ReservedCodeCacheSize=
#   JVM is running with Unscaled Compressed Oops mode in which the Java heap is
#     placed in the first 4GB address space. The Java Heap base address is the
#     maximum limit for the native heap growth. Please use -XX:HeapBaseMinAddress
#     to set the Java Heap base and to place the Java Heap above 4GB virtual address.
# This output file may be truncated or incomplete.
#
#  Out of Memory Error (arena.cpp:168), pid=15032, tid=14572
#
# JRE version: OpenJDK Runtime Environment Temurin-21.0.8+9 (21.0.8+9) (build 21.0.8+9-LTS)
# Java VM: OpenJDK 64-Bit Server VM Temurin-21.0.8+9 (21.0.8+9-LTS, mixed mode, sharing, tiered, compressed oops, compressed class ptrs, parallel gc, windows-amd64)
# No core dump will be written. Minidumps are not enabled by default on client versions of Windows
#

---------------  S U M M A R Y ------------

Command Line: --add-modules=ALL-SYSTEM --add-opens=java.base/java.util=ALL-UNNAMED --add-opens=java.base/java.lang=ALL-UNNAMED --add-opens=java.base/sun.nio.fs=ALL-UNNAMED -Declipse.application=org.eclipse.jdt.ls.core.id1 -Dosgi.bundles.defaultStartLevel=4 -Declipse.product=org.eclipse.jdt.ls.core.product -Djava.import.generatesMetadataFilesAtProjectRoot=false -DDetectVMInstallationsJob.disabled=true -Dfile.encoding=utf8 -XX:+UseParallelGC -XX:GCTimeRatio=4 -XX:AdaptiveSizePolicyWeight=90 -Dsun.zip.disableMemoryMapping=true -Xmx2G -Xms100m -Xlog:disable -javaagent:c:\Users\nabil\.vscode\extensions\redhat.java-1.45.0-win32-x64\lombok\lombok-1.18.39-4050.jar -XX:+HeapDumpOnOutOfMemoryError -XX:HeapDumpPath=c:\Users\nabil\AppData\Roaming\Code\User\workspaceStorage\bad2abbcd7b301175cb1610fa1059be9\redhat.java -Daether.dependencyCollector.impl=bf c:\Users\nabil\.vscode\extensions\redhat.java-1.45.0-win32-x64\server\plugins\org.eclipse.equinox.launcher_1.7.0.v20250519-0528.jar -configuration c:\Users\nabil\AppData\Roaming\Code\User\globalStorage\redhat.java\1.45.0\config_win -data c:\Users\nabil\AppData\Roaming\Code\User\workspaceStorage\bad2abbcd7b301175cb1610fa1059be9\redhat.java\jdt_ws --pipe=\\.\pipe\lsp-95a448a96ea239d4892df4b80ace4298-sock

Host: 13th Gen Intel(R) Core(TM) i5-1335U, 12 cores, 7G,  Windows 11 , 64 bit Build 26100 (10.0.26100.5074)
Time: Tue Sep 23 12:02:01 2025 SE Asia Standard Time elapsed time: 52.756231 seconds (0d 0h 0m 52s)

---------------  T H R E A D  ---------------

Current thread (0x000002b2cbbfc680):  JavaThread "C2 CompilerThread1" daemon [_thread_in_native, id=14572, stack(0x000000e2cc500000,0x000000e2cc600000) (1024K)]


Current CompileTask:
C2:52756 15312 %     4       org.lombokweb.asm.ClassReader::readCode @ 2187 (5117 bytes)

Stack: [0x000000e2cc500000,0x000000e2cc600000]
Native frames: (J=compiled Java code, j=interpreted, Vv=VM code, C=native code)
V  [jvm.dll+0x6d2449]
V  [jvm.dll+0x8ae341]
V  [jvm.dll+0x8b08be]
V  [jvm.dll+0x8b0fa3]
V  [jvm.dll+0x280c96]
V  [jvm.dll+0xc581d]
V  [jvm.dll+0xc5d53]
V  [jvm.dll+0x3b919c]
V  [jvm.dll+0x385315]
V  [jvm.dll+0x38477a]
V  [jvm.dll+0x248ed0]
V  [jvm.dll+0x2484af]
V  [jvm.dll+0x1c89ee]
V  [jvm.dll+0x257d4d]
V  [jvm.dll+0x2562ea]
V  [jvm.dll+0x3f2d16]
V  [jvm.dll+0x857e6b]
V  [jvm.dll+0x6d0b0d]
C  [ucrtbase.dll+0x37b0]
C  [KERNEL32.DLL+0x2e8d7]
C  [ntdll.dll+0x8d9c]


---------------  P R O C E S S  ---------------

Threads class SMR info:
_java_thread_list=0x000002b2d60340d0, length=58, elements={
0x000002b2e75ab150, 0x000002b2805fdc70, 0x000002b2e99b3fb0, 0x000002b2e99b7a00,
0x000002b2e99b6650, 0x000002b2e99b8720, 0x000002b2e99b7370, 0x000002b2e99bd760,
0x000002b2c2ae67d0, 0x000002b2e99b6ce0, 0x000002b2e99b8090, 0x000002b2e99b8db0,
0x000002b2e99b5fc0, 0x000002b2e99b9440, 0x000002b2c891f0c0, 0x000002b2c891dd10,
0x000002b2c891cff0, 0x000002b2c8920b00, 0x000002b2c891fde0, 0x000002b2c891d680,
0x000002b2c8920470, 0x000002b2c8921820, 0x000002b2c8921190, 0x000002b2c891e3a0,
0x000002b2c8921eb0, 0x000002b2c891ea30, 0x000002b2c8923260, 0x000002b2c8922540,
0x000002b2c8922bd0, 0x000002b2c89238f0, 0x000002b2cadc7b90, 0x000002b2cadc5430,
0x000002b2cadc7500, 0x000002b2cadc6150, 0x000002b2cadc5ac0, 0x000002b2cadc67e0,
0x000002b2cadc6e70, 0x000002b2cadc4710, 0x000002b2cadc8220, 0x000002b2cadc4da0,
0x000002b2cadc9c60, 0x000002b2cb4b9090, 0x000002b2cb4ba440, 0x000002b2cb4b9db0,
0x000002b2cb4baad0, 0x000002b2cb4bc510, 0x000002b2cb4bec70, 0x000002b2cadcb6a0,
0x000002b2cadca2f0, 0x000002b2cadc8f40, 0x000002b2cadc88b0, 0x000002b2cb4bd230,
0x000002b2cb4bcba0, 0x000002b2c891c2d0, 0x000002b2cac37e20, 0x000002b2cac37790,
0x000002b2cac384b0, 0x000002b2cbbfc680
}

Java Threads: ( => current thread )
  0x000002b2e75ab150 JavaThread "main"                              [_thread_blocked, id=10484, stack(0x000000e2c8200000,0x000000e2c8300000) (1024K)]
  0x000002b2805fdc70 JavaThread "Reference Handler"          daemon [_thread_blocked, id=5328, stack(0x000000e2c8600000,0x000000e2c8700000) (1024K)]
  0x000002b2e99b3fb0 JavaThread "Finalizer"                  daemon [_thread_blocked, id=17708, stack(0x000000e2c8700000,0x000000e2c8800000) (1024K)]
  0x000002b2e99b7a00 JavaThread "Signal Dispatcher"          daemon [_thread_blocked, id=16172, stack(0x000000e2c8800000,0x000000e2c8900000) (1024K)]
  0x000002b2e99b6650 JavaThread "Attach Listener"            daemon [_thread_blocked, id=11712, stack(0x000000e2c8900000,0x000000e2c8a00000) (1024K)]
  0x000002b2e99b8720 JavaThread "Service Thread"             daemon [_thread_blocked, id=15552, stack(0x000000e2c8a00000,0x000000e2c8b00000) (1024K)]
  0x000002b2e99b7370 JavaThread "Monitor Deflation Thread"   daemon [_thread_blocked, id=3336, stack(0x000000e2c8b00000,0x000000e2c8c00000) (1024K)]
  0x000002b2e99bd760 JavaThread "C2 CompilerThread0"         daemon [_thread_in_native, id=15456, stack(0x000000e2c8c00000,0x000000e2c8d00000) (1024K)]
  0x000002b2c2ae67d0 JavaThread "C1 CompilerThread0"         daemon [_thread_in_native, id=13680, stack(0x000000e2c8d00000,0x000000e2c8e00000) (1024K)]
  0x000002b2e99b6ce0 JavaThread "Common-Cleaner"             daemon [_thread_blocked, id=11192, stack(0x000000e2c8e00000,0x000000e2c8f00000) (1024K)]
  0x000002b2e99b8090 JavaThread "Notification Thread"        daemon [_thread_blocked, id=16676, stack(0x000000e2c9100000,0x000000e2c9200000) (1024K)]
  0x000002b2e99b8db0 JavaThread "Active Thread: Equinox Container: 351f4c6b-b212-4fed-b478-037d212f1f37"        [_thread_blocked, id=3216, stack(0x000000e2c9800000,0x000000e2c9900000) (1024K)]
  0x000002b2e99b5fc0 JavaThread "Refresh Thread: Equinox Container: 351f4c6b-b212-4fed-b478-037d212f1f37" daemon [_thread_blocked, id=5280, stack(0x000000e2c9a00000,0x000000e2c9b00000) (1024K)]
  0x000002b2e99b9440 JavaThread "Framework Event Dispatcher: Equinox Container: 351f4c6b-b212-4fed-b478-037d212f1f37" daemon [_thread_blocked, id=15232, stack(0x000000e2c9b00000,0x000000e2c9c00000) (1024K)]
  0x000002b2c891f0c0 JavaThread "Start Level: Equinox Container: 351f4c6b-b212-4fed-b478-037d212f1f37" daemon [_thread_blocked, id=1928, stack(0x000000e2c9c00000,0x000000e2c9d00000) (1024K)]
  0x000002b2c891dd10 JavaThread "Bundle File Closer"         daemon [_thread_blocked, id=18428, stack(0x000000e2c9f00000,0x000000e2ca000000) (1024K)]
  0x000002b2c891cff0 JavaThread "SCR Component Actor"        daemon [_thread_blocked, id=12724, stack(0x000000e2ca000000,0x000000e2ca100000) (1024K)]
  0x000002b2c8920b00 JavaThread "Worker-JM"                         [_thread_blocked, id=18256, stack(0x000000e2c9000000,0x000000e2c9100000) (1024K)]
  0x000002b2c891fde0 JavaThread "JNA Cleaner"                daemon [_thread_blocked, id=13360, stack(0x000000e2ca200000,0x000000e2ca300000) (1024K)]
  0x000002b2c891d680 JavaThread "Worker-0"                          [_thread_blocked, id=11924, stack(0x000000e2ca300000,0x000000e2ca400000) (1024K)]
  0x000002b2c8920470 JavaThread "Worker-1"                          [_thread_blocked, id=3700, stack(0x000000e2ca400000,0x000000e2ca500000) (1024K)]
  0x000002b2c8921820 JavaThread "Java indexing"              daemon [_thread_blocked, id=11572, stack(0x000000e2ca600000,0x000000e2ca700000) (1024K)]
  0x000002b2c8921190 JavaThread "Worker-2"                          [_thread_blocked, id=10160, stack(0x000000e2ca900000,0x000000e2caa00000) (1024K)]
  0x000002b2c891e3a0 JavaThread "Worker-3"                          [_thread_blocked, id=10172, stack(0x000000e2caa00000,0x000000e2cab00000) (1024K)]
  0x000002b2c8921eb0 JavaThread "Thread-2"                   daemon [_thread_in_native, id=14636, stack(0x000000e2cab00000,0x000000e2cac00000) (1024K)]
  0x000002b2c891ea30 JavaThread "Thread-3"                   daemon [_thread_in_native, id=12884, stack(0x000000e2cac00000,0x000000e2cad00000) (1024K)]
  0x000002b2c8923260 JavaThread "Thread-4"                   daemon [_thread_in_native, id=14628, stack(0x000000e2cad00000,0x000000e2cae00000) (1024K)]
  0x000002b2c8922540 JavaThread "Thread-5"                   daemon [_thread_in_native, id=12728, stack(0x000000e2cae00000,0x000000e2caf00000) (1024K)]
  0x000002b2c8922bd0 JavaThread "Thread-6"                   daemon [_thread_in_native, id=15184, stack(0x000000e2caf00000,0x000000e2cb000000) (1024K)]
  0x000002b2c89238f0 JavaThread "Thread-7"                   daemon [_thread_in_native, id=7848, stack(0x000000e2cb000000,0x000000e2cb100000) (1024K)]
  0x000002b2cadc7b90 JavaThread "Thread-8"                   daemon [_thread_in_native, id=17552, stack(0x000000e2cb100000,0x000000e2cb200000) (1024K)]
  0x000002b2cadc5430 JavaThread "Thread-9"                   daemon [_thread_in_native, id=10784, stack(0x000000e2cb200000,0x000000e2cb300000) (1024K)]
  0x000002b2cadc7500 JavaThread "Thread-10"                  daemon [_thread_in_native, id=15680, stack(0x000000e2cb300000,0x000000e2cb400000) (1024K)]
  0x000002b2cadc6150 JavaThread "Thread-11"                  daemon [_thread_in_native, id=2628, stack(0x000000e2cb400000,0x000000e2cb500000) (1024K)]
  0x000002b2cadc5ac0 JavaThread "Thread-12"                  daemon [_thread_in_native, id=5748, stack(0x000000e2cb500000,0x000000e2cb600000) (1024K)]
  0x000002b2cadc67e0 JavaThread "Thread-13"                  daemon [_thread_in_native, id=9148, stack(0x000000e2cb600000,0x000000e2cb700000) (1024K)]
  0x000002b2cadc6e70 JavaThread "Thread-14"                  daemon [_thread_in_native, id=7688, stack(0x000000e2cb700000,0x000000e2cb800000) (1024K)]
  0x000002b2cadc4710 JavaThread "pool-2-thread-1"                   [_thread_blocked, id=3800, stack(0x000000e2cb800000,0x000000e2cb900000) (1024K)]
  0x000002b2cadc8220 JavaThread "Worker-4"                          [_thread_blocked, id=12168, stack(0x000000e2cb900000,0x000000e2cba00000) (1024K)]
  0x000002b2cadc4da0 JavaThread "WorkspaceEventsHandler"            [_thread_blocked, id=5020, stack(0x000000e2cba00000,0x000000e2cbb00000) (1024K)]
  0x000002b2cadc9c60 JavaThread "pool-1-thread-1"                   [_thread_blocked, id=3836, stack(0x000000e2cbb00000,0x000000e2cbc00000) (1024K)]
  0x000002b2cb4b9090 JavaThread "ForkJoinPool.commonPool-worker-1" daemon [_thread_blocked, id=13108, stack(0x000000e2c8f00000,0x000000e2c9000000) (1024K)]
  0x000002b2cb4ba440 JavaThread "ForkJoinPool.commonPool-worker-2" daemon [_thread_in_Java, id=10088, stack(0x000000e2ca500000,0x000000e2ca600000) (1024K)]
  0x000002b2cb4b9db0 JavaThread "ForkJoinPool.commonPool-worker-3" daemon [_thread_blocked, id=16936, stack(0x000000e2cbc00000,0x000000e2cbd00000) (1024K)]
  0x000002b2cb4baad0 JavaThread "ForkJoinPool.commonPool-worker-4" daemon [_thread_blocked, id=19076, stack(0x000000e2cbe00000,0x000000e2cbf00000) (1024K)]
  0x000002b2cb4bc510 JavaThread "ForkJoinPool.commonPool-worker-5" daemon [_thread_blocked, id=17540, stack(0x000000e2cbf00000,0x000000e2cc000000) (1024K)]
  0x000002b2cb4bec70 JavaThread "Cleaner-0"                  daemon [_thread_blocked, id=6416, stack(0x000000e2cc100000,0x000000e2cc200000) (1024K)]
  0x000002b2cadcb6a0 JavaThread "ForkJoinPool.commonPool-worker-6" daemon [_thread_blocked, id=8476, stack(0x000000e2ca100000,0x000000e2ca200000) (1024K)]
  0x000002b2cadca2f0 JavaThread "ForkJoinPool.commonPool-worker-7" daemon [_thread_blocked, id=10332, stack(0x000000e2cbd00000,0x000000e2cbe00000) (1024K)]
  0x000002b2cadc8f40 JavaThread "ForkJoinPool.commonPool-worker-8" daemon [_thread_blocked, id=7200, stack(0x000000e2cc000000,0x000000e2cc100000) (1024K)]
  0x000002b2cadc88b0 JavaThread "ForkJoinPool.commonPool-worker-9" daemon [_thread_blocked, id=6192, stack(0x000000e2cc200000,0x000000e2cc300000) (1024K)]
  0x000002b2cb4bd230 JavaThread "ForkJoinPool.commonPool-worker-10" daemon [_thread_blocked, id=15836, stack(0x000000e2cc300000,0x000000e2cc400000) (1024K)]
  0x000002b2cb4bcba0 JavaThread "ForkJoinPool.commonPool-worker-11" daemon [_thread_blocked, id=7952, stack(0x000000e2cc400000,0x000000e2cc500000) (1024K)]
  0x000002b2c891c2d0 JavaThread "Worker-5: Publish Diagnostics"        [_thread_in_Java, id=19180, stack(0x000000e2cc600000,0x000000e2cc700000) (1024K)]
  0x000002b2cac37e20 JavaThread "Compiler Source File Reader" daemon [_thread_blocked, id=16372, stack(0x000000e2cc700000,0x000000e2cc800000) (1024K)]
  0x000002b2cac37790 JavaThread "Compiler Processing Task"   daemon [_thread_blocked, id=9660, stack(0x000000e2cc800000,0x000000e2cc900000) (1024K)]
  0x000002b2cac384b0 JavaThread "Compiler Source File Reader" daemon [_thread_blocked, id=10176, stack(0x000000e2cc900000,0x000000e2cca00000) (1024K)]
=>0x000002b2cbbfc680 JavaThread "C2 CompilerThread1"         daemon [_thread_in_native, id=14572, stack(0x000000e2cc500000,0x000000e2cc600000) (1024K)]
Total: 58

Other Threads:
  0x000002b2e99b27a0 VMThread "VM Thread"                           [id=4960, stack(0x000000e2c8500000,0x000000e2c8600000) (1024K)]
  0x000002b2804dca00 WatcherThread "VM Periodic Task Thread"        [id=12224, stack(0x000000e2c8400000,0x000000e2c8500000) (1024K)]
  0x000002b2e992c640 WorkerThread "GC Thread#0"                     [id=2256, stack(0x000000e2c8300000,0x000000e2c8400000) (1024K)]
  0x000002b2c82e9960 WorkerThread "GC Thread#1"                     [id=18992, stack(0x000000e2c9200000,0x000000e2c9300000) (1024K)]
  0x000002b2c82b7170 WorkerThread "GC Thread#2"                     [id=6264, stack(0x000000e2c9300000,0x000000e2c9400000) (1024K)]
  0x000002b2c82b7510 WorkerThread "GC Thread#3"                     [id=4180, stack(0x000000e2c9400000,0x000000e2c9500000) (1024K)]
  0x000002b2c82b78b0 WorkerThread "GC Thread#4"                     [id=18640, stack(0x000000e2c9500000,0x000000e2c9600000) (1024K)]
  0x000002b2c82b7c50 WorkerThread "GC Thread#5"                     [id=15300, stack(0x000000e2c9600000,0x000000e2c9700000) (1024K)]
  0x000002b2c82b7ff0 WorkerThread "GC Thread#6"                     [id=17228, stack(0x000000e2c9700000,0x000000e2c9800000) (1024K)]
  0x000002b2c89da7b0 WorkerThread "GC Thread#7"                     [id=5756, stack(0x000000e2c9900000,0x000000e2c9a00000) (1024K)]
  0x000002b2c87d5470 WorkerThread "GC Thread#8"                     [id=11948, stack(0x000000e2c9d00000,0x000000e2c9e00000) (1024K)]
  0x000002b2c87d4990 WorkerThread "GC Thread#9"                     [id=8564, stack(0x000000e2c9e00000,0x000000e2c9f00000) (1024K)]
Total: 12

Threads with active compile tasks:
C2 CompilerThread0  52846 15278       4       java.lang.invoke.DirectMethodHandle::make (275 bytes)
C1 CompilerThread0  52846 15434   !   3       org.eclipse.jdt.internal.compiler.parser.Scanner::jumpOverMethodBody (2550 bytes)
C2 CompilerThread1  52846 15312 %     4       org.lombokweb.asm.ClassReader::readCode @ 2187 (5117 bytes)
Total: 3

VM state: not at safepoint (normal execution)

VM Mutex/Monitor currently owned by a thread: None

Heap address: 0x0000000080000000, size: 2048 MB, Compressed Oops mode: 32-bit

CDS archive(s) mapped at: [0x000002b281000000-0x000002b281ba0000-0x000002b281ba0000), size 12189696, SharedBaseAddress: 0x000002b281000000, ArchiveRelocationMode: 1.
Compressed class space mapped at: 0x000002b282000000-0x000002b2c2000000, reserved size: 1073741824
Narrow klass base: 0x000002b281000000, Narrow klass shift: 0, Narrow klass range: 0x100000000

GC Precious Log:
 CardTable entry size: 512
 CPUs: 12 total, 12 available
 Memory: 7895M
 Large Page Support: Disabled
 NUMA Support: Disabled
 Compressed Oops: Enabled (32-bit)
 Alignments: Space 512K, Generation 512K, Heap 2M
 Heap Min Capacity: 100M
 Heap Initial Capacity: 100M
 Heap Max Capacity: 2G
 Pre-touch: Disabled
 Parallel Workers: 10

Heap:
 PSYoungGen      total 4608K, used 3529K [0x00000000d5580000, 0x00000000d5d00000, 0x0000000100000000)
  eden space 4096K, 73% used [0x00000000d5580000,0x00000000d5872740,0x00000000d5980000)
  from space 512K, 100% used [0x00000000d5c80000,0x00000000d5d00000,0x00000000d5d00000)
  to   space 1024K, 0% used [0x00000000d5b00000,0x00000000d5b00000,0x00000000d5c00000)
 ParOldGen       total 533504K, used 533129K [0x0000000080000000, 0x00000000a0900000, 0x00000000d5580000)
  object space 533504K, 99% used [0x0000000080000000,0x00000000a08a2440,0x00000000a0900000)
 Metaspace       used 70331K, committed 71936K, reserved 1114112K
  class space    used 7339K, committed 8064K, reserved 1048576K

Card table byte_map: [0x000002b2e92b0000,0x000002b2e96c0000] _byte_map_base: 0x000002b2e8eb0000

Marking Bits: (ParMarkBitMap*) 0x00007ff9e8d3a340
 Begin Bits: [0x000002b2fbdb0000, 0x000002b2fddb0000)
 End Bits:   [0x000002b2fddb0000, 0x000002b2ffdb0000)

Polling page: 0x000002b2e7710000

Metaspace:

Usage:
  Non-class:     61.52 MB used.
      Class:      7.17 MB used.
       Both:     68.68 MB used.

Virtual space:
  Non-class space:       64.00 MB reserved,      62.38 MB ( 97%) committed,  1 nodes.
      Class space:        1.00 GB reserved,       7.88 MB ( <1%) committed,  1 nodes.
             Both:        1.06 GB reserved,      70.25 MB (  6%) committed. 

Chunk freelists:
   Non-Class:  1.07 MB
       Class:  8.13 MB
        Both:  9.19 MB

MaxMetaspaceSize: unlimited
CompressedClassSpaceSize: 1.00 GB
Initial GC threshold: 21.00 MB
Current GC threshold: 97.31 MB
CDS: on
 - commit_granule_bytes: 65536.
 - commit_granule_words: 8192.
 - virtual_space_node_default_size: 8388608.
 - enlarge_chunks_in_place: 1.
 - use_allocation_guard: 0.


Internal statistics:

num_allocs_failed_limit: 9.
num_arena_births: 1276.
num_arena_deaths: 14.
num_vsnodes_births: 2.
num_vsnodes_deaths: 0.
num_space_committed: 1124.
num_space_uncommitted: 0.
num_chunks_returned_to_freelist: 23.
num_chunks_taken_from_freelist: 4680.
num_chunk_merges: 13.
num_chunk_splits: 2863.
num_chunks_enlarged: 1569.
num_inconsistent_stats: 0.

CodeHeap 'non-profiled nmethods': size=120000Kb used=13444Kb max_used=13444Kb free=106555Kb
 bounds [0x000002b2f45d0000, 0x000002b2f5300000, 0x000002b2fbb00000]
CodeHeap 'profiled nmethods': size=120000Kb used=32425Kb max_used=32425Kb free=87575Kb
 bounds [0x000002b2ecb00000, 0x000002b2eeab0000, 0x000002b2f4030000]
CodeHeap 'non-nmethods': size=5760Kb used=1465Kb max_used=1556Kb free=4294Kb
 bounds [0x000002b2f4030000, 0x000002b2f42a0000, 0x000002b2f45d0000]
CodeCache: size=245760Kb, used=47334Kb, max_used=47425Kb, free=198424Kb
 total_blobs=15344, nmethods=14561, adapters=688, full_count=0
Compilation: enabled, stopped_count=0, restarted_count=0

Compilation events (20 events):
Event: 51.732 Thread 0x000002b2c2ae67d0 15347       3       org.eclipse.jface.text.GapTextStore::gapSize (10 bytes)
Event: 51.732 Thread 0x000002b2c2ae67d0 nmethod 15347 0x000002b2eea7a710 code [0x000002b2eea7a8a0, 0x000002b2eea7a9b0]
Event: 51.732 Thread 0x000002b2c2ae67d0 15360       1       org.eclipse.lsp4j.Range::getEnd (5 bytes)
Event: 51.732 Thread 0x000002b2c2ae67d0 nmethod 15360 0x000002b2f52ec590 code [0x000002b2f52ec720, 0x000002b2f52ec7e8]
Event: 51.732 Thread 0x000002b2c2ae67d0 15352       1       java.lang.invoke.LambdaForm$BasicType::basicTypeChar (5 bytes)
Event: 51.732 Thread 0x000002b2c2ae67d0 nmethod 15352 0x000002b2f52ec890 code [0x000002b2f52eca20, 0x000002b2f52ecaf0]
Event: 51.732 Thread 0x000002b2c2ae67d0 15349       1       org.eclipse.jface.text.AbstractDocument::setTextStore (6 bytes)
Event: 51.732 Thread 0x000002b2c2ae67d0 nmethod 15349 0x000002b2f52ecb90 code [0x000002b2f52ecd20, 0x000002b2f52ece00]
Event: 51.732 Thread 0x000002b2c2ae67d0 15350       1       org.eclipse.jface.text.AbstractDocument::setLineTracker (6 bytes)
Event: 51.732 Thread 0x000002b2c2ae67d0 nmethod 15350 0x000002b2f52ece90 code [0x000002b2f52ed020, 0x000002b2f52ed100]
Event: 51.732 Thread 0x000002b2c2ae67d0 15357       1       org.eclipse.lsp4j.Position::setLine (6 bytes)
Event: 51.732 Thread 0x000002b2c2ae67d0 nmethod 15357 0x000002b2f52ed190 code [0x000002b2f52ed320, 0x000002b2f52ed3e8]
Event: 51.732 Thread 0x000002b2c2ae67d0 15358       1       org.eclipse.lsp4j.Position::setCharacter (6 bytes)
Event: 51.733 Thread 0x000002b2c2ae67d0 nmethod 15358 0x000002b2f52ed490 code [0x000002b2f52ed620, 0x000002b2f52ed6e8]
Event: 51.733 Thread 0x000002b2c2ae67d0 15359       1       org.eclipse.lsp4j.Range::getStart (5 bytes)
Event: 51.733 Thread 0x000002b2c2ae67d0 nmethod 15359 0x000002b2f52ed790 code [0x000002b2f52ed920, 0x000002b2f52ed9e8]
Event: 51.733 Thread 0x000002b2c2ae67d0 15361       3       org.eclipse.jface.text.CopyOnWriteTextStore$StringTextStore::<init> (7 bytes)
Event: 51.733 Thread 0x000002b2c2ae67d0 nmethod 15361 0x000002b2eea7aa90 code [0x000002b2eea7ac40, 0x000002b2eea7ad88]
Event: 51.734 Thread 0x000002b2c2ae67d0 15362   !   3       org.eclipse.core.internal.registry.ConfigurationElement::createExecutableExtension (419 bytes)
Event: 52.749 Thread 0x000002b2c2ae67d0 nmethod 15362 0x000002b2eea7ae10 code [0x000002b2eea7b480, 0x000002b2eea7e590]

GC Heap History (20 events):
Event: 40.944 GC heap before
{Heap before GC invocations=998 (full 3):
 PSYoungGen      total 7680K, used 7290K [0x00000000d5580000, 0x00000000d6280000, 0x0000000100000000)
  eden space 4096K, 100% used [0x00000000d5580000,0x00000000d5980000,0x00000000d5980000)
  from space 3584K, 89% used [0x00000000d5f00000,0x00000000d621eac0,0x00000000d6280000)
  to   space 4096K, 0% used [0x00000000d5a80000,0x00000000d5a80000,0x00000000d5e80000)
 ParOldGen       total 526848K, used 526583K [0x0000000080000000, 0x00000000a0280000, 0x00000000d5580000)
  object space 526848K, 99% used [0x0000000080000000,0x00000000a023dd90,0x00000000a0280000)
 Metaspace       used 67747K, committed 69312K, reserved 1114112K
  class space    used 7054K, committed 7744K, reserved 1048576K
}
Event: 40.947 GC heap after
{Heap after GC invocations=998 (full 3):
 PSYoungGen      total 4608K, used 368K [0x00000000d5580000, 0x00000000d5f80000, 0x0000000100000000)
  eden space 4096K, 0% used [0x00000000d5580000,0x00000000d5580000,0x00000000d5980000)
  from space 512K, 71% used [0x00000000d5a80000,0x00000000d5adc010,0x00000000d5b00000)
  to   space 1536K, 0% used [0x00000000d5e00000,0x00000000d5e00000,0x00000000d5f80000)
 ParOldGen       total 528896K, used 528548K [0x0000000080000000, 0x00000000a0480000, 0x00000000d5580000)
  object space 528896K, 99% used [0x0000000080000000,0x00000000a04292f0,0x00000000a0480000)
 Metaspace       used 67747K, committed 69312K, reserved 1114112K
  class space    used 7054K, committed 7744K, reserved 1048576K
}
Event: 40.979 GC heap before
{Heap before GC invocations=999 (full 3):
 PSYoungGen      total 4608K, used 4464K [0x00000000d5580000, 0x00000000d5f80000, 0x0000000100000000)
  eden space 4096K, 100% used [0x00000000d5580000,0x00000000d5980000,0x00000000d5980000)
  from space 512K, 71% used [0x00000000d5a80000,0x00000000d5adc010,0x00000000d5b00000)
  to   space 1536K, 0% used [0x00000000d5e00000,0x00000000d5e00000,0x00000000d5f80000)
 ParOldGen       total 528896K, used 528548K [0x0000000080000000, 0x00000000a0480000, 0x00000000d5580000)
  object space 528896K, 99% used [0x0000000080000000,0x00000000a04292f0,0x00000000a0480000)
 Metaspace       used 67936K, committed 69440K, reserved 1114112K
  class space    used 7085K, committed 7744K, reserved 1048576K
}
Event: 40.983 GC heap after
{Heap after GC invocations=999 (full 3):
 PSYoungGen      total 5120K, used 960K [0x00000000d5580000, 0x00000000d5f00000, 0x0000000100000000)
  eden space 4096K, 0% used [0x00000000d5580000,0x00000000d5580000,0x00000000d5980000)
  from space 1024K, 93% used [0x00000000d5e00000,0x00000000d5ef0030,0x00000000d5f00000)
  to   space 1536K, 0% used [0x00000000d5c00000,0x00000000d5c00000,0x00000000d5d80000)
 ParOldGen       total 528896K, used 528772K [0x0000000080000000, 0x00000000a0480000, 0x00000000d5580000)
  object space 528896K, 99% used [0x0000000080000000,0x00000000a0461300,0x00000000a0480000)
 Metaspace       used 67936K, committed 69440K, reserved 1114112K
  class space    used 7085K, committed 7744K, reserved 1048576K
}
Event: 41.136 GC heap before
{Heap before GC invocations=1000 (full 3):
 PSYoungGen      total 5120K, used 5056K [0x00000000d5580000, 0x00000000d5f00000, 0x0000000100000000)
  eden space 4096K, 99% used [0x00000000d5580000,0x00000000d597ffd8,0x00000000d5980000)
  from space 1024K, 93% used [0x00000000d5e00000,0x00000000d5ef0030,0x00000000d5f00000)
  to   space 1536K, 0% used [0x00000000d5c00000,0x00000000d5c00000,0x00000000d5d80000)
 ParOldGen       total 528896K, used 528772K [0x0000000080000000, 0x00000000a0480000, 0x00000000d5580000)
  object space 528896K, 99% used [0x0000000080000000,0x00000000a0461300,0x00000000a0480000)
 Metaspace       used 68146K, committed 69696K, reserved 1114112K
  class space    used 7106K, committed 7744K, reserved 1048576K
}
Event: 41.140 GC heap after
{Heap after GC invocations=1000 (full 3):
 PSYoungGen      total 5632K, used 624K [0x00000000d5580000, 0x00000000d5e80000, 0x0000000100000000)
  eden space 4096K, 0% used [0x00000000d5580000,0x00000000d5580000,0x00000000d5980000)
  from space 1536K, 40% used [0x00000000d5c00000,0x00000000d5c9c090,0x00000000d5d80000)
  to   space 1024K, 0% used [0x00000000d5d80000,0x00000000d5d80000,0x00000000d5e80000)
 ParOldGen       total 529920K, used 529503K [0x0000000080000000, 0x00000000a0580000, 0x00000000d5580000)
  object space 529920K, 99% used [0x0000000080000000,0x00000000a0517c40,0x00000000a0580000)
 Metaspace       used 68146K, committed 69696K, reserved 1114112K
  class space    used 7106K, committed 7744K, reserved 1048576K
}
Event: 42.188 GC heap before
{Heap before GC invocations=1001 (full 3):
 PSYoungGen      total 5632K, used 4720K [0x00000000d5580000, 0x00000000d5e80000, 0x0000000100000000)
  eden space 4096K, 99% used [0x00000000d5580000,0x00000000d597fff8,0x00000000d5980000)
  from space 1536K, 40% used [0x00000000d5c00000,0x00000000d5c9c090,0x00000000d5d80000)
  to   space 1024K, 0% used [0x00000000d5d80000,0x00000000d5d80000,0x00000000d5e80000)
 ParOldGen       total 529920K, used 529503K [0x0000000080000000, 0x00000000a0580000, 0x00000000d5580000)
  object space 529920K, 99% used [0x0000000080000000,0x00000000a0517c40,0x00000000a0580000)
 Metaspace       used 68391K, committed 69952K, reserved 1114112K
  class space    used 7132K, committed 7808K, reserved 1048576K
}
Event: 42.191 GC heap after
{Heap after GC invocations=1001 (full 3):
 PSYoungGen      total 4608K, used 320K [0x00000000d5580000, 0x00000000d5e00000, 0x0000000100000000)
  eden space 4096K, 0% used [0x00000000d5580000,0x00000000d5580000,0x00000000d5980000)
  from space 512K, 62% used [0x00000000d5d80000,0x00000000d5dd0020,0x00000000d5e00000)
  to   space 512K, 0% used [0x00000000d5d00000,0x00000000d5d00000,0x00000000d5d80000)
 ParOldGen       total 529920K, used 529847K [0x0000000080000000, 0x00000000a0580000, 0x00000000d5580000)
  object space 529920K, 99% used [0x0000000080000000,0x00000000a056dcc0,0x00000000a0580000)
 Metaspace       used 68391K, committed 69952K, reserved 1114112K
  class space    used 7132K, committed 7808K, reserved 1048576K
}
Event: 42.504 GC heap before
{Heap before GC invocations=1002 (full 3):
 PSYoungGen      total 4608K, used 4416K [0x00000000d5580000, 0x00000000d5e00000, 0x0000000100000000)
  eden space 4096K, 100% used [0x00000000d5580000,0x00000000d5980000,0x00000000d5980000)
  from space 512K, 62% used [0x00000000d5d80000,0x00000000d5dd0020,0x00000000d5e00000)
  to   space 512K, 0% used [0x00000000d5d00000,0x00000000d5d00000,0x00000000d5d80000)
 ParOldGen       total 529920K, used 529847K [0x0000000080000000, 0x00000000a0580000, 0x00000000d5580000)
  object space 529920K, 99% used [0x0000000080000000,0x00000000a056dcc0,0x00000000a0580000)
 Metaspace       used 68592K, committed 70080K, reserved 1114112K
  class space    used 7145K, committed 7808K, reserved 1048576K
}
Event: 42.505 GC heap after
{Heap after GC invocations=1002 (full 3):
 PSYoungGen      total 4608K, used 507K [0x00000000d5580000, 0x00000000d5e00000, 0x0000000100000000)
  eden space 4096K, 0% used [0x00000000d5580000,0x00000000d5580000,0x00000000d5980000)
  from space 512K, 99% used [0x00000000d5d00000,0x00000000d5d7ef98,0x00000000d5d80000)
  to   space 512K, 0% used [0x00000000d5d80000,0x00000000d5d80000,0x00000000d5e00000)
 ParOldGen       total 530432K, used 530021K [0x0000000080000000, 0x00000000a0600000, 0x00000000d5580000)
  object space 530432K, 99% used [0x0000000080000000,0x00000000a0599720,0x00000000a0600000)
 Metaspace       used 68592K, committed 70080K, reserved 1114112K
  class space    used 7145K, committed 7808K, reserved 1048576K
}
Event: 51.455 GC heap before
{Heap before GC invocations=1003 (full 3):
 PSYoungGen      total 4608K, used 4603K [0x00000000d5580000, 0x00000000d5e00000, 0x0000000100000000)
  eden space 4096K, 99% used [0x00000000d5580000,0x00000000d597fff0,0x00000000d5980000)
  from space 512K, 99% used [0x00000000d5d00000,0x00000000d5d7ef98,0x00000000d5d80000)
  to   space 512K, 0% used [0x00000000d5d80000,0x00000000d5d80000,0x00000000d5e00000)
 ParOldGen       total 530432K, used 530021K [0x0000000080000000, 0x00000000a0600000, 0x00000000d5580000)
  object space 530432K, 99% used [0x0000000080000000,0x00000000a0599720,0x00000000a0600000)
 Metaspace       used 68990K, committed 70464K, reserved 1114112K
  class space    used 7178K, committed 7808K, reserved 1048576K
}
Event: 51.458 GC heap after
{Heap after GC invocations=1003 (full 3):
 PSYoungGen      total 4608K, used 512K [0x00000000d5580000, 0x00000000d5e00000, 0x0000000100000000)
  eden space 4096K, 0% used [0x00000000d5580000,0x00000000d5580000,0x00000000d5980000)
  from space 512K, 100% used [0x00000000d5d80000,0x00000000d5e00000,0x00000000d5e00000)
  to   space 1024K, 0% used [0x00000000d5c00000,0x00000000d5c00000,0x00000000d5d00000)
 ParOldGen       total 530432K, used 530277K [0x0000000080000000, 0x00000000a0600000, 0x00000000d5580000)
  object space 530432K, 99% used [0x0000000080000000,0x00000000a05d9720,0x00000000a0600000)
 Metaspace       used 68990K, committed 70464K, reserved 1114112K
  class space    used 7178K, committed 7808K, reserved 1048576K
}
Event: 51.567 GC heap before
{Heap before GC invocations=1004 (full 3):
 PSYoungGen      total 4608K, used 4607K [0x00000000d5580000, 0x00000000d5e00000, 0x0000000100000000)
  eden space 4096K, 99% used [0x00000000d5580000,0x00000000d597fff8,0x00000000d5980000)
  from space 512K, 100% used [0x00000000d5d80000,0x00000000d5e00000,0x00000000d5e00000)
  to   space 1024K, 0% used [0x00000000d5c00000,0x00000000d5c00000,0x00000000d5d00000)
 ParOldGen       total 530432K, used 530277K [0x0000000080000000, 0x00000000a0600000, 0x00000000d5580000)
  object space 530432K, 99% used [0x0000000080000000,0x00000000a05d9720,0x00000000a0600000)
 Metaspace       used 69096K, committed 70720K, reserved 1114112K
  class space    used 7188K, committed 7936K, reserved 1048576K
}
Event: 51.570 GC heap after
{Heap after GC invocations=1004 (full 3):
 PSYoungGen      total 5120K, used 1008K [0x00000000d5580000, 0x00000000d5e00000, 0x0000000100000000)
  eden space 4096K, 0% used [0x00000000d5580000,0x00000000d5580000,0x00000000d5980000)
  from space 1024K, 98% used [0x00000000d5c00000,0x00000000d5cfc010,0x00000000d5d00000)
  to   space 1024K, 0% used [0x00000000d5d00000,0x00000000d5d00000,0x00000000d5e00000)
 ParOldGen       total 530944K, used 530605K [0x0000000080000000, 0x00000000a0680000, 0x00000000d5580000)
  object space 530944K, 99% used [0x0000000080000000,0x00000000a062b4a0,0x00000000a0680000)
 Metaspace       used 69096K, committed 70720K, reserved 1114112K
  class space    used 7188K, committed 7936K, reserved 1048576K
}
Event: 51.614 GC heap before
{Heap before GC invocations=1005 (full 3):
 PSYoungGen      total 5120K, used 5104K [0x00000000d5580000, 0x00000000d5e00000, 0x0000000100000000)
  eden space 4096K, 99% used [0x00000000d5580000,0x00000000d597fff0,0x00000000d5980000)
  from space 1024K, 98% used [0x00000000d5c00000,0x00000000d5cfc010,0x00000000d5d00000)
  to   space 1024K, 0% used [0x00000000d5d00000,0x00000000d5d00000,0x00000000d5e00000)
 ParOldGen       total 530944K, used 530605K [0x0000000080000000, 0x00000000a0680000, 0x00000000d5580000)
  object space 530944K, 99% used [0x0000000080000000,0x00000000a062b4a0,0x00000000a0680000)
 Metaspace       used 69240K, committed 70848K, reserved 1114112K
  class space    used 7195K, committed 7936K, reserved 1048576K
}
Event: 51.615 GC heap after
{Heap after GC invocations=1005 (full 3):
 PSYoungGen      total 5120K, used 1024K [0x00000000d5580000, 0x00000000d5e80000, 0x0000000100000000)
  eden space 4096K, 0% used [0x00000000d5580000,0x00000000d5580000,0x00000000d5980000)
  from space 1024K, 100% used [0x00000000d5d00000,0x00000000d5e00000,0x00000000d5e00000)
  to   space 2560K, 0% used [0x00000000d5980000,0x00000000d5980000,0x00000000d5c00000)
 ParOldGen       total 531968K, used 531501K [0x0000000080000000, 0x00000000a0780000, 0x00000000d5580000)
  object space 531968K, 99% used [0x0000000080000000,0x00000000a070b450,0x00000000a0780000)
 Metaspace       used 69240K, committed 70848K, reserved 1114112K
  class space    used 7195K, committed 7936K, reserved 1048576K
}
Event: 51.666 GC heap before
{Heap before GC invocations=1006 (full 3):
 PSYoungGen      total 5120K, used 5113K [0x00000000d5580000, 0x00000000d5e80000, 0x0000000100000000)
  eden space 4096K, 99% used [0x00000000d5580000,0x00000000d597e4d0,0x00000000d5980000)
  from space 1024K, 100% used [0x00000000d5d00000,0x00000000d5e00000,0x00000000d5e00000)
  to   space 2560K, 0% used [0x00000000d5980000,0x00000000d5980000,0x00000000d5c00000)
 ParOldGen       total 531968K, used 531501K [0x0000000080000000, 0x00000000a0780000, 0x00000000d5580000)
  object space 531968K, 99% used [0x0000000080000000,0x00000000a070b450,0x00000000a0780000)
 Metaspace       used 69656K, committed 71296K, reserved 1114112K
  class space    used 7229K, committed 8000K, reserved 1048576K
}
Event: 51.669 GC heap after
{Heap after GC invocations=1006 (full 3):
 PSYoungGen      total 6656K, used 320K [0x00000000d5580000, 0x00000000d5d80000, 0x0000000100000000)
  eden space 4096K, 0% used [0x00000000d5580000,0x00000000d5580000,0x00000000d5980000)
  from space 2560K, 12% used [0x00000000d5980000,0x00000000d59d0000,0x00000000d5c00000)
  to   space 1024K, 0% used [0x00000000d5c80000,0x00000000d5c80000,0x00000000d5d80000)
 ParOldGen       total 532480K, used 532413K [0x0000000080000000, 0x00000000a0800000, 0x00000000d5580000)
  object space 532480K, 99% used [0x0000000080000000,0x00000000a07ef580,0x00000000a0800000)
 Metaspace       used 69656K, committed 71296K, reserved 1114112K
  class space    used 7229K, committed 8000K, reserved 1048576K
}
Event: 51.719 GC heap before
{Heap before GC invocations=1007 (full 3):
 PSYoungGen      total 6656K, used 4416K [0x00000000d5580000, 0x00000000d5d80000, 0x0000000100000000)
  eden space 4096K, 100% used [0x00000000d5580000,0x00000000d5980000,0x00000000d5980000)
  from space 2560K, 12% used [0x00000000d5980000,0x00000000d59d0000,0x00000000d5c00000)
  to   space 1024K, 0% used [0x00000000d5c80000,0x00000000d5c80000,0x00000000d5d80000)
 ParOldGen       total 532480K, used 532413K [0x0000000080000000, 0x00000000a0800000, 0x00000000d5580000)
  object space 532480K, 99% used [0x0000000080000000,0x00000000a07ef580,0x00000000a0800000)
 Metaspace       used 70082K, committed 71680K, reserved 1114112K
  class space    used 7311K, committed 8064K, reserved 1048576K
}
Event: 51.721 GC heap after
{Heap after GC invocations=1007 (full 3):
 PSYoungGen      total 4608K, used 352K [0x00000000d5580000, 0x00000000d5d00000, 0x0000000100000000)
  eden space 4096K, 0% used [0x00000000d5580000,0x00000000d5580000,0x00000000d5980000)
  from space 512K, 68% used [0x00000000d5c80000,0x00000000d5cd8000,0x00000000d5d00000)
  to   space 512K, 0% used [0x00000000d5c00000,0x00000000d5c00000,0x00000000d5c80000)
 ParOldGen       total 532992K, used 532584K [0x0000000080000000, 0x00000000a0880000, 0x00000000d5580000)
  object space 532992K, 99% used [0x0000000080000000,0x00000000a081a300,0x00000000a0880000)
 Metaspace       used 70082K, committed 71680K, reserved 1114112K
  class space    used 7311K, committed 8064K, reserved 1048576K
}

Dll operation events (10 events):
Event: 0.012 Loaded shared library c:\Users\nabil\.vscode\extensions\redhat.java-1.45.0-win32-x64\jre\21.0.8-win32-x86_64\bin\java.dll
Event: 0.081 Loaded shared library c:\Users\nabil\.vscode\extensions\redhat.java-1.45.0-win32-x64\jre\21.0.8-win32-x86_64\bin\zip.dll
Event: 0.111 Loaded shared library C:\Users\nabil\.vscode\extensions\redhat.java-1.45.0-win32-x64\jre\21.0.8-win32-x86_64\bin\instrument.dll
Event: 0.119 Loaded shared library C:\Users\nabil\.vscode\extensions\redhat.java-1.45.0-win32-x64\jre\21.0.8-win32-x86_64\bin\net.dll
Event: 0.123 Loaded shared library C:\Users\nabil\.vscode\extensions\redhat.java-1.45.0-win32-x64\jre\21.0.8-win32-x86_64\bin\nio.dll
Event: 0.129 Loaded shared library C:\Users\nabil\.vscode\extensions\redhat.java-1.45.0-win32-x64\jre\21.0.8-win32-x86_64\bin\zip.dll
Event: 0.160 Loaded shared library C:\Users\nabil\.vscode\extensions\redhat.java-1.45.0-win32-x64\jre\21.0.8-win32-x86_64\bin\jimage.dll
Event: 0.276 Loaded shared library c:\Users\nabil\.vscode\extensions\redhat.java-1.45.0-win32-x64\jre\21.0.8-win32-x86_64\bin\verify.dll
Event: 1.418 Loaded shared library C:\Users\nabil\AppData\Roaming\Code\User\globalStorage\redhat.java\1.45.0\config_win\org.eclipse.equinox.launcher\org.eclipse.equinox.launcher.win32.win32.x86_64_1.2.1400.v20250801-0854\eclipse_11916.dll
Event: 2.835 Loaded shared library C:\Users\nabil\AppData\Local\Temp\jna-104574578\jna8488757415934743316.dll

Deoptimization events (20 events):
Event: 51.642 Thread 0x000002b2cb4ba440 Uncommon trap: trap_request=0xffffff45 fr.pc=0x000002b2f4c55b50 relative=0x0000000000000d90
Event: 51.642 Thread 0x000002b2cb4ba440 Uncommon trap: reason=unstable_if action=reinterpret pc=0x000002b2f4c55b50 method=jdk.internal.reflect.Reflection.verifyMemberAccess(Ljava/lang/Class;Ljava/lang/Class;Ljava/lang/Class;I)Z @ 67 c2
Event: 51.642 Thread 0x000002b2cb4ba440 DEOPT PACKING pc=0x000002b2f4c55b50 sp=0x000000e2ca5fe000
Event: 51.642 Thread 0x000002b2cb4ba440 DEOPT UNPACKING pc=0x000002b2f4083aa2 sp=0x000000e2ca5fdf38 mode 2
Event: 51.711 Thread 0x000002b2cadc88b0 Uncommon trap: trap_request=0xffffff45 fr.pc=0x000002b2f4875988 relative=0x00000000000000e8
Event: 51.711 Thread 0x000002b2cadc88b0 Uncommon trap: reason=unstable_if action=reinterpret pc=0x000002b2f4875988 method=java.util.stream.SpinedBuffer.accept(Ljava/lang/Object;)V @ 9 c2
Event: 51.711 Thread 0x000002b2cadc88b0 DEOPT PACKING pc=0x000002b2f4875988 sp=0x000000e2cc2fe8e0
Event: 51.711 Thread 0x000002b2cadc88b0 DEOPT UNPACKING pc=0x000002b2f4083aa2 sp=0x000000e2cc2fe888 mode 2
Event: 51.721 Thread 0x000002b2cb4ba440 Uncommon trap: trap_request=0xffffff45 fr.pc=0x000002b2f4fea614 relative=0x0000000000001534
Event: 51.721 Thread 0x000002b2cb4ba440 Uncommon trap: reason=unstable_if action=reinterpret pc=0x000002b2f4fea614 method=java.util.regex.Pattern.newSlice([IIZ)Ljava/util/regex/Pattern$Node; @ 19 c2
Event: 51.721 Thread 0x000002b2cb4ba440 DEOPT PACKING pc=0x000002b2f4fea614 sp=0x000000e2ca5fd180
Event: 51.721 Thread 0x000002b2cb4ba440 DEOPT UNPACKING pc=0x000002b2f4083aa2 sp=0x000000e2ca5fd0d0 mode 2
Event: 51.721 Thread 0x000002b2cb4ba440 Uncommon trap: trap_request=0xffffff45 fr.pc=0x000002b2f52000d0 relative=0x0000000000002430
Event: 51.721 Thread 0x000002b2cb4ba440 Uncommon trap: reason=unstable_if action=reinterpret pc=0x000002b2f52000d0 method=java.util.regex.Pattern.group0()Ljava/util/regex/Pattern$Node; @ 45 c2
Event: 51.721 Thread 0x000002b2cb4ba440 DEOPT PACKING pc=0x000002b2f52000d0 sp=0x000000e2ca5fd2f0
Event: 51.721 Thread 0x000002b2cb4ba440 DEOPT UNPACKING pc=0x000002b2f4083aa2 sp=0x000000e2ca5fd2b0 mode 2
Event: 51.721 Thread 0x000002b2cb4ba440 Uncommon trap: trap_request=0xffffff45 fr.pc=0x000002b2f4ff42c4 relative=0x0000000000000464
Event: 51.721 Thread 0x000002b2cb4ba440 Uncommon trap: reason=unstable_if action=reinterpret pc=0x000002b2f4ff42c4 method=java.util.regex.Pattern.escape(ZZZ)I @ 8 c2
Event: 51.721 Thread 0x000002b2cb4ba440 DEOPT PACKING pc=0x000002b2f4ff42c4 sp=0x000000e2ca5fcec0
Event: 51.721 Thread 0x000002b2cb4ba440 DEOPT UNPACKING pc=0x000002b2f4083aa2 sp=0x000000e2ca5fce58 mode 2

Classes loaded (20 events):
Event: 31.294 Loading class sun/util/resources/TimeZoneNames_en
Event: 31.294 Loading class sun/util/resources/TimeZoneNames_en done
Event: 40.617 Loading class sun/nio/ch/ChannelOutputStream
Event: 40.617 Loading class sun/nio/ch/ChannelOutputStream done
Event: 40.956 Loading class java/util/stream/DistinctOps
Event: 40.956 Loading class java/util/stream/DistinctOps done
Event: 40.956 Loading class java/util/stream/DistinctOps$1
Event: 40.957 Loading class java/util/stream/DistinctOps$1 done
Event: 40.962 Loading class java/util/stream/DistinctOps$1$2
Event: 40.962 Loading class java/util/stream/DistinctOps$1$2 done
Event: 40.963 Loading class java/nio/file/Files$2
Event: 40.963 Loading class java/nio/file/Files$2 done
Event: 40.967 Loading class java/util/concurrent/ArrayBlockingQueue
Event: 40.967 Loading class java/util/concurrent/ArrayBlockingQueue done
Event: 41.147 Loading class java/util/stream/ReduceOps$5
Event: 41.147 Loading class java/util/stream/ReduceOps$5 done
Event: 41.148 Loading class java/util/stream/ReduceOps$CountingSink$OfRef
Event: 41.152 Loading class java/util/stream/ReduceOps$CountingSink
Event: 41.152 Loading class java/util/stream/ReduceOps$CountingSink done
Event: 41.153 Loading class java/util/stream/ReduceOps$CountingSink$OfRef done

Classes unloaded (7 events):
Event: 3.385 Thread 0x000002b2e99b27a0 Unloading class 0x000002b2821ab000 'java/lang/invoke/LambdaForm$MH+0x000002b2821ab000'
Event: 3.385 Thread 0x000002b2e99b27a0 Unloading class 0x000002b2821aac00 'java/lang/invoke/LambdaForm$MH+0x000002b2821aac00'
Event: 3.385 Thread 0x000002b2e99b27a0 Unloading class 0x000002b2821aa800 'java/lang/invoke/LambdaForm$MH+0x000002b2821aa800'
Event: 3.385 Thread 0x000002b2e99b27a0 Unloading class 0x000002b2821aa400 'java/lang/invoke/LambdaForm$MH+0x000002b2821aa400'
Event: 3.385 Thread 0x000002b2e99b27a0 Unloading class 0x000002b2821aa000 'java/lang/invoke/LambdaForm$BMH+0x000002b2821aa000'
Event: 3.385 Thread 0x000002b2e99b27a0 Unloading class 0x000002b2821a9c00 'java/lang/invoke/LambdaForm$DMH+0x000002b2821a9c00'
Event: 3.385 Thread 0x000002b2e99b27a0 Unloading class 0x000002b2821a8800 'java/lang/invoke/LambdaForm$DMH+0x000002b2821a8800'

Classes redefined (0 events):
No events

Internal exceptions (20 events):
Event: 40.640 Thread 0x000002b2cadc9c60 Exception <a 'sun/nio/fs/WindowsException'{0x00000000d5640490}> (0x00000000d5640490) 
thrown [s\src\hotspot\share\prims\jni.cpp, line 520]
Event: 40.640 Thread 0x000002b2cadc9c60 Exception <a 'sun/nio/fs/WindowsException'{0x00000000d5640d70}> (0x00000000d5640d70) 
thrown [s\src\hotspot\share\prims\jni.cpp, line 520]
Event: 40.640 Thread 0x000002b2cadc9c60 Exception <a 'sun/nio/fs/WindowsException'{0x00000000d564b228}> (0x00000000d564b228) 
thrown [s\src\hotspot\share\prims\jni.cpp, line 520]
Event: 40.640 Thread 0x000002b2cadc9c60 Exception <a 'sun/nio/fs/WindowsException'{0x00000000d564bb08}> (0x00000000d564bb08) 
thrown [s\src\hotspot\share\prims\jni.cpp, line 520]
Event: 40.641 Thread 0x000002b2cadc9c60 Exception <a 'sun/nio/fs/WindowsException'{0x00000000d5657198}> (0x00000000d5657198) 
thrown [s\src\hotspot\share\prims\jni.cpp, line 520]
Event: 40.641 Thread 0x000002b2cadc9c60 Exception <a 'sun/nio/fs/WindowsException'{0x00000000d5657a78}> (0x00000000d5657a78) 
thrown [s\src\hotspot\share\prims\jni.cpp, line 520]
Event: 40.642 Thread 0x000002b2cadc9c60 Exception <a 'sun/nio/fs/WindowsException'{0x00000000d5664320}> (0x00000000d5664320) 
thrown [s\src\hotspot\share\prims\jni.cpp, line 520]
Event: 40.642 Thread 0x000002b2cadc9c60 Exception <a 'sun/nio/fs/WindowsException'{0x00000000d5664c00}> (0x00000000d5664c00) 
thrown [s\src\hotspot\share\prims\jni.cpp, line 520]
Event: 40.643 Thread 0x000002b2cadc9c60 Exception <a 'sun/nio/fs/WindowsException'{0x00000000d5670b70}> (0x00000000d5670b70) 
thrown [s\src\hotspot\share\prims\jni.cpp, line 520]
Event: 40.643 Thread 0x000002b2cadc9c60 Exception <a 'sun/nio/fs/WindowsException'{0x00000000d5671450}> (0x00000000d5671450) 
thrown [s\src\hotspot\share\prims\jni.cpp, line 520]
Event: 40.914 Thread 0x000002b2c8921820 Exception <a 'sun/nio/fs/WindowsException'{0x00000000d55bbc10}> (0x00000000d55bbc10) 
thrown [s\src\hotspot\share\prims\jni.cpp, line 520]
Event: 40.924 Thread 0x000002b2c8921820 Implicit null exception at 0x000002b2f523bfe3 to 0x000002b2f523ccb8
Event: 40.934 Thread 0x000002b2cadc9c60 Exception <a 'java/lang/IncompatibleClassChangeError'{0x00000000d57bc2d0}: Found class java.lang.Object, but interface was expected> (0x00000000d57bc2d0) 
thrown [s\src\hotspot\share\interpreter\linkResolver.cpp, line 840]
Event: 40.937 Thread 0x000002b2cadc9c60 Exception <a 'java/lang/IncompatibleClassChangeError'{0x00000000d5873148}: Found class java.lang.Object, but interface was expected> (0x00000000d5873148) 
thrown [s\src\hotspot\share\interpreter\linkResolver.cpp, line 840]
Event: 40.937 Thread 0x000002b2cadc9c60 Exception <a 'java/lang/IncompatibleClassChangeError'{0x00000000d588a9c8}: Found class java.lang.Object, but interface was expected> (0x00000000d588a9c8) 
thrown [s\src\hotspot\share\interpreter\linkResolver.cpp, line 840]
Event: 41.083 Thread 0x000002b2cb4ba440 Exception <a 'java/lang/NoSuchMethodError'{0x00000000d57d9f58}: 'java.lang.Object java.lang.invoke.DirectMethodHandle$Holder.invokeSpecial(java.lang.Object, java.lang.Object, java.lang.Object, java.lang.Object, int, java.lang.Object, java.lang.Object)'> (0x00000000d57d9f58) 
thrown [s\src\hotspot\share\interpreter\linkResolver.cpp, line 773]
Event: 41.083 Thread 0x000002b2cb4bd230 Exception <a 'java/lang/NoSuchMethodError'{0x00000000d57d8e68}: 'java.lang.Object java.lang.invoke.DirectMethodHandle$Holder.invokeSpecial(java.lang.Object, java.lang.Object, java.lang.Object, java.lang.Object, int, java.lang.Object, java.lang.Object)'> (0x00000000d57d8e68) 
thrown [s\src\hotspot\share\interpreter\linkResolver.cpp, line 773]
Event: 41.430 Thread 0x000002b2c8921820 Implicit null exception at 0x000002b2f5279538 to 0x000002b2f527e584
Event: 51.446 Thread 0x000002b2c8920470 Implicit null exception at 0x000002b2f4d9d9a7 to 0x000002b2f4d9dd38
Event: 51.678 Thread 0x000002b2cb4ba440 Exception <a 'java/lang/NoSuchMethodError'{0x00000000d55a4480}: 'void java.lang.invoke.DirectMethodHandle$Holder.invokeSpecial(java.lang.Object, java.lang.Object, int)'> (0x00000000d55a4480) 
thrown [s\src\hotspot\share\interpreter\linkResolver.cpp, line 773]

ZGC Phase Switch (0 events):
No events

VM Operations (20 events):
Event: 42.505 Executing VM operation: ParallelGCFailedAllocation (Allocation Failure) done
Event: 43.507 Executing VM operation: Cleanup
Event: 43.507 Executing VM operation: Cleanup done
Event: 44.516 Executing VM operation: Cleanup
Event: 44.516 Executing VM operation: Cleanup done
Event: 50.578 Executing VM operation: Cleanup
Event: 50.578 Executing VM operation: Cleanup done
Event: 51.455 Executing VM operation: ParallelGCFailedAllocation (Allocation Failure)
Event: 51.458 Executing VM operation: ParallelGCFailedAllocation (Allocation Failure) done
Event: 51.567 Executing VM operation: ParallelGCFailedAllocation (Allocation Failure)
Event: 51.570 Executing VM operation: ParallelGCFailedAllocation (Allocation Failure) done
Event: 51.614 Executing VM operation: ParallelGCFailedAllocation (Allocation Failure)
Event: 51.615 Executing VM operation: ParallelGCFailedAllocation (Allocation Failure) done
Event: 51.656 Executing VM operation: HandshakeAllThreads (Deoptimize)
Event: 51.656 Executing VM operation: HandshakeAllThreads (Deoptimize) done
Event: 51.666 Executing VM operation: ParallelGCFailedAllocation (Allocation Failure)
Event: 51.669 Executing VM operation: ParallelGCFailedAllocation (Allocation Failure) done
Event: 51.719 Executing VM operation: ParallelGCFailedAllocation (Allocation Failure)
Event: 51.721 Executing VM operation: ParallelGCFailedAllocation (Allocation Failure) done
Event: 52.731 Executing VM operation: Cleanup

Memory protections (0 events):
No events

Nmethod flushes (20 events):
Event: 19.868 Thread 0x000002b2e99b27a0 flushing  nmethod 0x000002b2ed457510
Event: 19.868 Thread 0x000002b2e99b27a0 flushing  nmethod 0x000002b2ed459510
Event: 19.868 Thread 0x000002b2e99b27a0 flushing  nmethod 0x000002b2ed459c10
Event: 19.868 Thread 0x000002b2e99b27a0 flushing  nmethod 0x000002b2ed45a210
Event: 19.868 Thread 0x000002b2e99b27a0 flushing  nmethod 0x000002b2ed45e390
Event: 19.868 Thread 0x000002b2e99b27a0 flushing  nmethod 0x000002b2ed45e990
Event: 19.868 Thread 0x000002b2e99b27a0 flushing  nmethod 0x000002b2ed461990
Event: 19.868 Thread 0x000002b2e99b27a0 flushing  nmethod 0x000002b2ed46c510
Event: 19.868 Thread 0x000002b2e99b27a0 flushing  nmethod 0x000002b2ed470690
Event: 19.868 Thread 0x000002b2e99b27a0 flushing  nmethod 0x000002b2ed48b990
Event: 19.868 Thread 0x000002b2e99b27a0 flushing  nmethod 0x000002b2ed490a90
Event: 19.868 Thread 0x000002b2e99b27a0 flushing  nmethod 0x000002b2ed4a5210
Event: 19.868 Thread 0x000002b2e99b27a0 flushing  nmethod 0x000002b2ed4e9810
Event: 19.868 Thread 0x000002b2e99b27a0 flushing  nmethod 0x000002b2ed4ee190
Event: 19.868 Thread 0x000002b2e99b27a0 flushing  nmethod 0x000002b2ed4fa310
Event: 19.868 Thread 0x000002b2e99b27a0 flushing  nmethod 0x000002b2ed4fe590
Event: 19.868 Thread 0x000002b2e99b27a0 flushing  nmethod 0x000002b2ed505790
Event: 19.868 Thread 0x000002b2e99b27a0 flushing  nmethod 0x000002b2ed507e90
Event: 19.868 Thread 0x000002b2e99b27a0 flushing  nmethod 0x000002b2ed50dc10
Event: 19.868 Thread 0x000002b2e99b27a0 flushing  nmethod 0x000002b2ed522e90

Events (20 events):
Event: 29.317 Thread 0x000002b2cadcb6a0 Thread added: 0x000002b2cadca2f0
Event: 29.318 Thread 0x000002b2cadca2f0 Thread added: 0x000002b2cadc8f40
Event: 29.322 Thread 0x000002b2cadc8f40 Thread added: 0x000002b2cadc88b0
Event: 29.322 Thread 0x000002b2cadc88b0 Thread added: 0x000002b2cb4bd230
Event: 29.334 Thread 0x000002b2cb4bd230 Thread added: 0x000002b2cb4bcba0
Event: 31.265 Thread 0x000002b2c2ae67d0 Thread added: 0x000002b2cbbfd420
Event: 31.271 Thread 0x000002b2c2ae67d0 Thread added: 0x000002b2cbbfab40
Event: 36.301 Thread 0x000002b2cbbfab40 Thread exited: 0x000002b2cbbfab40
Event: 36.315 Thread 0x000002b2cbbfd420 Thread exited: 0x000002b2cbbfd420
Event: 40.581 Thread 0x000002b2e99bd760 Thread added: 0x000002b2cbbfab40
Event: 40.801 Thread 0x000002b2c8921190 Thread added: 0x000002b2c891c2d0
Event: 40.956 Thread 0x000002b2c891e3a0 Thread added: 0x000002b2cac37e20
Event: 40.968 Thread 0x000002b2c891e3a0 Thread added: 0x000002b2cac37790
Event: 41.127 Thread 0x000002b2cadc8220 Thread added: 0x000002b2cac384b0
Event: 41.426 Thread 0x000002b2cbbfab40 Thread exited: 0x000002b2cbbfab40
Event: 42.197 Thread 0x000002b2c2ae67d0 Thread added: 0x000002b2cbbfc680
Event: 42.487 Thread 0x000002b2cbbfc680 Thread exited: 0x000002b2cbbfc680
Event: 42.507 Thread 0x000002b2e99bd760 Thread added: 0x000002b2cbbfab40
Event: 43.368 Thread 0x000002b2cbbfab40 Thread exited: 0x000002b2cbbfab40
Event: 51.558 Thread 0x000002b2c2ae67d0 Thread added: 0x000002b2cbbfc680


Dynamic libraries:
0x00007ff7012f0000 - 0x00007ff7012fe000 	c:\Users\nabil\.vscode\extensions\redhat.java-1.45.0-win32-x64\jre\21.0.8-win32-x86_64\bin\java.exe
0x00007ffa65360000 - 0x00007ffa655c9000 	C:\WINDOWS\SYSTEM32\ntdll.dll
0x00007ffa639a0000 - 0x00007ffa63a69000 	C:\WINDOWS\System32\KERNEL32.DLL
0x00007ffa62900000 - 0x00007ffa62cf3000 	C:\WINDOWS\System32\KERNELBASE.dll
0x00007ffa62d00000 - 0x00007ffa62e4b000 	C:\WINDOWS\System32\ucrtbase.dll
0x00007ffa4e060000 - 0x00007ffa4e078000 	c:\Users\nabil\.vscode\extensions\redhat.java-1.45.0-win32-x64\jre\21.0.8-win32-x86_64\bin\jli.dll
0x00007ffa641c0000 - 0x00007ffa64384000 	C:\WINDOWS\System32\USER32.dll
0x00007ffa62f80000 - 0x00007ffa62fa7000 	C:\WINDOWS\System32\win32u.dll
0x00007ffa64860000 - 0x00007ffa6488b000 	C:\WINDOWS\System32\GDI32.dll
0x00007ffa62e50000 - 0x00007ffa62f7d000 	C:\WINDOWS\System32\gdi32full.dll
0x00007ffa425c0000 - 0x00007ffa42853000 	C:\WINDOWS\WinSxS\amd64_microsoft.windows.common-controls_6595b64144ccf1df_6.0.26100.5074_none_3e0d6f78e32fd63f\COMCTL32.dll
0x00007ffa62850000 - 0x00007ffa628f3000 	C:\WINDOWS\System32\msvcp_win.dll
0x00007ffa63170000 - 0x00007ffa63219000 	C:\WINDOWS\System32\msvcrt.dll
0x00007ffa41ca0000 - 0x00007ffa41cbe000 	c:\Users\nabil\.vscode\extensions\redhat.java-1.45.0-win32-x64\jre\21.0.8-win32-x86_64\bin\VCRUNTIME140.dll
0x00007ffa63130000 - 0x00007ffa6315f000 	C:\WINDOWS\System32\IMM32.DLL
0x00007ffa5ee90000 - 0x00007ffa5ee9c000 	c:\Users\nabil\.vscode\extensions\redhat.java-1.45.0-win32-x64\jre\21.0.8-win32-x86_64\bin\vcruntime140_1.dll
0x00007ffa23a40000 - 0x00007ffa23acd000 	c:\Users\nabil\.vscode\extensions\redhat.java-1.45.0-win32-x64\jre\21.0.8-win32-x86_64\bin\msvcp140.dll
0x00007ff9e8080000 - 0x00007ff9e8e17000 	c:\Users\nabil\.vscode\extensions\redhat.java-1.45.0-win32-x64\jre\21.0.8-win32-x86_64\bin\server\jvm.dll
0x00007ffa647a0000 - 0x00007ffa64854000 	C:\WINDOWS\System32\ADVAPI32.dll
0x00007ffa63850000 - 0x00007ffa638f6000 	C:\WINDOWS\System32\sechost.dll
0x00007ffa64890000 - 0x00007ffa649a8000 	C:\WINDOWS\System32\RPCRT4.dll
0x00007ffa63580000 - 0x00007ffa635f4000 	C:\WINDOWS\System32\WS2_32.dll
0x00007ffa588d0000 - 0x00007ffa58905000 	C:\WINDOWS\SYSTEM32\WINMM.dll
0x00007ffa62350000 - 0x00007ffa623ae000 	C:\WINDOWS\SYSTEM32\POWRPROF.dll
0x00007ffa42870000 - 0x00007ffa4287b000 	C:\WINDOWS\SYSTEM32\VERSION.dll
0x00007ffa62330000 - 0x00007ffa62344000 	C:\WINDOWS\SYSTEM32\UMPDC.dll
0x00007ffa612d0000 - 0x00007ffa612eb000 	C:\WINDOWS\SYSTEM32\kernel.appcore.dll
0x00007ffa50840000 - 0x00007ffa5084a000 	c:\Users\nabil\.vscode\extensions\redhat.java-1.45.0-win32-x64\jre\21.0.8-win32-x86_64\bin\jimage.dll
0x00007ffa5fc60000 - 0x00007ffa5fea2000 	C:\WINDOWS\SYSTEM32\DBGHELP.DLL
0x00007ffa64f70000 - 0x00007ffa652eb000 	C:\WINDOWS\System32\combase.dll
0x00007ffa634a0000 - 0x00007ffa63577000 	C:\WINDOWS\System32\OLEAUT32.dll
0x00007ffa332a0000 - 0x00007ffa332dd000 	C:\WINDOWS\SYSTEM32\dbgcore.DLL
0x00007ffa624f0000 - 0x00007ffa62589000 	C:\WINDOWS\System32\bcryptPrimitives.dll
0x00007ffa4d660000 - 0x00007ffa4d66f000 	c:\Users\nabil\.vscode\extensions\redhat.java-1.45.0-win32-x64\jre\21.0.8-win32-x86_64\bin\instrument.dll
0x00007ffa3d8e0000 - 0x00007ffa3d8ff000 	c:\Users\nabil\.vscode\extensions\redhat.java-1.45.0-win32-x64\jre\21.0.8-win32-x86_64\bin\java.dll
0x00007ffa63a70000 - 0x00007ffa641bd000 	C:\WINDOWS\System32\SHELL32.dll
0x00007ffa626e0000 - 0x00007ffa6284c000 	C:\WINDOWS\System32\wintypes.dll
0x00007ffa60120000 - 0x00007ffa60979000 	C:\WINDOWS\SYSTEM32\windows.storage.dll
0x00007ffa649b0000 - 0x00007ffa64aa0000 	C:\WINDOWS\System32\SHCORE.dll
0x00007ffa63230000 - 0x00007ffa63292000 	C:\WINDOWS\System32\shlwapi.dll
0x00007ffa62410000 - 0x00007ffa62439000 	C:\WINDOWS\SYSTEM32\profapi.dll
0x00007ffa357f0000 - 0x00007ffa35808000 	c:\Users\nabil\.vscode\extensions\redhat.java-1.45.0-win32-x64\jre\21.0.8-win32-x86_64\bin\zip.dll
0x00007ffa4ba20000 - 0x00007ffa4ba30000 	C:\Users\nabil\.vscode\extensions\redhat.java-1.45.0-win32-x64\jre\21.0.8-win32-x86_64\bin\net.dll
0x00007ffa5c6b0000 - 0x00007ffa5c7cf000 	C:\WINDOWS\SYSTEM32\WINHTTP.dll
0x00007ffa61850000 - 0x00007ffa618bb000 	C:\WINDOWS\system32\mswsock.dll
0x00007ffa357d0000 - 0x00007ffa357e6000 	C:\Users\nabil\.vscode\extensions\redhat.java-1.45.0-win32-x64\jre\21.0.8-win32-x86_64\bin\nio.dll
0x00007ffa4ae00000 - 0x00007ffa4ae10000 	c:\Users\nabil\.vscode\extensions\redhat.java-1.45.0-win32-x64\jre\21.0.8-win32-x86_64\bin\verify.dll
0x00007ffa3c260000 - 0x00007ffa3c2a4000 	C:\Users\nabil\AppData\Roaming\Code\User\globalStorage\redhat.java\1.45.0\config_win\org.eclipse.equinox.launcher\org.eclipse.equinox.launcher.win32.win32.x86_64_1.2.1400.v20250801-0854\eclipse_11916.dll
0x00007ffa63300000 - 0x00007ffa63498000 	C:\WINDOWS\System32\ole32.dll
0x00007ffa61af0000 - 0x00007ffa61b0b000 	C:\WINDOWS\SYSTEM32\CRYPTSP.dll
0x00007ffa61230000 - 0x00007ffa6126b000 	C:\WINDOWS\system32\rsaenh.dll
0x00007ffa618f0000 - 0x00007ffa6191b000 	C:\WINDOWS\SYSTEM32\USERENV.dll
0x00007ffa623e0000 - 0x00007ffa62406000 	C:\WINDOWS\SYSTEM32\bcrypt.dll
0x00007ffa61b10000 - 0x00007ffa61b1c000 	C:\WINDOWS\SYSTEM32\CRYPTBASE.dll
0x00007ffa60d00000 - 0x00007ffa60d34000 	C:\WINDOWS\SYSTEM32\IPHLPAPI.DLL
0x00007ffa63220000 - 0x00007ffa6322a000 	C:\WINDOWS\System32\NSI.dll
0x00007ffa3a420000 - 0x00007ffa3a469000 	C:\Users\nabil\AppData\Local\Temp\jna-104574578\jna8488757415934743316.dll
0x00007ffa63980000 - 0x00007ffa63988000 	C:\WINDOWS\System32\PSAPI.DLL
0x00007ffa5c900000 - 0x00007ffa5c91e000 	C:\WINDOWS\SYSTEM32\dhcpcsvc6.DLL
0x00007ffa5c840000 - 0x00007ffa5c863000 	C:\WINDOWS\SYSTEM32\dhcpcsvc.DLL

JVMTI agents:
c:\Users\nabil\.vscode\extensions\redhat.java-1.45.0-win32-x64\lombok\lombok-1.18.39-4050.jar path:c:\Users\nabil\.vscode\extensions\redhat.java-1.45.0-win32-x64\jre\21.0.8-win32-x86_64\bin\instrument.dll, loaded, initialized, instrumentlib options:none

dbghelp: loaded successfully - version: 4.0.5 - missing functions: none
symbol engine: initialized successfully - sym options: 0x614 - pdb path: .;c:\Users\nabil\.vscode\extensions\redhat.java-1.45.0-win32-x64\jre\21.0.8-win32-x86_64\bin;C:\WINDOWS\SYSTEM32;C:\WINDOWS\WinSxS\amd64_microsoft.windows.common-controls_6595b64144ccf1df_6.0.26100.5074_none_3e0d6f78e32fd63f;c:\Users\nabil\.vscode\extensions\redhat.java-1.45.0-win32-x64\jre\21.0.8-win32-x86_64\bin\server;C:\Users\nabil\AppData\Roaming\Code\User\globalStorage\redhat.java\1.45.0\config_win\org.eclipse.equinox.launcher\org.eclipse.equinox.launcher.win32.win32.x86_64_1.2.1400.v20250801-0854;C:\Users\nabil\AppData\Local\Temp\jna-104574578

VM Arguments:
jvm_args: --add-modules=ALL-SYSTEM --add-opens=java.base/java.util=ALL-UNNAMED --add-opens=java.base/java.lang=ALL-UNNAMED --add-opens=java.base/sun.nio.fs=ALL-UNNAMED -Declipse.application=org.eclipse.jdt.ls.core.id1 -Dosgi.bundles.defaultStartLevel=4 -Declipse.product=org.eclipse.jdt.ls.core.product -Djava.import.generatesMetadataFilesAtProjectRoot=false -DDetectVMInstallationsJob.disabled=true -Dfile.encoding=utf8 -XX:+UseParallelGC -XX:GCTimeRatio=4 -XX:AdaptiveSizePolicyWeight=90 -Dsun.zip.disableMemoryMapping=true -Xmx2G -Xms100m -Xlog:disable -javaagent:c:\Users\nabil\.vscode\extensions\redhat.java-1.45.0-win32-x64\lombok\lombok-1.18.39-4050.jar -XX:+HeapDumpOnOutOfMemoryError -XX:HeapDumpPath=c:\Users\nabil\AppData\Roaming\Code\User\workspaceStorage\bad2abbcd7b301175cb1610fa1059be9\redhat.java -Daether.dependencyCollector.impl=bf 
java_command: c:\Users\nabil\.vscode\extensions\redhat.java-1.45.0-win32-x64\server\plugins\org.eclipse.equinox.launcher_1.7.0.v20250519-0528.jar -configuration c:\Users\nabil\AppData\Roaming\Code\User\globalStorage\redhat.java\1.45.0\config_win -data c:\Users\nabil\AppData\Roaming\Code\User\workspaceStorage\bad2abbcd7b301175cb1610fa1059be9\redhat.java\jdt_ws --pipe=\\.\pipe\lsp-95a448a96ea239d4892df4b80ace4298-sock
java_class_path (initial): c:\Users\nabil\.vscode\extensions\redhat.java-1.45.0-win32-x64\server\plugins\org.eclipse.equinox.launcher_1.7.0.v20250519-0528.jar
Launcher Type: SUN_STANDARD

[Global flags]
    uintx AdaptiveSizePolicyWeight                 = 90                                        {product} {command line}
     intx CICompilerCount                          = 4                                         {product} {ergonomic}
    uintx GCTimeRatio                              = 4                                         {product} {command line}
     bool HeapDumpOnOutOfMemoryError               = true                                   {manageable} {command line}
    ccstr HeapDumpPath                             = c:\Users\nabil\AppData\Roaming\Code\User\workspaceStorage\bad2abbcd7b301175cb1610fa1059be9\redhat.java         {manageable} {command line}
   size_t InitialHeapSize                          = 104857600                                 {product} {command line}
   size_t MaxHeapSize                              = 2147483648                                {product} {command line}
   size_t MaxNewSize                               = 715653120                                 {product} {ergonomic}
   size_t MinHeapDeltaBytes                        = 524288                                    {product} {ergonomic}
   size_t MinHeapSize                              = 104857600                                 {product} {command line}
   size_t NewSize                                  = 34603008                                  {product} {ergonomic}
    uintx NonNMethodCodeHeapSize                   = 5839372                                {pd product} {ergonomic}
    uintx NonProfiledCodeHeapSize                  = 122909434                              {pd product} {ergonomic}
   size_t OldSize                                  = 70254592                                  {product} {ergonomic}
    uintx ProfiledCodeHeapSize                     = 122909434                              {pd product} {ergonomic}
    uintx ReservedCodeCacheSize                    = 251658240                              {pd product} {ergonomic}
     bool SegmentedCodeCache                       = true                                      {product} {ergonomic}
   size_t SoftMaxHeapSize                          = 2147483648                             {manageable} {ergonomic}
     bool UseCompressedOops                        = true                           {product lp64_product} {ergonomic}
     bool UseLargePagesIndividualAllocation        = false                                  {pd product} {ergonomic}
     bool UseParallelGC                            = true                                      {product} {command line}

Logging:
Log output configuration:
 #0: stdout all=off uptime,level,tags foldmultilines=false
 #1: stderr all=off uptime,level,tags foldmultilines=false

Environment Variables:
PATH=C:\Program Files\Common Files\Oracle\Java\javapath;C:\WINDOWS\system32;C:\WINDOWS;C:\WINDOWS\System32\Wbem;C:\WINDOWS\System32\WindowsPowerShell\v1.0\;C:\WINDOWS\System32\OpenSSH\;C:\Program Files\Java\jre-1.8\bin;C:\Program Files\dotnet\;C:\Program Files\MATLAB\R2023b\runtime\win64;C:\Program Files\MATLAB\R2023b\bin;C:\Program Files\Git\cmd;C:\Users\nabil\AppData\Local\flutter\bin;C:\Program Files\PuTTY\;C:\ProgramData\ComposerSetup\bin;C:\Program Files\nodejs\;C:\ProgramData\chocolatey\bin;C:\xampp\php;C:\Users\nabil\flutter\bin;C:\Users\nabil\AppData\Local\Android\Sdk\platform-tools;C:\Program Files\Geckodriver;C:\Program Files\Docker\Docker\resources\bin;C:\Program Files\Java\jdk-24\bin;C:\Users\nabil\zulu24.32.13-ca-jdk24.0.2-win_x64\bin;C:\Users\nabil\zulu24.32.13-ca-fx-jre24.0.2-win_x64\bin;C:\Program Files\CMake\bin;C:\Program Files\Java\jdk-24\bin;C:\Users\nabil\AppData\Local\Programs\Python\Python312\Scripts\;C:\Users\nabil\AppData\Local\Programs\Python\Python312\;C:\Users\nabil;C:\Users\nabil\AppData\Local\spicetify;C:\Users\nabil\AppData\Local\Microsoft\WindowsApps;C:\Users\nabil\AppData\Roaming\Composer\vendor\bin;C:\Users\nabil\AppData\Roaming\npm;C:\Users\nabil\AppData\Local\Microsoft\WinGet\Packages\Schniz.fnm_Microsoft.Winget.Source_8wekyb3d8bbwe;C:\xampp\php;C:\Users\nabil\flutter\bin;C:\Users\nabil\AppData\Local\Programs\Microsoft VS Code\bin;C:\Users\nabil\AppData\Local\Microsoft\WindowsApps;C:\Users\nabil\AppData\Local\Android\Sdk\platform-tools;C:\Program Files\Geckodriver;C:\Users\nabil\zulu24.32.13-ca-fx-jre24.0.2-win_x64\bin;C:\Program Files\RabbitMQ Server\rabbitmq_server-4.1.4\sbin;
USERNAME=nabil
OS=Windows_NT
PROCESSOR_IDENTIFIER=Intel64 Family 6 Model 186 Stepping 3, GenuineIntel
TMP=C:\Users\nabil\AppData\Local\Temp
TEMP=C:\Users\nabil\AppData\Local\Temp




Periodic native trim disabled

---------------  S Y S T E M  ---------------

OS:
 Windows 11 , 64 bit Build 26100 (10.0.26100.5074)
OS uptime: 0 days 1:11 hours
Hyper-V role detected

CPU: total 12 (initial active 12) (6 cores per cpu, 2 threads per core) family 6 model 186 stepping 3 microcode 0x4111, cx8, cmov, fxsr, ht, mmx, 3dnowpref, sse, sse2, sse3, ssse3, sse4.1, sse4.2, popcnt, lzcnt, tsc, tscinvbit, avx, avx2, aes, erms, clmul, bmi1, bmi2, adx, sha, fma, vzeroupper, clflush, clflushopt, clwb, hv, serialize, rdtscp, rdpid, fsrm, f16c, cet_ibt, cet_ss
Processor Information for the first 12 processors :
  Max Mhz: 1300, Current Mhz: 1300, Mhz Limit: 1300

Memory: 4k page, system-wide physical 7895M (503M free)
TotalPageFile size 11991M (AvailPageFile size 102M)
current process WorkingSet (physical memory assigned to process): 832M, peak: 832M
current process commit charge ("private bytes"): 854M, peak: 854M

vm_info: OpenJDK 64-Bit Server VM (21.0.8+9-LTS) for windows-amd64 JRE (21.0.8+9-LTS), built on 2025-07-15T00:00:00Z by "admin" with MS VC++ 17.7 (VS2022)

END.
