#
# There is insufficient memory for the Java Runtime Environment to continue.
# Native memory allocation (malloc) failed to allocate 1137936 bytes. Error detail: Chunk::new
# Possible reasons:
#   The system is out of physical RAM or swap space
#   This process is running with CompressedOops enabled, and the Java Heap may be blocking the growth of the native heap
# Possible solutions:
#   Reduce memory load on the system
#   Increase physical memory or swap space
#   Check if swap backing store is full
#   Decrease Java heap size (-Xmx/-Xms)
#   Decrease number of Java threads
#   Decrease Java thread stack sizes (-Xss)
#   Set larger code cache with -XX:ReservedCodeCacheSize=
#   JVM is running with Unscaled Compressed Oops mode in which the Java heap is
#     placed in the first 4GB address space. The Java Heap base address is the
#     maximum limit for the native heap growth. Please use -XX:HeapBaseMinAddress
#     to set the Java Heap base and to place the Java Heap above 4GB virtual address.
# This output file may be truncated or incomplete.
#
#  Out of Memory Error (arena.cpp:168), pid=12132, tid=19364
#
# JRE version: OpenJDK Runtime Environment Temurin-21.0.8+9 (21.0.8+9) (build 21.0.8+9-LTS)
# Java VM: OpenJDK 64-Bit Server VM Temurin-21.0.8+9 (21.0.8+9-LTS, mixed mode, sharing, tiered, compressed oops, compressed class ptrs, parallel gc, windows-amd64)
# No core dump will be written. Minidumps are not enabled by default on client versions of Windows
#

---------------  S U M M A R Y ------------

Command Line: --add-modules=ALL-SYSTEM --add-opens=java.base/java.util=ALL-UNNAMED --add-opens=java.base/java.lang=ALL-UNNAMED --add-opens=java.base/sun.nio.fs=ALL-UNNAMED -Declipse.application=org.eclipse.jdt.ls.core.id1 -Dosgi.bundles.defaultStartLevel=4 -Declipse.product=org.eclipse.jdt.ls.core.product -Djava.import.generatesMetadataFilesAtProjectRoot=false -DDetectVMInstallationsJob.disabled=true -Dfile.encoding=utf8 -XX:+UseParallelGC -XX:GCTimeRatio=4 -XX:AdaptiveSizePolicyWeight=90 -Dsun.zip.disableMemoryMapping=true -Xmx2G -Xms100m -Xlog:disable -javaagent:c:\Users\nabil\.vscode\extensions\redhat.java-1.45.0-win32-x64\lombok\lombok-1.18.39-4050.jar -XX:+HeapDumpOnOutOfMemoryError -XX:HeapDumpPath=c:\Users\nabil\AppData\Roaming\Code\User\workspaceStorage\bad2abbcd7b301175cb1610fa1059be9\redhat.java -Daether.dependencyCollector.impl=bf c:\Users\nabil\.vscode\extensions\redhat.java-1.45.0-win32-x64\server\plugins\org.eclipse.equinox.launcher_1.7.0.v20250519-0528.jar -configuration c:\Users\nabil\AppData\Roaming\Code\User\globalStorage\redhat.java\1.45.0\config_win -data c:\Users\nabil\AppData\Roaming\Code\User\workspaceStorage\bad2abbcd7b301175cb1610fa1059be9\redhat.java\jdt_ws --pipe=\\.\pipe\lsp-2c34f53236c2f16ca6bdef31bdca9d12-sock

Host: 13th Gen Intel(R) Core(TM) i5-1335U, 12 cores, 7G,  Windows 11 , 64 bit Build 26100 (10.0.26100.5074)
Time: Tue Sep 23 12:39:18 2025 SE Asia Standard Time elapsed time: 15.174378 seconds (0d 0h 0m 15s)

---------------  T H R E A D  ---------------

Current thread (0x000002526a6a9ef0):  JavaThread "C2 CompilerThread0" daemon [_thread_in_native, id=19364, stack(0x000000fa32f00000,0x000000fa33000000) (1024K)]


Current CompileTask:
C2:15174 14220   !   4       org.eclipse.jdt.internal.compiler.classfmt.ClassFileReader::<init> (1968 bytes)

Stack: [0x000000fa32f00000,0x000000fa33000000]
Native frames: (J=compiled Java code, j=interpreted, Vv=VM code, C=native code)
V  [jvm.dll+0x6d2449]
V  [jvm.dll+0x8ae341]
V  [jvm.dll+0x8b08be]
V  [jvm.dll+0x8b0fa3]
V  [jvm.dll+0x280c96]
V  [jvm.dll+0xc581d]
V  [jvm.dll+0xc5d53]
V  [jvm.dll+0x3b9162]
V  [jvm.dll+0x1e1409]
V  [jvm.dll+0x249022]
V  [jvm.dll+0x2484af]
V  [jvm.dll+0x1c89ee]
V  [jvm.dll+0x257d4d]
V  [jvm.dll+0x2562ea]
V  [jvm.dll+0x3f2d16]
V  [jvm.dll+0x857e6b]
V  [jvm.dll+0x6d0b0d]
C  [ucrtbase.dll+0x37b0]
C  [KERNEL32.DLL+0x2e8d7]
C  [ntdll.dll+0x8d9c]


---------------  P R O C E S S  ---------------

Threads class SMR info:
_java_thread_list=0x00000252718c2cb0, length=78, elements={
0x0000025251dfd9d0, 0x000002526a6944b0, 0x000002526a695460, 0x000002526a69dad0,
0x000002526a69edb0, 0x000002526a69f800, 0x000002526a6a0250, 0x000002526a6a9ef0,
0x000002526a6b8360, 0x0000025251e6b200, 0x000002526a8099d0, 0x000002526aa2f420,
0x000002526f16a590, 0x000002526f868270, 0x000002526f868900, 0x000002526f867550,
0x000002526f867be0, 0x000002526f868f90, 0x000002526f869cb0, 0x000002526f86a340,
0x000002526fd3f000, 0x000002526fd3e2e0, 0x000002526fd3d5c0, 0x000002526fd3f690,
0x000002526fd3e970, 0x000002526fd3c210, 0x000002526fd3c8a0, 0x000002526fd3fd20,
0x000002526fd403b0, 0x000002526fd3cf30, 0x000002526fd41df0, 0x000002526fd40a40,
0x000002526fd43830, 0x000002526fd431a0, 0x000002526fd410d0, 0x000002526fd41760,
0x000002526fd42480, 0x000002526fd42b10, 0x0000025271890bc0, 0x0000025271892600,
0x0000025271892c90, 0x00000252718918e0, 0x0000025271894040, 0x00000252718939b0,
0x0000025271893320, 0x0000025271896e30, 0x0000025271894d60, 0x00000252718946d0,
0x00000252718967a0, 0x00000252718974c0, 0x00000252718953f0, 0x0000025271895a80,
0x00000252718981e0, 0x0000025271896110, 0x00000252733e0060, 0x00000252733e34e0,
0x00000252733e3b70, 0x00000252733e1410, 0x00000252733e1aa0, 0x00000252733e06f0,
0x00000252733e27c0, 0x00000252733e4200, 0x00000252733e2130, 0x00000252733e0d80,
0x00000252733e7680, 0x00000252733e55b0, 0x00000252733e4890, 0x00000252733e4f20,
0x00000252733e62d0, 0x00000252733e5c40, 0x00000252729aaf20, 0x00000252729ac2d0,
0x00000252729a9b70, 0x00000252729ab5b0, 0x00000252729a8e50, 0x00000252729ac960,
0x00000252729a94e0, 0x00000252729add10
}

Java Threads: ( => current thread )
  0x0000025251dfd9d0 JavaThread "main"                              [_thread_blocked, id=5592, stack(0x000000fa32500000,0x000000fa32600000) (1024K)]
  0x000002526a6944b0 JavaThread "Reference Handler"          daemon [_thread_blocked, id=12108, stack(0x000000fa32900000,0x000000fa32a00000) (1024K)]
  0x000002526a695460 JavaThread "Finalizer"                  daemon [_thread_blocked, id=8712, stack(0x000000fa32a00000,0x000000fa32b00000) (1024K)]
  0x000002526a69dad0 JavaThread "Signal Dispatcher"          daemon [_thread_blocked, id=3540, stack(0x000000fa32b00000,0x000000fa32c00000) (1024K)]
  0x000002526a69edb0 JavaThread "Attach Listener"            daemon [_thread_blocked, id=12848, stack(0x000000fa32c00000,0x000000fa32d00000) (1024K)]
  0x000002526a69f800 JavaThread "Service Thread"             daemon [_thread_blocked, id=16024, stack(0x000000fa32d00000,0x000000fa32e00000) (1024K)]
  0x000002526a6a0250 JavaThread "Monitor Deflation Thread"   daemon [_thread_blocked, id=17804, stack(0x000000fa32e00000,0x000000fa32f00000) (1024K)]
=>0x000002526a6a9ef0 JavaThread "C2 CompilerThread0"         daemon [_thread_in_native, id=19364, stack(0x000000fa32f00000,0x000000fa33000000) (1024K)]
  0x000002526a6b8360 JavaThread "C1 CompilerThread0"         daemon [_thread_blocked, id=4780, stack(0x000000fa33000000,0x000000fa33100000) (1024K)]
  0x0000025251e6b200 JavaThread "Common-Cleaner"             daemon [_thread_blocked, id=14668, stack(0x000000fa33100000,0x000000fa33200000) (1024K)]
  0x000002526a8099d0 JavaThread "C2 CompilerThread1"         daemon [_thread_blocked, id=16576, stack(0x000000fa33200000,0x000000fa33300000) (1024K)]
  0x000002526aa2f420 JavaThread "Notification Thread"        daemon [_thread_blocked, id=3212, stack(0x000000fa33300000,0x000000fa33400000) (1024K)]
  0x000002526f16a590 JavaThread "C2 CompilerThread2"         daemon [_thread_blocked, id=14776, stack(0x000000fa33400000,0x000000fa33500000) (1024K)]
  0x000002526f868270 JavaThread "Active Thread: Equinox Container: d741195c-e3d6-4eab-83ef-dc9672509f92"        [_thread_blocked, id=18880, stack(0x000000fa33b00000,0x000000fa33c00000) (1024K)]
  0x000002526f868900 JavaThread "Refresh Thread: Equinox Container: d741195c-e3d6-4eab-83ef-dc9672509f92" daemon [_thread_blocked, id=15088, stack(0x000000fa33c00000,0x000000fa33d00000) (1024K)]
  0x000002526f867550 JavaThread "Framework Event Dispatcher: Equinox Container: d741195c-e3d6-4eab-83ef-dc9672509f92" daemon [_thread_blocked, id=18244, stack(0x000000fa33e00000,0x000000fa33f00000) (1024K)]
  0x000002526f867be0 JavaThread "Start Level: Equinox Container: d741195c-e3d6-4eab-83ef-dc9672509f92" daemon [_thread_blocked, id=1788, stack(0x000000fa33f00000,0x000000fa34000000) (1024K)]
  0x000002526f868f90 JavaThread "Bundle File Closer"         daemon [_thread_blocked, id=7048, stack(0x000000fa34200000,0x000000fa34300000) (1024K)]
  0x000002526f869cb0 JavaThread "SCR Component Actor"        daemon [_thread_blocked, id=10516, stack(0x000000fa34300000,0x000000fa34400000) (1024K)]
  0x000002526f86a340 JavaThread "Worker-JM"                         [_thread_blocked, id=8220, stack(0x000000fa34500000,0x000000fa34600000) (1024K)]
  0x000002526fd3f000 JavaThread "JNA Cleaner"                daemon [_thread_blocked, id=11808, stack(0x000000fa34600000,0x000000fa34700000) (1024K)]
  0x000002526fd3e2e0 JavaThread "Worker-0"                          [_thread_blocked, id=12216, stack(0x000000fa34700000,0x000000fa34800000) (1024K)]
  0x000002526fd3d5c0 JavaThread "Worker-1: Building"                [_thread_blocked, id=17064, stack(0x000000fa34800000,0x000000fa34900000) (1024K)]
  0x000002526fd3f690 JavaThread "Worker-2: Java indexing... "        [_thread_blocked, id=13304, stack(0x000000fa34900000,0x000000fa34a00000) (1024K)]
  0x000002526fd3e970 JavaThread "Java indexing"              daemon [_thread_blocked, id=14768, stack(0x000000fa34a00000,0x000000fa34b00000) (1024K)]
  0x000002526fd3c210 JavaThread "Worker-3"                          [_thread_blocked, id=9196, stack(0x000000fa34d00000,0x000000fa34e00000) (1024K)]
  0x000002526fd3c8a0 JavaThread "Worker-4"                          [_thread_blocked, id=8564, stack(0x000000fa34e00000,0x000000fa34f00000) (1024K)]
  0x000002526fd3fd20 JavaThread "Thread-2"                   daemon [_thread_in_native, id=15816, stack(0x000000fa34f00000,0x000000fa35000000) (1024K)]
  0x000002526fd403b0 JavaThread "Thread-3"                   daemon [_thread_in_native, id=12224, stack(0x000000fa35000000,0x000000fa35100000) (1024K)]
  0x000002526fd3cf30 JavaThread "Thread-4"                   daemon [_thread_in_native, id=13596, stack(0x000000fa35100000,0x000000fa35200000) (1024K)]
  0x000002526fd41df0 JavaThread "Thread-5"                   daemon [_thread_in_native, id=2912, stack(0x000000fa35200000,0x000000fa35300000) (1024K)]
  0x000002526fd40a40 JavaThread "Thread-6"                   daemon [_thread_in_native, id=10736, stack(0x000000fa35300000,0x000000fa35400000) (1024K)]
  0x000002526fd43830 JavaThread "Thread-7"                   daemon [_thread_in_native, id=11892, stack(0x000000fa35400000,0x000000fa35500000) (1024K)]
  0x000002526fd431a0 JavaThread "Thread-8"                   daemon [_thread_in_native, id=8360, stack(0x000000fa35500000,0x000000fa35600000) (1024K)]
  0x000002526fd410d0 JavaThread "Thread-9"                   daemon [_thread_in_native, id=17740, stack(0x000000fa35600000,0x000000fa35700000) (1024K)]
  0x000002526fd41760 JavaThread "Thread-10"                  daemon [_thread_in_native, id=7896, stack(0x000000fa35700000,0x000000fa35800000) (1024K)]
  0x000002526fd42480 JavaThread "Thread-11"                  daemon [_thread_in_native, id=16988, stack(0x000000fa35800000,0x000000fa35900000) (1024K)]
  0x000002526fd42b10 JavaThread "Thread-12"                  daemon [_thread_in_native, id=16452, stack(0x000000fa35900000,0x000000fa35a00000) (1024K)]
  0x0000025271890bc0 JavaThread "Thread-13"                  daemon [_thread_in_native, id=12652, stack(0x000000fa35a00000,0x000000fa35b00000) (1024K)]
  0x0000025271892600 JavaThread "Thread-14"                  daemon [_thread_in_native, id=12148, stack(0x000000fa35b00000,0x000000fa35c00000) (1024K)]
  0x0000025271892c90 JavaThread "pool-2-thread-1"                   [_thread_blocked, id=14500, stack(0x000000fa35c00000,0x000000fa35d00000) (1024K)]
  0x00000252718918e0 JavaThread "WorkspaceEventsHandler"            [_thread_blocked, id=15796, stack(0x000000fa35d00000,0x000000fa35e00000) (1024K)]
  0x0000025271894040 JavaThread "pool-1-thread-1"                   [_thread_blocked, id=14736, stack(0x000000fa35e00000,0x000000fa35f00000) (1024K)]
  0x00000252718939b0 JavaThread "Worker-5"                          [_thread_blocked, id=14872, stack(0x000000fa35f00000,0x000000fa36000000) (1024K)]
  0x0000025271893320 JavaThread "Worker-6"                          [_thread_blocked, id=13544, stack(0x000000fa36000000,0x000000fa36100000) (1024K)]
  0x0000025271896e30 JavaThread "LocalFile Deleter"          daemon [_thread_blocked, id=4112, stack(0x000000fa36100000,0x000000fa36200000) (1024K)]
  0x0000025271894d60 JavaThread "LocalFile Deleter"          daemon [_thread_blocked, id=13056, stack(0x000000fa36200000,0x000000fa36300000) (1024K)]
  0x00000252718946d0 JavaThread "LocalFile Deleter"          daemon [_thread_blocked, id=340, stack(0x000000fa36300000,0x000000fa36400000) (1024K)]
  0x00000252718967a0 JavaThread "LocalFile Deleter"          daemon [_thread_blocked, id=14760, stack(0x000000fa36400000,0x000000fa36500000) (1024K)]
  0x00000252718974c0 JavaThread "LocalFile Deleter"          daemon [_thread_blocked, id=1972, stack(0x000000fa36500000,0x000000fa36600000) (1024K)]
  0x00000252718953f0 JavaThread "LocalFile Deleter"          daemon [_thread_blocked, id=15328, stack(0x000000fa36600000,0x000000fa36700000) (1024K)]
  0x0000025271895a80 JavaThread "LocalFile Deleter"          daemon [_thread_blocked, id=6476, stack(0x000000fa36700000,0x000000fa36800000) (1024K)]
  0x00000252718981e0 JavaThread "LocalFile Deleter"          daemon [_thread_blocked, id=12800, stack(0x000000fa36800000,0x000000fa36900000) (1024K)]
  0x0000025271896110 JavaThread "LocalFile Deleter"          daemon [_thread_blocked, id=13172, stack(0x000000fa36900000,0x000000fa36a00000) (1024K)]
  0x00000252733e0060 JavaThread "LocalFile Deleter"          daemon [_thread_blocked, id=8628, stack(0x000000fa36a00000,0x000000fa36b00000) (1024K)]
  0x00000252733e34e0 JavaThread "LocalFile Deleter"          daemon [_thread_blocked, id=17480, stack(0x000000fa36b00000,0x000000fa36c00000) (1024K)]
  0x00000252733e3b70 JavaThread "LocalFile Deleter"          daemon [_thread_blocked, id=3344, stack(0x000000fa36c00000,0x000000fa36d00000) (1024K)]
  0x00000252733e1410 JavaThread "Compiler Source File Reader" daemon [_thread_blocked, id=18788, stack(0x000000fa36d00000,0x000000fa36e00000) (1024K)]
  0x00000252733e1aa0 JavaThread "Compiler Source File Reader" daemon [_thread_blocked, id=2256, stack(0x000000fa36e00000,0x000000fa36f00000) (1024K)]
  0x00000252733e06f0 JavaThread "Compiler Source File Reader" daemon [_thread_blocked, id=18792, stack(0x000000fa36f00000,0x000000fa37000000) (1024K)]
  0x00000252733e27c0 JavaThread "Compiler Source File Reader" daemon [_thread_blocked, id=13032, stack(0x000000fa37000000,0x000000fa37100000) (1024K)]
  0x00000252733e4200 JavaThread "Compiler Source File Reader" daemon [_thread_blocked, id=5204, stack(0x000000fa37100000,0x000000fa37200000) (1024K)]
  0x00000252733e2130 JavaThread "Compiler Processing Task"   daemon [_thread_blocked, id=14276, stack(0x000000fa37200000,0x000000fa37300000) (1024K)]
  0x00000252733e0d80 JavaThread "Compiler Class File Writer" daemon [_thread_blocked, id=14028, stack(0x000000fa37300000,0x000000fa37400000) (1024K)]
  0x00000252733e7680 JavaThread "Compiler Class File Writer" daemon [_thread_blocked, id=14584, stack(0x000000fa37400000,0x000000fa37500000) (1024K)]
  0x00000252733e55b0 JavaThread "Compiler Class File Writer" daemon [_thread_blocked, id=17192, stack(0x000000fa37500000,0x000000fa37600000) (1024K)]
  0x00000252733e4890 JavaThread "Compiler Class File Writer" daemon [_thread_blocked, id=11164, stack(0x000000fa37600000,0x000000fa37700000) (1024K)]
  0x00000252733e4f20 JavaThread "Compiler Class File Writer" daemon [_thread_blocked, id=15312, stack(0x000000fa37700000,0x000000fa37800000) (1024K)]
  0x00000252733e62d0 JavaThread "Compiler Source File Reader" daemon [_thread_blocked, id=8800, stack(0x000000fa37800000,0x000000fa37900000) (1024K)]
  0x00000252733e5c40 JavaThread "Compiler Class File Writer" daemon [_thread_blocked, id=7004, stack(0x000000fa37900000,0x000000fa37a00000) (1024K)]
  0x00000252729aaf20 JavaThread "Compiler Source File Reader" daemon [_thread_blocked, id=2460, stack(0x000000fa34400000,0x000000fa34500000) (1024K)]
  0x00000252729ac2d0 JavaThread "Compiler Class File Writer" daemon [_thread_blocked, id=2264, stack(0x000000fa37a00000,0x000000fa37b00000) (1024K)]
  0x00000252729a9b70 JavaThread "Compiler Source File Reader" daemon [_thread_blocked, id=6408, stack(0x000000fa37b00000,0x000000fa37c00000) (1024K)]
  0x00000252729ab5b0 JavaThread "Compiler Class File Writer" daemon [_thread_blocked, id=10808, stack(0x000000fa37c00000,0x000000fa37d00000) (1024K)]
  0x00000252729a8e50 JavaThread "Compiler Source File Reader" daemon [_thread_blocked, id=14048, stack(0x000000fa37d00000,0x000000fa37e00000) (1024K)]
  0x00000252729ac960 JavaThread "Compiler Source File Reader" daemon [_thread_blocked, id=16864, stack(0x000000fa37e00000,0x000000fa37f00000) (1024K)]
  0x00000252729a94e0 JavaThread "Compiler Class File Writer" daemon [_thread_blocked, id=11244, stack(0x000000fa37f00000,0x000000fa38000000) (1024K)]
  0x00000252729add10 JavaThread "Compiler Class File Writer" daemon [_thread_blocked, id=16860, stack(0x000000fa38000000,0x000000fa38100000) (1024K)]
Total: 78

Other Threads:
  0x0000025251d940b0 VMThread "VM Thread"                           [id=14820, stack(0x000000fa32800000,0x000000fa32900000) (1024K)]
  0x0000025251c8ca00 WatcherThread "VM Periodic Task Thread"        [id=17616, stack(0x000000fa32700000,0x000000fa32800000) (1024K)]
  0x0000025251e1cdc0 WorkerThread "GC Thread#0"                     [id=17144, stack(0x000000fa32600000,0x000000fa32700000) (1024K)]
  0x000002526f371490 WorkerThread "GC Thread#1"                     [id=13488, stack(0x000000fa33500000,0x000000fa33600000) (1024K)]
  0x000002526f371c40 WorkerThread "GC Thread#2"                     [id=15472, stack(0x000000fa33600000,0x000000fa33700000) (1024K)]
  0x000002526f890ab0 WorkerThread "GC Thread#3"                     [id=15424, stack(0x000000fa33700000,0x000000fa33800000) (1024K)]
  0x000002526f891260 WorkerThread "GC Thread#4"                     [id=7200, stack(0x000000fa33800000,0x000000fa33900000) (1024K)]
  0x000002526f3c6b00 WorkerThread "GC Thread#5"                     [id=18780, stack(0x000000fa33900000,0x000000fa33a00000) (1024K)]
  0x000002526f3c6ea0 WorkerThread "GC Thread#6"                     [id=13760, stack(0x000000fa33a00000,0x000000fa33b00000) (1024K)]
  0x000002526f9205a0 WorkerThread "GC Thread#7"                     [id=10388, stack(0x000000fa33d00000,0x000000fa33e00000) (1024K)]
  0x000002526fb6ace0 WorkerThread "GC Thread#8"                     [id=15400, stack(0x000000fa34000000,0x000000fa34100000) (1024K)]
  0x000002526fb6b080 WorkerThread "GC Thread#9"                     [id=10264, stack(0x000000fa34100000,0x000000fa34200000) (1024K)]
Total: 12

Threads with active compile tasks:
C2 CompilerThread0  15214 14220   !   4       org.eclipse.jdt.internal.compiler.classfmt.ClassFileReader::<init> (1968 bytes)
C2 CompilerThread1  15214 14484       4       org.eclipse.jdt.internal.core.index.DiskIndex::readStreamDocumentArray (267 bytes)
C2 CompilerThread2  15214 14276       4       org.eclipse.jdt.internal.compiler.lookup.BinaryTypeBinding::createMethod (1666 bytes)
Total: 3

VM state: at safepoint (normal execution)

VM Mutex/Monitor currently owned by a thread:  ([mutex/lock_event])
[0x00007ff9e8265458] Threads_lock - owner thread: 0x0000025251d940b0
[0x00007ff9e8265558] Heap_lock - owner thread: 0x000002526fd3e970
[0x00007ff9e82659d8] PSOldGenExpand_lock - owner thread: 0x000002526f9205a0

Heap address: 0x0000000080000000, size: 2048 MB, Compressed Oops mode: 32-bit

CDS archive(s) mapped at: [0x0000025200000000-0x0000025200ba0000-0x0000025200ba0000), size 12189696, SharedBaseAddress: 0x0000025200000000, ArchiveRelocationMode: 1.
Compressed class space mapped at: 0x0000025201000000-0x0000025241000000, reserved size: 1073741824
Narrow klass base: 0x0000025200000000, Narrow klass shift: 0, Narrow klass range: 0x100000000

GC Precious Log:
 CardTable entry size: 512
 CPUs: 12 total, 12 available
 Memory: 7895M
 Large Page Support: Disabled
 NUMA Support: Disabled
 Compressed Oops: Enabled (32-bit)
 Alignments: Space 512K, Generation 512K, Heap 2M
 Heap Min Capacity: 100M
 Heap Initial Capacity: 100M
 Heap Max Capacity: 2G
 Pre-touch: Disabled
 Parallel Workers: 10

Heap:
 PSYoungGen      total 6144K, used 6119K [0x00000000d5580000, 0x00000000d6700000, 0x0000000100000000)
  eden space 2048K, 100% used [0x00000000d5580000,0x00000000d5780000,0x00000000d5780000)
  from space 4096K, 99% used [0x00000000d5e00000,0x00000000d61f9c38,0x00000000d6200000)
  to   space 6656K, 22% used [0x00000000d5780000,0x00000000d58fa108,0x00000000d5e00000)
 ParOldGen       total 636928K, used 636924K [0x0000000080000000, 0x00000000a6e00000, 0x00000000d5580000)
  object space 636928K, 99% used [0x0000000080000000,0x00000000a6dff330,0x00000000a6e00000)
 Metaspace       used 65612K, committed 67136K, reserved 1114112K
  class space    used 6862K, committed 7616K, reserved 1048576K

Card table byte_map: [0x00000252517a0000,0x0000025251bb0000] _byte_map_base: 0x00000252513a0000

Marking Bits: (ParMarkBitMap*) 0x00007ff9e826a340
 Begin Bits: [0x00000252642a0000, 0x00000252662a0000)
 End Bits:   [0x00000252662a0000, 0x00000252682a0000)

Polling page: 0x000002524fc10000

Metaspace:

Usage:
  Non-class:     57.37 MB used.
      Class:      6.70 MB used.
       Both:     64.07 MB used.

Virtual space:
  Non-class space:       64.00 MB reserved,      58.12 MB ( 91%) committed,  1 nodes.
      Class space:        1.00 GB reserved,       7.44 MB ( <1%) committed,  1 nodes.
             Both:        1.06 GB reserved,      65.56 MB (  6%) committed. 

Chunk freelists:
   Non-Class:  4.60 MB
       Class:  8.51 MB
        Both:  13.11 MB

MaxMetaspaceSize: unlimited
CompressedClassSpaceSize: 1.00 GB
Initial GC threshold: 21.00 MB
Current GC threshold: 97.31 MB
CDS: on
 - commit_granule_bytes: 65536.
 - commit_granule_words: 8192.
 - virtual_space_node_default_size: 8388608.
 - enlarge_chunks_in_place: 1.
 - use_allocation_guard: 0.


Internal statistics:

num_allocs_failed_limit: 9.
num_arena_births: 1280.
num_arena_deaths: 14.
num_vsnodes_births: 2.
num_vsnodes_deaths: 0.
num_space_committed: 1049.
num_space_uncommitted: 0.
num_chunks_returned_to_freelist: 23.
num_chunks_taken_from_freelist: 4484.
num_chunk_merges: 13.
num_chunk_splits: 2710.
num_chunks_enlarged: 1502.
num_inconsistent_stats: 0.

CodeHeap 'non-profiled nmethods': size=120000Kb used=10649Kb max_used=10649Kb free=109350Kb
 bounds [0x000002525cac0000, 0x000002525d530000, 0x0000025263ff0000]
CodeHeap 'profiled nmethods': size=120000Kb used=30772Kb max_used=30772Kb free=89227Kb
 bounds [0x0000025254ff0000, 0x0000025256e00000, 0x000002525c520000]
CodeHeap 'non-nmethods': size=5760Kb used=1428Kb max_used=1513Kb free=4331Kb
 bounds [0x000002525c520000, 0x000002525c790000, 0x000002525cac0000]
CodeCache: size=245760Kb, used=42849Kb, max_used=42934Kb, free=202908Kb
 total_blobs=14332, nmethods=13595, adapters=642, full_count=0
Compilation: enabled, stopped_count=0, restarted_count=0

Compilation events (20 events):
Event: 14.139 Thread 0x000002526a6b8360 nmethod 14478 0x0000025256df0810 code [0x0000025256df0f20, 0x0000025256df5000]
Event: 14.139 Thread 0x000002526a6b8360 14475       3       org.eclipse.osgi.internal.framework.EquinoxBundle::resolve (37 bytes)
Event: 14.140 Thread 0x000002526a6b8360 nmethod 14475 0x0000025256df6910 code [0x0000025256df6b20, 0x0000025256df70a0]
Event: 14.140 Thread 0x000002526a6b8360 14476       3       org.eclipse.osgi.internal.framework.EquinoxBundle$1::run (40 bytes)
Event: 14.140 Thread 0x000002526a6b8360 nmethod 14476 0x0000025256df7310 code [0x0000025256df7540, 0x0000025256df7da8]
Event: 14.140 Thread 0x000002526a6b8360 14480       3       org.eclipse.jdt.internal.compiler.parser.Parser::consumeNonTypeUseName (93 bytes)
Event: 14.140 Thread 0x000002526a6b8360 nmethod 14480 0x0000025256df8090 code [0x0000025256df8280, 0x0000025256df8848]
Event: 14.140 Thread 0x000002526a6b8360 14479       3       org.eclipse.jdt.internal.compiler.parser.Scanner::setActiveParser (29 bytes)
Event: 14.141 Thread 0x000002526a6b8360 nmethod 14479 0x0000025256df8a90 code [0x0000025256df8c80, 0x0000025256df9148]
Event: 14.141 Thread 0x000002526a6b8360 14481       3       org.eclipse.jdt.internal.core.index.DiskIndex::readStreamDocumentArray (267 bytes)
Event: 14.141 Thread 0x000002526a8099d0 nmethod 14385 0x000002525d523a90 code [0x000002525d523c60, 0x000002525d524028]
Event: 14.141 Thread 0x000002526a8099d0 14429       4       java.lang.invoke.Invokers$Holder::linkToTargetMethod (9 bytes)
Event: 14.142 Thread 0x000002526a6b8360 nmethod 14481 0x0000025256df9310 code [0x0000025256df9540, 0x0000025256df9f38]
Event: 14.142 Thread 0x000002526a6b8360 14477       3       org.eclipse.core.internal.resources.Rules::factoryFor (87 bytes)
Event: 14.142 Thread 0x000002526a8099d0 nmethod 14429 0x000002525d524290 code [0x000002525d524420, 0x000002525d524518]
Event: 14.142 Thread 0x000002526a8099d0 14469       4       jdk.internal.misc.CarrierThreadLocal::get (10 bytes)
Event: 14.143 Thread 0x000002526a6b8360 nmethod 14477 0x0000025256dfa310 code [0x0000025256dfa5c0, 0x0000025256dfb708]
Event: 14.143 Thread 0x000002526a6b8360 14482       3       org.eclipse.jdt.internal.core.index.DiskIndex::readStreamChars (529 bytes)
Event: 14.143 Thread 0x000002526a8099d0 nmethod 14469 0x000002525d524610 code [0x000002525d5247c0, 0x000002525d524940]
Event: 14.144 Thread 0x000002526a8099d0 14425  s    4       java.util.Vector::removeElementAt (115 bytes)

GC Heap History (20 events):
Event: 13.977 GC heap after
{Heap after GC invocations=778 (full 3):
 PSYoungGen      total 5632K, used 1020K [0x00000000d5580000, 0x00000000d6100000, 0x0000000100000000)
  eden space 4608K, 0% used [0x00000000d5580000,0x00000000d5580000,0x00000000d5a00000)
  from space 1024K, 99% used [0x00000000d5a00000,0x00000000d5aff208,0x00000000d5b00000)
  to   space 3584K, 0% used [0x00000000d5d80000,0x00000000d5d80000,0x00000000d6100000)
 ParOldGen       total 623104K, used 622953K [0x0000000080000000, 0x00000000a6080000, 0x00000000d5580000)
  object space 623104K, 99% used [0x0000000080000000,0x00000000a605a498,0x00000000a6080000)
 Metaspace       used 65348K, committed 66880K, reserved 1114112K
  class space    used 6848K, committed 7616K, reserved 1048576K
}
Event: 13.982 GC heap before
{Heap before GC invocations=779 (full 3):
 PSYoungGen      total 5632K, used 5628K [0x00000000d5580000, 0x00000000d6100000, 0x0000000100000000)
  eden space 4608K, 99% used [0x00000000d5580000,0x00000000d59ffff0,0x00000000d5a00000)
  from space 1024K, 99% used [0x00000000d5a00000,0x00000000d5aff208,0x00000000d5b00000)
  to   space 3584K, 0% used [0x00000000d5d80000,0x00000000d5d80000,0x00000000d6100000)
 ParOldGen       total 623104K, used 623031K [0x0000000080000000, 0x00000000a6080000, 0x00000000d5580000)
  object space 623104K, 99% used [0x0000000080000000,0x00000000a606dea8,0x00000000a6080000)
 Metaspace       used 65348K, committed 66880K, reserved 1114112K
  class space    used 6848K, committed 7616K, reserved 1048576K
}
Event: 13.984 GC heap after
{Heap after GC invocations=779 (full 3):
 PSYoungGen      total 7168K, used 2537K [0x00000000d5580000, 0x00000000d6000000, 0x0000000100000000)
  eden space 4608K, 0% used [0x00000000d5580000,0x00000000d5580000,0x00000000d5a00000)
  from space 2560K, 99% used [0x00000000d5d80000,0x00000000d5ffa5c8,0x00000000d6000000)
  to   space 3072K, 0% used [0x00000000d5a00000,0x00000000d5a00000,0x00000000d5d00000)
 ParOldGen       total 624128K, used 624011K [0x0000000080000000, 0x00000000a6180000, 0x00000000d5580000)
  object space 624128K, 99% used [0x0000000080000000,0x00000000a6162f80,0x00000000a6180000)
 Metaspace       used 65348K, committed 66880K, reserved 1114112K
  class space    used 6848K, committed 7616K, reserved 1048576K
}
Event: 13.994 GC heap before
{Heap before GC invocations=780 (full 3):
 PSYoungGen      total 7168K, used 7145K [0x00000000d5580000, 0x00000000d6000000, 0x0000000100000000)
  eden space 4608K, 100% used [0x00000000d5580000,0x00000000d5a00000,0x00000000d5a00000)
  from space 2560K, 99% used [0x00000000d5d80000,0x00000000d5ffa5c8,0x00000000d6000000)
  to   space 3072K, 0% used [0x00000000d5a00000,0x00000000d5a00000,0x00000000d5d00000)
 ParOldGen       total 624128K, used 624011K [0x0000000080000000, 0x00000000a6180000, 0x00000000d5580000)
  object space 624128K, 99% used [0x0000000080000000,0x00000000a6162f80,0x00000000a6180000)
 Metaspace       used 65362K, committed 66944K, reserved 1114112K
  class space    used 6851K, committed 7616K, reserved 1048576K
}
Event: 13.996 GC heap after
{Heap after GC invocations=780 (full 3):
 PSYoungGen      total 6144K, used 1269K [0x00000000d5580000, 0x00000000d5e00000, 0x0000000100000000)
  eden space 4608K, 0% used [0x00000000d5580000,0x00000000d5580000,0x00000000d5a00000)
  from space 1536K, 82% used [0x00000000d5a00000,0x00000000d5b3d7a0,0x00000000d5b80000)
  to   space 2048K, 0% used [0x00000000d5c00000,0x00000000d5c00000,0x00000000d5e00000)
 ParOldGen       total 626688K, used 626403K [0x0000000080000000, 0x00000000a6400000, 0x00000000d5580000)
  object space 626688K, 99% used [0x0000000080000000,0x00000000a63b8da8,0x00000000a6400000)
 Metaspace       used 65362K, committed 66944K, reserved 1114112K
  class space    used 6851K, committed 7616K, reserved 1048576K
}
Event: 14.005 GC heap before
{Heap before GC invocations=781 (full 3):
 PSYoungGen      total 6144K, used 5877K [0x00000000d5580000, 0x00000000d5e00000, 0x0000000100000000)
  eden space 4608K, 100% used [0x00000000d5580000,0x00000000d5a00000,0x00000000d5a00000)
  from space 1536K, 82% used [0x00000000d5a00000,0x00000000d5b3d7a0,0x00000000d5b80000)
  to   space 2048K, 0% used [0x00000000d5c00000,0x00000000d5c00000,0x00000000d5e00000)
 ParOldGen       total 626688K, used 626403K [0x0000000080000000, 0x00000000a6400000, 0x00000000d5580000)
  object space 626688K, 99% used [0x0000000080000000,0x00000000a63b8da8,0x00000000a6400000)
 Metaspace       used 65362K, committed 66944K, reserved 1114112K
  class space    used 6851K, committed 7616K, reserved 1048576K
}
Event: 14.007 GC heap after
{Heap after GC invocations=781 (full 3):
 PSYoungGen      total 5632K, used 672K [0x00000000d5580000, 0x00000000d5d00000, 0x0000000100000000)
  eden space 4608K, 0% used [0x00000000d5580000,0x00000000d5580000,0x00000000d5a00000)
  from space 1024K, 65% used [0x00000000d5c00000,0x00000000d5ca8000,0x00000000d5d00000)
  to   space 1024K, 0% used [0x00000000d5b00000,0x00000000d5b00000,0x00000000d5c00000)
 ParOldGen       total 627712K, used 627460K [0x0000000080000000, 0x00000000a6500000, 0x00000000d5580000)
  object space 627712K, 99% used [0x0000000080000000,0x00000000a64c13f0,0x00000000a6500000)
 Metaspace       used 65362K, committed 66944K, reserved 1114112K
  class space    used 6851K, committed 7616K, reserved 1048576K
}
Event: 14.015 GC heap before
{Heap before GC invocations=782 (full 3):
 PSYoungGen      total 5632K, used 5280K [0x00000000d5580000, 0x00000000d5d00000, 0x0000000100000000)
  eden space 4608K, 100% used [0x00000000d5580000,0x00000000d5a00000,0x00000000d5a00000)
  from space 1024K, 65% used [0x00000000d5c00000,0x00000000d5ca8000,0x00000000d5d00000)
  to   space 1024K, 0% used [0x00000000d5b00000,0x00000000d5b00000,0x00000000d5c00000)
 ParOldGen       total 627712K, used 627460K [0x0000000080000000, 0x00000000a6500000, 0x00000000d5580000)
  object space 627712K, 99% used [0x0000000080000000,0x00000000a64c13f0,0x00000000a6500000)
 Metaspace       used 65375K, committed 66944K, reserved 1114112K
  class space    used 6851K, committed 7616K, reserved 1048576K
}
Event: 14.017 GC heap after
{Heap after GC invocations=782 (full 3):
 PSYoungGen      total 5632K, used 832K [0x00000000d5580000, 0x00000000d5c80000, 0x0000000100000000)
  eden space 4608K, 0% used [0x00000000d5580000,0x00000000d5580000,0x00000000d5a00000)
  from space 1024K, 81% used [0x00000000d5b00000,0x00000000d5bd0020,0x00000000d5c00000)
  to   space 512K, 0% used [0x00000000d5c00000,0x00000000d5c00000,0x00000000d5c80000)
 ParOldGen       total 628224K, used 628077K [0x0000000080000000, 0x00000000a6580000, 0x00000000d5580000)
  object space 628224K, 99% used [0x0000000080000000,0x00000000a655b410,0x00000000a6580000)
 Metaspace       used 65375K, committed 66944K, reserved 1114112K
  class space    used 6851K, committed 7616K, reserved 1048576K
}
Event: 14.026 GC heap before
{Heap before GC invocations=783 (full 3):
 PSYoungGen      total 5632K, used 5440K [0x00000000d5580000, 0x00000000d5c80000, 0x0000000100000000)
  eden space 4608K, 100% used [0x00000000d5580000,0x00000000d5a00000,0x00000000d5a00000)
  from space 1024K, 81% used [0x00000000d5b00000,0x00000000d5bd0020,0x00000000d5c00000)
  to   space 512K, 0% used [0x00000000d5c00000,0x00000000d5c00000,0x00000000d5c80000)
 ParOldGen       total 628224K, used 628077K [0x0000000080000000, 0x00000000a6580000, 0x00000000d5580000)
  object space 628224K, 99% used [0x0000000080000000,0x00000000a655b410,0x00000000a6580000)
 Metaspace       used 65380K, committed 66944K, reserved 1114112K
  class space    used 6851K, committed 7616K, reserved 1048576K
}
Event: 14.028 GC heap after
{Heap after GC invocations=783 (full 3):
 PSYoungGen      total 5120K, used 512K [0x00000000d5580000, 0x00000000d5d00000, 0x0000000100000000)
  eden space 4608K, 0% used [0x00000000d5580000,0x00000000d5580000,0x00000000d5a00000)
  from space 512K, 100% used [0x00000000d5c00000,0x00000000d5c80000,0x00000000d5c80000)
  to   space 1536K, 0% used [0x00000000d5a00000,0x00000000d5a00000,0x00000000d5b80000)
 ParOldGen       total 629248K, used 628757K [0x0000000080000000, 0x00000000a6680000, 0x00000000d5580000)
  object space 629248K, 99% used [0x0000000080000000,0x00000000a6605410,0x00000000a6680000)
 Metaspace       used 65380K, committed 66944K, reserved 1114112K
  class space    used 6851K, committed 7616K, reserved 1048576K
}
Event: 14.041 GC heap before
{Heap before GC invocations=784 (full 3):
 PSYoungGen      total 5120K, used 5120K [0x00000000d5580000, 0x00000000d5d00000, 0x0000000100000000)
  eden space 4608K, 100% used [0x00000000d5580000,0x00000000d5a00000,0x00000000d5a00000)
  from space 512K, 100% used [0x00000000d5c00000,0x00000000d5c80000,0x00000000d5c80000)
  to   space 1536K, 0% used [0x00000000d5a00000,0x00000000d5a00000,0x00000000d5b80000)
 ParOldGen       total 629248K, used 628757K [0x0000000080000000, 0x00000000a6680000, 0x00000000d5580000)
  object space 629248K, 99% used [0x0000000080000000,0x00000000a6605410,0x00000000a6680000)
 Metaspace       used 65403K, committed 66944K, reserved 1114112K
  class space    used 6851K, committed 7616K, reserved 1048576K
}
Event: 14.043 GC heap after
{Heap after GC invocations=784 (full 3):
 PSYoungGen      total 6144K, used 1505K [0x00000000d5580000, 0x00000000d5f00000, 0x0000000100000000)
  eden space 4608K, 0% used [0x00000000d5580000,0x00000000d5580000,0x00000000d5a00000)
  from space 1536K, 97% used [0x00000000d5a00000,0x00000000d5b78400,0x00000000d5b80000)
  to   space 2560K, 0% used [0x00000000d5c80000,0x00000000d5c80000,0x00000000d5f00000)
 ParOldGen       total 629248K, used 629245K [0x0000000080000000, 0x00000000a6680000, 0x00000000d5580000)
  object space 629248K, 99% used [0x0000000080000000,0x00000000a667f410,0x00000000a6680000)
 Metaspace       used 65403K, committed 66944K, reserved 1114112K
  class space    used 6851K, committed 7616K, reserved 1048576K
}
Event: 14.084 GC heap before
{Heap before GC invocations=785 (full 3):
 PSYoungGen      total 6144K, used 6113K [0x00000000d5580000, 0x00000000d5f00000, 0x0000000100000000)
  eden space 4608K, 100% used [0x00000000d5580000,0x00000000d5a00000,0x00000000d5a00000)
  from space 1536K, 97% used [0x00000000d5a00000,0x00000000d5b78400,0x00000000d5b80000)
  to   space 2560K, 0% used [0x00000000d5c80000,0x00000000d5c80000,0x00000000d5f00000)
 ParOldGen       total 629248K, used 629245K [0x0000000080000000, 0x00000000a6680000, 0x00000000d5580000)
  object space 629248K, 99% used [0x0000000080000000,0x00000000a667f410,0x00000000a6680000)
 Metaspace       used 65481K, committed 67008K, reserved 1114112K
  class space    used 6854K, committed 7616K, reserved 1048576K
}
Event: 14.087 GC heap after
{Heap after GC invocations=785 (full 3):
 PSYoungGen      total 5632K, used 672K [0x00000000d5580000, 0x00000000d5d80000, 0x0000000100000000)
  eden space 4608K, 0% used [0x00000000d5580000,0x00000000d5580000,0x00000000d5a00000)
  from space 1024K, 65% used [0x00000000d5c80000,0x00000000d5d28000,0x00000000d5d80000)
  to   space 1536K, 0% used [0x00000000d5a80000,0x00000000d5a80000,0x00000000d5c00000)
 ParOldGen       total 629760K, used 629517K [0x0000000080000000, 0x00000000a6700000, 0x00000000d5580000)
  object space 629760K, 99% used [0x0000000080000000,0x00000000a66c3410,0x00000000a6700000)
 Metaspace       used 65481K, committed 67008K, reserved 1114112K
  class space    used 6854K, committed 7616K, reserved 1048576K
}
Event: 14.118 GC heap before
{Heap before GC invocations=786 (full 3):
 PSYoungGen      total 5632K, used 5280K [0x00000000d5580000, 0x00000000d5d80000, 0x0000000100000000)
  eden space 4608K, 100% used [0x00000000d5580000,0x00000000d5a00000,0x00000000d5a00000)
  from space 1024K, 65% used [0x00000000d5c80000,0x00000000d5d28000,0x00000000d5d80000)
  to   space 1536K, 0% used [0x00000000d5a80000,0x00000000d5a80000,0x00000000d5c00000)
 ParOldGen       total 629760K, used 629517K [0x0000000080000000, 0x00000000a6700000, 0x00000000d5580000)
  object space 629760K, 99% used [0x0000000080000000,0x00000000a66c3410,0x00000000a6700000)
 Metaspace       used 65596K, committed 67136K, reserved 1114112K
  class space    used 6862K, committed 7616K, reserved 1048576K
}
Event: 14.120 GC heap after
{Heap after GC invocations=786 (full 3):
 PSYoungGen      total 6144K, used 1433K [0x00000000d5580000, 0x00000000d5e00000, 0x0000000100000000)
  eden space 4608K, 0% used [0x00000000d5580000,0x00000000d5580000,0x00000000d5a00000)
  from space 1536K, 93% used [0x00000000d5a80000,0x00000000d5be6468,0x00000000d5c00000)
  to   space 2048K, 0% used [0x00000000d5c00000,0x00000000d5c00000,0x00000000d5e00000)
 ParOldGen       total 630272K, used 630026K [0x0000000080000000, 0x00000000a6780000, 0x00000000d5580000)
  object space 630272K, 99% used [0x0000000080000000,0x00000000a6742ba8,0x00000000a6780000)
 Metaspace       used 65596K, committed 67136K, reserved 1114112K
  class space    used 6862K, committed 7616K, reserved 1048576K
}
Event: 14.134 GC heap before
{Heap before GC invocations=787 (full 3):
 PSYoungGen      total 6144K, used 6041K [0x00000000d5580000, 0x00000000d5e00000, 0x0000000100000000)
  eden space 4608K, 100% used [0x00000000d5580000,0x00000000d5a00000,0x00000000d5a00000)
  from space 1536K, 93% used [0x00000000d5a80000,0x00000000d5be6468,0x00000000d5c00000)
  to   space 2048K, 0% used [0x00000000d5c00000,0x00000000d5c00000,0x00000000d5e00000)
 ParOldGen       total 630272K, used 630026K [0x0000000080000000, 0x00000000a6780000, 0x00000000d5580000)
  object space 630272K, 99% used [0x0000000080000000,0x00000000a6742ba8,0x00000000a6780000)
 Metaspace       used 65609K, committed 67136K, reserved 1114112K
  class space    used 6862K, committed 7616K, reserved 1048576K
}
Event: 14.136 GC heap after
{Heap after GC invocations=787 (full 3):
 PSYoungGen      total 6144K, used 1440K [0x00000000d5580000, 0x00000000d5d80000, 0x0000000100000000)
  eden space 4608K, 0% used [0x00000000d5580000,0x00000000d5580000,0x00000000d5a00000)
  from space 1536K, 93% used [0x00000000d5c00000,0x00000000d5d68000,0x00000000d5d80000)
  to   space 1536K, 0% used [0x00000000d5a80000,0x00000000d5a80000,0x00000000d5c00000)
 ParOldGen       total 631808K, used 631465K [0x0000000080000000, 0x00000000a6900000, 0x00000000d5580000)
  object space 631808K, 99% used [0x0000000080000000,0x00000000a68aa500,0x00000000a6900000)
 Metaspace       used 65609K, committed 67136K, reserved 1114112K
  class space    used 6862K, committed 7616K, reserved 1048576K
}
Event: 14.144 GC heap before
{Heap before GC invocations=788 (full 3):
 PSYoungGen      total 6144K, used 5411K [0x00000000d5580000, 0x00000000d5d80000, 0x0000000100000000)
  eden space 4608K, 86% used [0x00000000d5580000,0x00000000d5960fd0,0x00000000d5a00000)
  from space 1536K, 93% used [0x00000000d5c00000,0x00000000d5d68000,0x00000000d5d80000)
  to   space 1536K, 0% used [0x00000000d5a80000,0x00000000d5a80000,0x00000000d5c00000)
 ParOldGen       total 631808K, used 631465K [0x0000000080000000, 0x00000000a6900000, 0x00000000d5580000)
  object space 631808K, 99% used [0x0000000080000000,0x00000000a68aa500,0x00000000a6900000)
 Metaspace       used 65612K, committed 67136K, reserved 1114112K
  class space    used 6862K, committed 7616K, reserved 1048576K
}

Dll operation events (10 events):
Event: 0.008 Loaded shared library c:\Users\nabil\.vscode\extensions\redhat.java-1.45.0-win32-x64\jre\21.0.8-win32-x86_64\bin\java.dll
Event: 0.051 Loaded shared library c:\Users\nabil\.vscode\extensions\redhat.java-1.45.0-win32-x64\jre\21.0.8-win32-x86_64\bin\zip.dll
Event: 0.067 Loaded shared library C:\Users\nabil\.vscode\extensions\redhat.java-1.45.0-win32-x64\jre\21.0.8-win32-x86_64\bin\instrument.dll
Event: 0.069 Loaded shared library C:\Users\nabil\.vscode\extensions\redhat.java-1.45.0-win32-x64\jre\21.0.8-win32-x86_64\bin\net.dll
Event: 0.071 Loaded shared library C:\Users\nabil\.vscode\extensions\redhat.java-1.45.0-win32-x64\jre\21.0.8-win32-x86_64\bin\nio.dll
Event: 0.074 Loaded shared library C:\Users\nabil\.vscode\extensions\redhat.java-1.45.0-win32-x64\jre\21.0.8-win32-x86_64\bin\zip.dll
Event: 0.087 Loaded shared library C:\Users\nabil\.vscode\extensions\redhat.java-1.45.0-win32-x64\jre\21.0.8-win32-x86_64\bin\jimage.dll
Event: 0.146 Loaded shared library c:\Users\nabil\.vscode\extensions\redhat.java-1.45.0-win32-x64\jre\21.0.8-win32-x86_64\bin\verify.dll
Event: 0.870 Loaded shared library C:\Users\nabil\AppData\Roaming\Code\User\globalStorage\redhat.java\1.45.0\config_win\org.eclipse.equinox.launcher\org.eclipse.equinox.launcher.win32.win32.x86_64_1.2.1400.v20250801-0854\eclipse_11916.dll
Event: 1.833 Loaded shared library C:\Users\nabil\AppData\Local\Temp\jna-104574578\jna17286094414339469688.dll

Deoptimization events (20 events):
Event: 14.011 Thread 0x000002526fd3d5c0 DEOPT PACKING pc=0x0000025256d26da2 sp=0x000000fa348fd350
Event: 14.011 Thread 0x000002526fd3d5c0 DEOPT UNPACKING pc=0x000002525c574242 sp=0x000000fa348fc8c8 mode 0
Event: 14.038 Thread 0x00000252733e2130 DEOPT PACKING pc=0x0000025256d26da2 sp=0x000000fa372fdc20
Event: 14.038 Thread 0x00000252733e2130 DEOPT UNPACKING pc=0x000002525c574242 sp=0x000000fa372fd198 mode 0
Event: 14.057 Thread 0x00000252733e2130 Uncommon trap: trap_request=0xffffff6e fr.pc=0x000002525d5197fc relative=0x000000000000015c
Event: 14.057 Thread 0x00000252733e2130 Uncommon trap: reason=loop_limit_check action=maybe_recompile pc=0x000002525d5197fc method=org.eclipse.jdt.internal.compiler.lookup.ReferenceBinding.compare([C[CII)I @ 46 c2
Event: 14.057 Thread 0x00000252733e2130 DEOPT PACKING pc=0x000002525d5197fc sp=0x000000fa372fe420
Event: 14.057 Thread 0x00000252733e2130 DEOPT UNPACKING pc=0x000002525c573aa2 sp=0x000000fa372fe390 mode 2
Event: 14.098 Thread 0x000002526fd3e970 Uncommon trap: trap_request=0xffffff45 fr.pc=0x000002525ce18c78 relative=0x00000000000006d8
Event: 14.098 Thread 0x000002526fd3e970 Uncommon trap: reason=unstable_if action=reinterpret pc=0x000002525ce18c78 method=org.eclipse.jdt.internal.core.index.DiskIndex.readStreamChars(Ljava/io/InputStream;)[C @ 1 c2
Event: 14.098 Thread 0x000002526fd3e970 DEOPT PACKING pc=0x000002525ce18c78 sp=0x000000fa34afee90
Event: 14.098 Thread 0x000002526fd3e970 DEOPT UNPACKING pc=0x000002525c573aa2 sp=0x000000fa34afee08 mode 2
Event: 14.099 Thread 0x00000252733e2130 DEOPT PACKING pc=0x00000252564b643c sp=0x000000fa372fc250
Event: 14.099 Thread 0x00000252733e2130 DEOPT UNPACKING pc=0x000002525c574242 sp=0x000000fa372fb770 mode 0
Event: 14.132 Thread 0x000002526fd3e970 DEOPT PACKING pc=0x0000025255c98671 sp=0x000000fa34afefd0
Event: 14.132 Thread 0x000002526fd3e970 DEOPT UNPACKING pc=0x000002525c574242 sp=0x000000fa34afe628 mode 0
Event: 14.142 Thread 0x000002526fd3e970 Uncommon trap: trap_request=0xffffff45 fr.pc=0x000002525d523334 relative=0x0000000000000634
Event: 14.142 Thread 0x000002526fd3e970 Uncommon trap: reason=unstable_if action=reinterpret pc=0x000002525d523334 method=org.eclipse.jdt.internal.core.index.DiskIndex.readStreamChars(Ljava/io/InputStream;)[C @ 14 c2
Event: 14.142 Thread 0x000002526fd3e970 DEOPT PACKING pc=0x000002525d523334 sp=0x000000fa34aff180
Event: 14.142 Thread 0x000002526fd3e970 DEOPT UNPACKING pc=0x000002525c573aa2 sp=0x000000fa34aff0f0 mode 2

Classes loaded (20 events):
Event: 12.458 Loading class java/lang/invoke/MethodHandleImpl$CountingWrapper$1
Event: 12.458 Loading class java/lang/invoke/MethodHandleImpl$CountingWrapper$1 done
Event: 12.648 Loading class java/util/zip/CheckedInputStream
Event: 12.648 Loading class java/util/zip/CheckedInputStream done
Event: 12.766 Loading class jdk/internal/module/IllegalAccessLogger
Event: 12.766 Loading class jdk/internal/module/IllegalAccessLogger done
Event: 12.782 Loading class java/util/stream/ReferencePipeline$4
Event: 12.782 Loading class java/util/stream/ReferencePipeline$4 done
Event: 12.783 Loading class java/util/stream/Nodes$IntFixedNodeBuilder
Event: 12.783 Loading class java/util/stream/Node$Builder$OfInt
Event: 12.783 Loading class java/util/stream/Node$Builder$OfInt done
Event: 12.783 Loading class java/util/stream/Nodes$IntArrayNode
Event: 12.783 Loading class java/util/stream/Nodes$IntArrayNode done
Event: 12.783 Loading class java/util/stream/Nodes$IntFixedNodeBuilder done
Event: 12.783 Loading class java/util/stream/ReferencePipeline$4$1
Event: 12.784 Loading class java/util/stream/ReferencePipeline$4$1 done
Event: 12.884 Loading class jdk/internal/module/IllegalAccessLogger
Event: 12.884 Loading class jdk/internal/module/IllegalAccessLogger done
Event: 14.036 Loading class jdk/internal/module/IllegalAccessLogger
Event: 14.036 Loading class jdk/internal/module/IllegalAccessLogger done

Classes unloaded (7 events):
Event: 2.211 Thread 0x0000025251d940b0 Unloading class 0x00000252011aa800 'java/lang/invoke/LambdaForm$MH+0x00000252011aa800'
Event: 2.211 Thread 0x0000025251d940b0 Unloading class 0x00000252011aa400 'java/lang/invoke/LambdaForm$MH+0x00000252011aa400'
Event: 2.211 Thread 0x0000025251d940b0 Unloading class 0x00000252011aa000 'java/lang/invoke/LambdaForm$MH+0x00000252011aa000'
Event: 2.211 Thread 0x0000025251d940b0 Unloading class 0x00000252011a9c00 'java/lang/invoke/LambdaForm$MH+0x00000252011a9c00'
Event: 2.211 Thread 0x0000025251d940b0 Unloading class 0x00000252011a9800 'java/lang/invoke/LambdaForm$BMH+0x00000252011a9800'
Event: 2.211 Thread 0x0000025251d940b0 Unloading class 0x00000252011a9400 'java/lang/invoke/LambdaForm$DMH+0x00000252011a9400'
Event: 2.211 Thread 0x0000025251d940b0 Unloading class 0x00000252011a8000 'java/lang/invoke/LambdaForm$DMH+0x00000252011a8000'

Classes redefined (0 events):
No events

Internal exceptions (20 events):
Event: 13.440 Thread 0x000002526fd3e970 Exception <a 'sun/nio/fs/WindowsException'{0x00000000d563ed88}> (0x00000000d563ed88) 
thrown [s\src\hotspot\share\prims\jni.cpp, line 520]
Event: 13.497 Thread 0x000002526fd3e970 Exception <a 'sun/nio/fs/WindowsException'{0x00000000d5837b00}> (0x00000000d5837b00) 
thrown [s\src\hotspot\share\prims\jni.cpp, line 520]
Event: 13.642 Thread 0x000002526fd3e970 Exception <a 'sun/nio/fs/WindowsException'{0x00000000d57eaf40}> (0x00000000d57eaf40) 
thrown [s\src\hotspot\share\prims\jni.cpp, line 520]
Event: 13.687 Thread 0x000002526fd3e970 Exception <a 'sun/nio/fs/WindowsException'{0x00000000d55de7e8}> (0x00000000d55de7e8) 
thrown [s\src\hotspot\share\prims\jni.cpp, line 520]
Event: 13.730 Thread 0x000002526fd3e970 Exception <a 'sun/nio/fs/WindowsException'{0x00000000d55b0828}> (0x00000000d55b0828) 
thrown [s\src\hotspot\share\prims\jni.cpp, line 520]
Event: 13.765 Thread 0x000002526fd3e970 Exception <a 'sun/nio/fs/WindowsException'{0x00000000d5599718}> (0x00000000d5599718) 
thrown [s\src\hotspot\share\prims\jni.cpp, line 520]
Event: 13.868 Thread 0x000002526fd3e970 Exception <a 'sun/nio/fs/WindowsException'{0x00000000d564f710}> (0x00000000d564f710) 
thrown [s\src\hotspot\share\prims\jni.cpp, line 520]
Event: 13.950 Thread 0x000002526fd3d5c0 Exception <a 'sun/nio/fs/WindowsException'{0x00000000d5927630}> (0x00000000d5927630) 
thrown [s\src\hotspot\share\prims\jni.cpp, line 520]
Event: 13.951 Thread 0x0000025271896e30 Exception <a 'sun/nio/fs/WindowsException'{0x00000000d5941628}> (0x00000000d5941628) 
thrown [s\src\hotspot\share\prims\jni.cpp, line 520]
Event: 13.951 Thread 0x0000025271894d60 Exception <a 'sun/nio/fs/WindowsException'{0x00000000d5968050}> (0x00000000d5968050) 
thrown [s\src\hotspot\share\prims\jni.cpp, line 520]
Event: 13.951 Thread 0x00000252718946d0 Exception <a 'sun/nio/fs/WindowsException'{0x00000000d5990980}> (0x00000000d5990980) 
thrown [s\src\hotspot\share\prims\jni.cpp, line 520]
Event: 13.951 Thread 0x0000025271896110 Exception <a 'sun/nio/fs/WindowsException'{0x00000000d59a6f28}> (0x00000000d59a6f28) 
thrown [s\src\hotspot\share\prims\jni.cpp, line 520]
Event: 13.951 Thread 0x00000252718974c0 Exception <a 'sun/nio/fs/WindowsException'{0x00000000d59913c8}> (0x00000000d59913c8) 
thrown [s\src\hotspot\share\prims\jni.cpp, line 520]
Event: 13.951 Thread 0x00000252718967a0 Exception <a 'sun/nio/fs/WindowsException'{0x00000000d59a8718}> (0x00000000d59a8718) 
thrown [s\src\hotspot\share\prims\jni.cpp, line 520]
Event: 13.951 Thread 0x00000252718953f0 Exception <a 'sun/nio/fs/WindowsException'{0x00000000d59a4cc8}> (0x00000000d59a4cc8) 
thrown [s\src\hotspot\share\prims\jni.cpp, line 520]
Event: 14.080 Thread 0x000002526fd3e970 Exception <a 'sun/nio/fs/WindowsException'{0x00000000d5793b08}> (0x00000000d5793b08) 
thrown [s\src\hotspot\share\prims\jni.cpp, line 520]
Event: 14.098 Thread 0x000002526fd3e970 Implicit null exception at 0x000002525ce185e2 to 0x000002525ce18c64
Event: 14.130 Thread 0x000002526fd3d5c0 Exception <a 'sun/nio/fs/WindowsException'{0x00000000d576e6b0}> (0x00000000d576e6b0) 
thrown [s\src\hotspot\share\prims\jni.cpp, line 520]
Event: 14.131 Thread 0x0000025271896e30 Exception <a 'sun/nio/fs/WindowsException'{0x00000000d5796810}> (0x00000000d5796810) 
thrown [s\src\hotspot\share\prims\jni.cpp, line 520]
Event: 14.131 Thread 0x0000025271894d60 Exception <a 'sun/nio/fs/WindowsException'{0x00000000d57d7070}> (0x00000000d57d7070) 
thrown [s\src\hotspot\share\prims\jni.cpp, line 520]

ZGC Phase Switch (0 events):
No events

VM Operations (20 events):
Event: 13.977 Executing VM operation: ParallelGCSystemGC (GCLocker Initiated GC) done
Event: 13.982 Executing VM operation: ParallelGCFailedAllocation (Allocation Failure)
Event: 13.984 Executing VM operation: ParallelGCFailedAllocation (Allocation Failure) done
Event: 13.994 Executing VM operation: ParallelGCFailedAllocation (Allocation Failure)
Event: 13.996 Executing VM operation: ParallelGCFailedAllocation (Allocation Failure) done
Event: 14.005 Executing VM operation: ParallelGCFailedAllocation (Allocation Failure)
Event: 14.007 Executing VM operation: ParallelGCFailedAllocation (Allocation Failure) done
Event: 14.015 Executing VM operation: ParallelGCFailedAllocation (Allocation Failure)
Event: 14.017 Executing VM operation: ParallelGCFailedAllocation (Allocation Failure) done
Event: 14.026 Executing VM operation: ParallelGCFailedAllocation (Allocation Failure)
Event: 14.028 Executing VM operation: ParallelGCFailedAllocation (Allocation Failure) done
Event: 14.041 Executing VM operation: ParallelGCFailedAllocation (Allocation Failure)
Event: 14.043 Executing VM operation: ParallelGCFailedAllocation (Allocation Failure) done
Event: 14.084 Executing VM operation: ParallelGCFailedAllocation (Allocation Failure)
Event: 14.087 Executing VM operation: ParallelGCFailedAllocation (Allocation Failure) done
Event: 14.118 Executing VM operation: ParallelGCFailedAllocation (Allocation Failure)
Event: 14.120 Executing VM operation: ParallelGCFailedAllocation (Allocation Failure) done
Event: 14.134 Executing VM operation: ParallelGCFailedAllocation (Allocation Failure)
Event: 14.136 Executing VM operation: ParallelGCFailedAllocation (Allocation Failure) done
Event: 14.144 Executing VM operation: ParallelGCFailedAllocation (Allocation Failure)

Memory protections (0 events):
No events

Nmethod flushes (20 events):
Event: 6.546 Thread 0x0000025251d940b0 flushing  nmethod 0x0000025255909190
Event: 6.546 Thread 0x0000025251d940b0 flushing  nmethod 0x000002525590c690
Event: 6.546 Thread 0x0000025251d940b0 flushing  nmethod 0x000002525590d010
Event: 6.546 Thread 0x0000025251d940b0 flushing  nmethod 0x000002525590d390
Event: 6.546 Thread 0x0000025251d940b0 flushing  nmethod 0x0000025255913f10
Event: 6.546 Thread 0x0000025251d940b0 flushing  nmethod 0x0000025255943610
Event: 6.546 Thread 0x0000025251d940b0 flushing  nmethod 0x0000025255943c10
Event: 6.546 Thread 0x0000025251d940b0 flushing  nmethod 0x0000025255944490
Event: 6.546 Thread 0x0000025251d940b0 flushing  nmethod 0x0000025255944b90
Event: 6.546 Thread 0x0000025251d940b0 flushing  nmethod 0x000002525594cc10
Event: 6.546 Thread 0x0000025251d940b0 flushing  nmethod 0x0000025255960d90
Event: 6.546 Thread 0x0000025251d940b0 flushing  nmethod 0x0000025255988c90
Event: 6.546 Thread 0x0000025251d940b0 flushing  nmethod 0x000002525598ca10
Event: 6.546 Thread 0x0000025251d940b0 flushing  nmethod 0x00000252559e0610
Event: 6.546 Thread 0x0000025251d940b0 flushing  nmethod 0x00000252559f0110
Event: 6.546 Thread 0x0000025251d940b0 flushing  nmethod 0x00000252559f0a90
Event: 6.546 Thread 0x0000025251d940b0 flushing  nmethod 0x00000252559f1a10
Event: 6.546 Thread 0x0000025251d940b0 flushing  nmethod 0x0000025255a05f90
Event: 6.546 Thread 0x0000025251d940b0 flushing  nmethod 0x0000025255a07a90
Event: 6.546 Thread 0x0000025251d940b0 flushing  nmethod 0x0000025255a40f90

Events (20 events):
Event: 13.364 Thread 0x000002526fd3d5c0 Thread added: 0x00000252729ae3a0
Event: 13.364 Thread 0x000002526fd3d5c0 Thread added: 0x00000252729aea30
Event: 13.364 Thread 0x000002526fd3d5c0 Thread added: 0x000002526f869620
Event: 13.364 Thread 0x000002526fd3d5c0 Thread added: 0x0000025273004f10
Event: 13.365 Thread 0x000002526fd3d5c0 Thread added: 0x0000025273007d00
Event: 13.636 Thread 0x0000025273004f10 Thread exited: 0x0000025273004f10
Event: 13.636 Thread 0x0000025273007d00 Thread exited: 0x0000025273007d00
Event: 13.636 Thread 0x000002526f869620 Thread exited: 0x000002526f869620
Event: 13.636 Thread 0x00000252729aea30 Thread exited: 0x00000252729aea30
Event: 13.636 Thread 0x00000252729ae3a0 Thread exited: 0x00000252729ae3a0
Event: 13.761 Thread 0x000002526fd3d5c0 Thread added: 0x00000252729ae3a0
Event: 13.761 Thread 0x000002526fd3d5c0 Thread added: 0x00000252729aea30
Event: 13.761 Thread 0x000002526fd3d5c0 Thread added: 0x000002526f869620
Event: 13.762 Thread 0x000002526fd3d5c0 Thread added: 0x000002527c870b60
Event: 13.762 Thread 0x000002526fd3d5c0 Thread added: 0x000002527c86fe40
Event: 13.786 Thread 0x00000252729ae3a0 Thread exited: 0x00000252729ae3a0
Event: 13.786 Thread 0x000002527c86fe40 Thread exited: 0x000002527c86fe40
Event: 13.786 Thread 0x000002527c870b60 Thread exited: 0x000002527c870b60
Event: 13.786 Thread 0x000002526f869620 Thread exited: 0x000002526f869620
Event: 13.786 Thread 0x00000252729aea30 Thread exited: 0x00000252729aea30


Dynamic libraries:
0x00007ff6bd600000 - 0x00007ff6bd60e000 	c:\Users\nabil\.vscode\extensions\redhat.java-1.45.0-win32-x64\jre\21.0.8-win32-x86_64\bin\java.exe
0x00007ffa65360000 - 0x00007ffa655c9000 	C:\WINDOWS\SYSTEM32\ntdll.dll
0x00007ffa639a0000 - 0x00007ffa63a69000 	C:\WINDOWS\System32\KERNEL32.DLL
0x00007ffa62900000 - 0x00007ffa62cf3000 	C:\WINDOWS\System32\KERNELBASE.dll
0x00007ffa62d00000 - 0x00007ffa62e4b000 	C:\WINDOWS\System32\ucrtbase.dll
0x00007ffa566b0000 - 0x00007ffa566ce000 	c:\Users\nabil\.vscode\extensions\redhat.java-1.45.0-win32-x64\jre\21.0.8-win32-x86_64\bin\VCRUNTIME140.dll
0x00007ffa4e3b0000 - 0x00007ffa4e3c8000 	c:\Users\nabil\.vscode\extensions\redhat.java-1.45.0-win32-x64\jre\21.0.8-win32-x86_64\bin\jli.dll
0x00007ffa641c0000 - 0x00007ffa64384000 	C:\WINDOWS\System32\USER32.dll
0x00007ffa62f80000 - 0x00007ffa62fa7000 	C:\WINDOWS\System32\win32u.dll
0x00007ffa425c0000 - 0x00007ffa42853000 	C:\WINDOWS\WinSxS\amd64_microsoft.windows.common-controls_6595b64144ccf1df_6.0.26100.5074_none_3e0d6f78e32fd63f\COMCTL32.dll
0x00007ffa64860000 - 0x00007ffa6488b000 	C:\WINDOWS\System32\GDI32.dll
0x00007ffa63170000 - 0x00007ffa63219000 	C:\WINDOWS\System32\msvcrt.dll
0x00007ffa62e50000 - 0x00007ffa62f7d000 	C:\WINDOWS\System32\gdi32full.dll
0x00007ffa62850000 - 0x00007ffa628f3000 	C:\WINDOWS\System32\msvcp_win.dll
0x00007ffa63130000 - 0x00007ffa6315f000 	C:\WINDOWS\System32\IMM32.DLL
0x00007ffa5f060000 - 0x00007ffa5f06c000 	c:\Users\nabil\.vscode\extensions\redhat.java-1.45.0-win32-x64\jre\21.0.8-win32-x86_64\bin\vcruntime140_1.dll
0x00007ffa357f0000 - 0x00007ffa3587d000 	c:\Users\nabil\.vscode\extensions\redhat.java-1.45.0-win32-x64\jre\21.0.8-win32-x86_64\bin\msvcp140.dll
0x00007ff9e75b0000 - 0x00007ff9e8347000 	c:\Users\nabil\.vscode\extensions\redhat.java-1.45.0-win32-x64\jre\21.0.8-win32-x86_64\bin\server\jvm.dll
0x00007ffa647a0000 - 0x00007ffa64854000 	C:\WINDOWS\System32\ADVAPI32.dll
0x00007ffa63850000 - 0x00007ffa638f6000 	C:\WINDOWS\System32\sechost.dll
0x00007ffa64890000 - 0x00007ffa649a8000 	C:\WINDOWS\System32\RPCRT4.dll
0x00007ffa63580000 - 0x00007ffa635f4000 	C:\WINDOWS\System32\WS2_32.dll
0x00007ffa62350000 - 0x00007ffa623ae000 	C:\WINDOWS\SYSTEM32\POWRPROF.dll
0x00007ffa588d0000 - 0x00007ffa58905000 	C:\WINDOWS\SYSTEM32\WINMM.dll
0x00007ffa42870000 - 0x00007ffa4287b000 	C:\WINDOWS\SYSTEM32\VERSION.dll
0x00007ffa62330000 - 0x00007ffa62344000 	C:\WINDOWS\SYSTEM32\UMPDC.dll
0x00007ffa612d0000 - 0x00007ffa612eb000 	C:\WINDOWS\SYSTEM32\kernel.appcore.dll
0x00007ffa5ee90000 - 0x00007ffa5ee9a000 	c:\Users\nabil\.vscode\extensions\redhat.java-1.45.0-win32-x64\jre\21.0.8-win32-x86_64\bin\jimage.dll
0x00007ffa5fc60000 - 0x00007ffa5fea2000 	C:\WINDOWS\SYSTEM32\DBGHELP.DLL
0x00007ffa64f70000 - 0x00007ffa652eb000 	C:\WINDOWS\System32\combase.dll
0x00007ffa634a0000 - 0x00007ffa63577000 	C:\WINDOWS\System32\OLEAUT32.dll
0x00007ffa332a0000 - 0x00007ffa332dd000 	C:\WINDOWS\SYSTEM32\dbgcore.DLL
0x00007ffa624f0000 - 0x00007ffa62589000 	C:\WINDOWS\System32\bcryptPrimitives.dll
0x00007ffa5cf90000 - 0x00007ffa5cf9f000 	c:\Users\nabil\.vscode\extensions\redhat.java-1.45.0-win32-x64\jre\21.0.8-win32-x86_64\bin\instrument.dll
0x00007ffa3c290000 - 0x00007ffa3c2af000 	c:\Users\nabil\.vscode\extensions\redhat.java-1.45.0-win32-x64\jre\21.0.8-win32-x86_64\bin\java.dll
0x00007ffa63a70000 - 0x00007ffa641bd000 	C:\WINDOWS\System32\SHELL32.dll
0x00007ffa626e0000 - 0x00007ffa6284c000 	C:\WINDOWS\System32\wintypes.dll
0x00007ffa60120000 - 0x00007ffa60979000 	C:\WINDOWS\SYSTEM32\windows.storage.dll
0x00007ffa649b0000 - 0x00007ffa64aa0000 	C:\WINDOWS\System32\SHCORE.dll
0x00007ffa63230000 - 0x00007ffa63292000 	C:\WINDOWS\System32\shlwapi.dll
0x00007ffa62410000 - 0x00007ffa62439000 	C:\WINDOWS\SYSTEM32\profapi.dll
0x00007ffa49090000 - 0x00007ffa490a8000 	c:\Users\nabil\.vscode\extensions\redhat.java-1.45.0-win32-x64\jre\21.0.8-win32-x86_64\bin\zip.dll
0x00007ffa5ce50000 - 0x00007ffa5ce60000 	C:\Users\nabil\.vscode\extensions\redhat.java-1.45.0-win32-x64\jre\21.0.8-win32-x86_64\bin\net.dll
0x00007ffa5c6b0000 - 0x00007ffa5c7cf000 	C:\WINDOWS\SYSTEM32\WINHTTP.dll
0x00007ffa61850000 - 0x00007ffa618bb000 	C:\WINDOWS\system32\mswsock.dll
0x00007ffa3d8e0000 - 0x00007ffa3d8f6000 	C:\Users\nabil\.vscode\extensions\redhat.java-1.45.0-win32-x64\jre\21.0.8-win32-x86_64\bin\nio.dll
0x00007ffa4e060000 - 0x00007ffa4e070000 	c:\Users\nabil\.vscode\extensions\redhat.java-1.45.0-win32-x64\jre\21.0.8-win32-x86_64\bin\verify.dll
0x00007ffa3a4b0000 - 0x00007ffa3a4f4000 	C:\Users\nabil\AppData\Roaming\Code\User\globalStorage\redhat.java\1.45.0\config_win\org.eclipse.equinox.launcher\org.eclipse.equinox.launcher.win32.win32.x86_64_1.2.1400.v20250801-0854\eclipse_11916.dll
0x00007ffa63300000 - 0x00007ffa63498000 	C:\WINDOWS\System32\ole32.dll
0x00007ffa61af0000 - 0x00007ffa61b0b000 	C:\WINDOWS\SYSTEM32\CRYPTSP.dll
0x00007ffa61230000 - 0x00007ffa6126b000 	C:\WINDOWS\system32\rsaenh.dll
0x00007ffa618f0000 - 0x00007ffa6191b000 	C:\WINDOWS\SYSTEM32\USERENV.dll
0x00007ffa623e0000 - 0x00007ffa62406000 	C:\WINDOWS\SYSTEM32\bcrypt.dll
0x00007ffa61b10000 - 0x00007ffa61b1c000 	C:\WINDOWS\SYSTEM32\CRYPTBASE.dll
0x00007ffa60d00000 - 0x00007ffa60d34000 	C:\WINDOWS\SYSTEM32\IPHLPAPI.DLL
0x00007ffa63220000 - 0x00007ffa6322a000 	C:\WINDOWS\System32\NSI.dll
0x00007ffa23910000 - 0x00007ffa23959000 	C:\Users\nabil\AppData\Local\Temp\jna-104574578\jna17286094414339469688.dll
0x00007ffa63980000 - 0x00007ffa63988000 	C:\WINDOWS\System32\PSAPI.DLL
0x00007ffa5c900000 - 0x00007ffa5c91e000 	C:\WINDOWS\SYSTEM32\dhcpcsvc6.DLL
0x00007ffa5c840000 - 0x00007ffa5c863000 	C:\WINDOWS\SYSTEM32\dhcpcsvc.DLL
0x00007ffa613f0000 - 0x00007ffa61426000 	C:\WINDOWS\SYSTEM32\ntmarta.dll

JVMTI agents:
c:\Users\nabil\.vscode\extensions\redhat.java-1.45.0-win32-x64\lombok\lombok-1.18.39-4050.jar path:c:\Users\nabil\.vscode\extensions\redhat.java-1.45.0-win32-x64\jre\21.0.8-win32-x86_64\bin\instrument.dll, loaded, initialized, instrumentlib options:none

dbghelp: loaded successfully - version: 4.0.5 - missing functions: none
symbol engine: initialized successfully - sym options: 0x614 - pdb path: .;c:\Users\nabil\.vscode\extensions\redhat.java-1.45.0-win32-x64\jre\21.0.8-win32-x86_64\bin;C:\WINDOWS\SYSTEM32;C:\WINDOWS\WinSxS\amd64_microsoft.windows.common-controls_6595b64144ccf1df_6.0.26100.5074_none_3e0d6f78e32fd63f;c:\Users\nabil\.vscode\extensions\redhat.java-1.45.0-win32-x64\jre\21.0.8-win32-x86_64\bin\server;C:\Users\nabil\AppData\Roaming\Code\User\globalStorage\redhat.java\1.45.0\config_win\org.eclipse.equinox.launcher\org.eclipse.equinox.launcher.win32.win32.x86_64_1.2.1400.v20250801-0854;C:\Users\nabil\AppData\Local\Temp\jna-104574578

VM Arguments:
jvm_args: --add-modules=ALL-SYSTEM --add-opens=java.base/java.util=ALL-UNNAMED --add-opens=java.base/java.lang=ALL-UNNAMED --add-opens=java.base/sun.nio.fs=ALL-UNNAMED -Declipse.application=org.eclipse.jdt.ls.core.id1 -Dosgi.bundles.defaultStartLevel=4 -Declipse.product=org.eclipse.jdt.ls.core.product -Djava.import.generatesMetadataFilesAtProjectRoot=false -DDetectVMInstallationsJob.disabled=true -Dfile.encoding=utf8 -XX:+UseParallelGC -XX:GCTimeRatio=4 -XX:AdaptiveSizePolicyWeight=90 -Dsun.zip.disableMemoryMapping=true -Xmx2G -Xms100m -Xlog:disable -javaagent:c:\Users\nabil\.vscode\extensions\redhat.java-1.45.0-win32-x64\lombok\lombok-1.18.39-4050.jar -XX:+HeapDumpOnOutOfMemoryError -XX:HeapDumpPath=c:\Users\nabil\AppData\Roaming\Code\User\workspaceStorage\bad2abbcd7b301175cb1610fa1059be9\redhat.java -Daether.dependencyCollector.impl=bf 
java_command: c:\Users\nabil\.vscode\extensions\redhat.java-1.45.0-win32-x64\server\plugins\org.eclipse.equinox.launcher_1.7.0.v20250519-0528.jar -configuration c:\Users\nabil\AppData\Roaming\Code\User\globalStorage\redhat.java\1.45.0\config_win -data c:\Users\nabil\AppData\Roaming\Code\User\workspaceStorage\bad2abbcd7b301175cb1610fa1059be9\redhat.java\jdt_ws --pipe=\\.\pipe\lsp-2c34f53236c2f16ca6bdef31bdca9d12-sock
java_class_path (initial): c:\Users\nabil\.vscode\extensions\redhat.java-1.45.0-win32-x64\server\plugins\org.eclipse.equinox.launcher_1.7.0.v20250519-0528.jar
Launcher Type: SUN_STANDARD

[Global flags]
    uintx AdaptiveSizePolicyWeight                 = 90                                        {product} {command line}
     intx CICompilerCount                          = 4                                         {product} {ergonomic}
    uintx GCTimeRatio                              = 4                                         {product} {command line}
     bool HeapDumpOnOutOfMemoryError               = true                                   {manageable} {command line}
    ccstr HeapDumpPath                             = c:\Users\nabil\AppData\Roaming\Code\User\workspaceStorage\bad2abbcd7b301175cb1610fa1059be9\redhat.java         {manageable} {command line}
   size_t InitialHeapSize                          = 104857600                                 {product} {command line}
   size_t MaxHeapSize                              = 2147483648                                {product} {command line}
   size_t MaxNewSize                               = 715653120                                 {product} {ergonomic}
   size_t MinHeapDeltaBytes                        = 524288                                    {product} {ergonomic}
   size_t MinHeapSize                              = 104857600                                 {product} {command line}
   size_t NewSize                                  = 34603008                                  {product} {ergonomic}
    uintx NonNMethodCodeHeapSize                   = 5839372                                {pd product} {ergonomic}
    uintx NonProfiledCodeHeapSize                  = 122909434                              {pd product} {ergonomic}
   size_t OldSize                                  = 70254592                                  {product} {ergonomic}
    uintx ProfiledCodeHeapSize                     = 122909434                              {pd product} {ergonomic}
    uintx ReservedCodeCacheSize                    = 251658240                              {pd product} {ergonomic}
     bool SegmentedCodeCache                       = true                                      {product} {ergonomic}
   size_t SoftMaxHeapSize                          = 2147483648                             {manageable} {ergonomic}
     bool UseCompressedOops                        = true                           {product lp64_product} {ergonomic}
     bool UseLargePagesIndividualAllocation        = false                                  {pd product} {ergonomic}
     bool UseParallelGC                            = true                                      {product} {command line}

Logging:
Log output configuration:
 #0: stdout all=off uptime,level,tags foldmultilines=false
 #1: stderr all=off uptime,level,tags foldmultilines=false

Environment Variables:
PATH=C:\Program Files\Common Files\Oracle\Java\javapath;C:\WINDOWS\system32;C:\WINDOWS;C:\WINDOWS\System32\Wbem;C:\WINDOWS\System32\WindowsPowerShell\v1.0\;C:\WINDOWS\System32\OpenSSH\;C:\Program Files\Java\jre-1.8\bin;C:\Program Files\dotnet\;C:\Program Files\MATLAB\R2023b\runtime\win64;C:\Program Files\MATLAB\R2023b\bin;C:\Program Files\Git\cmd;C:\Users\nabil\AppData\Local\flutter\bin;C:\Program Files\PuTTY\;C:\ProgramData\ComposerSetup\bin;C:\Program Files\nodejs\;C:\ProgramData\chocolatey\bin;C:\xampp\php;C:\Users\nabil\flutter\bin;C:\Users\nabil\AppData\Local\Android\Sdk\platform-tools;C:\Program Files\Geckodriver;C:\Program Files\Docker\Docker\resources\bin;C:\Program Files\Java\jdk-24\bin;C:\Users\nabil\zulu24.32.13-ca-jdk24.0.2-win_x64\bin;C:\Users\nabil\zulu24.32.13-ca-fx-jre24.0.2-win_x64\bin;C:\Program Files\CMake\bin;C:\Program Files\Java\jdk-24\bin;C:\Users\nabil\AppData\Local\Programs\Python\Python312\Scripts\;C:\Users\nabil\AppData\Local\Programs\Python\Python312\;C:\Users\nabil;C:\Users\nabil\AppData\Local\spicetify;C:\Users\nabil\AppData\Local\Microsoft\WindowsApps;C:\Users\nabil\AppData\Roaming\Composer\vendor\bin;C:\Users\nabil\AppData\Roaming\npm;C:\Users\nabil\AppData\Local\Microsoft\WinGet\Packages\Schniz.fnm_Microsoft.Winget.Source_8wekyb3d8bbwe;C:\xampp\php;C:\Users\nabil\flutter\bin;C:\Users\nabil\AppData\Local\Programs\Microsoft VS Code\bin;C:\Users\nabil\AppData\Local\Microsoft\WindowsApps;C:\Users\nabil\AppData\Local\Android\Sdk\platform-tools;C:\Program Files\Geckodriver;C:\Users\nabil\zulu24.32.13-ca-fx-jre24.0.2-win_x64\bin;C:\Program Files\RabbitMQ Server\rabbitmq_server-4.1.4\sbin;
USERNAME=nabil
OS=Windows_NT
PROCESSOR_IDENTIFIER=Intel64 Family 6 Model 186 Stepping 3, GenuineIntel
TMP=C:\Users\nabil\AppData\Local\Temp
TEMP=C:\Users\nabil\AppData\Local\Temp




Periodic native trim disabled

---------------  S Y S T E M  ---------------

OS:
 Windows 11 , 64 bit Build 26100 (10.0.26100.5074)
OS uptime: 0 days 1:48 hours
Hyper-V role detected

CPU: total 12 (initial active 12) (6 cores per cpu, 2 threads per core) family 6 model 186 stepping 3 microcode 0x4111, cx8, cmov, fxsr, ht, mmx, 3dnowpref, sse, sse2, sse3, ssse3, sse4.1, sse4.2, popcnt, lzcnt, tsc, tscinvbit, avx, avx2, aes, erms, clmul, bmi1, bmi2, adx, sha, fma, vzeroupper, clflush, clflushopt, clwb, hv, serialize, rdtscp, rdpid, fsrm, f16c, cet_ibt, cet_ss
Processor Information for the first 12 processors :
  Max Mhz: 1300, Current Mhz: 1300, Mhz Limit: 1300

Memory: 4k page, system-wide physical 7895M (624M free)
TotalPageFile size 11991M (AvailPageFile size 4M)
current process WorkingSet (physical memory assigned to process): 1018M, peak: 1018M
current process commit charge ("private bytes"): 972M, peak: 972M

vm_info: OpenJDK 64-Bit Server VM (21.0.8+9-LTS) for windows-amd64 JRE (21.0.8+9-LTS), built on 2025-07-15T00:00:00Z by "admin" with MS VC++ 17.7 (VS2022)

END.
