#
# There is insufficient memory for the Java Runtime Environment to continue.
# Native memory allocation (malloc) failed to allocate 1658992 bytes. Error detail: Chunk::new
# Possible reasons:
#   The system is out of physical RAM or swap space
#   This process is running with CompressedOops enabled, and the Java Heap may be blocking the growth of the native heap
# Possible solutions:
#   Reduce memory load on the system
#   Increase physical memory or swap space
#   Check if swap backing store is full
#   Decrease Java heap size (-Xmx/-Xms)
#   Decrease number of Java threads
#   Decrease Java thread stack sizes (-Xss)
#   Set larger code cache with -XX:ReservedCodeCacheSize=
#   JVM is running with Unscaled Compressed Oops mode in which the Java heap is
#     placed in the first 4GB address space. The Java Heap base address is the
#     maximum limit for the native heap growth. Please use -XX:HeapBaseMinAddress
#     to set the Java Heap base and to place the Java Heap above 4GB virtual address.
# This output file may be truncated or incomplete.
#
#  Out of Memory Error (arena.cpp:168), pid=14928, tid=4132
#
# JRE version: OpenJDK Runtime Environment Temurin-21.0.8+9 (21.0.8+9) (build 21.0.8+9-LTS)
# Java VM: OpenJDK 64-Bit Server VM Temurin-21.0.8+9 (21.0.8+9-LTS, mixed mode, sharing, tiered, compressed oops, compressed class ptrs, parallel gc, windows-amd64)
# No core dump will be written. Minidumps are not enabled by default on client versions of Windows
#

---------------  S U M M A R Y ------------

Command Line: --add-modules=ALL-SYSTEM --add-opens=java.base/java.util=ALL-UNNAMED --add-opens=java.base/java.lang=ALL-UNNAMED --add-opens=java.base/sun.nio.fs=ALL-UNNAMED -Declipse.application=org.eclipse.jdt.ls.core.id1 -Dosgi.bundles.defaultStartLevel=4 -Declipse.product=org.eclipse.jdt.ls.core.product -Djava.import.generatesMetadataFilesAtProjectRoot=false -DDetectVMInstallationsJob.disabled=true -Dfile.encoding=utf8 -XX:+UseParallelGC -XX:GCTimeRatio=4 -XX:AdaptiveSizePolicyWeight=90 -Dsun.zip.disableMemoryMapping=true -Xmx2G -Xms100m -Xlog:disable -javaagent:c:\Users\nabil\.vscode\extensions\redhat.java-1.45.0-win32-x64\lombok\lombok-1.18.39-4050.jar -XX:+HeapDumpOnOutOfMemoryError -XX:HeapDumpPath=c:\Users\nabil\AppData\Roaming\Code\User\workspaceStorage\bad2abbcd7b301175cb1610fa1059be9\redhat.java -Daether.dependencyCollector.impl=bf c:\Users\nabil\.vscode\extensions\redhat.java-1.45.0-win32-x64\server\plugins\org.eclipse.equinox.launcher_1.7.0.v20250519-0528.jar -configuration c:\Users\nabil\AppData\Roaming\Code\User\globalStorage\redhat.java\1.45.0\config_win -data c:\Users\nabil\AppData\Roaming\Code\User\workspaceStorage\bad2abbcd7b301175cb1610fa1059be9\redhat.java\jdt_ws --pipe=\\.\pipe\lsp-09c3643b36020d0bac015349f6e5c363-sock

Host: 13th Gen Intel(R) Core(TM) i5-1335U, 12 cores, 7G,  Windows 11 , 64 bit Build 26100 (10.0.26100.5074)
Time: Tue Sep 23 12:39:02 2025 SE Asia Standard Time elapsed time: 284.255337 seconds (0d 0h 4m 44s)

---------------  T H R E A D  ---------------

Current thread (0x000001a65443fe30):  JavaThread "C2 CompilerThread2" daemon [_thread_in_native, id=4132, stack(0x0000008ba0300000,0x0000008ba0400000) (1024K)]


Current CompileTask:
C2:284255 16723       4       java.lang.reflect.Field::get (39 bytes)

Stack: [0x0000008ba0300000,0x0000008ba0400000]
Native frames: (J=compiled Java code, j=interpreted, Vv=VM code, C=native code)
V  [jvm.dll+0x6d2449]
V  [jvm.dll+0x8ae341]
V  [jvm.dll+0x8b08be]
V  [jvm.dll+0x8b0fa3]
V  [jvm.dll+0x280c96]
V  [jvm.dll+0xc581d]
V  [jvm.dll+0xc5d53]
V  [jvm.dll+0x3b919c]
V  [jvm.dll+0x1e1213]
V  [jvm.dll+0x249022]
V  [jvm.dll+0x2484af]
V  [jvm.dll+0x1c89ee]
V  [jvm.dll+0x257d4d]
V  [jvm.dll+0x2562ea]
V  [jvm.dll+0x3f2d16]
V  [jvm.dll+0x857e6b]
V  [jvm.dll+0x6d0b0d]
C  [ucrtbase.dll+0x37b0]
C  [KERNEL32.DLL+0x2e8d7]
C  [ntdll.dll+0x8d9c]


---------------  P R O C E S S  ---------------

Threads class SMR info:
_java_thread_list=0x000001a653fea5d0, length=67, elements={
0x000001a6710433c0, 0x000001a67a8e4090, 0x000001a67a8e4c40, 0x000001a67a8e75c0,
0x000001a67a8e96d0, 0x000001a67a90b7f0, 0x000001a67a90cd10, 0x000001a67a91f330,
0x000001a67a92c7e0, 0x000001a67a9f7690, 0x000001a67acbdf80, 0x000001a67f6ec390,
0x000001a67f503ac0, 0x000001a67f71a780, 0x000001a67f71b1b0, 0x000001a6504e28a0,
0x000001a6504aef30, 0x000001a650544e30, 0x000001a6505461e0, 0x000001a650546f00,
0x000001a650547590, 0x000001a651a2a960, 0x000001a651a2d0c0, 0x000001a651a2ca30,
0x000001a651a2d750, 0x000001a651a2b680, 0x000001a651a2a2d0, 0x000001a651a2dde0,
0x000001a651a2e470, 0x000001a651a2c3a0, 0x000001a651a2aff0, 0x000001a651a2eb00,
0x000001a651a2f190, 0x000001a651a2bd10, 0x000001a651a2f820, 0x000001a651a30bd0,
0x000001a651a2feb0, 0x000001a651a30540, 0x000001a651a31260, 0x000001a651a318f0,
0x000001a65180fec0, 0x000001a651810550, 0x000001a651812cb0, 0x000001a651812620,
0x000001a650cc0710, 0x000001a650cc2e70, 0x000001a650cc1430, 0x000001a650cc4f40,
0x000001a650cc1ac0, 0x000001a650cc5c60, 0x000001a650cc76a0, 0x000001a651811270,
0x000001a65180f830, 0x000001a651816130, 0x000001a6518167c0, 0x000001a651816e50,
0x000001a650cc62f0, 0x000001a650cc55d0, 0x000001a650cc6980, 0x000001a650cc7010,
0x000001a6628296c0, 0x000001a66282a3e0, 0x000001a66282b100, 0x000001a65443e2f0,
0x000001a65443fe30, 0x000001a662829d50, 0x000001a66282be20
}

Java Threads: ( => current thread )
  0x000001a6710433c0 JavaThread "main"                              [_thread_blocked, id=14340, stack(0x0000008ba0500000,0x0000008ba0600000) (1024K)]
  0x000001a67a8e4090 JavaThread "Reference Handler"          daemon [_thread_blocked, id=12620, stack(0x0000008ba0900000,0x0000008ba0a00000) (1024K)]
  0x000001a67a8e4c40 JavaThread "Finalizer"                  daemon [_thread_blocked, id=9796, stack(0x0000008ba0a00000,0x0000008ba0b00000) (1024K)]
  0x000001a67a8e75c0 JavaThread "Signal Dispatcher"          daemon [_thread_blocked, id=17468, stack(0x0000008ba0b00000,0x0000008ba0c00000) (1024K)]
  0x000001a67a8e96d0 JavaThread "Attach Listener"            daemon [_thread_blocked, id=8556, stack(0x0000008ba0c00000,0x0000008ba0d00000) (1024K)]
  0x000001a67a90b7f0 JavaThread "Service Thread"             daemon [_thread_blocked, id=8692, stack(0x0000008ba0d00000,0x0000008ba0e00000) (1024K)]
  0x000001a67a90cd10 JavaThread "Monitor Deflation Thread"   daemon [_thread_blocked, id=14404, stack(0x0000008ba0e00000,0x0000008ba0f00000) (1024K)]
  0x000001a67a91f330 JavaThread "C2 CompilerThread0"         daemon [_thread_in_native, id=13600, stack(0x0000008ba0f00000,0x0000008ba1000000) (1024K)]
  0x000001a67a92c7e0 JavaThread "C1 CompilerThread0"         daemon [_thread_in_native, id=9664, stack(0x0000008ba1000000,0x0000008ba1100000) (1024K)]
  0x000001a67a9f7690 JavaThread "Common-Cleaner"             daemon [_thread_blocked, id=10100, stack(0x0000008ba1100000,0x0000008ba1200000) (1024K)]
  0x000001a67acbdf80 JavaThread "Notification Thread"        daemon [_thread_blocked, id=9852, stack(0x0000008ba1400000,0x0000008ba1500000) (1024K)]
  0x000001a67f6ec390 JavaThread "Active Thread: Equinox Container: 641d016c-6bc5-4941-85ff-7ff949424439"        [_thread_blocked, id=12200, stack(0x0000008ba1b00000,0x0000008ba1c00000) (1024K)]
  0x000001a67f503ac0 JavaThread "Refresh Thread: Equinox Container: 641d016c-6bc5-4941-85ff-7ff949424439" daemon [_thread_blocked, id=10096, stack(0x0000008ba1c00000,0x0000008ba1d00000) (1024K)]
  0x000001a67f71a780 JavaThread "Framework Event Dispatcher: Equinox Container: 641d016c-6bc5-4941-85ff-7ff949424439" daemon [_thread_blocked, id=18224, stack(0x0000008ba1e00000,0x0000008ba1f00000) (1024K)]
  0x000001a67f71b1b0 JavaThread "Start Level: Equinox Container: 641d016c-6bc5-4941-85ff-7ff949424439" daemon [_thread_blocked, id=14400, stack(0x0000008ba1f00000,0x0000008ba2000000) (1024K)]
  0x000001a6504e28a0 JavaThread "Bundle File Closer"         daemon [_thread_blocked, id=2412, stack(0x0000008ba2200000,0x0000008ba2300000) (1024K)]
  0x000001a6504aef30 JavaThread "SCR Component Actor"        daemon [_thread_blocked, id=11824, stack(0x0000008ba2300000,0x0000008ba2400000) (1024K)]
  0x000001a650544e30 JavaThread "Worker-JM"                         [_thread_blocked, id=18096, stack(0x0000008ba2500000,0x0000008ba2600000) (1024K)]
  0x000001a6505461e0 JavaThread "JNA Cleaner"                daemon [_thread_blocked, id=13424, stack(0x0000008ba2600000,0x0000008ba2700000) (1024K)]
  0x000001a650546f00 JavaThread "Java indexing"              daemon [_thread_blocked, id=7404, stack(0x0000008ba2900000,0x0000008ba2a00000) (1024K)]
  0x000001a650547590 JavaThread "Worker-2"                          [_thread_blocked, id=14676, stack(0x0000008ba2c00000,0x0000008ba2d00000) (1024K)]
  0x000001a651a2a960 JavaThread "Thread-2"                   daemon [_thread_in_native, id=10684, stack(0x0000008ba2e00000,0x0000008ba2f00000) (1024K)]
  0x000001a651a2d0c0 JavaThread "Thread-3"                   daemon [_thread_in_native, id=2496, stack(0x0000008ba2f00000,0x0000008ba3000000) (1024K)]
  0x000001a651a2ca30 JavaThread "Thread-4"                   daemon [_thread_in_native, id=12156, stack(0x0000008ba3000000,0x0000008ba3100000) (1024K)]
  0x000001a651a2d750 JavaThread "Thread-5"                   daemon [_thread_in_native, id=10952, stack(0x0000008ba3100000,0x0000008ba3200000) (1024K)]
  0x000001a651a2b680 JavaThread "Thread-6"                   daemon [_thread_in_native, id=17460, stack(0x0000008ba3200000,0x0000008ba3300000) (1024K)]
  0x000001a651a2a2d0 JavaThread "Thread-7"                   daemon [_thread_in_native, id=12824, stack(0x0000008ba3300000,0x0000008ba3400000) (1024K)]
  0x000001a651a2dde0 JavaThread "Thread-8"                   daemon [_thread_in_native, id=14652, stack(0x0000008ba3400000,0x0000008ba3500000) (1024K)]
  0x000001a651a2e470 JavaThread "Thread-9"                   daemon [_thread_in_native, id=13116, stack(0x0000008ba3500000,0x0000008ba3600000) (1024K)]
  0x000001a651a2c3a0 JavaThread "Thread-10"                  daemon [_thread_in_native, id=3724, stack(0x0000008ba3600000,0x0000008ba3700000) (1024K)]
  0x000001a651a2aff0 JavaThread "Thread-11"                  daemon [_thread_in_native, id=19428, stack(0x0000008ba3700000,0x0000008ba3800000) (1024K)]
  0x000001a651a2eb00 JavaThread "Thread-12"                  daemon [_thread_in_native, id=7516, stack(0x0000008ba3800000,0x0000008ba3900000) (1024K)]
  0x000001a651a2f190 JavaThread "Thread-13"                  daemon [_thread_in_native, id=2212, stack(0x0000008ba3900000,0x0000008ba3a00000) (1024K)]
  0x000001a651a2bd10 JavaThread "Thread-14"                  daemon [_thread_in_native, id=15824, stack(0x0000008ba3a00000,0x0000008ba3b00000) (1024K)]
  0x000001a651a2f820 JavaThread "pool-2-thread-1"                   [_thread_blocked, id=9424, stack(0x0000008ba3b00000,0x0000008ba3c00000) (1024K)]
  0x000001a651a30bd0 JavaThread "WorkspaceEventsHandler"            [_thread_blocked, id=6704, stack(0x0000008ba3c00000,0x0000008ba3d00000) (1024K)]
  0x000001a651a2feb0 JavaThread "pool-1-thread-1"                   [_thread_in_vm, id=16552, stack(0x0000008ba3d00000,0x0000008ba3e00000) (1024K)]
  0x000001a651a30540 JavaThread "ForkJoinPool.commonPool-worker-1" daemon [_thread_blocked, id=15900, stack(0x0000008ba3e00000,0x0000008ba3f00000) (1024K)]
  0x000001a651a31260 JavaThread "ForkJoinPool.commonPool-worker-2" daemon [_thread_blocked, id=9824, stack(0x0000008ba3f00000,0x0000008ba4000000) (1024K)]
  0x000001a651a318f0 JavaThread "ForkJoinPool.commonPool-worker-3" daemon [_thread_blocked, id=11780, stack(0x0000008ba4000000,0x0000008ba4100000) (1024K)]
  0x000001a65180fec0 JavaThread "ForkJoinPool.commonPool-worker-4" daemon [_thread_blocked, id=14368, stack(0x0000008ba4100000,0x0000008ba4200000) (1024K)]
  0x000001a651810550 JavaThread "ForkJoinPool.commonPool-worker-5" daemon [_thread_blocked, id=7676, stack(0x0000008ba4200000,0x0000008ba4300000) (1024K)]
  0x000001a651812cb0 JavaThread "ForkJoinPool.commonPool-worker-7" daemon [_thread_blocked, id=17876, stack(0x0000008ba4400000,0x0000008ba4500000) (1024K)]
  0x000001a651812620 JavaThread "ForkJoinPool.commonPool-worker-10" daemon [_thread_blocked, id=2396, stack(0x0000008ba4700000,0x0000008ba4800000) (1024K)]
  0x000001a650cc0710 JavaThread "Worker-6: Publish Diagnostics"        [_thread_blocked, id=17972, stack(0x0000008ba1300000,0x0000008ba1400000) (1024K)]
  0x000001a650cc2e70 JavaThread "Compiler Source File Reader" daemon [_thread_blocked, id=18612, stack(0x0000008ba2800000,0x0000008ba2900000) (1024K)]
  0x000001a650cc1430 JavaThread "Compiler Source File Reader" daemon [_thread_blocked, id=17524, stack(0x0000008ba2a00000,0x0000008ba2b00000) (1024K)]
  0x000001a650cc4f40 JavaThread "Compiler Class File Writer" daemon [_thread_blocked, id=17556, stack(0x0000008ba4300000,0x0000008ba4400000) (1024K)]
  0x000001a650cc1ac0 JavaThread "Compiler Class File Writer" daemon [_thread_blocked, id=14592, stack(0x0000008ba4500000,0x0000008ba4600000) (1024K)]
  0x000001a650cc5c60 JavaThread "Compiler Source File Reader" daemon [_thread_blocked, id=12868, stack(0x0000008ba4800000,0x0000008ba4900000) (1024K)]
  0x000001a650cc76a0 JavaThread "Compiler Class File Writer" daemon [_thread_blocked, id=5732, stack(0x0000008ba4900000,0x0000008ba4a00000) (1024K)]
  0x000001a651811270 JavaThread "LocalFile Deleter"          daemon [_thread_blocked, id=17416, stack(0x0000008ba0400000,0x0000008ba0500000) (1024K)]
  0x000001a65180f830 JavaThread "LocalFile Deleter"          daemon [_thread_blocked, id=13512, stack(0x0000008ba4a00000,0x0000008ba4b00000) (1024K)]
  0x000001a651816130 JavaThread "Compiler Source File Reader" daemon [_thread_blocked, id=16536, stack(0x0000008ba4c00000,0x0000008ba4d00000) (1024K)]
  0x000001a6518167c0 JavaThread "Compiler Source File Reader" daemon [_thread_blocked, id=5364, stack(0x0000008ba4d00000,0x0000008ba4e00000) (1024K)]
  0x000001a651816e50 JavaThread "Compiler Class File Writer" daemon [_thread_blocked, id=10328, stack(0x0000008ba4e00000,0x0000008ba4f00000) (1024K)]
  0x000001a650cc62f0 JavaThread "Compiler Class File Writer" daemon [_thread_blocked, id=13260, stack(0x0000008ba4f00000,0x0000008ba5000000) (1024K)]
  0x000001a650cc55d0 JavaThread "LocalFile Deleter"          daemon [_thread_blocked, id=13820, stack(0x0000008ba5000000,0x0000008ba5100000) (1024K)]
  0x000001a650cc6980 JavaThread "Compiler Source File Reader" daemon [_thread_blocked, id=17272, stack(0x0000008ba5100000,0x0000008ba5200000) (1024K)]
  0x000001a650cc7010 JavaThread "Compiler Class File Writer" daemon [_thread_blocked, id=10804, stack(0x0000008ba5200000,0x0000008ba5300000) (1024K)]
  0x000001a6628296c0 JavaThread "ForkJoinPool.commonPool-worker-12" daemon [_thread_blocked, id=5896, stack(0x0000008ba5400000,0x0000008ba5500000) (1024K)]
  0x000001a66282a3e0 JavaThread "ForkJoinPool.commonPool-worker-13" daemon [_thread_in_vm, id=17476, stack(0x0000008ba5500000,0x0000008ba5600000) (1024K)]
  0x000001a66282b100 JavaThread "ForkJoinPool.commonPool-worker-14" daemon [_thread_blocked, id=16880, stack(0x0000008ba5600000,0x0000008ba5700000) (1024K)]
  0x000001a65443e2f0 JavaThread "C2 CompilerThread1"         daemon [_thread_in_native, id=4036, stack(0x0000008ba0200000,0x0000008ba0300000) (1024K)]
=>0x000001a65443fe30 JavaThread "C2 CompilerThread2"         daemon [_thread_in_native, id=4132, stack(0x0000008ba0300000,0x0000008ba0400000) (1024K)]
  0x000001a662829d50 JavaThread "Cleaner-0"                  daemon [_thread_blocked, id=6648, stack(0x0000008ba2400000,0x0000008ba2500000) (1024K)]
  0x000001a66282be20 JavaThread "Worker-7"                          [_thread_blocked, id=12544, stack(0x0000008ba2700000,0x0000008ba2800000) (1024K)]
Total: 67

Other Threads:
  0x000001a670fd3af0 VMThread "VM Thread"                           [id=2268, stack(0x0000008ba0800000,0x0000008ba0900000) (1024K)]
  0x000001a670ecca00 WatcherThread "VM Periodic Task Thread"        [id=18840, stack(0x0000008ba0700000,0x0000008ba0800000) (1024K)]
  0x000001a671061670 WorkerThread "GC Thread#0"                     [id=16976, stack(0x0000008ba0600000,0x0000008ba0700000) (1024K)]
  0x000001a67f3f70e0 WorkerThread "GC Thread#1"                     [id=16304, stack(0x0000008ba1500000,0x0000008ba1600000) (1024K)]
  0x000001a67f3f7eb0 WorkerThread "GC Thread#2"                     [id=16332, stack(0x0000008ba1600000,0x0000008ba1700000) (1024K)]
  0x000001a67f4c87d0 WorkerThread "GC Thread#3"                     [id=16572, stack(0x0000008ba1700000,0x0000008ba1800000) (1024K)]
  0x000001a67f514140 WorkerThread "GC Thread#4"                     [id=10668, stack(0x0000008ba1800000,0x0000008ba1900000) (1024K)]
  0x000001a67f4c8b70 WorkerThread "GC Thread#5"                     [id=1664, stack(0x0000008ba1900000,0x0000008ba1a00000) (1024K)]
  0x000001a67f4c9b30 WorkerThread "GC Thread#6"                     [id=12648, stack(0x0000008ba1a00000,0x0000008ba1b00000) (1024K)]
  0x000001a67f7cf030 WorkerThread "GC Thread#7"                     [id=19408, stack(0x0000008ba1d00000,0x0000008ba1e00000) (1024K)]
  0x000001a67f7ce550 WorkerThread "GC Thread#8"                     [id=14824, stack(0x0000008ba2000000,0x0000008ba2100000) (1024K)]
  0x000001a67f7ce8f0 WorkerThread "GC Thread#9"                     [id=17396, stack(0x0000008ba2100000,0x0000008ba2200000) (1024K)]
Total: 12

Threads with active compile tasks:
C2 CompilerThread0  285348 16768       4       org.lombokweb.asm.SymbolTable::<init> (554 bytes)
C1 CompilerThread0  285348 16900   !   3       org.eclipse.jdt.internal.core.JavaModelManager::secondaryTypes (167 bytes)
C2 CompilerThread1  285349 16785       4       java.lang.invoke.MethodType::makeImpl (109 bytes)
C2 CompilerThread2  285349 16723       4       java.lang.reflect.Field::get (39 bytes)
Total: 4

VM state: not at safepoint (normal execution)

VM Mutex/Monitor currently owned by a thread:  ([mutex/lock_event])
[0x00007ff9e8263fd8] MethodCompileQueue_lock - owner thread: 0x000001a67a92c7e0
[0x00007ff9e8265358] CodeCache_lock - owner thread: 0x000001a67a92c7e0
[0x00007ff9e82654d8] Compile_lock - owner thread: 0x000001a67a92c7e0

Heap address: 0x0000000080000000, size: 2048 MB, Compressed Oops mode: 32-bit

CDS archive(s) mapped at: [0x000001a60f000000-0x000001a60fba0000-0x000001a60fba0000), size 12189696, SharedBaseAddress: 0x000001a60f000000, ArchiveRelocationMode: 1.
Compressed class space mapped at: 0x000001a610000000-0x000001a650000000, reserved size: 1073741824
Narrow klass base: 0x000001a60f000000, Narrow klass shift: 0, Narrow klass range: 0x100000000

GC Precious Log:
 CardTable entry size: 512
 CPUs: 12 total, 12 available
 Memory: 7895M
 Large Page Support: Disabled
 NUMA Support: Disabled
 Compressed Oops: Enabled (32-bit)
 Alignments: Space 512K, Generation 512K, Heap 2M
 Heap Min Capacity: 100M
 Heap Initial Capacity: 100M
 Heap Max Capacity: 2G
 Pre-touch: Disabled
 Parallel Workers: 10

Heap:
 PSYoungGen      total 5632K, used 1909K [0x00000000d5580000, 0x00000000d5d00000, 0x0000000100000000)
  eden space 4608K, 23% used [0x00000000d5580000,0x00000000d56919b8,0x00000000d5a00000)
  from space 1024K, 79% used [0x00000000d5b00000,0x00000000d5bcbb00,0x00000000d5c00000)
  to   space 1024K, 0% used [0x00000000d5c00000,0x00000000d5c00000,0x00000000d5d00000)
 ParOldGen       total 495616K, used 495208K [0x0000000080000000, 0x000000009e400000, 0x00000000d5580000)
  object space 495616K, 99% used [0x0000000080000000,0x000000009e39a2a0,0x000000009e400000)
 Metaspace       used 79007K, committed 80768K, reserved 1179648K
  class space    used 8267K, committed 9088K, reserved 1048576K

Card table byte_map: [0x000001a6709e0000,0x000001a670df0000] _byte_map_base: 0x000001a6705e0000

Marking Bits: (ParMarkBitMap*) 0x00007ff9e826a340
 Begin Bits: [0x000001a6744e0000, 0x000001a6764e0000)
 End Bits:   [0x000001a6764e0000, 0x000001a6784e0000)

Polling page: 0x000001a66ec40000

Metaspace:

Usage:
  Non-class:     69.08 MB used.
      Class:      8.07 MB used.
       Both:     77.16 MB used.

Virtual space:
  Non-class space:      128.00 MB reserved,      70.00 MB ( 55%) committed,  2 nodes.
      Class space:        1.00 GB reserved,       8.88 MB ( <1%) committed,  1 nodes.
             Both:        1.12 GB reserved,      78.88 MB (  7%) committed. 

Chunk freelists:
   Non-Class:  9.84 MB
       Class:  6.98 MB
        Both:  16.83 MB

MaxMetaspaceSize: unlimited
CompressedClassSpaceSize: 1.00 GB
Initial GC threshold: 21.00 MB
Current GC threshold: 97.31 MB
CDS: on
 - commit_granule_bytes: 65536.
 - commit_granule_words: 8192.
 - virtual_space_node_default_size: 8388608.
 - enlarge_chunks_in_place: 1.
 - use_allocation_guard: 0.


Internal statistics:

num_allocs_failed_limit: 11.
num_arena_births: 1306.
num_arena_deaths: 22.
num_vsnodes_births: 3.
num_vsnodes_deaths: 0.
num_space_committed: 1262.
num_space_uncommitted: 0.
num_chunks_returned_to_freelist: 37.
num_chunks_taken_from_freelist: 4918.
num_chunk_merges: 16.
num_chunk_splits: 3027.
num_chunks_enlarged: 1766.
num_inconsistent_stats: 0.

CodeHeap 'non-profiled nmethods': size=120000Kb used=15971Kb max_used=15971Kb free=104028Kb
 bounds [0x000001a607ad0000, 0x000001a608a70000, 0x000001a60f000000]
CodeHeap 'profiled nmethods': size=120000Kb used=37370Kb max_used=37370Kb free=82629Kb
 bounds [0x000001a600000000, 0x000001a602480000, 0x000001a607530000]
CodeHeap 'non-nmethods': size=5760Kb used=1503Kb max_used=1615Kb free=4256Kb
 bounds [0x000001a607530000, 0x000001a6077a0000, 0x000001a607ad0000]
CodeCache: size=245760Kb, used=54844Kb, max_used=54956Kb, free=190913Kb
 total_blobs=16865, nmethods=16037, adapters=733, full_count=0
Compilation: enabled, stopped_count=0, restarted_count=0

Compilation events (20 events):
Event: 283.247 Thread 0x000001a67a92c7e0 16866       1       org.eclipse.jdt.core.dom.Modifier::getKeyword (5 bytes)
Event: 283.247 Thread 0x000001a67a92c7e0 nmethod 16866 0x000001a608a66f10 code [0x000001a608a670a0, 0x000001a608a67168]
Event: 283.247 Thread 0x000001a67a92c7e0 16867       1       org.eclipse.jdt.core.dom.Modifier$ModifierKeyword::toFlagValue (5 bytes)
Event: 283.248 Thread 0x000001a67a92c7e0 nmethod 16867 0x000001a608a67210 code [0x000001a608a673a0, 0x000001a608a67468]
Event: 283.248 Thread 0x000001a67a92c7e0 16869       1       org.eclipse.jdt.core.dom.TypeDeclaration::isInterface (5 bytes)
Event: 283.248 Thread 0x000001a67a92c7e0 nmethod 16869 0x000001a608a67510 code [0x000001a608a676a0, 0x000001a608a67770]
Event: 283.248 Thread 0x000001a67a92c7e0 16870       1       org.eclipse.jdt.core.dom.MethodDeclaration::isConstructor (5 bytes)
Event: 283.248 Thread 0x000001a67a92c7e0 nmethod 16870 0x000001a608a67810 code [0x000001a608a679a0, 0x000001a608a67a70]
Event: 283.249 Thread 0x000001a67a92c7e0 16871       1       org.eclipse.jdt.internal.core.dom.rewrite.NodeRewriteEvent::getOriginalValue (5 bytes)
Event: 283.249 Thread 0x000001a67a92c7e0 nmethod 16871 0x000001a608a67b10 code [0x000001a608a67ca0, 0x000001a608a67d68]
Event: 283.249 Thread 0x000001a67a92c7e0 16873       3       org.eclipse.jdt.core.dom.ASTNode$NodeList::<init> (32 bytes)
Event: 283.250 Thread 0x000001a67a92c7e0 nmethod 16873 0x000001a602469810 code [0x000001a6024699e0, 0x000001a602469d20]
Event: 283.250 Thread 0x000001a67a92c7e0 16872       1       org.eclipse.jdt.internal.core.dom.rewrite.NodeRewriteEvent::getNewValue (5 bytes)
Event: 283.250 Thread 0x000001a67a92c7e0 nmethod 16872 0x000001a608a67e10 code [0x000001a608a67fa0, 0x000001a608a68068]
Event: 283.250 Thread 0x000001a67a92c7e0 16875       3       org.eclipse.jdt.core.dom.ASTVisitor::endVisit (1 bytes)
Event: 283.250 Thread 0x000001a67a92c7e0 nmethod 16875 0x000001a602469e90 code [0x000001a60246a020, 0x000001a60246a128]
Event: 283.250 Thread 0x000001a67a92c7e0 16874       1       org.eclipse.jdt.core.dom.VariableDeclaration::getInitializer (5 bytes)
Event: 283.251 Thread 0x000001a67a92c7e0 nmethod 16874 0x000001a608a68110 code [0x000001a608a682a0, 0x000001a608a68368]
Event: 283.251 Thread 0x000001a67a92c7e0 16876       3       org.eclipse.jdt.core.dom.ASTNode::getFlags (9 bytes)
Event: 283.252 Thread 0x000001a67a92c7e0 nmethod 16876 0x000001a60246a190 code [0x000001a60246a320, 0x000001a60246a430]

GC Heap History (20 events):
Event: 282.555 GC heap before
{Heap before GC invocations=759 (full 3):
 PSYoungGen      total 6656K, used 6588K [0x00000000d5580000, 0x00000000d6600000, 0x0000000100000000)
  eden space 4608K, 99% used [0x00000000d5580000,0x00000000d59f5478,0x00000000d5a00000)
  from space 2048K, 98% used [0x00000000d5a00000,0x00000000d5bf9bf8,0x00000000d5c00000)
  to   space 6144K, 0% used [0x00000000d6000000,0x00000000d6000000,0x00000000d6600000)
 ParOldGen       total 486400K, used 486328K [0x0000000080000000, 0x000000009db00000, 0x00000000d5580000)
  object space 486400K, 99% used [0x0000000080000000,0x000000009daee3c8,0x000000009db00000)
 Metaspace       used 75379K, committed 77120K, reserved 1179648K
  class space    used 7959K, committed 8768K, reserved 1048576K
}
Event: 282.560 GC heap after
{Heap after GC invocations=759 (full 3):
 PSYoungGen      total 8192K, used 3395K [0x00000000d5580000, 0x00000000d6380000, 0x0000000100000000)
  eden space 4608K, 0% used [0x00000000d5580000,0x00000000d5580000,0x00000000d5a00000)
  from space 3584K, 94% used [0x00000000d6000000,0x00000000d6350de0,0x00000000d6380000)
  to   space 4096K, 0% used [0x00000000d5b80000,0x00000000d5b80000,0x00000000d5f80000)
 ParOldGen       total 488448K, used 488386K [0x0000000080000000, 0x000000009dd00000, 0x00000000d5580000)
  object space 488448K, 99% used [0x0000000080000000,0x000000009dcf0b68,0x000000009dd00000)
 Metaspace       used 75379K, committed 77120K, reserved 1179648K
  class space    used 7959K, committed 8768K, reserved 1048576K
}
Event: 282.602 GC heap before
{Heap before GC invocations=760 (full 3):
 PSYoungGen      total 8192K, used 8003K [0x00000000d5580000, 0x00000000d6380000, 0x0000000100000000)
  eden space 4608K, 100% used [0x00000000d5580000,0x00000000d5a00000,0x00000000d5a00000)
  from space 3584K, 94% used [0x00000000d6000000,0x00000000d6350de0,0x00000000d6380000)
  to   space 4096K, 0% used [0x00000000d5b80000,0x00000000d5b80000,0x00000000d5f80000)
 ParOldGen       total 488448K, used 488386K [0x0000000080000000, 0x000000009dd00000, 0x00000000d5580000)
  object space 488448K, 99% used [0x0000000080000000,0x000000009dcf0b68,0x000000009dd00000)
 Metaspace       used 76009K, committed 77760K, reserved 1179648K
  class space    used 8018K, committed 8832K, reserved 1048576K
}
Event: 282.607 GC heap after
{Heap after GC invocations=760 (full 3):
 PSYoungGen      total 5120K, used 411K [0x00000000d5580000, 0x00000000d6080000, 0x0000000100000000)
  eden space 4608K, 0% used [0x00000000d5580000,0x00000000d5580000,0x00000000d5a00000)
  from space 512K, 80% used [0x00000000d5b80000,0x00000000d5be6f98,0x00000000d5c00000)
  to   space 2048K, 0% used [0x00000000d5e80000,0x00000000d5e80000,0x00000000d6080000)
 ParOldGen       total 492032K, used 491609K [0x0000000080000000, 0x000000009e080000, 0x00000000d5580000)
  object space 492032K, 99% used [0x0000000080000000,0x000000009e016658,0x000000009e080000)
 Metaspace       used 76009K, committed 77760K, reserved 1179648K
  class space    used 8018K, committed 8832K, reserved 1048576K
}
Event: 282.645 GC heap before
{Heap before GC invocations=761 (full 3):
 PSYoungGen      total 5120K, used 4989K [0x00000000d5580000, 0x00000000d6080000, 0x0000000100000000)
  eden space 4608K, 99% used [0x00000000d5580000,0x00000000d59f8640,0x00000000d5a00000)
  from space 512K, 80% used [0x00000000d5b80000,0x00000000d5be6f98,0x00000000d5c00000)
  to   space 2048K, 0% used [0x00000000d5e80000,0x00000000d5e80000,0x00000000d6080000)
 ParOldGen       total 492032K, used 491609K [0x0000000080000000, 0x000000009e080000, 0x00000000d5580000)
  object space 492032K, 99% used [0x0000000080000000,0x000000009e016658,0x000000009e080000)
 Metaspace       used 76192K, committed 77952K, reserved 1179648K
  class space    used 8033K, committed 8832K, reserved 1048576K
}
Event: 282.647 GC heap after
{Heap after GC invocations=761 (full 3):
 PSYoungGen      total 6144K, used 1224K [0x00000000d5580000, 0x00000000d6000000, 0x0000000100000000)
  eden space 4608K, 0% used [0x00000000d5580000,0x00000000d5580000,0x00000000d5a00000)
  from space 1536K, 79% used [0x00000000d5e80000,0x00000000d5fb22f0,0x00000000d6000000)
  to   space 1536K, 0% used [0x00000000d5d00000,0x00000000d5d00000,0x00000000d5e80000)
 ParOldGen       total 492032K, used 491777K [0x0000000080000000, 0x000000009e080000, 0x00000000d5580000)
  object space 492032K, 99% used [0x0000000080000000,0x000000009e040658,0x000000009e080000)
 Metaspace       used 76192K, committed 77952K, reserved 1179648K
  class space    used 8033K, committed 8832K, reserved 1048576K
}
Event: 282.665 GC heap before
{Heap before GC invocations=762 (full 3):
 PSYoungGen      total 6144K, used 5817K [0x00000000d5580000, 0x00000000d6000000, 0x0000000100000000)
  eden space 4608K, 99% used [0x00000000d5580000,0x00000000d59fc438,0x00000000d5a00000)
  from space 1536K, 79% used [0x00000000d5e80000,0x00000000d5fb22f0,0x00000000d6000000)
  to   space 1536K, 0% used [0x00000000d5d00000,0x00000000d5d00000,0x00000000d5e80000)
 ParOldGen       total 492032K, used 491819K [0x0000000080000000, 0x000000009e080000, 0x00000000d5580000)
  object space 492032K, 99% used [0x0000000080000000,0x000000009e04ace0,0x000000009e080000)
 Metaspace       used 76548K, committed 78272K, reserved 1179648K
  class space    used 8053K, committed 8832K, reserved 1048576K
}
Event: 282.669 GC heap after
{Heap after GC invocations=762 (full 3):
 PSYoungGen      total 5120K, used 375K [0x00000000d5580000, 0x00000000d5f00000, 0x0000000100000000)
  eden space 4608K, 0% used [0x00000000d5580000,0x00000000d5580000,0x00000000d5a00000)
  from space 512K, 73% used [0x00000000d5d00000,0x00000000d5d5dcb0,0x00000000d5d80000)
  to   space 1024K, 0% used [0x00000000d5e00000,0x00000000d5e00000,0x00000000d5f00000)
 ParOldGen       total 492544K, used 492051K [0x0000000080000000, 0x000000009e100000, 0x00000000d5580000)
  object space 492544K, 99% used [0x0000000080000000,0x000000009e084ce0,0x000000009e100000)
 Metaspace       used 76548K, committed 78272K, reserved 1179648K
  class space    used 8053K, committed 8832K, reserved 1048576K
}
Event: 282.729 GC heap before
{Heap before GC invocations=763 (full 3):
 PSYoungGen      total 5120K, used 4983K [0x00000000d5580000, 0x00000000d5f00000, 0x0000000100000000)
  eden space 4608K, 100% used [0x00000000d5580000,0x00000000d5a00000,0x00000000d5a00000)
  from space 512K, 73% used [0x00000000d5d00000,0x00000000d5d5dcb0,0x00000000d5d80000)
  to   space 1024K, 0% used [0x00000000d5e00000,0x00000000d5e00000,0x00000000d5f00000)
 ParOldGen       total 492544K, used 492081K [0x0000000080000000, 0x000000009e100000, 0x00000000d5580000)
  object space 492544K, 99% used [0x0000000080000000,0x000000009e08c790,0x000000009e100000)
 Metaspace       used 77194K, committed 78976K, reserved 1179648K
  class space    used 8103K, committed 8896K, reserved 1048576K
}
Event: 282.730 GC heap after
{Heap after GC invocations=763 (full 3):
 PSYoungGen      total 5120K, used 192K [0x00000000d5580000, 0x00000000d5e80000, 0x0000000100000000)
  eden space 4608K, 0% used [0x00000000d5580000,0x00000000d5580000,0x00000000d5a00000)
  from space 512K, 37% used [0x00000000d5e00000,0x00000000d5e30000,0x00000000d5e80000)
  to   space 512K, 0% used [0x00000000d5d00000,0x00000000d5d00000,0x00000000d5d80000)
 ParOldGen       total 492544K, used 492169K [0x0000000080000000, 0x000000009e100000, 0x00000000d5580000)
  object space 492544K, 99% used [0x0000000080000000,0x000000009e0a2790,0x000000009e100000)
 Metaspace       used 77194K, committed 78976K, reserved 1179648K
  class space    used 8103K, committed 8896K, reserved 1048576K
}
Event: 282.965 GC heap before
{Heap before GC invocations=764 (full 3):
 PSYoungGen      total 5120K, used 4799K [0x00000000d5580000, 0x00000000d5e80000, 0x0000000100000000)
  eden space 4608K, 99% used [0x00000000d5580000,0x00000000d59fffe8,0x00000000d5a00000)
  from space 512K, 37% used [0x00000000d5e00000,0x00000000d5e30000,0x00000000d5e80000)
  to   space 512K, 0% used [0x00000000d5d00000,0x00000000d5d00000,0x00000000d5d80000)
 ParOldGen       total 492544K, used 492169K [0x0000000080000000, 0x000000009e100000, 0x00000000d5580000)
  object space 492544K, 99% used [0x0000000080000000,0x000000009e0a2790,0x000000009e100000)
 Metaspace       used 77456K, committed 79168K, reserved 1179648K
  class space    used 8156K, committed 8896K, reserved 1048576K
}
Event: 282.966 GC heap after
{Heap after GC invocations=764 (full 3):
 PSYoungGen      total 5120K, used 480K [0x00000000d5580000, 0x00000000d5e80000, 0x0000000100000000)
  eden space 4608K, 0% used [0x00000000d5580000,0x00000000d5580000,0x00000000d5a00000)
  from space 512K, 93% used [0x00000000d5d00000,0x00000000d5d78040,0x00000000d5d80000)
  to   space 1024K, 0% used [0x00000000d5d80000,0x00000000d5d80000,0x00000000d5e80000)
 ParOldGen       total 492544K, used 492309K [0x0000000080000000, 0x000000009e100000, 0x00000000d5580000)
  object space 492544K, 99% used [0x0000000080000000,0x000000009e0c5710,0x000000009e100000)
 Metaspace       used 77456K, committed 79168K, reserved 1179648K
  class space    used 8156K, committed 8896K, reserved 1048576K
}
Event: 283.005 GC heap before
{Heap before GC invocations=765 (full 3):
 PSYoungGen      total 5120K, used 5088K [0x00000000d5580000, 0x00000000d5e80000, 0x0000000100000000)
  eden space 4608K, 100% used [0x00000000d5580000,0x00000000d5a00000,0x00000000d5a00000)
  from space 512K, 93% used [0x00000000d5d00000,0x00000000d5d78040,0x00000000d5d80000)
  to   space 1024K, 0% used [0x00000000d5d80000,0x00000000d5d80000,0x00000000d5e80000)
 ParOldGen       total 492544K, used 492309K [0x0000000080000000, 0x000000009e100000, 0x00000000d5580000)
  object space 492544K, 99% used [0x0000000080000000,0x000000009e0c5710,0x000000009e100000)
 Metaspace       used 77498K, committed 79168K, reserved 1179648K
  class space    used 8160K, committed 8896K, reserved 1048576K
}
Event: 283.006 GC heap after
{Heap after GC invocations=765 (full 3):
 PSYoungGen      total 5632K, used 1016K [0x00000000d5580000, 0x00000000d5e80000, 0x0000000100000000)
  eden space 4608K, 0% used [0x00000000d5580000,0x00000000d5580000,0x00000000d5a00000)
  from space 1024K, 99% used [0x00000000d5d80000,0x00000000d5e7e1c8,0x00000000d5e80000)
  to   space 2048K, 0% used [0x00000000d5a80000,0x00000000d5a80000,0x00000000d5c80000)
 ParOldGen       total 493056K, used 492781K [0x0000000080000000, 0x000000009e180000, 0x00000000d5580000)
  object space 493056K, 99% used [0x0000000080000000,0x000000009e13b750,0x000000009e180000)
 Metaspace       used 77498K, committed 79168K, reserved 1179648K
  class space    used 8160K, committed 8896K, reserved 1048576K
}
Event: 283.071 GC heap before
{Heap before GC invocations=766 (full 3):
 PSYoungGen      total 5632K, used 5624K [0x00000000d5580000, 0x00000000d5e80000, 0x0000000100000000)
  eden space 4608K, 100% used [0x00000000d5580000,0x00000000d5a00000,0x00000000d5a00000)
  from space 1024K, 99% used [0x00000000d5d80000,0x00000000d5e7e1c8,0x00000000d5e80000)
  to   space 2048K, 0% used [0x00000000d5a80000,0x00000000d5a80000,0x00000000d5c80000)
 ParOldGen       total 493056K, used 492781K [0x0000000080000000, 0x000000009e180000, 0x00000000d5580000)
  object space 493056K, 99% used [0x0000000080000000,0x000000009e13b750,0x000000009e180000)
 Metaspace       used 77811K, committed 79552K, reserved 1179648K
  class space    used 8179K, committed 8960K, reserved 1048576K
}
Event: 283.072 GC heap after
{Heap after GC invocations=766 (full 3):
 PSYoungGen      total 6656K, used 1033K [0x00000000d5580000, 0x00000000d5e00000, 0x0000000100000000)
  eden space 4608K, 0% used [0x00000000d5580000,0x00000000d5580000,0x00000000d5a00000)
  from space 2048K, 50% used [0x00000000d5a80000,0x00000000d5b82458,0x00000000d5c80000)
  to   space 1536K, 0% used [0x00000000d5c80000,0x00000000d5c80000,0x00000000d5e00000)
 ParOldGen       total 493568K, used 493556K [0x0000000080000000, 0x000000009e200000, 0x00000000d5580000)
  object space 493568K, 99% used [0x0000000080000000,0x000000009e1fd368,0x000000009e200000)
 Metaspace       used 77811K, committed 79552K, reserved 1179648K
  class space    used 8179K, committed 8960K, reserved 1048576K
}
Event: 283.143 GC heap before
{Heap before GC invocations=767 (full 3):
 PSYoungGen      total 6656K, used 5638K [0x00000000d5580000, 0x00000000d5e00000, 0x0000000100000000)
  eden space 4608K, 99% used [0x00000000d5580000,0x00000000d59ff3d0,0x00000000d5a00000)
  from space 2048K, 50% used [0x00000000d5a80000,0x00000000d5b82458,0x00000000d5c80000)
  to   space 1536K, 0% used [0x00000000d5c80000,0x00000000d5c80000,0x00000000d5e00000)
 ParOldGen       total 493568K, used 493556K [0x0000000080000000, 0x000000009e200000, 0x00000000d5580000)
  object space 493568K, 99% used [0x0000000080000000,0x000000009e1fd368,0x000000009e200000)
 Metaspace       used 78151K, committed 79872K, reserved 1179648K
  class space    used 8199K, committed 8960K, reserved 1048576K
}
Event: 283.146 GC heap after
{Heap after GC invocations=767 (full 3):
 PSYoungGen      total 5632K, used 832K [0x00000000d5580000, 0x00000000d5d80000, 0x0000000100000000)
  eden space 4608K, 0% used [0x00000000d5580000,0x00000000d5580000,0x00000000d5a00000)
  from space 1024K, 81% used [0x00000000d5c80000,0x00000000d5d50000,0x00000000d5d80000)
  to   space 1024K, 0% used [0x00000000d5b80000,0x00000000d5b80000,0x00000000d5c80000)
 ParOldGen       total 494592K, used 494249K [0x0000000080000000, 0x000000009e300000, 0x00000000d5580000)
  object space 494592K, 99% used [0x0000000080000000,0x000000009e2aa7a0,0x000000009e300000)
 Metaspace       used 78151K, committed 79872K, reserved 1179648K
  class space    used 8199K, committed 8960K, reserved 1048576K
}
Event: 283.175 GC heap before
{Heap before GC invocations=768 (full 3):
 PSYoungGen      total 5632K, used 5440K [0x00000000d5580000, 0x00000000d5d80000, 0x0000000100000000)
  eden space 4608K, 100% used [0x00000000d5580000,0x00000000d5a00000,0x00000000d5a00000)
  from space 1024K, 81% used [0x00000000d5c80000,0x00000000d5d50000,0x00000000d5d80000)
  to   space 1024K, 0% used [0x00000000d5b80000,0x00000000d5b80000,0x00000000d5c80000)
 ParOldGen       total 494592K, used 494249K [0x0000000080000000, 0x000000009e300000, 0x00000000d5580000)
  object space 494592K, 99% used [0x0000000080000000,0x000000009e2aa7a0,0x000000009e300000)
 Metaspace       used 78216K, committed 79936K, reserved 1179648K
  class space    used 8204K, committed 8960K, reserved 1048576K
}
Event: 283.177 GC heap after
{Heap after GC invocations=768 (full 3):
 PSYoungGen      total 5632K, used 996K [0x00000000d5580000, 0x00000000d5d00000, 0x0000000100000000)
  eden space 4608K, 0% used [0x00000000d5580000,0x00000000d5580000,0x00000000d5a00000)
  from space 1024K, 97% used [0x00000000d5b80000,0x00000000d5c79210,0x00000000d5c80000)
  to   space 512K, 0% used [0x00000000d5c80000,0x00000000d5c80000,0x00000000d5d00000)
 ParOldGen       total 495104K, used 494993K [0x0000000080000000, 0x000000009e380000, 0x00000000d5580000)
  object space 495104K, 99% used [0x0000000080000000,0x000000009e364520,0x000000009e380000)
 Metaspace       used 78216K, committed 79936K, reserved 1179648K
  class space    used 8204K, committed 8960K, reserved 1048576K
}

Dll operation events (12 events):
Event: 0.011 Loaded shared library c:\Users\nabil\.vscode\extensions\redhat.java-1.45.0-win32-x64\jre\21.0.8-win32-x86_64\bin\java.dll
Event: 0.073 Loaded shared library c:\Users\nabil\.vscode\extensions\redhat.java-1.45.0-win32-x64\jre\21.0.8-win32-x86_64\bin\zip.dll
Event: 0.091 Loaded shared library C:\Users\nabil\.vscode\extensions\redhat.java-1.45.0-win32-x64\jre\21.0.8-win32-x86_64\bin\instrument.dll
Event: 0.095 Loaded shared library C:\Users\nabil\.vscode\extensions\redhat.java-1.45.0-win32-x64\jre\21.0.8-win32-x86_64\bin\net.dll
Event: 0.096 Loaded shared library C:\Users\nabil\.vscode\extensions\redhat.java-1.45.0-win32-x64\jre\21.0.8-win32-x86_64\bin\nio.dll
Event: 0.098 Loaded shared library C:\Users\nabil\.vscode\extensions\redhat.java-1.45.0-win32-x64\jre\21.0.8-win32-x86_64\bin\zip.dll
Event: 0.108 Loaded shared library C:\Users\nabil\.vscode\extensions\redhat.java-1.45.0-win32-x64\jre\21.0.8-win32-x86_64\bin\jimage.dll
Event: 0.147 Loaded shared library c:\Users\nabil\.vscode\extensions\redhat.java-1.45.0-win32-x64\jre\21.0.8-win32-x86_64\bin\verify.dll
Event: 0.775 Loaded shared library C:\Users\nabil\AppData\Roaming\Code\User\globalStorage\redhat.java\1.45.0\config_win\org.eclipse.equinox.launcher\org.eclipse.equinox.launcher.win32.win32.x86_64_1.2.1400.v20250801-0854\eclipse_11916.dll
Event: 1.798 Loaded shared library C:\Users\nabil\AppData\Local\Temp\jna-104574578\jna12923979220773634304.dll
Event: 6.087 Loaded shared library C:\Users\nabil\.vscode\extensions\redhat.java-1.45.0-win32-x64\jre\21.0.8-win32-x86_64\bin\extnet.dll
Event: 6.135 Loaded shared library C:\Users\nabil\.vscode\extensions\redhat.java-1.45.0-win32-x64\jre\21.0.8-win32-x86_64\bin\sunmscapi.dll

Deoptimization events (20 events):
Event: 283.213 Thread 0x000001a66282a3e0 Uncommon trap: trap_request=0xffffff45 fr.pc=0x000001a607b8135c relative=0x000000000000019c
Event: 283.213 Thread 0x000001a66282a3e0 Uncommon trap: reason=unstable_if action=reinterpret pc=0x000001a607b8135c method=java.util.concurrent.ConcurrentHashMap.get(Ljava/lang/Object;)Ljava/lang/Object; @ 152 c2
Event: 283.213 Thread 0x000001a66282a3e0 DEOPT PACKING pc=0x000001a607b8135c sp=0x0000008ba55fe490
Event: 283.213 Thread 0x000001a66282a3e0 DEOPT UNPACKING pc=0x000001a607583aa2 sp=0x0000008ba55fe408 mode 2
Event: 283.214 Thread 0x000001a66282a3e0 Uncommon trap: trap_request=0xffffffc6 fr.pc=0x000001a6084c1e44 relative=0x00000000000005c4
Event: 283.214 Thread 0x000001a66282a3e0 Uncommon trap: reason=bimorphic_or_optimized_type_check action=maybe_recompile pc=0x000001a6084c1e44 method=java.util.HashMap.removeNode(ILjava/lang/Object;Ljava/lang/Object;ZZ)Ljava/util/HashMap$Node; @ 143 c2
Event: 283.214 Thread 0x000001a66282a3e0 DEOPT PACKING pc=0x000001a6084c1e44 sp=0x0000008ba55fe9d0
Event: 283.214 Thread 0x000001a66282a3e0 DEOPT UNPACKING pc=0x000001a607583aa2 sp=0x0000008ba55fe8d8 mode 2
Event: 283.214 Thread 0x000001a66282a3e0 Uncommon trap: trap_request=0xffffffc6 fr.pc=0x000001a608134ba4 relative=0x0000000000000524
Event: 283.214 Thread 0x000001a66282a3e0 Uncommon trap: reason=bimorphic_or_optimized_type_check action=maybe_recompile pc=0x000001a608134ba4 method=java.util.HashMap.removeNode(ILjava/lang/Object;Ljava/lang/Object;ZZ)Ljava/util/HashMap$Node; @ 143 c2
Event: 283.214 Thread 0x000001a66282a3e0 DEOPT PACKING pc=0x000001a608134ba4 sp=0x0000008ba55fe930
Event: 283.214 Thread 0x000001a66282a3e0 DEOPT UNPACKING pc=0x000001a607583aa2 sp=0x0000008ba55fe8d8 mode 2
Event: 283.226 Thread 0x000001a66282a3e0 Uncommon trap: trap_request=0xffffffc6 fr.pc=0x000001a60876663c relative=0x000000000000017c
Event: 283.226 Thread 0x000001a66282a3e0 Uncommon trap: reason=bimorphic_or_optimized_type_check action=maybe_recompile pc=0x000001a60876663c method=java.util.Spliterators$ArraySpliterator.tryAdvance(Ljava/util/function/Consumer;)Z @ 49 c2
Event: 283.226 Thread 0x000001a66282a3e0 DEOPT PACKING pc=0x000001a60876663c sp=0x0000008ba55fe970
Event: 283.226 Thread 0x000001a66282a3e0 DEOPT UNPACKING pc=0x000001a607583aa2 sp=0x0000008ba55fe8f0 mode 2
Event: 283.247 Thread 0x000001a66282a3e0 Uncommon trap: trap_request=0xffffff45 fr.pc=0x000001a607faddec relative=0x0000000000000eac
Event: 283.247 Thread 0x000001a66282a3e0 Uncommon trap: reason=unstable_if action=reinterpret pc=0x000001a607faddec method=jdk.internal.reflect.Reflection.verifyMemberAccess(Ljava/lang/Class;Ljava/lang/Class;Ljava/lang/Class;I)Z @ 67 c2
Event: 283.247 Thread 0x000001a66282a3e0 DEOPT PACKING pc=0x000001a607faddec sp=0x0000008ba55fe1e0
Event: 283.247 Thread 0x000001a66282a3e0 DEOPT UNPACKING pc=0x000001a607583aa2 sp=0x0000008ba55fe088 mode 2

Classes loaded (20 events):
Event: 209.902 Loading class java/lang/UnsupportedClassVersionError
Event: 209.902 Loading class java/lang/UnsupportedClassVersionError done
Event: 210.446 Loading class java/nio/file/FileTreeIterator
Event: 210.446 Loading class java/nio/file/FileTreeIterator done
Event: 210.572 Loading class java/util/stream/ReduceOps$4
Event: 210.573 Loading class java/util/stream/ReduceOps$4 done
Event: 210.573 Loading class java/util/stream/ReduceOps$4ReducingSink
Event: 210.573 Loading class java/util/stream/ReduceOps$4ReducingSink done
Event: 210.580 Loading class java/nio/file/Files$2
Event: 210.580 Loading class java/nio/file/Files$2 done
Event: 210.662 Loading class java/util/concurrent/ArrayBlockingQueue
Event: 210.663 Loading class java/util/concurrent/ArrayBlockingQueue done
Event: 210.699 Loading class java/util/concurrent/ConcurrentHashMap$KeySpliterator
Event: 210.699 Loading class java/util/concurrent/ConcurrentHashMap$KeySpliterator done
Event: 211.045 Loading class java/io/CharArrayWriter
Event: 211.045 Loading class java/io/CharArrayWriter done
Event: 211.644 Loading class java/util/HashMap$EntrySpliterator
Event: 211.644 Loading class java/util/HashMap$EntrySpliterator done
Event: 283.139 Loading class jdk/internal/ref/CleanerImpl$InnocuousThreadFactory
Event: 283.139 Loading class jdk/internal/ref/CleanerImpl$InnocuousThreadFactory done

Classes unloaded (11 events):
Event: 2.132 Thread 0x000001a670fd3af0 Unloading class 0x000001a6101a8800 'java/lang/invoke/LambdaForm$MH+0x000001a6101a8800'
Event: 2.132 Thread 0x000001a670fd3af0 Unloading class 0x000001a6101a8400 'java/lang/invoke/LambdaForm$MH+0x000001a6101a8400'
Event: 2.132 Thread 0x000001a670fd3af0 Unloading class 0x000001a6101a8000 'java/lang/invoke/LambdaForm$MH+0x000001a6101a8000'
Event: 2.132 Thread 0x000001a670fd3af0 Unloading class 0x000001a6101a7c00 'java/lang/invoke/LambdaForm$MH+0x000001a6101a7c00'
Event: 2.132 Thread 0x000001a670fd3af0 Unloading class 0x000001a6101a7800 'java/lang/invoke/LambdaForm$BMH+0x000001a6101a7800'
Event: 2.132 Thread 0x000001a670fd3af0 Unloading class 0x000001a6101a7400 'java/lang/invoke/LambdaForm$DMH+0x000001a6101a7400'
Event: 2.132 Thread 0x000001a670fd3af0 Unloading class 0x000001a6101a6000 'java/lang/invoke/LambdaForm$DMH+0x000001a6101a6000'
Event: 36.440 Thread 0x000001a670fd3af0 Unloading class 0x000001a6106b5000 'java/lang/invoke/LambdaForm$DMH+0x000001a6106b5000'
Event: 36.440 Thread 0x000001a670fd3af0 Unloading class 0x000001a6106b4c00 'java/lang/invoke/LambdaForm$DMH+0x000001a6106b4c00'
Event: 36.440 Thread 0x000001a670fd3af0 Unloading class 0x000001a6106b4800 'java/lang/invoke/LambdaForm$DMH+0x000001a6106b4800'
Event: 36.440 Thread 0x000001a670fd3af0 Unloading class 0x000001a6106b4400 'java/lang/invoke/LambdaForm$DMH+0x000001a6106b4400'

Classes redefined (0 events):
No events

Internal exceptions (20 events):
Event: 218.312 Thread 0x000001a650546f00 Exception <a 'sun/nio/fs/WindowsException'{0x00000000d57d7740}> (0x00000000d57d7740) 
thrown [s\src\hotspot\share\prims\jni.cpp, line 520]
Event: 218.375 Thread 0x000001a650546f00 Exception <a 'sun/nio/fs/WindowsException'{0x00000000d59ff3d0}> (0x00000000d59ff3d0) 
thrown [s\src\hotspot\share\prims\jni.cpp, line 520]
Event: 218.591 Thread 0x000001a650546f00 Exception <a 'sun/nio/fs/WindowsException'{0x00000000d57ba990}> (0x00000000d57ba990) 
thrown [s\src\hotspot\share\prims\jni.cpp, line 520]
Event: 218.632 Thread 0x000001a650546f00 Exception <a 'sun/nio/fs/WindowsException'{0x00000000d5aac360}> (0x00000000d5aac360) 
thrown [s\src\hotspot\share\prims\jni.cpp, line 520]
Event: 218.670 Thread 0x000001a650546f00 Exception <a 'sun/nio/fs/WindowsException'{0x00000000d55e68b0}> (0x00000000d55e68b0) 
thrown [s\src\hotspot\share\prims\jni.cpp, line 520]
Event: 218.779 Thread 0x000001a650546f00 Exception <a 'sun/nio/fs/WindowsException'{0x00000000d59644e8}> (0x00000000d59644e8) 
thrown [s\src\hotspot\share\prims\jni.cpp, line 520]
Event: 218.841 Thread 0x000001a650546f00 Exception <a 'sun/nio/fs/WindowsException'{0x00000000d55aac18}> (0x00000000d55aac18) 
thrown [s\src\hotspot\share\prims\jni.cpp, line 520]
Event: 218.850 Thread 0x000001a650546f00 Exception <a 'sun/nio/fs/WindowsException'{0x00000000d55bf3e0}> (0x00000000d55bf3e0) 
thrown [s\src\hotspot\share\prims\jni.cpp, line 520]
Event: 218.896 Thread 0x000001a650546f00 Exception <a 'sun/nio/fs/WindowsException'{0x00000000d588bfd8}> (0x00000000d588bfd8) 
thrown [s\src\hotspot\share\prims\jni.cpp, line 520]
Event: 218.928 Thread 0x000001a650546f00 Exception <a 'sun/nio/fs/WindowsException'{0x00000000d5a6f700}> (0x00000000d5a6f700) 
thrown [s\src\hotspot\share\prims\jni.cpp, line 520]
Event: 218.956 Thread 0x000001a650546f00 Exception <a 'sun/nio/fs/WindowsException'{0x00000000d55fef38}> (0x00000000d55fef38) 
thrown [s\src\hotspot\share\prims\jni.cpp, line 520]
Event: 219.117 Thread 0x000001a650546f00 Exception <a 'sun/nio/fs/WindowsException'{0x00000000d5776458}> (0x00000000d5776458) 
thrown [s\src\hotspot\share\prims\jni.cpp, line 520]
Event: 219.133 Thread 0x000001a650546f00 Exception <a 'sun/nio/fs/WindowsException'{0x00000000d5850660}> (0x00000000d5850660) 
thrown [s\src\hotspot\share\prims\jni.cpp, line 520]
Event: 219.237 Thread 0x000001a650546f00 Exception <a 'sun/nio/fs/WindowsException'{0x00000000d580a170}> (0x00000000d580a170) 
thrown [s\src\hotspot\share\prims\jni.cpp, line 520]
Event: 219.272 Thread 0x000001a650546f00 Exception <a 'sun/nio/fs/WindowsException'{0x00000000d5619d30}> (0x00000000d5619d30) 
thrown [s\src\hotspot\share\prims\jni.cpp, line 520]
Event: 219.441 Thread 0x000001a651810550 Implicit null exception at 0x000001a6089d093c to 0x000001a6089d1fc0
Event: 282.548 Thread 0x000001a651a2feb0 Exception <a 'java/lang/IncompatibleClassChangeError'{0x00000000d5934c08}: Found class java.lang.Object, but interface was expected> (0x00000000d5934c08) 
thrown [s\src\hotspot\share\interpreter\linkResolver.cpp, line 840]
Event: 282.676 Thread 0x000001a651a2feb0 Exception <a 'java/lang/NoSuchMethodError'{0x00000000d567eb90}: 'java.lang.Object java.lang.invoke.DirectMethodHandle$Holder.invokeStatic(java.lang.Object, int, int, java.lang.Object)'> (0x00000000d567eb90) 
thrown [s\src\hotspot\share\interpreter\linkResolver.cpp, line 773]
Event: 282.741 Thread 0x000001a66282a3e0 Exception <a 'java/lang/NoSuchMethodError'{0x00000000d567da38}: 'java.lang.Object java.lang.invoke.DirectMethodHandle$Holder.newInvokeSpecial(java.lang.Object, int, java.lang.Object, java.lang.Object, java.lang.Object)'> (0x00000000d567da38) 
thrown [s\src\hotspot\share\interpreter\linkResolver.cpp, line 773]
Event: 282.793 Thread 0x000001a650cc0710 Implicit null exception at 0x000001a60825f223 to 0x000001a60825f590

ZGC Phase Switch (0 events):
No events

VM Operations (20 events):
Event: 282.645 Executing VM operation: ParallelGCFailedAllocation (Allocation Failure)
Event: 282.647 Executing VM operation: ParallelGCFailedAllocation (Allocation Failure) done
Event: 282.665 Executing VM operation: ParallelGCFailedAllocation (Allocation Failure)
Event: 282.665 Executing VM operation: ParallelGCFailedAllocation (Allocation Failure) done
Event: 282.665 Executing VM operation: ParallelGCSystemGC (GCLocker Initiated GC)
Event: 282.669 Executing VM operation: ParallelGCSystemGC (GCLocker Initiated GC) done
Event: 282.729 Executing VM operation: ParallelGCFailedAllocation (Allocation Failure)
Event: 282.730 Executing VM operation: ParallelGCFailedAllocation (Allocation Failure) done
Event: 282.965 Executing VM operation: ParallelGCFailedAllocation (Allocation Failure)
Event: 282.966 Executing VM operation: ParallelGCFailedAllocation (Allocation Failure) done
Event: 283.005 Executing VM operation: ParallelGCFailedAllocation (Allocation Failure)
Event: 283.006 Executing VM operation: ParallelGCFailedAllocation (Allocation Failure) done
Event: 283.071 Executing VM operation: ParallelGCFailedAllocation (Allocation Failure)
Event: 283.072 Executing VM operation: ParallelGCFailedAllocation (Allocation Failure) done
Event: 283.143 Executing VM operation: ParallelGCFailedAllocation (Allocation Failure)
Event: 283.146 Executing VM operation: ParallelGCFailedAllocation (Allocation Failure) done
Event: 283.175 Executing VM operation: ParallelGCFailedAllocation (Allocation Failure)
Event: 283.177 Executing VM operation: ParallelGCFailedAllocation (Allocation Failure) done
Event: 284.178 Executing VM operation: Cleanup
Event: 284.178 Executing VM operation: Cleanup done

Memory protections (0 events):
No events

Nmethod flushes (20 events):
Event: 36.457 Thread 0x000001a670fd3af0 flushing  nmethod 0x000001a6008a8c10
Event: 36.457 Thread 0x000001a670fd3af0 flushing  nmethod 0x000001a6008ac790
Event: 36.457 Thread 0x000001a670fd3af0 flushing  nmethod 0x000001a6008acb10
Event: 36.457 Thread 0x000001a670fd3af0 flushing  nmethod 0x000001a6008acf90
Event: 36.457 Thread 0x000001a670fd3af0 flushing  nmethod 0x000001a6008cc690
Event: 36.457 Thread 0x000001a670fd3af0 flushing  nmethod 0x000001a6008ef690
Event: 36.457 Thread 0x000001a670fd3af0 flushing  nmethod 0x000001a6008f3390
Event: 36.457 Thread 0x000001a670fd3af0 flushing  nmethod 0x000001a6008f7290
Event: 36.457 Thread 0x000001a670fd3af0 flushing  nmethod 0x000001a600908690
Event: 36.457 Thread 0x000001a670fd3af0 flushing  nmethod 0x000001a60091fd90
Event: 36.457 Thread 0x000001a670fd3af0 flushing  nmethod 0x000001a600921110
Event: 36.457 Thread 0x000001a670fd3af0 flushing  nmethod 0x000001a600921590
Event: 36.457 Thread 0x000001a670fd3af0 flushing  nmethod 0x000001a600922590
Event: 36.457 Thread 0x000001a670fd3af0 flushing  nmethod 0x000001a60092e190
Event: 36.457 Thread 0x000001a670fd3af0 flushing  nmethod 0x000001a600931e90
Event: 36.457 Thread 0x000001a670fd3af0 flushing  nmethod 0x000001a60094c590
Event: 36.457 Thread 0x000001a670fd3af0 flushing  nmethod 0x000001a60095b690
Event: 36.457 Thread 0x000001a670fd3af0 flushing  nmethod 0x000001a6009a5390
Event: 36.457 Thread 0x000001a670fd3af0 flushing  nmethod 0x000001a6009c8990
Event: 36.457 Thread 0x000001a670fd3af0 flushing  nmethod 0x000001a6009fa690

Events (20 events):
Event: 215.360 Thread 0x000001a651e968b0 Thread added: 0x000001a651e93fd0
Event: 217.239 Thread 0x000001a651e93fd0 Thread exited: 0x000001a651e93fd0
Event: 217.239 Thread 0x000001a651e968b0 Thread exited: 0x000001a651e968b0
Event: 219.305 Thread 0x000001a67a92c7e0 Thread added: 0x000001a654440500
Event: 219.305 Thread 0x000001a67a92c7e0 Thread added: 0x000001a65443e9c0
Event: 219.442 Thread 0x000001a65180fec0 Thread added: 0x000001a6628296c0
Event: 219.444 Thread 0x000001a651812cb0 Thread added: 0x000001a66282a3e0
Event: 219.444 Thread 0x000001a65180fec0 Thread added: 0x000001a66282b100
Event: 224.493 Thread 0x000001a65443e9c0 Thread exited: 0x000001a65443e9c0
Event: 224.493 Thread 0x000001a654440500 Thread exited: 0x000001a654440500
Event: 274.397 Thread 0x000001a651813340 Thread exited: 0x000001a651813340
Event: 274.430 Thread 0x000001a650cc27e0 Thread exited: 0x000001a650cc27e0
Event: 279.242 Thread 0x000001a650cc3b90 Thread exited: 0x000001a650cc3b90
Event: 279.242 Thread 0x000001a650545b50 Thread exited: 0x000001a650545b50
Event: 279.274 Thread 0x000001a650cc0080 Thread exited: 0x000001a650cc0080
Event: 279.290 Thread 0x000001a650547c20 Thread exited: 0x000001a650547c20
Event: 279.480 Thread 0x000001a651814060 Thread exited: 0x000001a651814060
Event: 282.615 Thread 0x000001a67a92c7e0 Thread added: 0x000001a65443e2f0
Event: 282.634 Thread 0x000001a65443e2f0 Thread added: 0x000001a65443fe30
Event: 283.139 Thread 0x000001a66282a3e0 Thread added: 0x000001a662829d50


Dynamic libraries:
0x00007ff6bd600000 - 0x00007ff6bd60e000 	c:\Users\nabil\.vscode\extensions\redhat.java-1.45.0-win32-x64\jre\21.0.8-win32-x86_64\bin\java.exe
0x00007ffa65360000 - 0x00007ffa655c9000 	C:\WINDOWS\SYSTEM32\ntdll.dll
0x00007ffa639a0000 - 0x00007ffa63a69000 	C:\WINDOWS\System32\KERNEL32.DLL
0x00007ffa62900000 - 0x00007ffa62cf3000 	C:\WINDOWS\System32\KERNELBASE.dll
0x00007ffa62d00000 - 0x00007ffa62e4b000 	C:\WINDOWS\System32\ucrtbase.dll
0x00007ffa566b0000 - 0x00007ffa566ce000 	c:\Users\nabil\.vscode\extensions\redhat.java-1.45.0-win32-x64\jre\21.0.8-win32-x86_64\bin\VCRUNTIME140.dll
0x00007ffa4e3b0000 - 0x00007ffa4e3c8000 	c:\Users\nabil\.vscode\extensions\redhat.java-1.45.0-win32-x64\jre\21.0.8-win32-x86_64\bin\jli.dll
0x00007ffa641c0000 - 0x00007ffa64384000 	C:\WINDOWS\System32\USER32.dll
0x00007ffa62f80000 - 0x00007ffa62fa7000 	C:\WINDOWS\System32\win32u.dll
0x00007ffa425c0000 - 0x00007ffa42853000 	C:\WINDOWS\WinSxS\amd64_microsoft.windows.common-controls_6595b64144ccf1df_6.0.26100.5074_none_3e0d6f78e32fd63f\COMCTL32.dll
0x00007ffa64860000 - 0x00007ffa6488b000 	C:\WINDOWS\System32\GDI32.dll
0x00007ffa62e50000 - 0x00007ffa62f7d000 	C:\WINDOWS\System32\gdi32full.dll
0x00007ffa63170000 - 0x00007ffa63219000 	C:\WINDOWS\System32\msvcrt.dll
0x00007ffa62850000 - 0x00007ffa628f3000 	C:\WINDOWS\System32\msvcp_win.dll
0x00007ffa63130000 - 0x00007ffa6315f000 	C:\WINDOWS\System32\IMM32.DLL
0x00007ffa5f060000 - 0x00007ffa5f06c000 	c:\Users\nabil\.vscode\extensions\redhat.java-1.45.0-win32-x64\jre\21.0.8-win32-x86_64\bin\vcruntime140_1.dll
0x00007ffa357f0000 - 0x00007ffa3587d000 	c:\Users\nabil\.vscode\extensions\redhat.java-1.45.0-win32-x64\jre\21.0.8-win32-x86_64\bin\msvcp140.dll
0x00007ff9e75b0000 - 0x00007ff9e8347000 	c:\Users\nabil\.vscode\extensions\redhat.java-1.45.0-win32-x64\jre\21.0.8-win32-x86_64\bin\server\jvm.dll
0x00007ffa647a0000 - 0x00007ffa64854000 	C:\WINDOWS\System32\ADVAPI32.dll
0x00007ffa63850000 - 0x00007ffa638f6000 	C:\WINDOWS\System32\sechost.dll
0x00007ffa64890000 - 0x00007ffa649a8000 	C:\WINDOWS\System32\RPCRT4.dll
0x00007ffa63580000 - 0x00007ffa635f4000 	C:\WINDOWS\System32\WS2_32.dll
0x00007ffa62350000 - 0x00007ffa623ae000 	C:\WINDOWS\SYSTEM32\POWRPROF.dll
0x00007ffa588d0000 - 0x00007ffa58905000 	C:\WINDOWS\SYSTEM32\WINMM.dll
0x00007ffa42870000 - 0x00007ffa4287b000 	C:\WINDOWS\SYSTEM32\VERSION.dll
0x00007ffa62330000 - 0x00007ffa62344000 	C:\WINDOWS\SYSTEM32\UMPDC.dll
0x00007ffa612d0000 - 0x00007ffa612eb000 	C:\WINDOWS\SYSTEM32\kernel.appcore.dll
0x00007ffa5ee90000 - 0x00007ffa5ee9a000 	c:\Users\nabil\.vscode\extensions\redhat.java-1.45.0-win32-x64\jre\21.0.8-win32-x86_64\bin\jimage.dll
0x00007ffa5fc60000 - 0x00007ffa5fea2000 	C:\WINDOWS\SYSTEM32\DBGHELP.DLL
0x00007ffa64f70000 - 0x00007ffa652eb000 	C:\WINDOWS\System32\combase.dll
0x00007ffa634a0000 - 0x00007ffa63577000 	C:\WINDOWS\System32\OLEAUT32.dll
0x00007ffa332a0000 - 0x00007ffa332dd000 	C:\WINDOWS\SYSTEM32\dbgcore.DLL
0x00007ffa624f0000 - 0x00007ffa62589000 	C:\WINDOWS\System32\bcryptPrimitives.dll
0x00007ffa5cf90000 - 0x00007ffa5cf9f000 	c:\Users\nabil\.vscode\extensions\redhat.java-1.45.0-win32-x64\jre\21.0.8-win32-x86_64\bin\instrument.dll
0x00007ffa3c290000 - 0x00007ffa3c2af000 	c:\Users\nabil\.vscode\extensions\redhat.java-1.45.0-win32-x64\jre\21.0.8-win32-x86_64\bin\java.dll
0x00007ffa63a70000 - 0x00007ffa641bd000 	C:\WINDOWS\System32\SHELL32.dll
0x00007ffa626e0000 - 0x00007ffa6284c000 	C:\WINDOWS\System32\wintypes.dll
0x00007ffa60120000 - 0x00007ffa60979000 	C:\WINDOWS\SYSTEM32\windows.storage.dll
0x00007ffa649b0000 - 0x00007ffa64aa0000 	C:\WINDOWS\System32\SHCORE.dll
0x00007ffa63230000 - 0x00007ffa63292000 	C:\WINDOWS\System32\shlwapi.dll
0x00007ffa62410000 - 0x00007ffa62439000 	C:\WINDOWS\SYSTEM32\profapi.dll
0x00007ffa3bf10000 - 0x00007ffa3bf28000 	c:\Users\nabil\.vscode\extensions\redhat.java-1.45.0-win32-x64\jre\21.0.8-win32-x86_64\bin\zip.dll
0x00007ffa5ce50000 - 0x00007ffa5ce60000 	C:\Users\nabil\.vscode\extensions\redhat.java-1.45.0-win32-x64\jre\21.0.8-win32-x86_64\bin\net.dll
0x00007ffa5c6b0000 - 0x00007ffa5c7cf000 	C:\WINDOWS\SYSTEM32\WINHTTP.dll
0x00007ffa61850000 - 0x00007ffa618bb000 	C:\WINDOWS\system32\mswsock.dll
0x00007ffa3a480000 - 0x00007ffa3a496000 	C:\Users\nabil\.vscode\extensions\redhat.java-1.45.0-win32-x64\jre\21.0.8-win32-x86_64\bin\nio.dll
0x00007ffa4e060000 - 0x00007ffa4e070000 	c:\Users\nabil\.vscode\extensions\redhat.java-1.45.0-win32-x64\jre\21.0.8-win32-x86_64\bin\verify.dll
0x00007ffa23910000 - 0x00007ffa23954000 	C:\Users\nabil\AppData\Roaming\Code\User\globalStorage\redhat.java\1.45.0\config_win\org.eclipse.equinox.launcher\org.eclipse.equinox.launcher.win32.win32.x86_64_1.2.1400.v20250801-0854\eclipse_11916.dll
0x00007ffa63300000 - 0x00007ffa63498000 	C:\WINDOWS\System32\ole32.dll
0x00007ffa61af0000 - 0x00007ffa61b0b000 	C:\WINDOWS\SYSTEM32\CRYPTSP.dll
0x00007ffa61230000 - 0x00007ffa6126b000 	C:\WINDOWS\system32\rsaenh.dll
0x00007ffa618f0000 - 0x00007ffa6191b000 	C:\WINDOWS\SYSTEM32\USERENV.dll
0x00007ffa623e0000 - 0x00007ffa62406000 	C:\WINDOWS\SYSTEM32\bcrypt.dll
0x00007ffa61b10000 - 0x00007ffa61b1c000 	C:\WINDOWS\SYSTEM32\CRYPTBASE.dll
0x00007ffa60d00000 - 0x00007ffa60d34000 	C:\WINDOWS\SYSTEM32\IPHLPAPI.DLL
0x00007ffa63220000 - 0x00007ffa6322a000 	C:\WINDOWS\System32\NSI.dll
0x00007ffa1c870000 - 0x00007ffa1c8b9000 	C:\Users\nabil\AppData\Local\Temp\jna-104574578\jna12923979220773634304.dll
0x00007ffa63980000 - 0x00007ffa63988000 	C:\WINDOWS\System32\PSAPI.DLL
0x00007ffa5c900000 - 0x00007ffa5c91e000 	C:\WINDOWS\SYSTEM32\dhcpcsvc6.DLL
0x00007ffa5c840000 - 0x00007ffa5c863000 	C:\WINDOWS\SYSTEM32\dhcpcsvc.DLL
0x00007ffa60da0000 - 0x00007ffa60ec6000 	C:\WINDOWS\SYSTEM32\DNSAPI.dll
0x00007ffa586d0000 - 0x00007ffa586db000 	C:\Windows\System32\rasadhlp.dll
0x00007ffa5cbc0000 - 0x00007ffa5cc46000 	C:\WINDOWS\System32\fwpuclnt.dll
0x00007ffa4d660000 - 0x00007ffa4d669000 	C:\Users\nabil\.vscode\extensions\redhat.java-1.45.0-win32-x64\jre\21.0.8-win32-x86_64\bin\extnet.dll
0x00007ffa4baa0000 - 0x00007ffa4baae000 	C:\Users\nabil\.vscode\extensions\redhat.java-1.45.0-win32-x64\jre\21.0.8-win32-x86_64\bin\sunmscapi.dll
0x00007ffa62fb0000 - 0x00007ffa63127000 	C:\WINDOWS\System32\CRYPT32.dll
0x00007ffa61d10000 - 0x00007ffa61d40000 	C:\WINDOWS\SYSTEM32\ncrypt.dll
0x00007ffa61cc0000 - 0x00007ffa61cff000 	C:\WINDOWS\SYSTEM32\NTASN1.dll

JVMTI agents:
c:\Users\nabil\.vscode\extensions\redhat.java-1.45.0-win32-x64\lombok\lombok-1.18.39-4050.jar path:c:\Users\nabil\.vscode\extensions\redhat.java-1.45.0-win32-x64\jre\21.0.8-win32-x86_64\bin\instrument.dll, loaded, initialized, instrumentlib options:none

dbghelp: loaded successfully - version: 4.0.5 - missing functions: none
symbol engine: initialized successfully - sym options: 0x614 - pdb path: .;c:\Users\nabil\.vscode\extensions\redhat.java-1.45.0-win32-x64\jre\21.0.8-win32-x86_64\bin;C:\WINDOWS\SYSTEM32;C:\WINDOWS\WinSxS\amd64_microsoft.windows.common-controls_6595b64144ccf1df_6.0.26100.5074_none_3e0d6f78e32fd63f;c:\Users\nabil\.vscode\extensions\redhat.java-1.45.0-win32-x64\jre\21.0.8-win32-x86_64\bin\server;C:\Users\nabil\AppData\Roaming\Code\User\globalStorage\redhat.java\1.45.0\config_win\org.eclipse.equinox.launcher\org.eclipse.equinox.launcher.win32.win32.x86_64_1.2.1400.v20250801-0854;C:\Users\nabil\AppData\Local\Temp\jna-104574578

VM Arguments:
jvm_args: --add-modules=ALL-SYSTEM --add-opens=java.base/java.util=ALL-UNNAMED --add-opens=java.base/java.lang=ALL-UNNAMED --add-opens=java.base/sun.nio.fs=ALL-UNNAMED -Declipse.application=org.eclipse.jdt.ls.core.id1 -Dosgi.bundles.defaultStartLevel=4 -Declipse.product=org.eclipse.jdt.ls.core.product -Djava.import.generatesMetadataFilesAtProjectRoot=false -DDetectVMInstallationsJob.disabled=true -Dfile.encoding=utf8 -XX:+UseParallelGC -XX:GCTimeRatio=4 -XX:AdaptiveSizePolicyWeight=90 -Dsun.zip.disableMemoryMapping=true -Xmx2G -Xms100m -Xlog:disable -javaagent:c:\Users\nabil\.vscode\extensions\redhat.java-1.45.0-win32-x64\lombok\lombok-1.18.39-4050.jar -XX:+HeapDumpOnOutOfMemoryError -XX:HeapDumpPath=c:\Users\nabil\AppData\Roaming\Code\User\workspaceStorage\bad2abbcd7b301175cb1610fa1059be9\redhat.java -Daether.dependencyCollector.impl=bf 
java_command: c:\Users\nabil\.vscode\extensions\redhat.java-1.45.0-win32-x64\server\plugins\org.eclipse.equinox.launcher_1.7.0.v20250519-0528.jar -configuration c:\Users\nabil\AppData\Roaming\Code\User\globalStorage\redhat.java\1.45.0\config_win -data c:\Users\nabil\AppData\Roaming\Code\User\workspaceStorage\bad2abbcd7b301175cb1610fa1059be9\redhat.java\jdt_ws --pipe=\\.\pipe\lsp-09c3643b36020d0bac015349f6e5c363-sock
java_class_path (initial): c:\Users\nabil\.vscode\extensions\redhat.java-1.45.0-win32-x64\server\plugins\org.eclipse.equinox.launcher_1.7.0.v20250519-0528.jar
Launcher Type: SUN_STANDARD

[Global flags]
    uintx AdaptiveSizePolicyWeight                 = 90                                        {product} {command line}
     intx CICompilerCount                          = 4                                         {product} {ergonomic}
    uintx GCTimeRatio                              = 4                                         {product} {command line}
     bool HeapDumpOnOutOfMemoryError               = true                                   {manageable} {command line}
    ccstr HeapDumpPath                             = c:\Users\nabil\AppData\Roaming\Code\User\workspaceStorage\bad2abbcd7b301175cb1610fa1059be9\redhat.java         {manageable} {command line}
   size_t InitialHeapSize                          = 104857600                                 {product} {command line}
   size_t MaxHeapSize                              = 2147483648                                {product} {command line}
   size_t MaxNewSize                               = 715653120                                 {product} {ergonomic}
   size_t MinHeapDeltaBytes                        = 524288                                    {product} {ergonomic}
   size_t MinHeapSize                              = 104857600                                 {product} {command line}
   size_t NewSize                                  = 34603008                                  {product} {ergonomic}
    uintx NonNMethodCodeHeapSize                   = 5839372                                {pd product} {ergonomic}
    uintx NonProfiledCodeHeapSize                  = 122909434                              {pd product} {ergonomic}
   size_t OldSize                                  = 70254592                                  {product} {ergonomic}
    uintx ProfiledCodeHeapSize                     = 122909434                              {pd product} {ergonomic}
    uintx ReservedCodeCacheSize                    = 251658240                              {pd product} {ergonomic}
     bool SegmentedCodeCache                       = true                                      {product} {ergonomic}
   size_t SoftMaxHeapSize                          = 2147483648                             {manageable} {ergonomic}
     bool UseCompressedOops                        = true                           {product lp64_product} {ergonomic}
     bool UseLargePagesIndividualAllocation        = false                                  {pd product} {ergonomic}
     bool UseParallelGC                            = true                                      {product} {command line}

Logging:
Log output configuration:
 #0: stdout all=off uptime,level,tags foldmultilines=false
 #1: stderr all=off uptime,level,tags foldmultilines=false

Environment Variables:
PATH=C:\Program Files\Common Files\Oracle\Java\javapath;C:\WINDOWS\system32;C:\WINDOWS;C:\WINDOWS\System32\Wbem;C:\WINDOWS\System32\WindowsPowerShell\v1.0\;C:\WINDOWS\System32\OpenSSH\;C:\Program Files\Java\jre-1.8\bin;C:\Program Files\dotnet\;C:\Program Files\MATLAB\R2023b\runtime\win64;C:\Program Files\MATLAB\R2023b\bin;C:\Program Files\Git\cmd;C:\Users\nabil\AppData\Local\flutter\bin;C:\Program Files\PuTTY\;C:\ProgramData\ComposerSetup\bin;C:\Program Files\nodejs\;C:\ProgramData\chocolatey\bin;C:\xampp\php;C:\Users\nabil\flutter\bin;C:\Users\nabil\AppData\Local\Android\Sdk\platform-tools;C:\Program Files\Geckodriver;C:\Program Files\Docker\Docker\resources\bin;C:\Program Files\Java\jdk-24\bin;C:\Users\nabil\zulu24.32.13-ca-jdk24.0.2-win_x64\bin;C:\Users\nabil\zulu24.32.13-ca-fx-jre24.0.2-win_x64\bin;C:\Program Files\CMake\bin;C:\Program Files\Java\jdk-24\bin;C:\Users\nabil\AppData\Local\Programs\Python\Python312\Scripts\;C:\Users\nabil\AppData\Local\Programs\Python\Python312\;C:\Users\nabil;C:\Users\nabil\AppData\Local\spicetify;C:\Users\nabil\AppData\Local\Microsoft\WindowsApps;C:\Users\nabil\AppData\Roaming\Composer\vendor\bin;C:\Users\nabil\AppData\Roaming\npm;C:\Users\nabil\AppData\Local\Microsoft\WinGet\Packages\Schniz.fnm_Microsoft.Winget.Source_8wekyb3d8bbwe;C:\xampp\php;C:\Users\nabil\flutter\bin;C:\Users\nabil\AppData\Local\Programs\Microsoft VS Code\bin;C:\Users\nabil\AppData\Local\Microsoft\WindowsApps;C:\Users\nabil\AppData\Local\Android\Sdk\platform-tools;C:\Program Files\Geckodriver;C:\Users\nabil\zulu24.32.13-ca-fx-jre24.0.2-win_x64\bin;C:\Program Files\RabbitMQ Server\rabbitmq_server-4.1.4\sbin;
USERNAME=nabil
OS=Windows_NT
PROCESSOR_IDENTIFIER=Intel64 Family 6 Model 186 Stepping 3, GenuineIntel
TMP=C:\Users\nabil\AppData\Local\Temp
TEMP=C:\Users\nabil\AppData\Local\Temp




Periodic native trim disabled

---------------  S Y S T E M  ---------------

OS:
 Windows 11 , 64 bit Build 26100 (10.0.26100.5074)
OS uptime: 0 days 1:48 hours
Hyper-V role detected

CPU: total 12 (initial active 12) (6 cores per cpu, 2 threads per core) family 6 model 186 stepping 3 microcode 0x4111, cx8, cmov, fxsr, ht, mmx, 3dnowpref, sse, sse2, sse3, ssse3, sse4.1, sse4.2, popcnt, lzcnt, tsc, tscinvbit, avx, avx2, aes, erms, clmul, bmi1, bmi2, adx, sha, fma, vzeroupper, clflush, clflushopt, clwb, hv, serialize, rdtscp, rdpid, fsrm, f16c, cet_ibt, cet_ss
Processor Information for the first 12 processors :
  Max Mhz: 1300, Current Mhz: 1300, Mhz Limit: 1300

Memory: 4k page, system-wide physical 7895M (848M free)
TotalPageFile size 11991M (AvailPageFile size 54M)
current process WorkingSet (physical memory assigned to process): 735M, peak: 736M
current process commit charge ("private bytes"): 879M, peak: 882M

vm_info: OpenJDK 64-Bit Server VM (21.0.8+9-LTS) for windows-amd64 JRE (21.0.8+9-LTS), built on 2025-07-15T00:00:00Z by "admin" with MS VC++ 17.7 (VS2022)

END.
