#
# There is insufficient memory for the Java Runtime Environment to continue.
# Native memory allocation (malloc) failed to allocate 1621616 bytes. Error detail: Chunk::new
# Possible reasons:
#   The system is out of physical RAM or swap space
#   This process is running with CompressedOops enabled, and the Java Heap may be blocking the growth of the native heap
# Possible solutions:
#   Reduce memory load on the system
#   Increase physical memory or swap space
#   Check if swap backing store is full
#   Decrease Java heap size (-Xmx/-Xms)
#   Decrease number of Java threads
#   Decrease Java thread stack sizes (-Xss)
#   Set larger code cache with -XX:ReservedCodeCacheSize=
#   JVM is running with Unscaled Compressed Oops mode in which the Java heap is
#     placed in the first 4GB address space. The Java Heap base address is the
#     maximum limit for the native heap growth. Please use -XX:HeapBaseMinAddress
#     to set the Java Heap base and to place the Java Heap above 4GB virtual address.
# This output file may be truncated or incomplete.
#
#  Out of Memory Error (arena.cpp:168), pid=6048, tid=13428
#
# JRE version: OpenJDK Runtime Environment Temurin-21.0.8+9 (21.0.8+9) (build 21.0.8+9-LTS)
# Java VM: OpenJDK 64-Bit Server VM Temurin-21.0.8+9 (21.0.8+9-LTS, mixed mode, sharing, tiered, compressed oops, compressed class ptrs, parallel gc, windows-amd64)
# No core dump will be written. Minidumps are not enabled by default on client versions of Windows
#

---------------  S U M M A R Y ------------

Command Line: --add-modules=ALL-SYSTEM --add-opens=java.base/java.util=ALL-UNNAMED --add-opens=java.base/java.lang=ALL-UNNAMED --add-opens=java.base/sun.nio.fs=ALL-UNNAMED -Declipse.application=org.eclipse.jdt.ls.core.id1 -Dosgi.bundles.defaultStartLevel=4 -Declipse.product=org.eclipse.jdt.ls.core.product -Djava.import.generatesMetadataFilesAtProjectRoot=false -DDetectVMInstallationsJob.disabled=true -Dfile.encoding=utf8 -XX:+UseParallelGC -XX:GCTimeRatio=4 -XX:AdaptiveSizePolicyWeight=90 -Dsun.zip.disableMemoryMapping=true -Xmx2G -Xms100m -Xlog:disable -javaagent:c:\Users\nabil\.vscode\extensions\redhat.java-1.45.0-win32-x64\lombok\lombok-1.18.39-4050.jar -XX:+HeapDumpOnOutOfMemoryError -XX:HeapDumpPath=c:\Users\nabil\AppData\Roaming\Code\User\workspaceStorage\bad2abbcd7b301175cb1610fa1059be9\redhat.java -Daether.dependencyCollector.impl=bf c:\Users\nabil\.vscode\extensions\redhat.java-1.45.0-win32-x64\server\plugins\org.eclipse.equinox.launcher_1.7.0.v20250519-0528.jar -configuration c:\Users\nabil\AppData\Roaming\Code\User\globalStorage\redhat.java\1.45.0\config_win -data c:\Users\nabil\AppData\Roaming\Code\User\workspaceStorage\bad2abbcd7b301175cb1610fa1059be9\redhat.java\jdt_ws --pipe=\\.\pipe\lsp-f69120b2d93f5dd46b72dead4945227c-sock

Host: 13th Gen Intel(R) Core(TM) i5-1335U, 12 cores, 7G,  Windows 11 , 64 bit Build 26100 (10.0.26100.5074)
Time: Tue Sep 23 12:32:49 2025 SE Asia Standard Time elapsed time: 14.067779 seconds (0d 0h 0m 14s)

---------------  T H R E A D  ---------------

Current thread (0x000001d0668cb390):  JavaThread "C2 CompilerThread0" daemon [_thread_in_native, id=13428, stack(0x0000006cfa600000,0x0000006cfa700000) (1024K)]


Current CompileTask:
C2:14067 8907       4       java.lang.invoke.MethodType::makeImpl (109 bytes)

Stack: [0x0000006cfa600000,0x0000006cfa700000]
Native frames: (J=compiled Java code, j=interpreted, Vv=VM code, C=native code)
V  [jvm.dll+0x6d2449]
V  [jvm.dll+0x8ae341]
V  [jvm.dll+0x8b08be]
V  [jvm.dll+0x8b0fa3]
V  [jvm.dll+0x280c96]
V  [jvm.dll+0xc581d]
V  [jvm.dll+0xc5d53]
V  [jvm.dll+0x3b9162]
V  [jvm.dll+0x385315]
V  [jvm.dll+0x38477a]
V  [jvm.dll+0x248ed0]
V  [jvm.dll+0x2484af]
V  [jvm.dll+0x1c89ee]
V  [jvm.dll+0x257d4d]
V  [jvm.dll+0x2562ea]
V  [jvm.dll+0x3f2d16]
V  [jvm.dll+0x857e6b]
V  [jvm.dll+0x6d0b0d]
C  [ucrtbase.dll+0x37b0]
C  [KERNEL32.DLL+0x2e8d7]
C  [ntdll.dll+0x8d9c]


---------------  P R O C E S S  ---------------

Threads class SMR info:
_java_thread_list=0x000001d06f5aa360, length=56, elements={
0x000001d00b7b9f90, 0x000001d00db97f80, 0x000001d00db98c90, 0x000001d00db9be00,
0x000001d0668c24b0, 0x000001d00db9e6e0, 0x000001d00dba5dd0, 0x000001d0668cb390,
0x000001d00dbae740, 0x000001d06699c760, 0x000001d06c160090, 0x000001d06c3543b0,
0x000001d06ca61e80, 0x000001d06ca00460, 0x000001d06ca00ac0, 0x000001d06c933cf0,
0x000001d06c8d4a70, 0x000001d06d0eb560, 0x000001d06d0ec910, 0x000001d06d0eaed0,
0x000001d06d0ebbf0, 0x000001d06d0ecfa0, 0x000001d06d0e9b20, 0x000001d06d0ea840,
0x000001d06d9830f0, 0x000001d06d981d40, 0x000001d06d980300, 0x000001d06d983e10,
0x000001d06d983780, 0x000001d06d980990, 0x000001d06d9816b0, 0x000001d06d9823d0,
0x000001d06d9844a0, 0x000001d06d982a60, 0x000001d06d981020, 0x000001d06d987920,
0x000001d06d984b30, 0x000001d06d9851c0, 0x000001d06d985850, 0x000001d06d987290,
0x000001d06d985ee0, 0x000001d06d986570, 0x000001d06d986c00, 0x000001d06f3bf420,
0x000001d06f3c07d0, 0x000001d06f3c1b80, 0x000001d06f3c0140, 0x000001d06f3c0e60,
0x000001d06f3be700, 0x000001d06f3bfab0, 0x000001d06f3c14f0, 0x000001d06f3c2210,
0x000001d06f3c5d20, 0x000001d06ccb1510, 0x000001d06f3c28a0, 0x000001d06ccb4b90
}

Java Threads: ( => current thread )
  0x000001d00b7b9f90 JavaThread "main"                              [_thread_blocked, id=13680, stack(0x0000006cf9c00000,0x0000006cf9d00000) (1024K)]
  0x000001d00db97f80 JavaThread "Reference Handler"          daemon [_thread_blocked, id=16276, stack(0x0000006cfa000000,0x0000006cfa100000) (1024K)]
  0x000001d00db98c90 JavaThread "Finalizer"                  daemon [_thread_blocked, id=12544, stack(0x0000006cfa100000,0x0000006cfa200000) (1024K)]
  0x000001d00db9be00 JavaThread "Signal Dispatcher"          daemon [_thread_blocked, id=11308, stack(0x0000006cfa200000,0x0000006cfa300000) (1024K)]
  0x000001d0668c24b0 JavaThread "Attach Listener"            daemon [_thread_blocked, id=19148, stack(0x0000006cfa300000,0x0000006cfa400000) (1024K)]
  0x000001d00db9e6e0 JavaThread "Service Thread"             daemon [_thread_blocked, id=7364, stack(0x0000006cfa400000,0x0000006cfa500000) (1024K)]
  0x000001d00dba5dd0 JavaThread "Monitor Deflation Thread"   daemon [_thread_blocked, id=13780, stack(0x0000006cfa500000,0x0000006cfa600000) (1024K)]
=>0x000001d0668cb390 JavaThread "C2 CompilerThread0"         daemon [_thread_in_native, id=13428, stack(0x0000006cfa600000,0x0000006cfa700000) (1024K)]
  0x000001d00dbae740 JavaThread "C1 CompilerThread0"         daemon [_thread_in_vm, id=15564, stack(0x0000006cfa700000,0x0000006cfa800000) (1024K)]
  0x000001d06699c760 JavaThread "Common-Cleaner"             daemon [_thread_blocked, id=14400, stack(0x0000006cfa800000,0x0000006cfa900000) (1024K)]
  0x000001d06c160090 JavaThread "Notification Thread"        daemon [_thread_blocked, id=11824, stack(0x0000006cfaa00000,0x0000006cfab00000) (1024K)]
  0x000001d06c3543b0 JavaThread "Active Thread: Equinox Container: 87eb86ee-e2fa-4f65-9214-146c0feaa833"        [_thread_blocked, id=9984, stack(0x0000006cfb200000,0x0000006cfb300000) (1024K)]
  0x000001d06ca61e80 JavaThread "Refresh Thread: Equinox Container: 87eb86ee-e2fa-4f65-9214-146c0feaa833" daemon [_thread_blocked, id=18224, stack(0x0000006cfb300000,0x0000006cfb400000) (1024K)]
  0x000001d06ca00460 JavaThread "Framework Event Dispatcher: Equinox Container: 87eb86ee-e2fa-4f65-9214-146c0feaa833" daemon [_thread_blocked, id=17128, stack(0x0000006cfb500000,0x0000006cfb600000) (1024K)]
  0x000001d06ca00ac0 JavaThread "Start Level: Equinox Container: 87eb86ee-e2fa-4f65-9214-146c0feaa833" daemon [_thread_blocked, id=18096, stack(0x0000006cfb600000,0x0000006cfb700000) (1024K)]
  0x000001d06c933cf0 JavaThread "Bundle File Closer"         daemon [_thread_blocked, id=7380, stack(0x0000006cfb900000,0x0000006cfba00000) (1024K)]
  0x000001d06c8d4a70 JavaThread "SCR Component Actor"        daemon [_thread_blocked, id=16496, stack(0x0000006cfba00000,0x0000006cfbb00000) (1024K)]
  0x000001d06d0eb560 JavaThread "Worker-JM"                         [_thread_blocked, id=14680, stack(0x0000006cfab00000,0x0000006cfac00000) (1024K)]
  0x000001d06d0ec910 JavaThread "JNA Cleaner"                daemon [_thread_blocked, id=4036, stack(0x0000006cfbc00000,0x0000006cfbd00000) (1024K)]
  0x000001d06d0eaed0 JavaThread "Worker-0"                          [_thread_blocked, id=15988, stack(0x0000006cfbd00000,0x0000006cfbe00000) (1024K)]
  0x000001d06d0ebbf0 JavaThread "Worker-1"                          [_thread_blocked, id=11776, stack(0x0000006cfbe00000,0x0000006cfbf00000) (1024K)]
  0x000001d06d0ecfa0 JavaThread "Java indexing"              daemon [_thread_blocked, id=14584, stack(0x0000006cfc000000,0x0000006cfc100000) (1024K)]
  0x000001d06d0e9b20 JavaThread "Worker-2"                          [_thread_blocked, id=15324, stack(0x0000006cfc300000,0x0000006cfc400000) (1024K)]
  0x000001d06d0ea840 JavaThread "Worker-3"                          [_thread_blocked, id=17008, stack(0x0000006cfc400000,0x0000006cfc500000) (1024K)]
  0x000001d06d9830f0 JavaThread "Worker-4: Initialize workspace"        [_thread_in_native, id=11372, stack(0x0000006cfc500000,0x0000006cfc600000) (1024K)]
  0x000001d06d981d40 JavaThread "Thread-2"                   daemon [_thread_in_native, id=18240, stack(0x0000006cfc600000,0x0000006cfc700000) (1024K)]
  0x000001d06d980300 JavaThread "Thread-3"                   daemon [_thread_in_native, id=14652, stack(0x0000006cfc700000,0x0000006cfc800000) (1024K)]
  0x000001d06d983e10 JavaThread "Thread-4"                   daemon [_thread_in_native, id=19088, stack(0x0000006cfc800000,0x0000006cfc900000) (1024K)]
  0x000001d06d983780 JavaThread "Thread-5"                   daemon [_thread_in_native, id=11156, stack(0x0000006cfc900000,0x0000006cfca00000) (1024K)]
  0x000001d06d980990 JavaThread "Thread-6"                   daemon [_thread_in_native, id=15668, stack(0x0000006cfca00000,0x0000006cfcb00000) (1024K)]
  0x000001d06d9816b0 JavaThread "Thread-7"                   daemon [_thread_in_native, id=14960, stack(0x0000006cfcb00000,0x0000006cfcc00000) (1024K)]
  0x000001d06d9823d0 JavaThread "Thread-8"                   daemon [_thread_in_native, id=14240, stack(0x0000006cfcc00000,0x0000006cfcd00000) (1024K)]
  0x000001d06d9844a0 JavaThread "Thread-9"                   daemon [_thread_in_native, id=14580, stack(0x0000006cfcd00000,0x0000006cfce00000) (1024K)]
  0x000001d06d982a60 JavaThread "Thread-10"                  daemon [_thread_in_native, id=11204, stack(0x0000006cfce00000,0x0000006cfcf00000) (1024K)]
  0x000001d06d981020 JavaThread "Thread-11"                  daemon [_thread_in_native, id=16632, stack(0x0000006cfcf00000,0x0000006cfd000000) (1024K)]
  0x000001d06d987920 JavaThread "Thread-12"                  daemon [_thread_in_native, id=14920, stack(0x0000006cfd000000,0x0000006cfd100000) (1024K)]
  0x000001d06d984b30 JavaThread "Thread-13"                  daemon [_thread_in_native, id=14996, stack(0x0000006cfd100000,0x0000006cfd200000) (1024K)]
  0x000001d06d9851c0 JavaThread "Thread-14"                  daemon [_thread_in_native, id=5776, stack(0x0000006cfd200000,0x0000006cfd300000) (1024K)]
  0x000001d06d985850 JavaThread "pool-2-thread-1"                   [_thread_blocked, id=1740, stack(0x0000006cfd300000,0x0000006cfd400000) (1024K)]
  0x000001d06d987290 JavaThread "WorkspaceEventsHandler"            [_thread_blocked, id=14312, stack(0x0000006cfd400000,0x0000006cfd500000) (1024K)]
  0x000001d06d985ee0 JavaThread "pool-1-thread-1"                   [_thread_blocked, id=2148, stack(0x0000006cfd500000,0x0000006cfd600000) (1024K)]
  0x000001d06d986570 JavaThread "ForkJoinPool.commonPool-worker-1" daemon [_thread_blocked, id=7584, stack(0x0000006cfd600000,0x0000006cfd700000) (1024K)]
  0x000001d06d986c00 JavaThread "ForkJoinPool.commonPool-worker-2" daemon [_thread_blocked, id=11384, stack(0x0000006cfd700000,0x0000006cfd800000) (1024K)]
  0x000001d06f3bf420 JavaThread "ForkJoinPool.commonPool-worker-3" daemon [_thread_blocked, id=10256, stack(0x0000006cfd800000,0x0000006cfd900000) (1024K)]
  0x000001d06f3c07d0 JavaThread "ForkJoinPool.commonPool-worker-4" daemon [_thread_blocked, id=6524, stack(0x0000006cfd900000,0x0000006cfda00000) (1024K)]
  0x000001d06f3c1b80 JavaThread "ForkJoinPool.commonPool-worker-5" daemon [_thread_blocked, id=10488, stack(0x0000006cfda00000,0x0000006cfdb00000) (1024K)]
  0x000001d06f3c0140 JavaThread "ForkJoinPool.commonPool-worker-6" daemon [_thread_blocked, id=15408, stack(0x0000006cfdb00000,0x0000006cfdc00000) (1024K)]
  0x000001d06f3c0e60 JavaThread "ForkJoinPool.commonPool-worker-7" daemon [_thread_blocked, id=6996, stack(0x0000006cfdc00000,0x0000006cfdd00000) (1024K)]
  0x000001d06f3be700 JavaThread "ForkJoinPool.commonPool-worker-8" daemon [_thread_blocked, id=19228, stack(0x0000006cfdd00000,0x0000006cfde00000) (1024K)]
  0x000001d06f3bfab0 JavaThread "ForkJoinPool.commonPool-worker-9" daemon [_thread_in_native, id=8800, stack(0x0000006cfde00000,0x0000006cfdf00000) (1024K)]
  0x000001d06f3c14f0 JavaThread "ForkJoinPool.commonPool-worker-10" daemon [_thread_blocked, id=13448, stack(0x0000006cfdf00000,0x0000006cfe000000) (1024K)]
  0x000001d06f3c2210 JavaThread "ForkJoinPool.commonPool-worker-11" daemon [_thread_blocked, id=10684, stack(0x0000006cfe000000,0x0000006cfe100000) (1024K)]
  0x000001d06f3c5d20 JavaThread "Thread-15"                  daemon [_thread_in_vm, id=17236, stack(0x0000006cfa900000,0x0000006cfaa00000) (1024K)]
  0x000001d06ccb1510 JavaThread "C2 CompilerThread1"         daemon [_thread_in_native, id=17896, stack(0x0000006cfbb00000,0x0000006cfbc00000) (1024K)]
  0x000001d06f3c28a0 JavaThread "SCR Component Registry"     daemon [_thread_blocked, id=15176, stack(0x0000006cfbf00000,0x0000006cfc000000) (1024K)]
  0x000001d06ccb4b90 JavaThread "C2 CompilerThread2"         daemon [_thread_in_native, id=15104, stack(0x0000006cfe100000,0x0000006cfe200000) (1024K)]
Total: 56

Other Threads:
  0x000001d00da84960 VMThread "VM Thread"                           [id=17212, stack(0x0000006cf9f00000,0x0000006cfa000000) (1024K)]
  0x000001d00d97ca00 WatcherThread "VM Periodic Task Thread"        [id=18708, stack(0x0000006cf9e00000,0x0000006cf9f00000) (1024K)]
  0x000001d00db0b490 WorkerThread "GC Thread#0"                     [id=17904, stack(0x0000006cf9d00000,0x0000006cf9e00000) (1024K)]
  0x000001d06c7cf310 WorkerThread "GC Thread#1"                     [id=3336, stack(0x0000006cfac00000,0x0000006cfad00000) (1024K)]
  0x000001d06c7cf6b0 WorkerThread "GC Thread#2"                     [id=13616, stack(0x0000006cfad00000,0x0000006cfae00000) (1024K)]
  0x000001d06c7cfa50 WorkerThread "GC Thread#3"                     [id=2412, stack(0x0000006cfae00000,0x0000006cfaf00000) (1024K)]
  0x000001d06c7cfdf0 WorkerThread "GC Thread#4"                     [id=17396, stack(0x0000006cfaf00000,0x0000006cfb000000) (1024K)]
  0x000001d06c7d0190 WorkerThread "GC Thread#5"                     [id=14824, stack(0x0000006cfb000000,0x0000006cfb100000) (1024K)]
  0x000001d06c3ac000 WorkerThread "GC Thread#6"                     [id=18880, stack(0x0000006cfb100000,0x0000006cfb200000) (1024K)]
  0x000001d06c8fb3a0 WorkerThread "GC Thread#7"                     [id=5168, stack(0x0000006cfb400000,0x0000006cfb500000) (1024K)]
  0x000001d06c8fa8c0 WorkerThread "GC Thread#8"                     [id=19044, stack(0x0000006cfb700000,0x0000006cfb800000) (1024K)]
  0x000001d06c8fbae0 WorkerThread "GC Thread#9"                     [id=14492, stack(0x0000006cfb800000,0x0000006cfb900000) (1024K)]
Total: 12

Threads with active compile tasks:
C2 CompilerThread0  14104 8907       4       java.lang.invoke.MethodType::makeImpl (109 bytes)
C2 CompilerThread1  14104 9044   !   4       java.util.zip.InflaterInputStream::read (129 bytes)
C2 CompilerThread2  14104 9085       4       java.util.zip.ZipFile$Source::initCEN (612 bytes)
Total: 3

VM state: not at safepoint (normal execution)

VM Mutex/Monitor currently owned by a thread: None

Heap address: 0x0000000080000000, size: 2048 MB, Compressed Oops mode: 32-bit

CDS archive(s) mapped at: [0x000001d025000000-0x000001d025ba0000-0x000001d025ba0000), size 12189696, SharedBaseAddress: 0x000001d025000000, ArchiveRelocationMode: 1.
Compressed class space mapped at: 0x000001d026000000-0x000001d066000000, reserved size: 1073741824
Narrow klass base: 0x000001d025000000, Narrow klass shift: 0, Narrow klass range: 0x100000000

GC Precious Log:
 CardTable entry size: 512
 CPUs: 12 total, 12 available
 Memory: 7895M
 Large Page Support: Disabled
 NUMA Support: Disabled
 Compressed Oops: Enabled (32-bit)
 Alignments: Space 512K, Generation 512K, Heap 2M
 Heap Min Capacity: 100M
 Heap Initial Capacity: 100M
 Heap Max Capacity: 2G
 Pre-touch: Disabled
 Parallel Workers: 10

Heap:
 PSYoungGen      total 22528K, used 16304K [0x00000000d5580000, 0x00000000d7080000, 0x0000000100000000)
  eden space 20480K, 71% used [0x00000000d5580000,0x00000000d63bec60,0x00000000d6980000)
  from space 2048K, 83% used [0x00000000d6e80000,0x00000000d702d750,0x00000000d7080000)
  to   space 3072K, 0% used [0x00000000d6a80000,0x00000000d6a80000,0x00000000d6d80000)
 ParOldGen       total 93696K, used 93096K [0x0000000080000000, 0x0000000085b80000, 0x00000000d5580000)
  object space 93696K, 99% used [0x0000000080000000,0x0000000085aea1e0,0x0000000085b80000)
 Metaspace       used 59778K, committed 61184K, reserved 1114112K
  class space    used 6461K, committed 7040K, reserved 1048576K

Card table byte_map: [0x000001d00d490000,0x000001d00d8a0000] _byte_map_base: 0x000001d00d090000

Marking Bits: (ParMarkBitMap*) 0x00007ff9e4d5a340
 Begin Bits: [0x000001d01ff90000, 0x000001d021f90000)
 End Bits:   [0x000001d021f90000, 0x000001d023f90000)

Polling page: 0x000001d00b960000

Metaspace:

Usage:
  Non-class:     52.07 MB used.
      Class:      6.31 MB used.
       Both:     58.38 MB used.

Virtual space:
  Non-class space:       64.00 MB reserved,      52.88 MB ( 83%) committed,  1 nodes.
      Class space:        1.00 GB reserved,       6.88 MB ( <1%) committed,  1 nodes.
             Both:        1.06 GB reserved,      59.75 MB (  5%) committed. 

Chunk freelists:
   Non-Class:  10.39 MB
       Class:  9.12 MB
        Both:  19.52 MB

MaxMetaspaceSize: unlimited
CompressedClassSpaceSize: 1.00 GB
Initial GC threshold: 21.00 MB
Current GC threshold: 97.31 MB
CDS: on
 - commit_granule_bytes: 65536.
 - commit_granule_words: 8192.
 - virtual_space_node_default_size: 8388608.
 - enlarge_chunks_in_place: 1.
 - use_allocation_guard: 0.


Internal statistics:

num_allocs_failed_limit: 9.
num_arena_births: 1092.
num_arena_deaths: 14.
num_vsnodes_births: 2.
num_vsnodes_deaths: 0.
num_space_committed: 956.
num_space_uncommitted: 0.
num_chunks_returned_to_freelist: 23.
num_chunks_taken_from_freelist: 3854.
num_chunk_merges: 7.
num_chunk_splits: 2416.
num_chunks_enlarged: 1396.
num_inconsistent_stats: 0.

CodeHeap 'non-profiled nmethods': size=120000Kb used=5794Kb max_used=5931Kb free=114205Kb
 bounds [0x000001d0187b0000, 0x000001d018d80000, 0x000001d01fce0000]
CodeHeap 'profiled nmethods': size=120000Kb used=17280Kb max_used=17429Kb free=102719Kb
 bounds [0x000001d010ce0000, 0x000001d011df0000, 0x000001d018210000]
CodeHeap 'non-nmethods': size=5760Kb used=1420Kb max_used=1477Kb free=4339Kb
 bounds [0x000001d018210000, 0x000001d018480000, 0x000001d0187b0000]
CodeCache: size=245760Kb, used=24494Kb, max_used=24837Kb, free=221263Kb
 total_blobs=9013, nmethods=8279, adapters=640, full_count=0
Compilation: enabled, stopped_count=0, restarted_count=0

Compilation events (20 events):
Event: 13.025 Thread 0x000001d00dbae740 9074       3       org.eclipse.sisu.inject.QualifyingStrategy::selectFor (54 bytes)
Event: 13.025 Thread 0x000001d00dbae740 nmethod 9074 0x000001d011649610 code [0x000001d011649840, 0x000001d011649e98]
Event: 13.026 Thread 0x000001d00dbae740 9077       3       org.eclipse.jdt.internal.core.nd.util.CharArrayUtils::indexOf (25 bytes)
Event: 13.027 Thread 0x000001d00dbae740 nmethod 9077 0x000001d0115b9f90 code [0x000001d0115ba140, 0x000001d0115ba358]
Event: 13.029 Thread 0x000001d00dbae740 9078       3       org.eclipse.sisu.inject.Implementations$ClassFinder::visit (10 bytes)
Event: 13.029 Thread 0x000001d00dbae740 nmethod 9078 0x000001d011649190 code [0x000001d011649340, 0x000001d0116494e0]
Event: 13.029 Thread 0x000001d00dbae740 9079       3       org.eclipse.sisu.space.WildcardKey$QualifiedImpl::get (5 bytes)
Event: 13.030 Thread 0x000001d00dbae740 nmethod 9079 0x000001d010dd3210 code [0x000001d010dd33a0, 0x000001d010dd34c0]
Event: 13.033 Thread 0x000001d00dbae740 9080       1       org.eclipse.jdt.internal.core.ClassFile::getName (5 bytes)
Event: 13.033 Thread 0x000001d00dbae740 nmethod 9080 0x000001d01886aa10 code [0x000001d01886aba0, 0x000001d01886ac68]
Event: 13.038 Thread 0x000001d00dbae740 9081       1       org.eclipse.jdt.internal.core.util.LRUCache::getSpaceLimit (5 bytes)
Event: 13.038 Thread 0x000001d00dbae740 nmethod 9081 0x000001d018902f10 code [0x000001d0189030a0, 0x000001d018903168]
Event: 13.041 Thread 0x000001d06ccb1510 nmethod 9000% 0x000001d018991f10 code [0x000001d018992320, 0x000001d018995570]
Event: 13.041 Thread 0x000001d06ccb1510 9044   !   4       java.util.zip.InflaterInputStream::read (129 bytes)
Event: 13.043 Thread 0x000001d00dbae740 9082   !   3       org.eclipse.jdt.internal.core.JavaModelManager::addInvalidArchive (64 bytes)
Event: 13.044 Thread 0x000001d00dbae740 nmethod 9082 0x000001d011566b90 code [0x000001d011566de0, 0x000001d011567788]
Event: 13.044 Thread 0x000001d00dbae740 9083       3       org.eclipse.jdt.internal.core.JavaModelManager$InvalidArchiveInfo::<init> (15 bytes)
Event: 13.044 Thread 0x000001d00dbae740 nmethod 9083 0x000001d01134fb90 code [0x000001d01134fd40, 0x000001d01134fec8]
Event: 13.049 Thread 0x000001d00dbae740 9084       3       org.eclipse.jdt.internal.core.JavaModelManager::getLocalFile (131 bytes)
Event: 13.051 Thread 0x000001d00dbae740 nmethod 9084 0x000001d01149a210 code [0x000001d01149a5a0, 0x000001d01149bc78]

GC Heap History (20 events):
Event: 10.726 GC heap before
{Heap before GC invocations=61 (full 2):
 PSYoungGen      total 21504K, used 21248K [0x00000000d5580000, 0x00000000d6c80000, 0x0000000100000000)
  eden space 20480K, 100% used [0x00000000d5580000,0x00000000d6980000,0x00000000d6980000)
  from space 1024K, 75% used [0x00000000d6b80000,0x00000000d6c40000,0x00000000d6c80000)
  to   space 1536K, 0% used [0x00000000d6980000,0x00000000d6980000,0x00000000d6b00000)
 ParOldGen       total 77824K, used 77456K [0x0000000080000000, 0x0000000084c00000, 0x00000000d5580000)
  object space 77824K, 99% used [0x0000000080000000,0x0000000084ba4288,0x0000000084c00000)
 Metaspace       used 54104K, committed 55488K, reserved 1114112K
  class space    used 5924K, committed 6464K, reserved 1048576K
}
Event: 10.728 GC heap after
{Heap after GC invocations=61 (full 2):
 PSYoungGen      total 22016K, used 384K [0x00000000d5580000, 0x00000000d6c00000, 0x0000000100000000)
  eden space 20480K, 0% used [0x00000000d5580000,0x00000000d5580000,0x00000000d6980000)
  from space 1536K, 25% used [0x00000000d6980000,0x00000000d69e0000,0x00000000d6b00000)
  to   space 1024K, 0% used [0x00000000d6b00000,0x00000000d6b00000,0x00000000d6c00000)
 ParOldGen       total 78336K, used 78088K [0x0000000080000000, 0x0000000084c80000, 0x00000000d5580000)
  object space 78336K, 99% used [0x0000000080000000,0x0000000084c42298,0x0000000084c80000)
 Metaspace       used 54104K, committed 55488K, reserved 1114112K
  class space    used 5924K, committed 6464K, reserved 1048576K
}
Event: 10.750 GC heap before
{Heap before GC invocations=62 (full 2):
 PSYoungGen      total 22016K, used 20864K [0x00000000d5580000, 0x00000000d6c00000, 0x0000000100000000)
  eden space 20480K, 100% used [0x00000000d5580000,0x00000000d6980000,0x00000000d6980000)
  from space 1536K, 25% used [0x00000000d6980000,0x00000000d69e0000,0x00000000d6b00000)
  to   space 1024K, 0% used [0x00000000d6b00000,0x00000000d6b00000,0x00000000d6c00000)
 ParOldGen       total 78336K, used 78088K [0x0000000080000000, 0x0000000084c80000, 0x00000000d5580000)
  object space 78336K, 99% used [0x0000000080000000,0x0000000084c42298,0x0000000084c80000)
 Metaspace       used 54105K, committed 55488K, reserved 1114112K
  class space    used 5924K, committed 6464K, reserved 1048576K
}
Event: 10.752 GC heap after
{Heap after GC invocations=62 (full 2):
 PSYoungGen      total 21504K, used 704K [0x00000000d5580000, 0x00000000d6c00000, 0x0000000100000000)
  eden space 20480K, 0% used [0x00000000d5580000,0x00000000d5580000,0x00000000d6980000)
  from space 1024K, 68% used [0x00000000d6b00000,0x00000000d6bb0000,0x00000000d6c00000)
  to   space 1024K, 0% used [0x00000000d6a00000,0x00000000d6a00000,0x00000000d6b00000)
 ParOldGen       total 78848K, used 78464K [0x0000000080000000, 0x0000000084d00000, 0x00000000d5580000)
  object space 78848K, 99% used [0x0000000080000000,0x0000000084ca0298,0x0000000084d00000)
 Metaspace       used 54105K, committed 55488K, reserved 1114112K
  class space    used 5924K, committed 6464K, reserved 1048576K
}
Event: 10.784 GC heap before
{Heap before GC invocations=63 (full 2):
 PSYoungGen      total 21504K, used 21184K [0x00000000d5580000, 0x00000000d6c00000, 0x0000000100000000)
  eden space 20480K, 100% used [0x00000000d5580000,0x00000000d6980000,0x00000000d6980000)
  from space 1024K, 68% used [0x00000000d6b00000,0x00000000d6bb0000,0x00000000d6c00000)
  to   space 1024K, 0% used [0x00000000d6a00000,0x00000000d6a00000,0x00000000d6b00000)
 ParOldGen       total 78848K, used 78464K [0x0000000080000000, 0x0000000084d00000, 0x00000000d5580000)
  object space 78848K, 99% used [0x0000000080000000,0x0000000084ca0298,0x0000000084d00000)
 Metaspace       used 54106K, committed 55488K, reserved 1114112K
  class space    used 5924K, committed 6464K, reserved 1048576K
}
Event: 10.786 GC heap after
{Heap after GC invocations=63 (full 2):
 PSYoungGen      total 21504K, used 608K [0x00000000d5580000, 0x00000000d6b80000, 0x0000000100000000)
  eden space 20480K, 0% used [0x00000000d5580000,0x00000000d5580000,0x00000000d6980000)
  from space 1024K, 59% used [0x00000000d6a00000,0x00000000d6a98000,0x00000000d6b00000)
  to   space 512K, 0% used [0x00000000d6b00000,0x00000000d6b00000,0x00000000d6b80000)
 ParOldGen       total 79360K, used 79024K [0x0000000080000000, 0x0000000084d80000, 0x00000000d5580000)
  object space 79360K, 99% used [0x0000000080000000,0x0000000084d2c268,0x0000000084d80000)
 Metaspace       used 54106K, committed 55488K, reserved 1114112K
  class space    used 5924K, committed 6464K, reserved 1048576K
}
Event: 10.867 GC heap before
{Heap before GC invocations=64 (full 2):
 PSYoungGen      total 21504K, used 21088K [0x00000000d5580000, 0x00000000d6b80000, 0x0000000100000000)
  eden space 20480K, 100% used [0x00000000d5580000,0x00000000d6980000,0x00000000d6980000)
  from space 1024K, 59% used [0x00000000d6a00000,0x00000000d6a98000,0x00000000d6b00000)
  to   space 512K, 0% used [0x00000000d6b00000,0x00000000d6b00000,0x00000000d6b80000)
 ParOldGen       total 79360K, used 79024K [0x0000000080000000, 0x0000000084d80000, 0x00000000d5580000)
  object space 79360K, 99% used [0x0000000080000000,0x0000000084d2c268,0x0000000084d80000)
 Metaspace       used 54657K, committed 56128K, reserved 1114112K
  class space    used 5990K, committed 6592K, reserved 1048576K
}
Event: 10.869 GC heap after
{Heap after GC invocations=64 (full 2):
 PSYoungGen      total 20992K, used 512K [0x00000000d5580000, 0x00000000d6c80000, 0x0000000100000000)
  eden space 20480K, 0% used [0x00000000d5580000,0x00000000d5580000,0x00000000d6980000)
  from space 512K, 100% used [0x00000000d6b00000,0x00000000d6b80000,0x00000000d6b80000)
  to   space 1536K, 0% used [0x00000000d6980000,0x00000000d6980000,0x00000000d6b00000)
 ParOldGen       total 79872K, used 79680K [0x0000000080000000, 0x0000000084e00000, 0x00000000d5580000)
  object space 79872K, 99% used [0x0000000080000000,0x0000000084dd0278,0x0000000084e00000)
 Metaspace       used 54657K, committed 56128K, reserved 1114112K
  class space    used 5990K, committed 6592K, reserved 1048576K
}
Event: 11.824 GC heap before
{Heap before GC invocations=65 (full 2):
 PSYoungGen      total 20992K, used 20992K [0x00000000d5580000, 0x00000000d6c80000, 0x0000000100000000)
  eden space 20480K, 100% used [0x00000000d5580000,0x00000000d6980000,0x00000000d6980000)
  from space 512K, 100% used [0x00000000d6b00000,0x00000000d6b80000,0x00000000d6b80000)
  to   space 1536K, 0% used [0x00000000d6980000,0x00000000d6980000,0x00000000d6b00000)
 ParOldGen       total 79872K, used 79680K [0x0000000080000000, 0x0000000084e00000, 0x00000000d5580000)
  object space 79872K, 99% used [0x0000000080000000,0x0000000084dd0278,0x0000000084e00000)
 Metaspace       used 56377K, committed 57856K, reserved 1114112K
  class space    used 6137K, committed 6784K, reserved 1048576K
}
Event: 11.827 GC heap after
{Heap after GC invocations=65 (full 2):
 PSYoungGen      total 22016K, used 1506K [0x00000000d5580000, 0x00000000d6e80000, 0x0000000100000000)
  eden space 20480K, 0% used [0x00000000d5580000,0x00000000d5580000,0x00000000d6980000)
  from space 1536K, 98% used [0x00000000d6980000,0x00000000d6af8a28,0x00000000d6b00000)
  to   space 2560K, 0% used [0x00000000d6c00000,0x00000000d6c00000,0x00000000d6e80000)
 ParOldGen       total 80384K, used 80372K [0x0000000080000000, 0x0000000084e80000, 0x00000000d5580000)
  object space 80384K, 99% used [0x0000000080000000,0x0000000084e7d288,0x0000000084e80000)
 Metaspace       used 56377K, committed 57856K, reserved 1114112K
  class space    used 6137K, committed 6784K, reserved 1048576K
}
Event: 11.871 GC heap before
{Heap before GC invocations=66 (full 2):
 PSYoungGen      total 22016K, used 21963K [0x00000000d5580000, 0x00000000d6e80000, 0x0000000100000000)
  eden space 20480K, 99% used [0x00000000d5580000,0x00000000d697a3b0,0x00000000d6980000)
  from space 1536K, 98% used [0x00000000d6980000,0x00000000d6af8a28,0x00000000d6b00000)
  to   space 2560K, 0% used [0x00000000d6c00000,0x00000000d6c00000,0x00000000d6e80000)
 ParOldGen       total 80384K, used 80372K [0x0000000080000000, 0x0000000084e80000, 0x00000000d5580000)
  object space 80384K, 99% used [0x0000000080000000,0x0000000084e7d288,0x0000000084e80000)
 Metaspace       used 56406K, committed 57856K, reserved 1114112K
  class space    used 6137K, committed 6784K, reserved 1048576K
}
Event: 11.873 GC heap after
{Heap after GC invocations=66 (full 2):
 PSYoungGen      total 22016K, used 1170K [0x00000000d5580000, 0x00000000d6d80000, 0x0000000100000000)
  eden space 20480K, 0% used [0x00000000d5580000,0x00000000d5580000,0x00000000d6980000)
  from space 1536K, 76% used [0x00000000d6c00000,0x00000000d6d24b20,0x00000000d6d80000)
  to   space 2048K, 0% used [0x00000000d6980000,0x00000000d6980000,0x00000000d6b80000)
 ParOldGen       total 81920K, used 81888K [0x0000000080000000, 0x0000000085000000, 0x00000000d5580000)
  object space 81920K, 99% used [0x0000000080000000,0x0000000084ff8340,0x0000000085000000)
 Metaspace       used 56406K, committed 57856K, reserved 1114112K
  class space    used 6137K, committed 6784K, reserved 1048576K
}
Event: 11.949 GC heap before
{Heap before GC invocations=67 (full 2):
 PSYoungGen      total 22016K, used 21650K [0x00000000d5580000, 0x00000000d6d80000, 0x0000000100000000)
  eden space 20480K, 100% used [0x00000000d5580000,0x00000000d6980000,0x00000000d6980000)
  from space 1536K, 76% used [0x00000000d6c00000,0x00000000d6d24b20,0x00000000d6d80000)
  to   space 2048K, 0% used [0x00000000d6980000,0x00000000d6980000,0x00000000d6b80000)
 ParOldGen       total 81920K, used 81888K [0x0000000080000000, 0x0000000085000000, 0x00000000d5580000)
  object space 81920K, 99% used [0x0000000080000000,0x0000000084ff8340,0x0000000085000000)
 Metaspace       used 57449K, committed 58880K, reserved 1114112K
  class space    used 6232K, committed 6848K, reserved 1048576K
}
Event: 11.950 GC heap after
{Heap after GC invocations=67 (full 2):
 PSYoungGen      total 22528K, used 305K [0x00000000d5580000, 0x00000000d6c80000, 0x0000000100000000)
  eden space 20480K, 0% used [0x00000000d5580000,0x00000000d5580000,0x00000000d6980000)
  from space 2048K, 14% used [0x00000000d6980000,0x00000000d69cc7d0,0x00000000d6b80000)
  to   space 1024K, 0% used [0x00000000d6b80000,0x00000000d6b80000,0x00000000d6c80000)
 ParOldGen       total 82432K, used 82032K [0x0000000080000000, 0x0000000085080000, 0x00000000d5580000)
  object space 82432K, 99% used [0x0000000080000000,0x000000008501c340,0x0000000085080000)
 Metaspace       used 57449K, committed 58880K, reserved 1114112K
  class space    used 6232K, committed 6848K, reserved 1048576K
}
Event: 12.756 GC heap before
{Heap before GC invocations=68 (full 2):
 PSYoungGen      total 22528K, used 5184K [0x00000000d5580000, 0x00000000d6c80000, 0x0000000100000000)
  eden space 20480K, 23% used [0x00000000d5580000,0x00000000d5a43878,0x00000000d6980000)
  from space 2048K, 14% used [0x00000000d6980000,0x00000000d69cc7d0,0x00000000d6b80000)
  to   space 1024K, 0% used [0x00000000d6b80000,0x00000000d6b80000,0x00000000d6c80000)
 ParOldGen       total 82432K, used 82032K [0x0000000080000000, 0x0000000085080000, 0x00000000d5580000)
  object space 82432K, 99% used [0x0000000080000000,0x000000008501c340,0x0000000085080000)
 Metaspace       used 58392K, committed 59776K, reserved 1114112K
  class space    used 6312K, committed 6912K, reserved 1048576K
}
Event: 12.758 GC heap after
{Heap after GC invocations=68 (full 2):
 PSYoungGen      total 20992K, used 320K [0x00000000d5580000, 0x00000000d6c00000, 0x0000000100000000)
  eden space 20480K, 0% used [0x00000000d5580000,0x00000000d5580000,0x00000000d6980000)
  from space 512K, 62% used [0x00000000d6b80000,0x00000000d6bd0000,0x00000000d6c00000)
  to   space 512K, 0% used [0x00000000d6b00000,0x00000000d6b00000,0x00000000d6b80000)
 ParOldGen       total 82432K, used 82080K [0x0000000080000000, 0x0000000085080000, 0x00000000d5580000)
  object space 82432K, 99% used [0x0000000080000000,0x0000000085028340,0x0000000085080000)
 Metaspace       used 58392K, committed 59776K, reserved 1114112K
  class space    used 6312K, committed 6912K, reserved 1048576K
}
Event: 12.758 GC heap before
{Heap before GC invocations=69 (full 3):
 PSYoungGen      total 20992K, used 320K [0x00000000d5580000, 0x00000000d6c00000, 0x0000000100000000)
  eden space 20480K, 0% used [0x00000000d5580000,0x00000000d5580000,0x00000000d6980000)
  from space 512K, 62% used [0x00000000d6b80000,0x00000000d6bd0000,0x00000000d6c00000)
  to   space 512K, 0% used [0x00000000d6b00000,0x00000000d6b00000,0x00000000d6b80000)
 ParOldGen       total 82432K, used 82080K [0x0000000080000000, 0x0000000085080000, 0x00000000d5580000)
  object space 82432K, 99% used [0x0000000080000000,0x0000000085028340,0x0000000085080000)
 Metaspace       used 58392K, committed 59776K, reserved 1114112K
  class space    used 6312K, committed 6912K, reserved 1048576K
}
Event: 12.853 GC heap after
{Heap after GC invocations=69 (full 3):
 PSYoungGen      total 20992K, used 0K [0x00000000d5580000, 0x00000000d6c00000, 0x0000000100000000)
  eden space 20480K, 0% used [0x00000000d5580000,0x00000000d5580000,0x00000000d6980000)
  from space 512K, 0% used [0x00000000d6b80000,0x00000000d6b80000,0x00000000d6c00000)
  to   space 512K, 0% used [0x00000000d6b00000,0x00000000d6b00000,0x00000000d6b80000)
 ParOldGen       total 82432K, used 62385K [0x0000000080000000, 0x0000000085080000, 0x00000000d5580000)
  object space 82432K, 75% used [0x0000000080000000,0x0000000083cec4c0,0x0000000085080000)
 Metaspace       used 58392K, committed 59776K, reserved 1114112K
  class space    used 6312K, committed 6912K, reserved 1048576K
}
Event: 12.989 GC heap before
{Heap before GC invocations=70 (full 3):
 PSYoungGen      total 20992K, used 18661K [0x00000000d5580000, 0x00000000d6c00000, 0x0000000100000000)
  eden space 20480K, 91% used [0x00000000d5580000,0x00000000d67b96e8,0x00000000d6980000)
  from space 512K, 0% used [0x00000000d6b80000,0x00000000d6b80000,0x00000000d6c00000)
  to   space 512K, 0% used [0x00000000d6b00000,0x00000000d6b00000,0x00000000d6b80000)
 ParOldGen       total 82432K, used 62385K [0x0000000080000000, 0x0000000085080000, 0x00000000d5580000)
  object space 82432K, 75% used [0x0000000080000000,0x0000000083cec4c0,0x0000000085080000)
 Metaspace       used 59409K, committed 60864K, reserved 1114112K
  class space    used 6426K, committed 7040K, reserved 1048576K
}
Event: 12.991 GC heap after
{Heap after GC invocations=70 (full 3):
 PSYoungGen      total 20992K, used 512K [0x00000000d5580000, 0x00000000d7380000, 0x0000000100000000)
  eden space 20480K, 0% used [0x00000000d5580000,0x00000000d5580000,0x00000000d6980000)
  from space 512K, 100% used [0x00000000d6b00000,0x00000000d6b80000,0x00000000d6b80000)
  to   space 5120K, 0% used [0x00000000d6e80000,0x00000000d6e80000,0x00000000d7380000)
 ParOldGen       total 82432K, used 66286K [0x0000000080000000, 0x0000000085080000, 0x00000000d5580000)
  object space 82432K, 80% used [0x0000000080000000,0x00000000840bbbd0,0x0000000085080000)
 Metaspace       used 59409K, committed 60864K, reserved 1114112K
  class space    used 6426K, committed 7040K, reserved 1048576K
}

Dll operation events (10 events):
Event: 0.017 Loaded shared library c:\Users\nabil\.vscode\extensions\redhat.java-1.45.0-win32-x64\jre\21.0.8-win32-x86_64\bin\java.dll
Event: 0.078 Loaded shared library c:\Users\nabil\.vscode\extensions\redhat.java-1.45.0-win32-x64\jre\21.0.8-win32-x86_64\bin\zip.dll
Event: 0.102 Loaded shared library C:\Users\nabil\.vscode\extensions\redhat.java-1.45.0-win32-x64\jre\21.0.8-win32-x86_64\bin\instrument.dll
Event: 0.106 Loaded shared library C:\Users\nabil\.vscode\extensions\redhat.java-1.45.0-win32-x64\jre\21.0.8-win32-x86_64\bin\net.dll
Event: 0.109 Loaded shared library C:\Users\nabil\.vscode\extensions\redhat.java-1.45.0-win32-x64\jre\21.0.8-win32-x86_64\bin\nio.dll
Event: 0.114 Loaded shared library C:\Users\nabil\.vscode\extensions\redhat.java-1.45.0-win32-x64\jre\21.0.8-win32-x86_64\bin\zip.dll
Event: 0.134 Loaded shared library C:\Users\nabil\.vscode\extensions\redhat.java-1.45.0-win32-x64\jre\21.0.8-win32-x86_64\bin\jimage.dll
Event: 0.223 Loaded shared library c:\Users\nabil\.vscode\extensions\redhat.java-1.45.0-win32-x64\jre\21.0.8-win32-x86_64\bin\verify.dll
Event: 1.403 Loaded shared library C:\Users\nabil\AppData\Roaming\Code\User\globalStorage\redhat.java\1.45.0\config_win\org.eclipse.equinox.launcher\org.eclipse.equinox.launcher.win32.win32.x86_64_1.2.1400.v20250801-0854\eclipse_11916.dll
Event: 3.031 Loaded shared library C:\Users\nabil\AppData\Local\Temp\jna-104574578\jna13263998867445191352.dll

Deoptimization events (20 events):
Event: 12.984 Thread 0x000001d06f3c5d20 DEOPT PACKING pc=0x000001d018a5e31c sp=0x0000006cfa9feef0
Event: 12.984 Thread 0x000001d06f3c5d20 DEOPT UNPACKING pc=0x000001d018263aa2 sp=0x0000006cfa9fef40 mode 2
Event: 13.004 Thread 0x000001d06f3bfab0 Uncommon trap: trap_request=0xffffff45 fr.pc=0x000001d018b88324 relative=0x0000000000000344
Event: 13.004 Thread 0x000001d06f3bfab0 Uncommon trap: reason=unstable_if action=reinterpret pc=0x000001d018b88324 method=jdk.internal.jimage.ImageStringsReader.stringFromByteBufferMatches(Ljava/nio/ByteBuffer;ILjava/lang/String;I)I @ 59 c2
Event: 13.004 Thread 0x000001d06f3bfab0 DEOPT PACKING pc=0x000001d018b88324 sp=0x0000006cfdefd7f0
Event: 13.004 Thread 0x000001d06f3bfab0 DEOPT UNPACKING pc=0x000001d018263aa2 sp=0x0000006cfdefd768 mode 2
Event: 13.005 Thread 0x000001d06f3bfab0 Uncommon trap: trap_request=0xffffff45 fr.pc=0x000001d018ba1b68 relative=0x0000000000000868
Event: 13.005 Thread 0x000001d06f3bfab0 Uncommon trap: reason=unstable_if action=reinterpret pc=0x000001d018ba1b68 method=jdk.internal.jrtfs.JrtFileSystem.checkNode(Ljdk/internal/jrtfs/JrtPath;)Ljdk/internal/jimage/ImageReader$Node; @ 16 c2
Event: 13.005 Thread 0x000001d06f3bfab0 DEOPT PACKING pc=0x000001d018ba1b68 sp=0x0000006cfdefdae0
Event: 13.005 Thread 0x000001d06f3bfab0 DEOPT UNPACKING pc=0x000001d018263aa2 sp=0x0000006cfdefdaf0 mode 2
Event: 13.013 Thread 0x000001d06d9830f0 Uncommon trap: trap_request=0xffffffde fr.pc=0x000001d018c13efc relative=0x00000000000001bc
Event: 13.013 Thread 0x000001d06d9830f0 Uncommon trap: reason=class_check action=maybe_recompile pc=0x000001d018c13efc method=java.util.ArrayList.hashCodeRange(II)I @ 53 c2
Event: 13.013 Thread 0x000001d06d9830f0 DEOPT PACKING pc=0x000001d018c13efc sp=0x0000006cfc5fd6a0
Event: 13.013 Thread 0x000001d06d9830f0 DEOPT UNPACKING pc=0x000001d018263aa2 sp=0x0000006cfc5fd5b8 mode 2
Event: 13.025 Thread 0x000001d06d9830f0 Uncommon trap: trap_request=0xffffffde fr.pc=0x000001d018c13efc relative=0x00000000000001bc
Event: 13.025 Thread 0x000001d06d9830f0 Uncommon trap: reason=class_check action=maybe_recompile pc=0x000001d018c13efc method=java.util.ArrayList.hashCodeRange(II)I @ 53 c2
Event: 13.025 Thread 0x000001d06d9830f0 DEOPT PACKING pc=0x000001d018c13efc sp=0x0000006cfc5fd530
Event: 13.025 Thread 0x000001d06d9830f0 DEOPT UNPACKING pc=0x000001d018263aa2 sp=0x0000006cfc5fd448 mode 2
Event: 13.062 Thread 0x000001d06f3bfab0 DEOPT PACKING pc=0x000001d011c5dde7 sp=0x0000006cfdefda80
Event: 13.062 Thread 0x000001d06f3bfab0 DEOPT UNPACKING pc=0x000001d018264242 sp=0x0000006cfdefcff0 mode 0

Classes loaded (20 events):
Event: 12.949 Loading class com/sun/crypto/provider/SymmetricCipher done
Event: 12.949 Loading class com/sun/crypto/provider/AESCrypt done
Event: 12.949 Loading class com/sun/crypto/provider/ElectronicCodeBook
Event: 12.950 Loading class com/sun/crypto/provider/FeedbackCipher
Event: 12.950 Loading class com/sun/crypto/provider/FeedbackCipher done
Event: 12.950 Loading class com/sun/crypto/provider/ElectronicCodeBook done
Event: 12.950 Loading class com/sun/crypto/provider/PKCS5Padding
Event: 12.950 Loading class com/sun/crypto/provider/Padding
Event: 12.950 Loading class com/sun/crypto/provider/Padding done
Event: 12.950 Loading class com/sun/crypto/provider/PKCS5Padding done
Event: 12.951 Loading class com/sun/crypto/provider/CipherBlockChaining
Event: 12.951 Loading class com/sun/crypto/provider/CipherBlockChaining done
Event: 12.951 Loading class javax/crypto/NullCipher
Event: 12.951 Loading class javax/crypto/NullCipher done
Event: 12.952 Loading class sun/security/util/ArrayUtil
Event: 12.952 Loading class sun/security/util/ArrayUtil done
Event: 12.982 Loading class java/util/zip/CheckedInputStream
Event: 12.984 Loading class java/util/zip/CheckedInputStream done
Event: 13.028 Loading class java/util/zip/GZIPInputStream$1
Event: 13.028 Loading class java/util/zip/GZIPInputStream$1 done

Classes unloaded (7 events):
Event: 3.647 Thread 0x000001d00da84960 Unloading class 0x000001d0261a6800 'java/lang/invoke/LambdaForm$MH+0x000001d0261a6800'
Event: 3.647 Thread 0x000001d00da84960 Unloading class 0x000001d0261a6400 'java/lang/invoke/LambdaForm$MH+0x000001d0261a6400'
Event: 3.647 Thread 0x000001d00da84960 Unloading class 0x000001d0261a6000 'java/lang/invoke/LambdaForm$MH+0x000001d0261a6000'
Event: 3.647 Thread 0x000001d00da84960 Unloading class 0x000001d0261a5c00 'java/lang/invoke/LambdaForm$MH+0x000001d0261a5c00'
Event: 3.647 Thread 0x000001d00da84960 Unloading class 0x000001d0261a5800 'java/lang/invoke/LambdaForm$BMH+0x000001d0261a5800'
Event: 3.647 Thread 0x000001d00da84960 Unloading class 0x000001d0261a5400 'java/lang/invoke/LambdaForm$DMH+0x000001d0261a5400'
Event: 3.647 Thread 0x000001d00da84960 Unloading class 0x000001d0261a4000 'java/lang/invoke/LambdaForm$DMH+0x000001d0261a4000'

Classes redefined (0 events):
No events

Internal exceptions (20 events):
Event: 10.860 Thread 0x000001d06d0e9b20 Exception <a 'java/lang/NoSuchMethodError'{0x00000000d6951ab8}: 'int java.lang.invoke.DirectMethodHandle$Holder.invokeSpecialIFC(java.lang.Object, java.lang.Object, java.lang.Object)'> (0x00000000d6951ab8) 
thrown [s\src\hotspot\share\interpreter\linkResolver.cpp, line 773]
Event: 11.042 Thread 0x000001d06d0e9b20 Exception <a 'java/io/FileNotFoundException'{0x00000000d5c41fe8}> (0x00000000d5c41fe8) 
thrown [s\src\hotspot\share\prims\jni.cpp, line 520]
Event: 11.044 Thread 0x000001d06d0e9b20 Exception <a 'java/io/FileNotFoundException'{0x00000000d5c43000}> (0x00000000d5c43000) 
thrown [s\src\hotspot\share\prims\jni.cpp, line 520]
Event: 11.046 Thread 0x000001d06d0e9b20 Exception <a 'java/io/FileNotFoundException'{0x00000000d5c43d68}> (0x00000000d5c43d68) 
thrown [s\src\hotspot\share\prims\jni.cpp, line 520]
Event: 11.750 Thread 0x000001d06d985ee0 Exception <a 'java/lang/IncompatibleClassChangeError'{0x00000000d622fea0}: Found class java.lang.Object, but interface was expected> (0x00000000d622fea0) 
thrown [s\src\hotspot\share\interpreter\linkResolver.cpp, line 840]
Event: 11.794 Thread 0x000001d06d986c00 Exception <a 'java/lang/NoSuchMethodError'{0x00000000d6555258}: 'int java.lang.invoke.Invokers$Holder.invokeExact_MT(java.lang.Object, java.lang.Object)'> (0x00000000d6555258) 
thrown [s\src\hotspot\share\interpreter\linkResolver.cpp, line 773]
Event: 12.736 Thread 0x000001d06d985ee0 Exception <a 'java/lang/IncompatibleClassChangeError'{0x00000000d59844c8}: Found class java.lang.Object, but interface was expected> (0x00000000d59844c8) 
thrown [s\src\hotspot\share\interpreter\linkResolver.cpp, line 840]
Event: 12.860 Thread 0x000001d06d985ee0 Exception <a 'java/lang/IncompatibleClassChangeError'{0x00000000d558e868}: Found class java.lang.Object, but interface was expected> (0x00000000d558e868) 
thrown [s\src\hotspot\share\interpreter\linkResolver.cpp, line 840]
Event: 12.867 Thread 0x000001d06d9830f0 Exception <a 'java/io/FileNotFoundException'{0x00000000d56b9db0}> (0x00000000d56b9db0) 
thrown [s\src\hotspot\share\prims\jni.cpp, line 520]
Event: 12.867 Thread 0x000001d06d9830f0 Exception <a 'java/io/FileNotFoundException'{0x00000000d56c92e0}> (0x00000000d56c92e0) 
thrown [s\src\hotspot\share\prims\jni.cpp, line 520]
Event: 12.867 Thread 0x000001d06d9830f0 Exception <a 'java/io/FileNotFoundException'{0x00000000d56ca2e8}> (0x00000000d56ca2e8) 
thrown [s\src\hotspot\share\prims\jni.cpp, line 520]
Event: 12.887 Thread 0x000001d06d9830f0 Exception <a 'sun/nio/fs/WindowsException'{0x00000000d5a14508}> (0x00000000d5a14508) 
thrown [s\src\hotspot\share\prims\jni.cpp, line 520]
Event: 12.887 Thread 0x000001d06d9830f0 Exception <a 'sun/nio/fs/WindowsException'{0x00000000d5a14b38}> (0x00000000d5a14b38) 
thrown [s\src\hotspot\share\prims\jni.cpp, line 520]
Event: 12.888 Thread 0x000001d06d9830f0 Exception <a 'sun/nio/fs/WindowsException'{0x00000000d5a15c40}> (0x00000000d5a15c40) 
thrown [s\src\hotspot\share\prims\jni.cpp, line 520]
Event: 12.888 Thread 0x000001d06d9830f0 Exception <a 'sun/nio/fs/WindowsException'{0x00000000d5a16270}> (0x00000000d5a16270) 
thrown [s\src\hotspot\share\prims\jni.cpp, line 520]
Event: 12.895 Thread 0x000001d06d9830f0 Exception <a 'java/io/FileNotFoundException'{0x00000000d5aa76c0}> (0x00000000d5aa76c0) 
thrown [s\src\hotspot\share\prims\jni.cpp, line 520]
Event: 12.896 Thread 0x000001d06d9830f0 Exception <a 'java/io/FileNotFoundException'{0x00000000d5ab4db8}> (0x00000000d5ab4db8) 
thrown [s\src\hotspot\share\prims\jni.cpp, line 520]
Event: 12.902 Thread 0x000001d06d9830f0 Exception <a 'sun/nio/fs/WindowsException'{0x00000000d5b73060}> (0x00000000d5b73060) 
thrown [s\src\hotspot\share\prims\jni.cpp, line 520]
Event: 12.902 Thread 0x000001d06d9830f0 Exception <a 'sun/nio/fs/WindowsException'{0x00000000d5b73690}> (0x00000000d5b73690) 
thrown [s\src\hotspot\share\prims\jni.cpp, line 520]
Event: 12.925 Thread 0x000001d06f3c5d20 Exception <a 'sun/nio/fs/WindowsException'{0x00000000d5ea1f98}> (0x00000000d5ea1f98) 
thrown [s\src\hotspot\share\prims\jni.cpp, line 520]

ZGC Phase Switch (0 events):
No events

VM Operations (20 events):
Event: 11.785 Executing VM operation: HandshakeAllThreads (Deoptimize) done
Event: 11.817 Executing VM operation: ICBufferFull
Event: 11.817 Executing VM operation: ICBufferFull done
Event: 11.824 Executing VM operation: ParallelGCFailedAllocation (Allocation Failure)
Event: 11.827 Executing VM operation: ParallelGCFailedAllocation (Allocation Failure) done
Event: 11.871 Executing VM operation: ParallelGCFailedAllocation (Allocation Failure)
Event: 11.873 Executing VM operation: ParallelGCFailedAllocation (Allocation Failure) done
Event: 11.949 Executing VM operation: ParallelGCFailedAllocation (Allocation Failure)
Event: 11.950 Executing VM operation: ParallelGCFailedAllocation (Allocation Failure) done
Event: 12.756 Executing VM operation: CollectForMetadataAllocation (Metadata GC Threshold)
Event: 12.854 Executing VM operation: CollectForMetadataAllocation (Metadata GC Threshold) done
Event: 12.901 Executing VM operation: HandshakeAllThreads (Deoptimize)
Event: 12.901 Executing VM operation: HandshakeAllThreads (Deoptimize) done
Event: 12.917 Executing VM operation: HandshakeAllThreads (Deoptimize)
Event: 12.926 Executing VM operation: HandshakeAllThreads (Deoptimize) done
Event: 12.937 Executing VM operation: HandshakeAllThreads (Deoptimize)
Event: 12.938 Executing VM operation: HandshakeAllThreads (Deoptimize) done
Event: 12.988 Executing VM operation: ParallelGCFailedAllocation (Allocation Failure)
Event: 12.991 Executing VM operation: ParallelGCFailedAllocation (Allocation Failure) done
Event: 13.992 Executing VM operation: Cleanup

Memory protections (0 events):
No events

Nmethod flushes (20 events):
Event: 12.799 Thread 0x000001d00da84960 flushing osr nmethod 0x000001d01156ad10
Event: 12.799 Thread 0x000001d00da84960 flushing osr nmethod 0x000001d01156ca10
Event: 12.799 Thread 0x000001d00da84960 flushing osr nmethod 0x000001d0115b1c10
Event: 12.799 Thread 0x000001d00da84960 flushing  nmethod 0x000001d0115b9f90
Event: 12.799 Thread 0x000001d00da84960 flushing  nmethod 0x000001d0115c2490
Event: 12.799 Thread 0x000001d00da84960 flushing  nmethod 0x000001d0115c9d90
Event: 12.799 Thread 0x000001d00da84960 flushing  nmethod 0x000001d0115cc810
Event: 12.799 Thread 0x000001d00da84960 flushing  nmethod 0x000001d0115cd790
Event: 12.799 Thread 0x000001d00da84960 flushing  nmethod 0x000001d0115d6d10
Event: 12.799 Thread 0x000001d00da84960 flushing  nmethod 0x000001d0115fc010
Event: 12.799 Thread 0x000001d00da84960 flushing  nmethod 0x000001d01161f190
Event: 12.799 Thread 0x000001d00da84960 flushing  nmethod 0x000001d01161fb10
Event: 12.799 Thread 0x000001d00da84960 flushing  nmethod 0x000001d011623010
Event: 12.799 Thread 0x000001d00da84960 flushing  nmethod 0x000001d01163a110
Event: 12.799 Thread 0x000001d00da84960 flushing  nmethod 0x000001d01163b690
Event: 12.799 Thread 0x000001d00da84960 flushing  nmethod 0x000001d01163bd90
Event: 12.799 Thread 0x000001d00da84960 flushing  nmethod 0x000001d01163c390
Event: 12.799 Thread 0x000001d00da84960 flushing  nmethod 0x000001d01163cc10
Event: 12.799 Thread 0x000001d00da84960 flushing  nmethod 0x000001d01163e710
Event: 12.799 Thread 0x000001d00da84960 flushing  nmethod 0x000001d011648d10

Events (20 events):
Event: 5.851 Thread 0x000001d06f3c07d0 Thread added: 0x000001d06f3c0140
Event: 5.851 Thread 0x000001d06f3c1b80 Thread added: 0x000001d06f3c0e60
Event: 5.852 Thread 0x000001d06f3c0140 Thread added: 0x000001d06f3be700
Event: 5.852 Thread 0x000001d06f3c0e60 Thread added: 0x000001d06f3bfab0
Event: 5.852 Thread 0x000001d06f3be700 Thread added: 0x000001d06f3c14f0
Event: 5.852 Thread 0x000001d06f3bfab0 Thread added: 0x000001d06f3c2210
Event: 8.776 Thread 0x000001d06d0ec280 Thread exited: 0x000001d06d0ec280
Event: 9.028 Thread 0x000001d06ccb2980 Thread exited: 0x000001d06ccb2980
Event: 9.029 Thread 0x000001d066a7c910 Thread exited: 0x000001d066a7c910
Event: 9.656 Thread 0x000001d00dbae740 Thread added: 0x000001d06ccb3df0
Event: 9.683 Thread 0x000001d00dbae740 Thread added: 0x000001d06ccb2980
Event: 11.749 Thread 0x000001d06ccb2980 Thread exited: 0x000001d06ccb2980
Event: 11.749 Thread 0x000001d06ccb3df0 Thread exited: 0x000001d06ccb3df0
Event: 11.810 Thread 0x000001d00dbae740 Thread added: 0x000001d06ccb4b90
Event: 11.810 Thread 0x000001d00dbae740 Thread added: 0x000001d06ccb44c0
Event: 12.619 Thread 0x000001d06ccb44c0 Thread exited: 0x000001d06ccb44c0
Event: 12.724 Thread 0x000001d06ccb4b90 Thread exited: 0x000001d06ccb4b90
Event: 12.881 Thread 0x000001d06f3be700 Thread added: 0x000001d06f3c5d20
Event: 12.904 Thread 0x000001d00dbae740 Thread added: 0x000001d06ccb1510
Event: 12.910 Thread 0x000001d06d9830f0 Thread added: 0x000001d06f3c28a0


Dynamic libraries:
0x00007ff6bd600000 - 0x00007ff6bd60e000 	c:\Users\nabil\.vscode\extensions\redhat.java-1.45.0-win32-x64\jre\21.0.8-win32-x86_64\bin\java.exe
0x00007ffa65360000 - 0x00007ffa655c9000 	C:\WINDOWS\SYSTEM32\ntdll.dll
0x00007ffa639a0000 - 0x00007ffa63a69000 	C:\WINDOWS\System32\KERNEL32.DLL
0x00007ffa62900000 - 0x00007ffa62cf3000 	C:\WINDOWS\System32\KERNELBASE.dll
0x00007ffa62d00000 - 0x00007ffa62e4b000 	C:\WINDOWS\System32\ucrtbase.dll
0x00007ffa4e3b0000 - 0x00007ffa4e3ce000 	c:\Users\nabil\.vscode\extensions\redhat.java-1.45.0-win32-x64\jre\21.0.8-win32-x86_64\bin\VCRUNTIME140.dll
0x00007ffa566b0000 - 0x00007ffa566c8000 	c:\Users\nabil\.vscode\extensions\redhat.java-1.45.0-win32-x64\jre\21.0.8-win32-x86_64\bin\jli.dll
0x00007ffa641c0000 - 0x00007ffa64384000 	C:\WINDOWS\System32\USER32.dll
0x00007ffa62f80000 - 0x00007ffa62fa7000 	C:\WINDOWS\System32\win32u.dll
0x00007ffa425c0000 - 0x00007ffa42853000 	C:\WINDOWS\WinSxS\amd64_microsoft.windows.common-controls_6595b64144ccf1df_6.0.26100.5074_none_3e0d6f78e32fd63f\COMCTL32.dll
0x00007ffa64860000 - 0x00007ffa6488b000 	C:\WINDOWS\System32\GDI32.dll
0x00007ffa63170000 - 0x00007ffa63219000 	C:\WINDOWS\System32\msvcrt.dll
0x00007ffa62e50000 - 0x00007ffa62f7d000 	C:\WINDOWS\System32\gdi32full.dll
0x00007ffa62850000 - 0x00007ffa628f3000 	C:\WINDOWS\System32\msvcp_win.dll
0x00007ffa63130000 - 0x00007ffa6315f000 	C:\WINDOWS\System32\IMM32.DLL
0x00007ffa5ee90000 - 0x00007ffa5ee9c000 	c:\Users\nabil\.vscode\extensions\redhat.java-1.45.0-win32-x64\jre\21.0.8-win32-x86_64\bin\vcruntime140_1.dll
0x00007ffa357b0000 - 0x00007ffa3583d000 	c:\Users\nabil\.vscode\extensions\redhat.java-1.45.0-win32-x64\jre\21.0.8-win32-x86_64\bin\msvcp140.dll
0x00007ff9e40a0000 - 0x00007ff9e4e37000 	c:\Users\nabil\.vscode\extensions\redhat.java-1.45.0-win32-x64\jre\21.0.8-win32-x86_64\bin\server\jvm.dll
0x00007ffa647a0000 - 0x00007ffa64854000 	C:\WINDOWS\System32\ADVAPI32.dll
0x00007ffa63850000 - 0x00007ffa638f6000 	C:\WINDOWS\System32\sechost.dll
0x00007ffa64890000 - 0x00007ffa649a8000 	C:\WINDOWS\System32\RPCRT4.dll
0x00007ffa63580000 - 0x00007ffa635f4000 	C:\WINDOWS\System32\WS2_32.dll
0x00007ffa588d0000 - 0x00007ffa58905000 	C:\WINDOWS\SYSTEM32\WINMM.dll
0x00007ffa62350000 - 0x00007ffa623ae000 	C:\WINDOWS\SYSTEM32\POWRPROF.dll
0x00007ffa42870000 - 0x00007ffa4287b000 	C:\WINDOWS\SYSTEM32\VERSION.dll
0x00007ffa62330000 - 0x00007ffa62344000 	C:\WINDOWS\SYSTEM32\UMPDC.dll
0x00007ffa612d0000 - 0x00007ffa612eb000 	C:\WINDOWS\SYSTEM32\kernel.appcore.dll
0x00007ffa5cf90000 - 0x00007ffa5cf9a000 	c:\Users\nabil\.vscode\extensions\redhat.java-1.45.0-win32-x64\jre\21.0.8-win32-x86_64\bin\jimage.dll
0x00007ffa5fc60000 - 0x00007ffa5fea2000 	C:\WINDOWS\SYSTEM32\DBGHELP.DLL
0x00007ffa64f70000 - 0x00007ffa652eb000 	C:\WINDOWS\System32\combase.dll
0x00007ffa634a0000 - 0x00007ffa63577000 	C:\WINDOWS\System32\OLEAUT32.dll
0x00007ffa332a0000 - 0x00007ffa332dd000 	C:\WINDOWS\SYSTEM32\dbgcore.DLL
0x00007ffa624f0000 - 0x00007ffa62589000 	C:\WINDOWS\System32\bcryptPrimitives.dll
0x00007ffa4e060000 - 0x00007ffa4e06f000 	c:\Users\nabil\.vscode\extensions\redhat.java-1.45.0-win32-x64\jre\21.0.8-win32-x86_64\bin\instrument.dll
0x00007ffa3a480000 - 0x00007ffa3a49f000 	c:\Users\nabil\.vscode\extensions\redhat.java-1.45.0-win32-x64\jre\21.0.8-win32-x86_64\bin\java.dll
0x00007ffa63a70000 - 0x00007ffa641bd000 	C:\WINDOWS\System32\SHELL32.dll
0x00007ffa626e0000 - 0x00007ffa6284c000 	C:\WINDOWS\System32\wintypes.dll
0x00007ffa60120000 - 0x00007ffa60979000 	C:\WINDOWS\SYSTEM32\windows.storage.dll
0x00007ffa649b0000 - 0x00007ffa64aa0000 	C:\WINDOWS\System32\SHCORE.dll
0x00007ffa63230000 - 0x00007ffa63292000 	C:\WINDOWS\System32\shlwapi.dll
0x00007ffa62410000 - 0x00007ffa62439000 	C:\WINDOWS\SYSTEM32\profapi.dll
0x00007ffa43cd0000 - 0x00007ffa43ce8000 	c:\Users\nabil\.vscode\extensions\redhat.java-1.45.0-win32-x64\jre\21.0.8-win32-x86_64\bin\zip.dll
0x00007ffa4d660000 - 0x00007ffa4d670000 	C:\Users\nabil\.vscode\extensions\redhat.java-1.45.0-win32-x64\jre\21.0.8-win32-x86_64\bin\net.dll
0x00007ffa5c6b0000 - 0x00007ffa5c7cf000 	C:\WINDOWS\SYSTEM32\WINHTTP.dll
0x00007ffa61850000 - 0x00007ffa618bb000 	C:\WINDOWS\system32\mswsock.dll
0x00007ffa3c290000 - 0x00007ffa3c2a6000 	C:\Users\nabil\.vscode\extensions\redhat.java-1.45.0-win32-x64\jre\21.0.8-win32-x86_64\bin\nio.dll
0x00007ffa4baa0000 - 0x00007ffa4bab0000 	c:\Users\nabil\.vscode\extensions\redhat.java-1.45.0-win32-x64\jre\21.0.8-win32-x86_64\bin\verify.dll
0x00007ffa23970000 - 0x00007ffa239b4000 	C:\Users\nabil\AppData\Roaming\Code\User\globalStorage\redhat.java\1.45.0\config_win\org.eclipse.equinox.launcher\org.eclipse.equinox.launcher.win32.win32.x86_64_1.2.1400.v20250801-0854\eclipse_11916.dll
0x00007ffa63300000 - 0x00007ffa63498000 	C:\WINDOWS\System32\ole32.dll
0x00007ffa61af0000 - 0x00007ffa61b0b000 	C:\WINDOWS\SYSTEM32\CRYPTSP.dll
0x00007ffa61230000 - 0x00007ffa6126b000 	C:\WINDOWS\system32\rsaenh.dll
0x00007ffa618f0000 - 0x00007ffa6191b000 	C:\WINDOWS\SYSTEM32\USERENV.dll
0x00007ffa623e0000 - 0x00007ffa62406000 	C:\WINDOWS\SYSTEM32\bcrypt.dll
0x00007ffa61b10000 - 0x00007ffa61b1c000 	C:\WINDOWS\SYSTEM32\CRYPTBASE.dll
0x00007ffa60d00000 - 0x00007ffa60d34000 	C:\WINDOWS\SYSTEM32\IPHLPAPI.DLL
0x00007ffa63220000 - 0x00007ffa6322a000 	C:\WINDOWS\System32\NSI.dll
0x00007ffa238d0000 - 0x00007ffa23919000 	C:\Users\nabil\AppData\Local\Temp\jna-104574578\jna13263998867445191352.dll
0x00007ffa63980000 - 0x00007ffa63988000 	C:\WINDOWS\System32\PSAPI.DLL
0x00007ffa5c900000 - 0x00007ffa5c91e000 	C:\WINDOWS\SYSTEM32\dhcpcsvc6.DLL
0x00007ffa5c840000 - 0x00007ffa5c863000 	C:\WINDOWS\SYSTEM32\dhcpcsvc.DLL

JVMTI agents:
c:\Users\nabil\.vscode\extensions\redhat.java-1.45.0-win32-x64\lombok\lombok-1.18.39-4050.jar path:c:\Users\nabil\.vscode\extensions\redhat.java-1.45.0-win32-x64\jre\21.0.8-win32-x86_64\bin\instrument.dll, loaded, initialized, instrumentlib options:none

dbghelp: loaded successfully - version: 4.0.5 - missing functions: none
symbol engine: initialized successfully - sym options: 0x614 - pdb path: .;c:\Users\nabil\.vscode\extensions\redhat.java-1.45.0-win32-x64\jre\21.0.8-win32-x86_64\bin;C:\WINDOWS\SYSTEM32;C:\WINDOWS\WinSxS\amd64_microsoft.windows.common-controls_6595b64144ccf1df_6.0.26100.5074_none_3e0d6f78e32fd63f;c:\Users\nabil\.vscode\extensions\redhat.java-1.45.0-win32-x64\jre\21.0.8-win32-x86_64\bin\server;C:\Users\nabil\AppData\Roaming\Code\User\globalStorage\redhat.java\1.45.0\config_win\org.eclipse.equinox.launcher\org.eclipse.equinox.launcher.win32.win32.x86_64_1.2.1400.v20250801-0854;C:\Users\nabil\AppData\Local\Temp\jna-104574578

VM Arguments:
jvm_args: --add-modules=ALL-SYSTEM --add-opens=java.base/java.util=ALL-UNNAMED --add-opens=java.base/java.lang=ALL-UNNAMED --add-opens=java.base/sun.nio.fs=ALL-UNNAMED -Declipse.application=org.eclipse.jdt.ls.core.id1 -Dosgi.bundles.defaultStartLevel=4 -Declipse.product=org.eclipse.jdt.ls.core.product -Djava.import.generatesMetadataFilesAtProjectRoot=false -DDetectVMInstallationsJob.disabled=true -Dfile.encoding=utf8 -XX:+UseParallelGC -XX:GCTimeRatio=4 -XX:AdaptiveSizePolicyWeight=90 -Dsun.zip.disableMemoryMapping=true -Xmx2G -Xms100m -Xlog:disable -javaagent:c:\Users\nabil\.vscode\extensions\redhat.java-1.45.0-win32-x64\lombok\lombok-1.18.39-4050.jar -XX:+HeapDumpOnOutOfMemoryError -XX:HeapDumpPath=c:\Users\nabil\AppData\Roaming\Code\User\workspaceStorage\bad2abbcd7b301175cb1610fa1059be9\redhat.java -Daether.dependencyCollector.impl=bf 
java_command: c:\Users\nabil\.vscode\extensions\redhat.java-1.45.0-win32-x64\server\plugins\org.eclipse.equinox.launcher_1.7.0.v20250519-0528.jar -configuration c:\Users\nabil\AppData\Roaming\Code\User\globalStorage\redhat.java\1.45.0\config_win -data c:\Users\nabil\AppData\Roaming\Code\User\workspaceStorage\bad2abbcd7b301175cb1610fa1059be9\redhat.java\jdt_ws --pipe=\\.\pipe\lsp-f69120b2d93f5dd46b72dead4945227c-sock
java_class_path (initial): c:\Users\nabil\.vscode\extensions\redhat.java-1.45.0-win32-x64\server\plugins\org.eclipse.equinox.launcher_1.7.0.v20250519-0528.jar
Launcher Type: SUN_STANDARD

[Global flags]
    uintx AdaptiveSizePolicyWeight                 = 90                                        {product} {command line}
     intx CICompilerCount                          = 4                                         {product} {ergonomic}
    uintx GCTimeRatio                              = 4                                         {product} {command line}
     bool HeapDumpOnOutOfMemoryError               = true                                   {manageable} {command line}
    ccstr HeapDumpPath                             = c:\Users\nabil\AppData\Roaming\Code\User\workspaceStorage\bad2abbcd7b301175cb1610fa1059be9\redhat.java         {manageable} {command line}
   size_t InitialHeapSize                          = 104857600                                 {product} {command line}
   size_t MaxHeapSize                              = 2147483648                                {product} {command line}
   size_t MaxNewSize                               = 715653120                                 {product} {ergonomic}
   size_t MinHeapDeltaBytes                        = 524288                                    {product} {ergonomic}
   size_t MinHeapSize                              = 104857600                                 {product} {command line}
   size_t NewSize                                  = 34603008                                  {product} {ergonomic}
    uintx NonNMethodCodeHeapSize                   = 5839372                                {pd product} {ergonomic}
    uintx NonProfiledCodeHeapSize                  = 122909434                              {pd product} {ergonomic}
   size_t OldSize                                  = 70254592                                  {product} {ergonomic}
    uintx ProfiledCodeHeapSize                     = 122909434                              {pd product} {ergonomic}
    uintx ReservedCodeCacheSize                    = 251658240                              {pd product} {ergonomic}
     bool SegmentedCodeCache                       = true                                      {product} {ergonomic}
   size_t SoftMaxHeapSize                          = 2147483648                             {manageable} {ergonomic}
     bool UseCompressedOops                        = true                           {product lp64_product} {ergonomic}
     bool UseLargePagesIndividualAllocation        = false                                  {pd product} {ergonomic}
     bool UseParallelGC                            = true                                      {product} {command line}

Logging:
Log output configuration:
 #0: stdout all=off uptime,level,tags foldmultilines=false
 #1: stderr all=off uptime,level,tags foldmultilines=false

Environment Variables:
PATH=C:\Program Files\Common Files\Oracle\Java\javapath;C:\WINDOWS\system32;C:\WINDOWS;C:\WINDOWS\System32\Wbem;C:\WINDOWS\System32\WindowsPowerShell\v1.0\;C:\WINDOWS\System32\OpenSSH\;C:\Program Files\Java\jre-1.8\bin;C:\Program Files\dotnet\;C:\Program Files\MATLAB\R2023b\runtime\win64;C:\Program Files\MATLAB\R2023b\bin;C:\Program Files\Git\cmd;C:\Users\nabil\AppData\Local\flutter\bin;C:\Program Files\PuTTY\;C:\ProgramData\ComposerSetup\bin;C:\Program Files\nodejs\;C:\ProgramData\chocolatey\bin;C:\xampp\php;C:\Users\nabil\flutter\bin;C:\Users\nabil\AppData\Local\Android\Sdk\platform-tools;C:\Program Files\Geckodriver;C:\Program Files\Docker\Docker\resources\bin;C:\Program Files\Java\jdk-24\bin;C:\Users\nabil\zulu24.32.13-ca-jdk24.0.2-win_x64\bin;C:\Users\nabil\zulu24.32.13-ca-fx-jre24.0.2-win_x64\bin;C:\Program Files\CMake\bin;C:\Program Files\Java\jdk-24\bin;C:\Users\nabil\AppData\Local\Programs\Python\Python312\Scripts\;C:\Users\nabil\AppData\Local\Programs\Python\Python312\;C:\Users\nabil;C:\Users\nabil\AppData\Local\spicetify;C:\Users\nabil\AppData\Local\Microsoft\WindowsApps;C:\Users\nabil\AppData\Roaming\Composer\vendor\bin;C:\Users\nabil\AppData\Roaming\npm;C:\Users\nabil\AppData\Local\Microsoft\WinGet\Packages\Schniz.fnm_Microsoft.Winget.Source_8wekyb3d8bbwe;C:\xampp\php;C:\Users\nabil\flutter\bin;C:\Users\nabil\AppData\Local\Programs\Microsoft VS Code\bin;C:\Users\nabil\AppData\Local\Microsoft\WindowsApps;C:\Users\nabil\AppData\Local\Android\Sdk\platform-tools;C:\Program Files\Geckodriver;C:\Users\nabil\zulu24.32.13-ca-fx-jre24.0.2-win_x64\bin;C:\Program Files\RabbitMQ Server\rabbitmq_server-4.1.4\sbin;
USERNAME=nabil
OS=Windows_NT
PROCESSOR_IDENTIFIER=Intel64 Family 6 Model 186 Stepping 3, GenuineIntel
TMP=C:\Users\nabil\AppData\Local\Temp
TEMP=C:\Users\nabil\AppData\Local\Temp




Periodic native trim disabled

---------------  S Y S T E M  ---------------

OS:
 Windows 11 , 64 bit Build 26100 (10.0.26100.5074)
OS uptime: 0 days 1:42 hours
Hyper-V role detected

CPU: total 12 (initial active 12) (6 cores per cpu, 2 threads per core) family 6 model 186 stepping 3 microcode 0x4111, cx8, cmov, fxsr, ht, mmx, 3dnowpref, sse, sse2, sse3, ssse3, sse4.1, sse4.2, popcnt, lzcnt, tsc, tscinvbit, avx, avx2, aes, erms, clmul, bmi1, bmi2, adx, sha, fma, vzeroupper, clflush, clflushopt, clwb, hv, serialize, rdtscp, rdpid, fsrm, f16c, cet_ibt, cet_ss
Processor Information for the first 12 processors :
  Max Mhz: 1300, Current Mhz: 1300, Mhz Limit: 1300

Memory: 4k page, system-wide physical 7895M (631M free)
TotalPageFile size 11991M (AvailPageFile size 30M)
current process WorkingSet (physical memory assigned to process): 329M, peak: 329M
current process commit charge ("private bytes"): 408M, peak: 410M

vm_info: OpenJDK 64-Bit Server VM (21.0.8+9-LTS) for windows-amd64 JRE (21.0.8+9-LTS), built on 2025-07-15T00:00:00Z by "admin" with MS VC++ 17.7 (VS2022)

END.
